Log file open, 11/27/17 16:32:06
LogWindows: Failed to load 'aqProf.dll' (GetLastError=126)
LogWindows: File 'aqProf.dll' does not exist
LogWindows: Failed to load 'VSPerf140.dll' (GetLastError=126)
LogWindows: File 'VSPerf140.dll' does not exist
LogWindows: Failed to load 'VtuneApi.dll' (GetLastError=126)
LogWindows: File 'VtuneApi.dll' does not exist
LogWindows: Failed to load 'VtuneApi32e.dll' (GetLastError=126)
LogWindows: File 'VtuneApi32e.dll' does not exist
LogInit: Display: Running engine for game: Grid1
LogPlatformFile: Not using cached read wrapper
LogInit: Display: RandInit(-1097844652) SRandInit(-1097844652).
LogInit: Read version file with build ID '3709383'
LogInit: Overriding engine version to CL 3754814, compatible CL 3709383
LogInit: Registered custom module enumerator with build ID '3709383'
LogTaskGraph: Started task graph with 5 named threads and 14 total threads with 3 sets of task threads.
LogStats: Stats thread started at 0.163418
LogD3D11RHI: Aftermath initialized
LogModuleManager: Display: Found up-to-date module file ../../../Engine/Plugins/2D/Paper2D/Binaries/Win64/UE4Editor-Paper2D.dll (API version 3709383).
LogModuleManager: Display: Found up-to-date module file ../../../Engine/Plugins/2D/Paper2D/Binaries/Win64/UE4Editor-Paper2DEditor.dll (API version 3709383).
LogModuleManager: Display: Found up-to-date module file ../../../Engine/Plugins/2D/Paper2D/Binaries/Win64/UE4Editor-PaperSpriteSheetImporter.dll (API version 3709383).
LogModuleManager: Display: Found up-to-date module file ../../../Engine/Plugins/2D/Paper2D/Binaries/Win64/UE4Editor-PaperTiledImporter.dll (API version 3709383).
LogModuleManager: Display: Found up-to-date module file ../../../Engine/Plugins/2D/Paper2D/Binaries/Win64/UE4Editor-SmartSnapping.dll (API version 3709383).
LogModuleManager: Display: Found up-to-date module file ../../../Engine/Plugins/Blendables/LightPropagationVolume/Binaries/Win64/UE4Editor-LightPropagationVolumeRuntime.dll (API version 3709383).
LogModuleManager: Display: Found up-to-date module file ../../../Engine/Plugins/Blendables/LightPropagationVolume/Binaries/Win64/UE4Editor-LightPropagationVolumeEditor.dll (API version 3709383).
LogModuleManager: Display: Found up-to-date module file ../../../Engine/Plugins/Developer/GitSourceControl/Binaries/Win64/UE4Editor-GitSourceControl.dll (API version 3709383).
LogModuleManager: Display: Found up-to-date module file ../../../Engine/Plugins/Developer/PerforceSourceControl/Binaries/Win64/UE4Editor-PerforceSourceControl.dll (API version 3709383).
LogModuleManager: Display: Found up-to-date module file ../../../Engine/Plugins/Developer/SubversionSourceControl/Binaries/Win64/UE4Editor-SubversionSourceControl.dll (API version 3709383).
LogModuleManager: Display: Found up-to-date module file ../../../Engine/Plugins/Developer/UObjectPlugin/Binaries/Win64/UE4Editor-UObjectPlugin.dll (API version 3709383).
LogModuleManager: Display: Found up-to-date module file ../../../Engine/Plugins/Developer/VisualStudioCodeSourceCodeAccess/Binaries/Win64/UE4Editor-VisualStudioCodeSourceCodeAccess.dll (API version 3709383).
LogModuleManager: Display: Found up-to-date module file ../../../Engine/Plugins/Developer/VisualStudioSourceCodeAccess/Binaries/Win64/UE4Editor-VisualStudioSourceCodeAccess.dll (API version 3709383).
LogModuleManager: Display: Found up-to-date module file ../../../Engine/Plugins/Editor/AssetManagerEditor/Binaries/Win64/UE4Editor-AssetManagerEditor.dll (API version 3709383).
LogModuleManager: Display: Found up-to-date module file ../../../Engine/Plugins/Editor/AudioCapture/Binaries/Win64/UE4Editor-AudioCapture.dll (API version 3709383).
LogModuleManager: Display: Found up-to-date module file ../../../Engine/Plugins/Editor/FacialAnimation/Binaries/Win64/UE4Editor-FacialAnimation.dll (API version 3709383).
LogModuleManager: Display: Found up-to-date module file ../../../Engine/Plugins/Editor/FacialAnimation/Binaries/Win64/UE4Editor-FacialAnimationEditor.dll (API version 3709383).
LogModuleManager: Display: Found up-to-date module file ../../../Engine/Plugins/Editor/GameplayTagsEditor/Binaries/Win64/UE4Editor-GameplayTagsEditor.dll (API version 3709383).
LogModuleManager: Display: Found up-to-date module file ../../../Engine/Plugins/Editor/MobileLauncherProfileWizard/Binaries/Win64/UE4Editor-MobileLauncherProfileWizard.dll (API version 3709383).
LogModuleManager: Display: Found up-to-date module file ../../../Engine/Plugins/Editor/PluginBrowser/Binaries/Win64/UE4Editor-PluginBrowser.dll (API version 3709383).
LogModuleManager: Display: Found up-to-date module file ../../../Engine/Plugins/Editor/SpeedTreeImporter/Binaries/Win64/UE4Editor-SpeedTreeImporter.dll (API version 3709383).
LogModuleManager: Display: Found up-to-date module file ../../../Engine/Plugins/Experimental/AlembicImporter/Binaries/Win64/UE4Editor-AlembicImporter.dll (API version 3709383).
LogModuleManager: Display: Found up-to-date module file ../../../Engine/Plugins/Experimental/AlembicImporter/Binaries/Win64/UE4Editor-AlembicLibrary.dll (API version 3709383).
LogModuleManager: Display: Found up-to-date module file ../../../Engine/Plugins/Experimental/CharacterAI/Binaries/Win64/UE4Editor-CharacterAI.dll (API version 3709383).
LogModuleManager: Display: Found up-to-date module file ../../../Engine/Plugins/Experimental/HTML5Networking/Binaries/Win64/UE4Editor-HTML5Networking.dll (API version 3709383).
LogModuleManager: Display: Found up-to-date module file ../../../Engine/Plugins/Media/AndroidMedia/Binaries/Win64/UE4Editor-AndroidMediaEditor.dll (API version 3709383).
LogModuleManager: Display: Found up-to-date module file ../../../Engine/Plugins/Media/AndroidMedia/Binaries/Win64/UE4Editor-AndroidMediaFactory.dll (API version 3709383).
LogModuleManager: Display: Found up-to-date module file ../../../Engine/Plugins/Media/AvfMedia/Binaries/Win64/UE4Editor-AvfMediaEditor.dll (API version 3709383).
LogModuleManager: Display: Found up-to-date module file ../../../Engine/Plugins/Media/AvfMedia/Binaries/Win64/UE4Editor-AvfMediaFactory.dll (API version 3709383).
LogModuleManager: Display: Found up-to-date module file ../../../Engine/Plugins/Media/AvfMedia/Binaries/Win64/UE4Editor-AvfMediaFactory.dll (API version 3709383).
LogModuleManager: Display: Found up-to-date module file ../../../Engine/Plugins/Media/ImgMedia/Binaries/Win64/UE4Editor-ImgMedia.dll (API version 3709383).
LogModuleManager: Display: Found up-to-date module file ../../../Engine/Plugins/Media/ImgMedia/Binaries/Win64/UE4Editor-ImgMediaEditor.dll (API version 3709383).
LogModuleManager: Display: Found up-to-date module file ../../../Engine/Plugins/Media/ImgMedia/Binaries/Win64/UE4Editor-ImgMediaFactory.dll (API version 3709383).
LogModuleManager: Display: Found up-to-date module file ../../../Engine/Plugins/Media/ImgMedia/Binaries/Win64/UE4Editor-ImgMediaFactory.dll (API version 3709383).
LogModuleManager: Display: Found up-to-date module file ../../../Engine/Plugins/Media/ImgMedia/Binaries/Win64/UE4Editor-OpenExrWrapper.dll (API version 3709383).
LogModuleManager: Display: Found up-to-date module file ../../../Engine/Plugins/Media/MediaCompositing/Binaries/Win64/UE4Editor-MediaCompositing.dll (API version 3709383).
LogModuleManager: Display: Found up-to-date module file ../../../Engine/Plugins/Media/MediaCompositing/Binaries/Win64/UE4Editor-MediaCompositingEditor.dll (API version 3709383).
LogModuleManager: Display: Found up-to-date module file ../../../Engine/Plugins/Media/MediaPlayerEditor/Binaries/Win64/UE4Editor-MediaPlayerEditor.dll (API version 3709383).
LogModuleManager: Display: Found up-to-date module file ../../../Engine/Plugins/Media/WmfMedia/Binaries/Win64/UE4Editor-WmfMedia.dll (API version 3709383).
LogModuleManager: Display: Found up-to-date module file ../../../Engine/Plugins/Media/WmfMedia/Binaries/Win64/UE4Editor-WmfMediaEditor.dll (API version 3709383).
LogModuleManager: Display: Found up-to-date module file ../../../Engine/Plugins/Media/WmfMedia/Binaries/Win64/UE4Editor-WmfMediaFactory.dll (API version 3709383).
LogModuleManager: Display: Found up-to-date module file ../../../Engine/Plugins/Media/WmfMedia/Binaries/Win64/UE4Editor-WmfMediaFactory.dll (API version 3709383).
LogModuleManager: Display: Found up-to-date module file ../../../Engine/Plugins/Messaging/TcpMessaging/Binaries/Win64/UE4Editor-TcpMessaging.dll (API version 3709383).
LogModuleManager: Display: Found up-to-date module file ../../../Engine/Plugins/Messaging/UdpMessaging/Binaries/Win64/UE4Editor-UdpMessaging.dll (API version 3709383).
LogModuleManager: Display: Found up-to-date module file ../../../Engine/Plugins/MovieScene/ActorSequence/Binaries/Win64/UE4Editor-ActorSequence.dll (API version 3709383).
LogModuleManager: Display: Found up-to-date module file ../../../Engine/Plugins/MovieScene/LevelSequenceEditor/Binaries/Win64/UE4Editor-LevelSequenceEditor.dll (API version 3709383).
LogModuleManager: Display: Found up-to-date module file ../../../Engine/Plugins/MovieScene/MatineeToLevelSequence/Binaries/Win64/UE4Editor-MatineeToLevelSequence.dll (API version 3709383).
LogModuleManager: Display: Found up-to-date module file ../../../Engine/Plugins/Online/OnlineSubsystem/Binaries/Win64/UE4Editor-OnlineSubsystem.dll (API version 3709383).
LogModuleManager: Display: Found up-to-date module file ../../../Engine/Plugins/Runtime/AndroidPermission/Binaries/Win64/UE4Editor-AndroidPermission.dll (API version 3709383).
LogModuleManager: Display: Found up-to-date module file ../../../Engine/Plugins/Online/OnlineSubsystemNull/Binaries/Win64/UE4Editor-OnlineSubsystemNull.dll (API version 3709383).
LogModuleManager: Display: Found up-to-date module file ../../../Engine/Plugins/Online/OnlineSubsystemUtils/Binaries/Win64/UE4Editor-OnlineSubsystemUtils.dll (API version 3709383).
LogModuleManager: Display: Found up-to-date module file ../../../Engine/Plugins/Online/OnlineSubsystemUtils/Binaries/Win64/UE4Editor-OnlineBlueprintSupport.dll (API version 3709383).
LogModuleManager: Display: Found up-to-date module file ../../../Engine/Plugins/Runtime/AndroidDeviceProfileSelector/Binaries/Win64/UE4Editor-AndroidDeviceProfileSelector.dll (API version 3709383).
LogModuleManager: Display: Found up-to-date module file ../../../Engine/Plugins/Runtime/AppleARKit/Binaries/Win64/UE4Editor-AppleARKit.dll (API version 3709383).
LogModuleManager: Display: Found up-to-date module file ../../../Engine/Plugins/Runtime/ArchVisCharacter/Binaries/Win64/UE4Editor-ArchVisCharacter.dll (API version 3709383).
LogModuleManager: Display: Found up-to-date module file ../../../Engine/Plugins/Runtime/CableComponent/Binaries/Win64/UE4Editor-CableComponent.dll (API version 3709383).
LogModuleManager: Display: Found up-to-date module file ../../../Engine/Plugins/Runtime/CustomMeshComponent/Binaries/Win64/UE4Editor-CustomMeshComponent.dll (API version 3709383).
LogModuleManager: Display: Found up-to-date module file ../../../Engine/Plugins/Runtime/ExampleDeviceProfileSelector/Binaries/Win64/UE4Editor-ExampleDeviceProfileSelector.dll (API version 3709383).
LogModuleManager: Display: Found up-to-date module file ../../../Engine/Plugins/Runtime/ImmediatePhysics/Binaries/Win64/UE4Editor-ImmediatePhysics.dll (API version 3709383).
LogModuleManager: Display: Found up-to-date module file ../../../Engine/Plugins/Runtime/ImmediatePhysics/Binaries/Win64/UE4Editor-ImmediatePhysicsEditor.dll (API version 3709383).
LogModuleManager: Display: Found up-to-date module file ../../../Engine/Plugins/Runtime/LocationServicesBPLibrary/Binaries/Win64/UE4Editor-LocationServicesBPLibrary.dll (API version 3709383).
LogModuleManager: Display: Found up-to-date module file ../../../Engine/Plugins/Runtime/MobilePatchingUtils/Binaries/Win64/UE4Editor-MobilePatchingUtils.dll (API version 3709383).
LogModuleManager: Display: Found up-to-date module file ../../../Engine/Plugins/Runtime/Oculus/OculusVR/Binaries/Win64/UE4Editor-OculusHMD.dll (API version 3709383).
LogModuleManager: Display: Found up-to-date module file ../../../Engine/Plugins/Runtime/Oculus/OculusVR/Binaries/Win64/UE4Editor-OculusInput.dll (API version 3709383).
LogModuleManager: Display: Found up-to-date module file ../../../Engine/Plugins/Runtime/Oculus/OculusVR/Binaries/Win64/UE4Editor-OculusEditor.dll (API version 3709383).
LogModuleManager: Display: Found up-to-date module file ../../../Engine/Plugins/Runtime/PhysXVehicles/Binaries/Win64/UE4Editor-PhysXVehicles.dll (API version 3709383).
LogModuleManager: Display: Found up-to-date module file ../../../Engine/Plugins/Runtime/PhysXVehicles/Binaries/Win64/UE4Editor-PhysXVehiclesEditor.dll (API version 3709383).
LogModuleManager: Display: Found up-to-date module file ../../../Engine/Plugins/Runtime/ProceduralMeshComponent/Binaries/Win64/UE4Editor-ProceduralMeshComponent.dll (API version 3709383).
LogModuleManager: Display: Found up-to-date module file ../../../Engine/Plugins/Runtime/ProceduralMeshComponent/Binaries/Win64/UE4Editor-ProceduralMeshComponentEditor.dll (API version 3709383).
LogModuleManager: Display: Found up-to-date module file ../../../Engine/Plugins/Runtime/RuntimePhysXCooking/Binaries/Win64/UE4Editor-RuntimePhysXCooking.dll (API version 3709383).
LogModuleManager: Display: Found up-to-date module file ../../../Engine/Plugins/Runtime/Steam/SteamVR/Binaries/Win64/UE4Editor-SteamVR.dll (API version 3709383).
LogModuleManager: Display: Found up-to-date module file ../../../Engine/Plugins/Runtime/Steam/SteamVR/Binaries/Win64/UE4Editor-SteamVRController.dll (API version 3709383).
LogModuleManager: Display: Found up-to-date module file ../../../Engine/Plugins/Runtime/WindowsMoviePlayer/Binaries/Win64/UE4Editor-WindowsMoviePlayer.dll (API version 3709383).
LogPluginManager: Mounting plugin Paper2D
LogPluginManager: Mounting plugin LightPropagationVolume
LogPluginManager: Mounting plugin CodeLiteSourceCodeAccess
LogPluginManager: Mounting plugin GitSourceControl
LogPluginManager: Mounting plugin KDevelopSourceCodeAccess
LogPluginManager: Mounting plugin NullSourceCodeAccess
LogPluginManager: Mounting plugin PerforceSourceControl
LogPluginManager: Mounting plugin SubversionSourceControl
LogPluginManager: Mounting plugin UObjectPlugin
LogPluginManager: Mounting plugin VisualStudioCodeSourceCodeAccess
LogPluginManager: Mounting plugin VisualStudioSourceCodeAccess
LogPluginManager: Mounting plugin XCodeSourceCodeAccess
LogPluginManager: Mounting plugin AssetManagerEditor
LogPluginManager: Mounting plugin AudioCapture
LogPluginManager: Mounting plugin FacialAnimation
LogPluginManager: Mounting plugin GameplayTagsEditor
LogPluginManager: Mounting plugin MobileLauncherProfileWizard
LogPluginManager: Mounting plugin PluginBrowser
LogPluginManager: Mounting plugin SpeedTreeImporter
LogPluginManager: Mounting plugin AlembicImporter
LogPluginManager: Mounting plugin CharacterAI
LogPluginManager: Mounting plugin HTML5Networking
LogPluginManager: Mounting plugin AndroidMedia
LogPluginManager: Mounting plugin AvfMedia
LogPluginManager: Mounting plugin ImgMedia
LogPluginManager: Mounting plugin MediaCompositing
LogPluginManager: Mounting plugin MediaPlayerEditor
LogPluginManager: Mounting plugin WmfMedia
LogPluginManager: Mounting plugin TcpMessaging
LogPluginManager: Mounting plugin UdpMessaging
LogPluginManager: Mounting plugin ActorSequence
LogPluginManager: Mounting plugin LevelSequenceEditor
LogPluginManager: Mounting plugin MatineeToLevelSequence
LogPluginManager: Mounting plugin OnlineSubsystemGooglePlay
LogPluginManager: Mounting plugin OnlineSubsystemIOS
LogPluginManager: Mounting plugin OnlineSubsystem
LogPluginManager: Mounting plugin OnlineSubsystemNull
LogPluginManager: Mounting plugin OnlineSubsystemUtils
LogPluginManager: Mounting plugin AndroidDeviceProfileSelector
LogPluginManager: Mounting plugin AndroidMoviePlayer
LogPluginManager: Mounting plugin AndroidPermission
LogPluginManager: Mounting plugin AppleARKit
LogPluginManager: Mounting plugin AppleMoviePlayer
LogPluginManager: Mounting plugin ArchVisCharacter
LogPluginManager: Mounting plugin CableComponent
LogPluginManager: Mounting plugin CustomMeshComponent
LogPluginManager: Mounting plugin ExampleDeviceProfileSelector
LogPluginManager: Mounting plugin GoogleCloudMessaging
LogPluginManager: Mounting plugin ImmediatePhysics
LogPluginManager: Mounting plugin IOSDeviceProfileSelector
LogPluginManager: Mounting plugin LinuxDeviceProfileSelector
LogPluginManager: Mounting plugin LocationServicesBPLibrary
LogPluginManager: Mounting plugin MobilePatchingUtils
LogPluginManager: Mounting plugin OculusVR
LogPluginManager: Plugin shader directory ../../../Engine/Plugins/Runtime/Oculus/OculusVR/Shaders found
LogPluginManager: Mapping shader source directory ../../../Engine/Plugins/Runtime/Oculus/OculusVR/Shaders to virtual directory /Plugin/OculusVR
LogPluginManager: Mounting plugin PhysXVehicles
LogPluginManager: Mounting plugin ProceduralMeshComponent
LogPluginManager: Mounting plugin RuntimePhysXCooking
LogPluginManager: Mounting plugin SteamVR
LogPluginManager: Mounting plugin WindowsMoviePlayer
LogInit: Using libcurl 7.47.1
LogInit:  - built for x86_64-pc-win32
LogInit:  - supports SSL with OpenSSL/1.0.2g
LogInit:  - supports HTTP deflate (compression) using libz 1.2.8
LogInit:  - other features:
LogInit:      CURL_VERSION_SSL
LogInit:      CURL_VERSION_LIBZ
LogInit:      CURL_VERSION_IPV6
LogInit:      CURL_VERSION_ASYNCHDNS
LogInit:      CURL_VERSION_LARGEFILE
LogInit:      CURL_VERSION_IDN
LogInit:  CurlRequestOptions (configurable via config and command line):
LogInit:  - bVerifyPeer = false  - Libcurl will NOT verify peer certificate
LogInit:  - bUseHttpProxy = false  - Libcurl will NOT use HTTP proxy
LogInit:  - bDontReuseConnections = false  - Libcurl will reuse connections
LogInit:  - CertBundlePath = nullptr  - Libcurl will use whatever was configured at build time.
LogInit: Build: ++UE4+Release-4.18-CL-3754814
LogInit: Engine Version: 4.18.1-3754814+++UE4+Release-4.18
LogInit: Compatible Engine Version: 4.18.0-3709383+++UE4+Release-4.18
LogInit: Net CL: 3709383
LogDevObjectVersion: Number of dev versions registered: 16
LogDevObjectVersion:   Dev-Blueprints (B0D832E4-1F89-4F0D-ACCF-7EB736FD4AA2): 10
LogDevObjectVersion:   Dev-Build (E1C64328-A22C-4D53-A36C-8E866417BD8C): 0
LogDevObjectVersion:   Dev-Core (375EC13C-06E4-48FB-B500-84F0262A717E): 2
LogDevObjectVersion:   Dev-Editor (E4B068ED-F494-42E9-A231-DA0B2E46BB41): 20
LogDevObjectVersion:   Dev-Framework (CFFC743F-43B0-4480-9391-14DF171D2073): 30
LogDevObjectVersion:   Dev-Mobile (B02B49B5-BB20-44E9-A304-32B752E40360): 0
LogDevObjectVersion:   Dev-Networking (A4E4105C-59A1-49B5-A7C5-40C4547EDFEE): 0
LogDevObjectVersion:   Dev-Online (39C831C9-5AE6-47DC-9A44-9C173E1C8E7C): 0
LogDevObjectVersion:   Dev-Physics (78F01B33-EBEA-4F98-B9B4-84EACCB95AA2): 0
LogDevObjectVersion:   Dev-Platform (6631380F-2D4D-43E0-8009-CF276956A95A): 0
LogDevObjectVersion:   Dev-Rendering (12F88B9F-8875-4AFC-A67C-D90C383ABD29): 20
LogDevObjectVersion:   Dev-Sequencer (7B5AE74C-D270-4C10-A958-57980B212A5A): 4
LogDevObjectVersion:   Dev-VR (D7296918-1DD6-4BDD-9DE2-64A83CC13884): 0
LogDevObjectVersion:   Dev-LoadTimes (C2A15278-BFE7-4AFE-6C17-90FF531DF755): 1
LogDevObjectVersion:   Private-Geometry (6EACA3D4-40EC-4CC1-B786-8BED09428FC5): 1
LogDevObjectVersion:   Dev-AnimPhys (29E575DD-E0A3-4627-9D10-D276232CDCEA): 12
LogInit: Compiled (64-bit): Nov 14 2017 02:05:55
LogInit: Compiled with Visual C++: 19.00.24215.01
LogInit: Build Configuration: Development
LogInit: Branch Name: ++UE4+Release-4.18
LogInit: Command line:  
LogInit: Base directory: C:/Program Files/Epic Games/UE_4.18/Engine/Binaries/Win64/
LogInit: Installed Engine Build: 1
LogInit: Presizing for max 8388607 objects, including 0 objects not considered by GC, pre-allocating 0 bytes for permanent pool.
LogInit: Object subsystem initialized
[2017.11.27-21.32.07:795][  0]LogInit: Selected Device Profile: [Windows]
[2017.11.27-21.32.07:795][  0]LogInit: Applying CVar settings loaded from the selected device profile: [Windows]
[2017.11.27-21.32.07:805][  0]LogInit: Computer: DESKTOP-OJU3OU9
[2017.11.27-21.32.07:805][  0]LogInit: User: Andy
[2017.11.27-21.32.07:805][  0]LogInit: CPU Page size=4096, Cores=4
[2017.11.27-21.32.07:805][  0]LogInit: High frequency timer resolution =3.328125 MHz
[2017.11.27-21.32.07:805][  0]LogMemory: Memory total: Physical=15.9GB (16GB approx)
[2017.11.27-21.32.07:805][  0]LogMemory: Platform Memory Stats for Windows
[2017.11.27-21.32.07:805][  0]LogMemory: Process Physical Memory: 274.66 MB used, 274.66 MB peak
[2017.11.27-21.32.07:805][  0]LogMemory: Process Virtual Memory: 281.55 MB used, 281.55 MB peak
[2017.11.27-21.32.07:805][  0]LogMemory: Physical Memory: 2948.42 MB used,  13383.27 MB free, 16331.70 MB total
[2017.11.27-21.32.07:805][  0]LogMemory: Virtual Memory: 656.05 MB used,  13383.27 MB free, 134217728.00 MB total
[2017.11.27-21.32.07:930][  0]LogInit: Using OS detected language (en-US).
[2017.11.27-21.32.07:930][  0]LogInit: Using OS detected locale (en-US).
[2017.11.27-21.32.07:933][  0]LogTextLocalizationManager: No specific localization for 'en-US' exists, so the 'en' localization will be used.
[2017.11.27-21.32.08:286][  0]LogInit: Setting process to per monitor DPI aware
[2017.11.27-21.32.08:490][  0]LogD3D11RHI: D3D11 adapters:
[2017.11.27-21.32.08:535][  0]LogD3D11RHI:    0. 'NVIDIA GeForce GTX 1070' (Feature Level 11_0)
[2017.11.27-21.32.08:535][  0]LogD3D11RHI:       8081/0/8165 MB DedicatedVideo/DedicatedSystem/SharedSystem, Outputs:1, VendorId:0x10de
[2017.11.27-21.32.08:536][  0]LogD3D11RHI:    1. 'Microsoft Basic Render Driver' (Feature Level 11_0)
[2017.11.27-21.32.08:536][  0]LogD3D11RHI:       0/0/8165 MB DedicatedVideo/DedicatedSystem/SharedSystem, Outputs:0, VendorId:0x1414
[2017.11.27-21.32.08:536][  0]LogD3D11RHI: Chosen D3D11 Adapter: 0
[2017.11.27-21.32.08:540][  0]LogD3D11RHI: Creating new Direct3DDevice
[2017.11.27-21.32.08:540][  0]LogD3D11RHI:     GPU DeviceId: 0x1b81 (for the marketing name, search the web for "GPU Device Id")
[2017.11.27-21.32.08:540][  0]LogWindows: EnumDisplayDevices:
[2017.11.27-21.32.08:540][  0]LogWindows:    0. 'NVIDIA GeForce GTX 1070' (P:1 D:1)
[2017.11.27-21.32.08:540][  0]LogWindows:    1. 'NVIDIA GeForce GTX 1070' (P:0 D:0)
[2017.11.27-21.32.08:540][  0]LogWindows:    2. 'NVIDIA GeForce GTX 1070' (P:0 D:0)
[2017.11.27-21.32.08:540][  0]LogWindows:    3. 'NVIDIA GeForce GTX 1070' (P:0 D:0)
[2017.11.27-21.32.08:541][  0]LogWindows: DebugString: FoundDriverCount:4 
[2017.11.27-21.32.08:541][  0]LogD3D11RHI:     Adapter Name: NVIDIA GeForce GTX 1070
[2017.11.27-21.32.08:541][  0]LogD3D11RHI:   Driver Version: 385.69 (internal:22.21.13.8569, unified:385.69)
[2017.11.27-21.32.08:541][  0]LogD3D11RHI:      Driver Date: 9-16-2017
[2017.11.27-21.32.08:541][  0]LogRHI: Texture pool is 5656 MB (70% of 8081 MB)
[2017.11.27-21.32.08:569][  0]LogD3D11RHI: Async texture creation enabled
[2017.11.27-21.32.08:580][  0]LogD3D11RHI: GPU Timing Frequency: 1000.000000 (Debug: 2 1)
[2017.11.27-21.32.08:581][  0]LogShaderCompilers: Guid format shader working directory is 34 characters bigger than the processId version (D:/ue/grid/Intermediate/Shaders/WorkingDirectory/14152/).
[2017.11.27-21.32.08:581][  0]LogShaderCompilers: Cleaned the shader compiler working directory 'C:/Users/Andy/AppData/Local/Temp/UnrealShaderWorkingDir/3F3F93894A1BA7D5CEC215929F53858B/'.
[2017.11.27-21.32.08:581][  0]LogShaderCompilers: Display: Using Local Shader Compiler.
[2017.11.27-21.32.09:391][  0]LogTemp: Display: Loaded TP AllDesktopTargetPlatform
[2017.11.27-21.32.09:439][  0]LogTemp: Display: Loaded TP MacClientTargetPlatform
[2017.11.27-21.32.09:485][  0]LogTemp: Display: Loaded TP MacNoEditorTargetPlatform
[2017.11.27-21.32.09:545][  0]LogTemp: Display: Loaded TP MacServerTargetPlatform
[2017.11.27-21.32.09:595][  0]LogTemp: Display: Loaded TP MacTargetPlatform
[2017.11.27-21.32.09:641][  0]LogTemp: Display: Loaded TP WindowsClientTargetPlatform
[2017.11.27-21.32.09:683][  0]LogTemp: Display: Loaded TP WindowsNoEditorTargetPlatform
[2017.11.27-21.32.09:726][  0]LogTemp: Display: Loaded TP WindowsServerTargetPlatform
[2017.11.27-21.32.09:761][  0]LogTemp: Display: Loaded TP WindowsTargetPlatform
[2017.11.27-21.32.09:802][  0]LogTemp: Display: Loaded TP Android_ASTCTargetPlatform
[2017.11.27-21.32.09:842][  0]LogTemp: Display: Loaded TP Android_ATCTargetPlatform
[2017.11.27-21.32.09:883][  0]LogTemp: Display: Loaded TP Android_DXTTargetPlatform
[2017.11.27-21.32.09:923][  0]LogTemp: Display: Loaded TP Android_ETC1TargetPlatform
[2017.11.27-21.32.09:964][  0]LogTemp: Display: Loaded TP Android_ETC2TargetPlatform
[2017.11.27-21.32.10:045][  0]LogTemp: Display: Loaded TP Android_MultiTargetPlatform
[2017.11.27-21.32.10:045][  0]LogTemp: Display: Loaded TP Android_PVRTCTargetPlatform
[2017.11.27-21.32.10:087][  0]LogTemp: Display: Loaded TP AndroidTargetPlatform
[2017.11.27-21.32.10:118][  0]LogTemp: Display: Loaded TP HTML5TargetPlatform
[2017.11.27-21.32.10:196][  0]LogTemp: Display: Loaded TP IOSTargetPlatform
[2017.11.27-21.32.10:221][  0]LogTemp: Display: Loaded TP TVOSTargetPlatform
[2017.11.27-21.32.10:261][  0]LogTemp: Display: Loaded TP LinuxClientTargetPlatform
[2017.11.27-21.32.10:301][  0]LogTemp: Display: Loaded TP LinuxNoEditorTargetPlatform
[2017.11.27-21.32.10:341][  0]LogTemp: Display: Loaded TP LinuxServerTargetPlatform
[2017.11.27-21.32.10:381][  0]LogTemp: Display: Loaded TP LinuxTargetPlatform
[2017.11.27-21.32.10:382][  0]LogTargetPlatformManager: Display: Building Assets For Windows
[2017.11.27-21.32.10:792][  0]LogDerivedDataCache: Display: Max Cache Size: 512 MB
[2017.11.27-21.32.10:870][  0]LogDerivedDataCache: Loaded boot cache 0.08s 81MB C:/Users/Andy/AppData/Local/UnrealEngine/4.18/DerivedDataCache/Boot.ddc.
[2017.11.27-21.32.10:870][  0]LogDerivedDataCache: Display: Loaded Boot cache: C:/Users/Andy/AppData/Local/UnrealEngine/4.18/DerivedDataCache/Boot.ddc
[2017.11.27-21.32.10:870][  0]LogDerivedDataCache: FDerivedDataBackendGraph:  Pak pak cache file D:/ue/grid/DerivedDataCache/DDC.ddp not found, will not use a pak cache.
[2017.11.27-21.32.10:870][  0]LogDerivedDataCache: Unable to find inner node Pak for hierarchical cache Hierarchy.
[2017.11.27-21.32.10:870][  0]LogDerivedDataCache: FDerivedDataBackendGraph:  CompressedPak pak cache file D:/ue/grid/DerivedDataCache/Compressed.ddp not found, will not use a pak cache.
[2017.11.27-21.32.10:870][  0]LogDerivedDataCache: Unable to find inner node CompressedPak for hierarchical cache Hierarchy.
[2017.11.27-21.32.10:885][  0]LogDerivedDataCache: Display: Pak cache opened for reading ../../../Engine/DerivedDataCache/Compressed.ddp.
[2017.11.27-21.32.10:897][  0]LogDerivedDataCache: Using Local data cache path C:/Users/Andy/AppData/Local/UnrealEngine/Common/DerivedDataCache: Writable
[2017.11.27-21.32.10:906][  0]LogMaterial: Verifying Global Shaders for PCD3D_SM5
[2017.11.27-21.32.10:906][  0]LogSlate: Using Freetype 2.6.0
[2017.11.27-21.32.10:907][  0]LogSlate: SlateFontCache - WITH_FREETYPE: 1, WITH_HARFBUZZ: 1
[2017.11.27-21.32.10:907][  0]LogSlate: SlateFontCache - WITH_FREETYPE: 1, WITH_HARFBUZZ: 1
[2017.11.27-21.32.11:221][  0]LogInit: Selected Device Profile: [Windows]
[2017.11.27-21.32.11:514][  0]LogSimplygon: Simplygon DLL not present - disabling.
[2017.11.27-21.32.11:549][  0]LogMeshReduction: Using SimplygonSwarm for distributed automatic mesh merging
[2017.11.27-21.32.11:549][  0]LogMeshReduction: Using QuadricMeshReduction for automatic static mesh reduction
[2017.11.27-21.32.11:549][  0]LogMeshReduction: No automatic skeletal mesh reduction module available
[2017.11.27-21.32.11:549][  0]LogMeshReduction: No automatic mesh merging module available
[2017.11.27-21.32.11:549][  0]LogMeshMerging: No automatic mesh merging module available
[2017.11.27-21.32.11:573][  0]LogNetVersion: Grid1 , NetCL: 3709383, EngineNetVer: 2, GameNetVer: 0 (Checksum: 1394303240)
[2017.11.27-21.32.11:726][  0]LogAssetRegistry: FAssetRegistry took 0.0257 seconds to start up
[2017.11.27-21.32.12:207][  0]LogPackageLocalizationCache: Processed 7 localized package path(s) for 2 prioritized culture(s) in 0.072885 seconds
[2017.11.27-21.32.12:212][  0]LogUObjectArray: 35900 objects as part of root set at end of initial load.
[2017.11.27-21.32.12:212][  0]LogUObjectAllocator: 7372016 out of 0 bytes used by permanent object pool.
[2017.11.27-21.32.12:212][  0]LogUObjectArray: CloseDisregardForGC: 0/0 objects in disregard for GC pool
[2017.11.27-21.32.12:259][  0]LogInit: WinSock: version 1.1 (2.2), MaxSocks=32767, MaxUdp=65467
[2017.11.27-21.32.14:614][  0]LogTcpMessaging: Initializing TcpMessaging bridge
[2017.11.27-21.32.14:655][  0]LogUdpMessaging: Initializing bridge on interface 0.0.0.0:0 to multicast group 230.0.0.1:6666.
[2017.11.27-21.32.15:248][  0]LogMaterial: Missing cached shader map for material BaseColor, compiling. 
[2017.11.27-21.32.15:248][  0]LogMaterial: Warning: C:\Program Files\Epic Games\UE_4.18\Engine\Content\BufferVisualization\BaseColor.uasset: Failed to compile Material for platform PCD3D_SM5, Default Material will be used in game.
[2017.11.27-21.32.15:248][  0]LogMaterial: 	(Node SceneTexture) GBuffer scene textures not available with forward shading.
[2017.11.27-21.32.15:265][  0]LogMaterial: Uniform references updated for custom material expression Custom.
[2017.11.27-21.32.15:274][  0]LogMaterial: Missing cached shader map for material LightingModel, compiling. 
[2017.11.27-21.32.15:274][  0]LogMaterial: Warning: C:\Program Files\Epic Games\UE_4.18\Engine\Content\BufferVisualization\LightingModel.uasset: Failed to compile Material for platform PCD3D_SM5, Default Material will be used in game.
[2017.11.27-21.32.15:274][  0]LogMaterial: 	(Node SceneTexture) GBuffer scene textures not available with forward shading.
[2017.11.27-21.32.15:277][  0]LogMaterial: Missing cached shader map for material MaterialAO, compiling. 
[2017.11.27-21.32.15:277][  0]LogMaterial: Warning: C:\Program Files\Epic Games\UE_4.18\Engine\Content\BufferVisualization\MaterialAO.uasset: Failed to compile Material for platform PCD3D_SM5, Default Material will be used in game.
[2017.11.27-21.32.15:277][  0]LogMaterial: 	(Node SceneTexture) GBuffer scene textures not available with forward shading.
[2017.11.27-21.32.15:279][  0]LogMaterial: Missing cached shader map for material Metallic, compiling. 
[2017.11.27-21.32.15:279][  0]LogMaterial: Warning: C:\Program Files\Epic Games\UE_4.18\Engine\Content\BufferVisualization\Metallic.uasset: Failed to compile Material for platform PCD3D_SM5, Default Material will be used in game.
[2017.11.27-21.32.15:279][  0]LogMaterial: 	(Node SceneTexture) GBuffer scene textures not available with forward shading.
[2017.11.27-21.32.15:282][  0]LogMaterial: Missing cached shader map for material Opacity, compiling. 
[2017.11.27-21.32.15:282][  0]LogMaterial: Warning: C:\Program Files\Epic Games\UE_4.18\Engine\Content\BufferVisualization\Opacity.uasset: Failed to compile Material for platform PCD3D_SM5, Default Material will be used in game.
[2017.11.27-21.32.15:282][  0]LogMaterial: 	(Node SceneTexture) GBuffer scene textures not available with forward shading.
[2017.11.27-21.32.15:284][  0]LogMaterial: Missing cached shader map for material Roughness, compiling. 
[2017.11.27-21.32.15:285][  0]LogMaterial: Warning: C:\Program Files\Epic Games\UE_4.18\Engine\Content\BufferVisualization\Roughness.uasset: Failed to compile Material for platform PCD3D_SM5, Default Material will be used in game.
[2017.11.27-21.32.15:285][  0]LogMaterial: 	(Node SceneTexture) GBuffer scene textures not available with forward shading.
[2017.11.27-21.32.15:300][  0]LogMaterial: Missing cached shader map for material Specular, compiling. 
[2017.11.27-21.32.15:301][  0]LogMaterial: Warning: C:\Program Files\Epic Games\UE_4.18\Engine\Content\BufferVisualization\Specular.uasset: Failed to compile Material for platform PCD3D_SM5, Default Material will be used in game.
[2017.11.27-21.32.15:301][  0]LogMaterial: 	(Node SceneTexture) GBuffer scene textures not available with forward shading.
[2017.11.27-21.32.15:303][  0]LogMaterial: Missing cached shader map for material SubsurfaceColor, compiling. 
[2017.11.27-21.32.15:303][  0]LogMaterial: Warning: C:\Program Files\Epic Games\UE_4.18\Engine\Content\BufferVisualization\SubsurfaceColor.uasset: Failed to compile Material for platform PCD3D_SM5, Default Material will be used in game.
[2017.11.27-21.32.15:303][  0]LogMaterial: 	(Node SceneTexture) GBuffer scene textures not available with forward shading.
[2017.11.27-21.32.15:306][  0]LogMaterial: Missing cached shader map for material WorldNormal, compiling. 
[2017.11.27-21.32.15:306][  0]LogMaterial: Warning: C:\Program Files\Epic Games\UE_4.18\Engine\Content\BufferVisualization\WorldNormal.uasset: Failed to compile Material for platform PCD3D_SM5, Default Material will be used in game.
[2017.11.27-21.32.15:306][  0]LogMaterial: 	(Node SceneTexture) GBuffer scene textures not available with forward shading.
[2017.11.27-21.32.15:626][  0]SourceControl: Source control is disabled
[2017.11.27-21.32.15:626][  0]SourceControl: Source control is disabled
[2017.11.27-21.32.15:669][  0]SourceControl: Source control is disabled
[2017.11.27-21.32.15:712][  0]SourceControl: Source control is disabled
[2017.11.27-21.32.16:378][  0]LogAndroidPermission: UAndroidPermissionCallbackProxy::GetInstance
[2017.11.27-21.32.16:606][  0]LogOcInput: OculusInput pre-init called
[2017.11.27-21.32.16:869][  0]LogEngine: Initializing Engine...
[2017.11.27-21.32.16:871][  0]LogHMD: Failed to initialize OpenVR with code 110
[2017.11.27-21.32.17:075][  0]LogStats: UGameplayTagsManager::ConstructGameplayTagTree: Construct from data asset -  0.000 s
[2017.11.27-21.32.17:075][  0]LogStats: UGameplayTagsManager::ConstructGameplayTagTree: GameplayTagTreeChangedEvent.Broadcast -  0.000 s
[2017.11.27-21.32.17:189][  0]LogAIModule: Creating AISystem for world Untitled
[2017.11.27-21.32.17:195][  0]LogInit: XAudio2 using 'Speakers (Realtek High Definition Audio)' : 2 channels at 48 kHz using 32 bits per sample (channel mask 0x3)
[2017.11.27-21.32.17:242][  0]LogInit: FAudioDevice initialized.
[2017.11.27-21.32.17:319][  0]LogDerivedDataCache: Saved boot cache 0.08s 81MB C:/Users/Andy/AppData/Local/UnrealEngine/4.18/DerivedDataCache/Boot.ddc.
[2017.11.27-21.32.17:334][  0]LogInit: Texture streaming: Enabled
[2017.11.27-21.32.17:419][  0]LogEngineSessionManager: EngineSessionManager initialized
[2017.11.27-21.32.17:528][  0]LogInit: Transaction tracking system initialized
[2017.11.27-21.32.17:779][  0]BlueprintLog: New page: Editor Load
[2017.11.27-21.32.18:490][  0]LocalizationService: Localization service is disabled
[2017.11.27-21.32.19:132][  0]LogConsoleResponse: Display: 
[2017.11.27-21.32.19:297][  0]LogCook: Display: Max memory allowance for cook 16384mb min free memory 0mb
[2017.11.27-21.32.19:297][  0]LogCook: Display: Mobile HDR setting 1
[2017.11.27-21.32.19:297][  0]LogGameplayTags: Display: UGameplayTagsManager::DoneAddingNativeTags. DelegateIsBound: 0
[2017.11.27-21.32.19:846][  0]LogFileCache: Scanning file cache for directory 'D:/ue/grid/Content/' took 0.01s
[2017.11.27-21.32.20:290][  0]SourceControl: Source control is disabled
[2017.11.27-21.32.20:290][  0]Cmd: MAP LOAD FILE="D:/ue/grid/Content/Maps/AITest.umap" TEMPLATE=0 SHOWPROGRESS=1 FEATURELEVEL=3
[2017.11.27-21.32.20:293][  0]LightingResults: New page: Lighting Build
[2017.11.27-21.32.20:326][  0]MapCheck: New page: Map Check
[2017.11.27-21.32.20:326][  0]LightingResults: New page: Lighting Build
[2017.11.27-21.32.21:165][  0]LogTexture: Display: Building textures: cursor-spinner-difuse (AutoDXT, 512X512)
[2017.11.27-21.32.21:165][  0]LogTexture: Display: Building textures: cursor-spinner-normal (BC5, 512X512)
[2017.11.27-21.32.21:165][  0]LogTexture: Display: Building textures: HQ_Lightmap0_1 (AutoDXT, 1024X1024)
[2017.11.27-21.32.21:165][  0]LogMaterial: Uniform references updated for custom material expression Custom.
[2017.11.27-21.32.21:199][  0]LogTexture: Display: Building textures: HQ_Lightmap0_2 (AutoDXT, 1024X1024)
[2017.11.27-21.32.21:199][  0]LogMaterial: Missing cached shader map for material M_Sky_Panning_Clouds2, compiling. 
[2017.11.27-21.32.23:528][  0]LogTexture: Display: Building textures: HQ_Lightmap0_3 (AutoDXT, 1024X1024)
[2017.11.27-21.32.23:528][  0]LogTexture: Display: Building textures: Grass_001_SPEC (AutoDXT, 2048X2048)
[2017.11.27-21.32.23:528][  0]LogTexture: Display: Building textures: Grass_001_COLOR (AutoDXT, 2048X2048)
[2017.11.27-21.32.23:528][  0]LogTexture: Display: Building textures: HQ_Lightmap0_4 (AutoDXT, 64X64)
[2017.11.27-21.32.23:528][  0]LogTexture: Display: Building textures: LQ_Lightmap_0_1 (DXT1, 1024X1024)
[2017.11.27-21.32.23:528][  0]LogTexture: Display: Building textures: LQ_Lightmap_0_2 (DXT1, 1024X1024)
[2017.11.27-21.32.23:528][  0]LogTexture: Display: Building textures: LQ_Lightmap_0_3 (DXT1, 1024X1024)
[2017.11.27-21.32.23:528][  0]LogTexture: Display: Building textures: LQ_Lightmap_0_4 (DXT1, 64X64)
[2017.11.27-21.32.23:528][  0]LogTexture: Display: Building textures: SkyOcclusion0_1 (AutoDXT, 1024X512)
[2017.11.27-21.32.23:528][  0]LogTexture: Display: Building textures: Grass_001_NRM (BC5, 2048X2048)
[2017.11.27-21.32.23:528][  0]LogTexture: Display: Building textures: SkyOcclusion0_2 (AutoDXT, 1024X512)
[2017.11.27-21.32.23:528][  0]LogTexture: Display: Building textures: SkyOcclusion0_3 (AutoDXT, 1024X512)
[2017.11.27-21.32.23:528][  0]LogTexture: Display: Building textures: SkyOcclusion0_4 (AutoDXT, 64X32)
[2017.11.27-21.32.23:528][  0]LogTexture: Display: Building textures: ShadowMapTexture2D_0 (G8, 1024X1024)
[2017.11.27-21.32.23:528][  0]LogTexture: Display: Building textures: ShadowMapTexture2D_1 (G8, 1024X256)
[2017.11.27-21.32.23:528][  0]LogTexture: Display: Building textures: ShadowMapTexture2D_2 (G8, 32X32)
[2017.11.27-21.32.23:528][  0]LogTexture: Display: Building textures: snow2 (AutoDXT, 1024X1024)
[2017.11.27-21.32.23:528][  0]LogTexture: Display: Building textures: snow2_normal (BC5, 1024X1024)
[2017.11.27-21.32.23:528][  0]LogTexture: Display: Building textures: sandstone_rock_001_SPEC (AutoDXT, 2048X2048)
[2017.11.27-21.32.23:528][  0]LogTexture: Display: Building textures: sandstone_rock_001_NRM (BC5, 2048X2048)
[2017.11.27-21.32.23:528][  0]LogTexture: Display: Building textures: sandstone_rock_001_COLOR (AutoDXT, 2048X2048)
[2017.11.27-21.32.23:528][  0]LogTexture: Display: Building textures: Lava_001_SPEC (AutoDXT, 2048X2048)
[2017.11.27-21.32.27:355][  0]LogTexture: Display: Building textures: Lava_001_COLOR (AutoDXT, 2048X2048)
[2017.11.27-21.32.27:355][  0]LogTexture: Display: Building textures: gradient (AutoDXT, 256X256)
[2017.11.27-21.32.27:355][  0]LogTexture: Display: Building textures: Lava_001_NRM (BC5, 2048X2048)
[2017.11.27-21.32.29:401][  0]LogMaterial: Missing cached shader map for material 4Blend, compiling. 
[2017.11.27-21.32.29:493][  0]LogStaticMesh: Building static mesh maker_2e...
[2017.11.27-21.32.29:717][  0]LogStaticMesh: Built static mesh [0.22s] /Game/Meshes/maker_2e.maker_2e
[2017.11.27-21.32.29:775][  0]LogStaticMesh: Building static mesh ref_hex...
[2017.11.27-21.32.29:775][  0]LogStaticMesh: Built static mesh [0.00s] /Game/Meshes/ref_hex.ref_hex
[2017.11.27-21.32.29:790][  0]LogStaticMesh: Building static mesh hex_plane_2a...
[2017.11.27-21.32.29:792][  0]LogStaticMesh: Built static mesh [0.00s] /Game/Meshes/hex_plane_2a.hex_plane_2a
[2017.11.27-21.32.29:796][  0]LogMaterial: Missing cached shader map for material HexStylus, compiling. 
[2017.11.27-21.32.29:875][  0]LogMaterial: Missing cached shader map for material CamText, compiling. 
[2017.11.27-21.32.29:904][  0]LogMaterial: Missing cached shader map for material Feed, compiling. 
[2017.11.27-21.32.29:926][  0]LogMaterial: Missing cached shader map for material HoloTest, compiling. 
[2017.11.27-21.32.29:944][  0]LogMaterial: Missing cached shader map for material Black, compiling. 
[2017.11.27-21.32.29:953][  0]LogMaterial: Missing cached shader map for material M_Basic_Wall, compiling. 
[2017.11.27-21.32.30:040][  0]LogMaterial: Missing cached shader map for material CubeMaterial, compiling. 
[2017.11.27-21.32.30:087][  0]LogMaterial: Missing cached shader map for material M_Burst, compiling. 
[2017.11.27-21.32.30:134][  0]LogMaterial: Missing cached shader map for material m_flare_01, compiling. 
[2017.11.27-21.32.30:176][  0]LogMaterial: Missing cached shader map for material M_radial_ramp, compiling. 
[2017.11.27-21.32.30:218][  0]LogMaterial: Missing cached shader map for material M_explosion_subUV, compiling. 
[2017.11.27-21.32.30:256][  0]LogMaterial: Missing cached shader map for material M_smoke_subUV, compiling. 
[2017.11.27-21.32.30:353][  0]LogAudioDerivedData: Display: Building compressed audio format OGG wave laser6...
[2017.11.27-21.32.30:395][  0]LogAudioDerivedData: Display: Building compressed audio format OGG wave laser5...
[2017.11.27-21.32.30:427][  0]LogAudioDerivedData: Display: Building compressed audio format OGG wave laser4...
[2017.11.27-21.32.30:456][  0]LogAudioDerivedData: Display: Building compressed audio format OGG wave laser3...
[2017.11.27-21.32.30:491][  0]LogAudioDerivedData: Display: Building compressed audio format OGG wave laser2...
[2017.11.27-21.32.30:526][  0]LogAudioDerivedData: Display: Building compressed audio format OGG wave laser1...
[2017.11.27-21.32.30:559][  0]LogMaterial: Missing cached shader map for material Beam, compiling. 
[2017.11.27-21.32.30:626][  0]LogAudioDerivedData: Display: Building compressed audio format OGG wave 368571__damjancd__laser-missile-hit-scifi-sfx...
[2017.11.27-21.32.30:807][  0]LogMaterial: Missing cached shader map for material HoloSnapInfantry, compiling. 
[2017.11.27-21.32.31:156][  0]LogMaterial: Missing cached shader map for material HoloSnapPerftest, compiling. 
[2017.11.27-21.32.31:302][  0]LogMaterial: Missing cached shader map for material M_UE4Man_Body, compiling. 
[2017.11.27-21.32.31:450][  0]LogMaterial: Missing cached shader map for material M_UE4Man_Body, compiling. 
[2017.11.27-21.32.31:898][  0]LogAIModule: Creating AISystem for world AITest
[2017.11.27-21.32.31:921][  0]LogEditorServer: Finished looking for orphan Actors (0.000 secs)
[2017.11.27-21.32.31:948][  0]Cmd: MAP CHECKDEP NOCLEARLOG
[2017.11.27-21.32.32:032][  0]MapCheck: Map check complete: 0 Error(s), 0 Warning(s), took 84.327ms to complete.
[2017.11.27-21.32.32:032][  0]LogFileHelpers: Loading map 'AITest' took 11.743
[2017.11.27-21.32.32:211][  0]LogCollectionManager: Loaded 0 collections in 0.002424 seconds
[2017.11.27-21.32.32:312][  0]LogFileCache: Scanning file cache for directory 'D:/ue/grid/Saved/Collections/' took 0.01s
[2017.11.27-21.32.32:312][  0]LogFileCache: Scanning file cache for directory 'D:/ue/grid/Content/Developers/Andy/Collections/' took 0.01s
[2017.11.27-21.32.32:312][  0]LogFileCache: Scanning file cache for directory 'D:/ue/grid/Content/Collections/' took 0.01s
[2017.11.27-21.32.32:312][  0]LogCollectionManager: Rebuilt the GUID cache for 0 collections in 0.000001 seconds
[2017.11.27-21.32.32:324][  0]LogContentBrowser: Native class hierarchy populated in 0.0119 seconds. Added 2363 classes and 519 folders.
[2017.11.27-21.32.32:420][  0]LogContentBrowser: Native class hierarchy updated for 'WidgetCarousel' in 0.0003 seconds. Added 0 classes and 0 folders.
[2017.11.27-21.32.32:469][  0]LogContentBrowser: Native class hierarchy updated for 'AddContentDialog' in 0.0003 seconds. Added 0 classes and 0 folders.
[2017.11.27-21.32.32:536][  0]LogContentBrowser: Native class hierarchy updated for 'SceneOutliner' in 0.0004 seconds. Added 1 classes and 2 folders.
[2017.11.27-21.32.32:648][  0]LogContentBrowser: Native class hierarchy updated for 'HierarchicalLODOutliner' in 0.0004 seconds. Added 1 classes and 2 folders.
[2017.11.27-21.32.32:648][  0]LogLoad: (Engine Initialization) Total time: 26.94 seconds
[2017.11.27-21.32.32:648][  0]LogLoad: (Engine Initialization) Total Blueprint compile time: 0.00 seconds
[2017.11.27-21.32.32:648][  0]LogExternalProfiler: No external profilers were discovered.  External profiling features will not be available.
[2017.11.27-21.32.32:657][  0]LogWindowsTextInputMethodSystem: Display: IME system now deactivated.
[2017.11.27-21.32.32:682][  0]LogContentStreaming: Texture pool size now 1000 MB
[2017.11.27-21.32.32:683][  0]LogSlate: Took 0.000181 seconds to synchronously load lazily loaded font '../../../Engine/Content/Slate/Fonts/Roboto-Regular.ttf' (155K)
[2017.11.27-21.32.32:685][  0]LogSlate: Took 0.000189 seconds to synchronously load lazily loaded font '../../../Engine/Content/Slate/Fonts/Roboto-Bold.ttf' (160K)
[2017.11.27-21.32.32:690][  0]LogSlate: Took 0.000210 seconds to synchronously load lazily loaded font '../../../Engine/Content/Editor/Slate/Fonts/FontAwesome.ttf' (139K)
[2017.11.27-21.32.32:891][  1]LogAssetRegistry: Asset discovery search completed in 21.1865 seconds
[2017.11.27-21.32.32:894][  1]LogCollectionManager: Rebuilt the object cache for 0 collections in 0.000000 seconds (found 0 objects)
[2017.11.27-21.32.32:894][  1]LogCollectionManager: Fixed up redirectors for 0 collections in 0.000068 seconds (updated 0 objects)
[2017.11.27-21.32.32:926][  2]LogRenderer: Reallocating scene render targets to support 1120x496 Format 10 NumSamples 1 (Frame:1).
[2017.11.27-21.32.33:134][  2]LogBlueprintUserMessages: [ScriptedCursorCharacter_C_0] Scripted
[2017.11.27-21.32.33:280][ 13]LogContentStreaming: Texture: "LightMapTexture2D /Game/Maps/AITest_BuiltData.AITest_BuiltData:HQ_Lightmap0_3", ResidentMips: 7/11, RequestedMips: 11, WantedMips: 11, Boost: 0.2 (updated)
[2017.11.27-21.32.38:685][635]LogShaderCompilers: Warning: D:\ue\grid\Content\Board\4Blend.uasset: Failed to compile Material for platform PCD3D_SM5, Default Material will be used in game.
[2017.11.27-21.32.38:685][635]LogShaderCompilers: 	/Engine/Generated/Material.ush(1703,2-39):  warning X3206: implicit truncation of vector type
[2017.11.27-21.32.38:685][635]LogShaderCompilers: 	/Engine/Generated/Material.ush(1704,2-40):  warning X3206: implicit truncation of vector type
[2017.11.27-21.32.38:685][635]LogShaderCompilers: 	/Engine/Private/ShadingModels.ush(560,15-81):  warning X3571: pow(f, e) will not work for negative f, use abs(f) or conditionally handle negative values if you expect them
[2017.11.27-21.32.38:685][635]LogShaderCompilers: 	/Engine/Private/ShadingModels.ush(582,15-55):  warning X3571: pow(f, e) will not work for negative f, use abs(f) or conditionally handle negative values if you expect them
[2017.11.27-21.32.38:685][635]LogShaderCompilers: 	/Engine/Private/ShadingModels.ush(603,24-66):  warning X3571: pow(f, e) will not work for negative f, use abs(f) or conditionally handle negative values if you expect them
[2017.11.27-21.32.38:685][635]LogShaderCompilers: 	/Engine/Private/ReflectionEnvironmentComposite.ush(10,15-38):  err0r X4510: maximum ps_5_0 sampler register index (16) exceeded
[2017.11.27-21.33.16:666][156]LogRenderer: Reallocating scene render targets to support 1420x496 Format 10 NumSamples 1 (Frame:4972).
[2017.11.27-21.33.25:835][235]LogRenderer: Reallocating scene render targets to support 1420x804 Format 10 NumSamples 1 (Frame:5432).
[2017.11.27-21.33.54:327][508]LogSlate: Took 0.007557 seconds to synchronously load lazily loaded font '../../../Engine/Content/Editor/Slate/Fonts/DroidSansMono.ttf' (77K)
[2017.11.27-21.33.55:836][689]Cmd: stat fps
[2017.11.27-21.34.04:803][761]Cmd: stat game
[2017.11.27-21.34.07:922][135]LogTemp: Repeating last play command: Selected Viewport
[2017.11.27-21.34.08:048][135]LogBlueprintUserMessages: Early PlayInEditor Detection: Level '/Game/Maps/AITest.AITest:PersistentLevel' has LevelScriptBlueprint '/Game/Maps/AITest.AITest:PersistentLevel.AITest' with GeneratedClass '/Game/Maps/AITest.AITest_C' with ClassGeneratedBy '/Game/Maps/AITest.AITest:PersistentLevel.AITest'
[2017.11.27-21.34.08:048][135]LogPlayLevel: PlayLevel: No blueprints needed recompiling
[2017.11.27-21.34.08:052][135]PIE: New page: PIE session: AITest (Nov 27, 2017, 11:34:08 AM)
[2017.11.27-21.34.08:052][135]LogPlayLevel: Creating play world package: /Game/Maps/UEDPIE_0_AITest
[2017.11.27-21.34.08:081][135]LogPlayLevel: PIE: StaticDuplicateObject took: (0.028583s)
[2017.11.27-21.34.08:082][135]LogAIModule: Creating AISystem for world AITest
[2017.11.27-21.34.08:082][135]LogPlayLevel: PIE: World Init took: (0.000909s)
[2017.11.27-21.34.08:082][135]LogPlayLevel: PIE: Created PIE world by copying editor world from /Game/Maps/AITest.AITest to /Game/Maps/UEDPIE_0_AITest.AITest (0.029743s)
[2017.11.27-21.34.08:094][135]LogInit: XAudio2 using 'Speakers (Realtek High Definition Audio)' : 2 channels at 48 kHz using 32 bits per sample (channel mask 0x3)
[2017.11.27-21.34.08:104][135]LogInit: FAudioDevice initialized.
[2017.11.27-21.34.08:147][135]LogLoad: Game class is 'CursorGameMode_C'
[2017.11.27-21.34.08:151][135]LogWorld: Bringing World /Game/Maps/UEDPIE_0_AITest.AITest up for play (max tick rate 0) at 2017.11.27-16.34.08
[2017.11.27-21.34.08:152][135]LogWorld: Bringing up level for play took: 0.001778
[2017.11.27-21.34.08:189][135]LogContentBrowser: Native class hierarchy updated for 'MovieSceneCapture' in 0.0003 seconds. Added 11 classes and 0 folders.
[2017.11.27-21.34.08:194][135]Cmd: fly
[2017.11.27-21.34.08:195][135]LogBlueprintUserMessages: [AITest_C_1] Start
[2017.11.27-21.34.08:195][135]PIE: Play in editor start time for /Game/Maps/UEDPIE_0_AITest 0.082
[2017.11.27-21.34.08:195][135]LogBlueprintUserMessages: Late PlayInEditor Detection: Level '/Game/Maps/AITest.AITest:PersistentLevel' has LevelScriptBlueprint '/Game/Maps/AITest.AITest:PersistentLevel.AITest' with GeneratedClass '/Game/Maps/AITest.AITest_C' with ClassGeneratedBy '/Game/Maps/AITest.AITest:PersistentLevel.AITest'
[2017.11.27-21.34.11:033][473]LogBlueprintUserMessages: [CursorCharacter_C_0] X=124.103 Y=-10.077 Z=246.000
[2017.11.27-21.34.21:857][737]LogRenderer: Reallocating scene render targets to support 1420x1284 Format 10 NumSamples 1 (Frame:1603).
[2017.11.27-21.34.23:866][962]LogRenderer: Reallocating scene render targets to support 1424x1284 Format 10 NumSamples 1 (Frame:1822).
[2017.11.27-21.34.23:935][963]LogRenderer: Reallocating scene render targets to support 1576x1284 Format 10 NumSamples 1 (Frame:1823).
[2017.11.27-21.34.23:977][964]LogRenderer: Reallocating scene render targets to support 1848x1284 Format 10 NumSamples 1 (Frame:1824).
[2017.11.27-21.34.24:015][965]LogRenderer: Reallocating scene render targets to support 1880x1284 Format 10 NumSamples 1 (Frame:1825).
[2017.11.27-21.34.38:472][663]Cmd: ce gd
[2017.11.27-21.34.38:472][663]LogBlueprintUserMessages: [AITest_C_1] god com
[2017.11.27-21.34.43:011][204]LogBlueprintUserMessages: [CursorCharacter_C_0] X=103.257 Y=-102.590 Z=258.000
[2017.11.27-21.34.48:700][873]Cmd: ce gd 1
[2017.11.27-21.34.48:700][873]LogBlueprintUserMessages: [AITest_C_1] god com
[2017.11.27-21.34.56:700][812]LogBlueprintUserMessages: Early EndPlayMap Detection: Level '/Game/Maps/AITest.AITest:PersistentLevel' has LevelScriptBlueprint '/Game/Maps/AITest.AITest:PersistentLevel.AITest' with GeneratedClass '/Game/Maps/AITest.AITest_C' with ClassGeneratedBy '/Game/Maps/AITest.AITest:PersistentLevel.AITest'
[2017.11.27-21.34.56:764][812]LogBlueprintUserMessages: Late EndPlayMap Detection: Level '/Game/Maps/AITest.AITest:PersistentLevel' has LevelScriptBlueprint '/Game/Maps/AITest.AITest:PersistentLevel.AITest' with GeneratedClass '/Game/Maps/AITest.AITest_C' with ClassGeneratedBy '/Game/Maps/AITest.AITest:PersistentLevel.AITest'
[2017.11.27-21.35.21:331][754]Cmd: stat gpu
[2017.11.27-21.35.28:775][647]Cmd: stat off
[2017.11.27-21.35.30:929][905]Cmd: stat none
[2017.11.27-21.35.35:338][434]Cmd: stat unit
[2017.11.27-21.35.40:247][ 23]Cmd: stat none
[2017.11.27-21.35.48:683][ 16]LogWindowsTextInputMethodSystem: Display: IME system now deactivated.
[2017.11.27-21.35.48:685][ 16]LogWindowsTextInputMethodSystem: Display: IME system now deactivated.
[2017.11.27-21.35.48:873][ 17]Cmd: QUIT_EDITOR
[2017.11.27-21.35.49:349][ 17]LogExit: Preparing to exit.
[2017.11.27-21.35.49:745][ 17]LogExit: Editor shut down
[2017.11.27-21.35.49:748][ 17]LogExit: Transaction tracking system shut down
[2017.11.27-21.35.49:895][ 17]LogDirectoryWatcher: A directory notification for '../../../Engine/Content/' was aborted.
[2017.11.27-21.35.49:895][ 17]LogDirectoryWatcher: A directory notification for 'D:/ue/grid/Content/' was aborted.
[2017.11.27-21.35.49:895][ 17]LogDirectoryWatcher: A directory notification for '../../../Engine/Plugins/2D/Paper2D/Content/' was aborted.
[2017.11.27-21.35.49:895][ 17]LogDirectoryWatcher: A directory notification for '../../../Engine/Plugins/Media/MediaCompositing/Content/' was aborted.
[2017.11.27-21.35.49:895][ 17]LogDirectoryWatcher: A directory notification for '../../../Engine/Plugins/Runtime/AppleARKit/Content/' was aborted.
[2017.11.27-21.35.49:895][ 17]LogDirectoryWatcher: A directory notification for '../../../Engine/Plugins/Runtime/Oculus/OculusVR/Content/' was aborted.
[2017.11.27-21.35.49:895][ 17]LogDirectoryWatcher: A directory notification for '../../../Engine/Plugins/Runtime/Steam/SteamVR/Content/' was aborted.
[2017.11.27-21.35.49:929][ 17]LogExit: Object subsystem successfully closed.
[2017.11.27-21.35.49:946][ 17]LogD3D11RHI: Shutdown
[2017.11.27-21.35.49:946][ 17]LogD3D11RHI: CleanupD3DDevice
[2017.11.27-21.35.49:948][ 17]LogD3D11RHI: ~FD3D11DynamicRHI
[2017.11.27-21.35.49:959][ 17]LogModuleManager: Shutting down and abandoning module MovieSceneCapture (550)
[2017.11.27-21.35.49:959][ 17]LogModuleManager: Shutting down and abandoning module HierarchicalLODOutliner (548)
[2017.11.27-21.35.49:959][ 17]LogModuleManager: Shutting down and abandoning module SceneOutliner (546)
[2017.11.27-21.35.49:959][ 17]LogModuleManager: Shutting down and abandoning module AddContentDialog (544)
[2017.11.27-21.35.49:959][ 17]LogDirectoryWatcher: A directory notification for 'C:/Program Files/Epic Games/UE_4.18/FeaturePacks/' was aborted.
[2017.11.27-21.35.49:960][ 17]LogModuleManager: Shutting down and abandoning module WidgetCarousel (543)
[2017.11.27-21.35.49:960][ 17]LogModuleManager: Shutting down and abandoning module EditorWidgets (540)
[2017.11.27-21.35.49:960][ 17]LogModuleManager: Shutting down and abandoning module CollectionManager (538)
[2017.11.27-21.35.49:960][ 17]LogDirectoryWatcher: A directory notification for 'D:/ue/grid/Content/Collections/' was aborted.
[2017.11.27-21.35.49:960][ 17]LogDirectoryWatcher: A directory notification for 'D:/ue/grid/Content/Developers/Andy/Collections/' was aborted.
[2017.11.27-21.35.49:960][ 17]LogDirectoryWatcher: A directory notification for 'D:/ue/grid/Saved/Collections/' was aborted.
[2017.11.27-21.35.49:960][ 17]LogModuleManager: Shutting down and abandoning module StatsViewer (536)
[2017.11.27-21.35.49:960][ 17]LogModuleManager: Shutting down and abandoning module FoliageEdit (534)
[2017.11.27-21.35.49:960][ 17]LogModuleManager: Shutting down and abandoning module LandscapeEditor (532)
[2017.11.27-21.35.49:960][ 17]LogModuleManager: Shutting down and abandoning module MeshPaintMode (530)
[2017.11.27-21.35.49:960][ 17]LogModuleManager: Shutting down and abandoning module SceneDepthPickerMode (528)
[2017.11.27-21.35.49:960][ 17]LogModuleManager: Shutting down and abandoning module ActorPickerMode (526)
[2017.11.27-21.35.49:960][ 17]LogModuleManager: Shutting down and abandoning module GeometryMode (524)
[2017.11.27-21.35.49:960][ 17]LogModuleManager: Shutting down and abandoning module TextureAlignMode (522)
[2017.11.27-21.35.49:960][ 17]LogModuleManager: Shutting down and abandoning module BspMode (520)
[2017.11.27-21.35.49:960][ 17]LogModuleManager: Shutting down and abandoning module PIEPreviewDeviceProfileSelector (518)
[2017.11.27-21.35.49:960][ 17]LogModuleManager: Shutting down and abandoning module HardwareSurvey (516)
[2017.11.27-21.35.49:960][ 17]LogModuleManager: Shutting down and abandoning module SequenceRecorderSections (514)
[2017.11.27-21.35.49:960][ 17]LogModuleManager: Shutting down and abandoning module AutomationWorker (512)
[2017.11.27-21.35.49:960][ 17]LogModuleManager: Shutting down and abandoning module MatineeToLevelSequence (510)
[2017.11.27-21.35.49:960][ 17]LogModuleManager: Shutting down and abandoning module LevelSequenceEditor (508)
[2017.11.27-21.35.49:960][ 17]LogModuleManager: Shutting down and abandoning module PlacementMode (507)
[2017.11.27-21.35.49:960][ 17]LogModuleManager: Shutting down and abandoning module WmfMediaFactory (504)
[2017.11.27-21.35.49:960][ 17]LogModuleManager: Shutting down and abandoning module WmfMediaEditor (502)
[2017.11.27-21.35.49:960][ 17]LogModuleManager: Shutting down and abandoning module OpenExrWrapper (500)
[2017.11.27-21.35.49:960][ 17]LogModuleManager: Shutting down and abandoning module ImgMediaFactory (498)
[2017.11.27-21.35.49:960][ 17]LogModuleManager: Shutting down and abandoning module ImgMediaEditor (496)
[2017.11.27-21.35.49:960][ 17]LogModuleManager: Shutting down and abandoning module AvfMediaFactory (494)
[2017.11.27-21.35.49:960][ 17]LogModuleManager: Shutting down and abandoning module AvfMediaEditor (492)
[2017.11.27-21.35.49:960][ 17]LogModuleManager: Shutting down and abandoning module AndroidMediaFactory (490)
[2017.11.27-21.35.49:960][ 17]LogModuleManager: Shutting down and abandoning module AndroidMediaEditor (488)
[2017.11.27-21.35.49:960][ 17]LogModuleManager: Shutting down and abandoning module CharacterAI (486)
[2017.11.27-21.35.49:960][ 17]LogModuleManager: Shutting down and abandoning module AudioCapture (484)
[2017.11.27-21.35.49:960][ 17]LogModuleManager: Shutting down and abandoning module SequenceRecorder (483)
[2017.11.27-21.35.49:961][ 17]LogModuleManager: Shutting down and abandoning module SmartSnapping (480)
[2017.11.27-21.35.49:961][ 17]LogModuleManager: Shutting down and abandoning module SessionServices (478)
[2017.11.27-21.35.49:961][ 17]LogModuleManager: Shutting down and abandoning module ViewportSnapping (476)
[2017.11.27-21.35.49:961][ 17]LogModuleManager: Shutting down and abandoning module ViewportInteraction (474)
[2017.11.27-21.35.49:961][ 17]LogModuleManager: Shutting down and abandoning module ClothPainter (472)
[2017.11.27-21.35.49:961][ 17]LogModuleManager: Shutting down and abandoning module SkeletalMeshEditor (471)
[2017.11.27-21.35.49:961][ 17]LogModuleManager: Shutting down and abandoning module LogVisualizer (468)
[2017.11.27-21.35.49:961][ 17]LogModuleManager: Shutting down and abandoning module IntroTutorials (466)
[2017.11.27-21.35.49:961][ 17]LogModuleManager: Shutting down and abandoning module GameProjectGeneration (465)
[2017.11.27-21.35.49:961][ 17]LogModuleManager: Shutting down and abandoning module IOSPlatformEditor (462)
[2017.11.27-21.35.49:961][ 17]LogModuleManager: Shutting down and abandoning module HTML5PlatformEditor (460)
[2017.11.27-21.35.49:961][ 17]LogModuleManager: Shutting down and abandoning module AndroidPlatformEditor (458)
[2017.11.27-21.35.49:961][ 17]LogModuleManager: Shutting down and abandoning module AndroidDeviceDetection (457)
[2017.11.27-21.35.50:926][ 17]LogModuleManager: Shutting down and abandoning module WindowsPlatformEditor (454)
[2017.11.27-21.35.50:926][ 17]LogModuleManager: Shutting down and abandoning module IOSRuntimeSettings (452)
[2017.11.27-21.35.50:926][ 17]LogModuleManager: Shutting down and abandoning module AndroidRuntimeSettings (450)
[2017.11.27-21.35.50:926][ 17]LogModuleManager: Shutting down and abandoning module InputBindingEditor (448)
[2017.11.27-21.35.50:926][ 17]LogModuleManager: Shutting down and abandoning module MergeActors (446)
[2017.11.27-21.35.50:926][ 17]LogModuleManager: Shutting down and abandoning module SizeMap (444)
[2017.11.27-21.35.50:926][ 17]LogModuleManager: Shutting down and abandoning module TreeMap (442)
[2017.11.27-21.35.50:926][ 17]LogModuleManager: Shutting down and abandoning module ReferenceViewer (440)
[2017.11.27-21.35.50:926][ 17]LogModuleManager: Shutting down and abandoning module LocalizationDashboard (438)
[2017.11.27-21.35.50:926][ 17]LogModuleManager: Shutting down and abandoning module LocalizationService (437)
[2017.11.27-21.35.50:926][ 17]LogModuleManager: Shutting down and abandoning module HardwareTargeting (434)
[2017.11.27-21.35.50:927][ 17]LogModuleManager: Shutting down and abandoning module DeviceProfileEditor (432)
[2017.11.27-21.35.50:927][ 17]LogModuleManager: Shutting down and abandoning module UndoHistory (430)
[2017.11.27-21.35.50:927][ 17]LogModuleManager: Shutting down and abandoning module XmlParser (428)
[2017.11.27-21.35.50:927][ 17]LogModuleManager: Shutting down and abandoning module Blutility (426)
[2017.11.27-21.35.50:927][ 17]LogModuleManager: Shutting down and abandoning module ProjectSettingsViewer (424)
[2017.11.27-21.35.50:927][ 17]LogModuleManager: Shutting down and abandoning module ProjectTargetPlatformEditor (423)
[2017.11.27-21.35.50:927][ 17]LogModuleManager: Shutting down and abandoning module EditorSettingsViewer (420)
[2017.11.27-21.35.50:927][ 17]LogModuleManager: Shutting down and abandoning module SettingsEditor (418)
[2017.11.27-21.35.50:927][ 17]LogModuleManager: Shutting down and abandoning module ProjectLauncher (416)
[2017.11.27-21.35.50:927][ 17]LogModuleManager: Shutting down and abandoning module SessionFrontend (414)
[2017.11.27-21.35.50:927][ 17]LogModuleManager: Shutting down and abandoning module ProfilerClient (412)
[2017.11.27-21.35.50:927][ 17]LogModuleManager: Shutting down and abandoning module DeviceManager (410)
[2017.11.27-21.35.50:928][ 17]LogModuleManager: Shutting down and abandoning module TargetDeviceServices (409)
[2017.11.27-21.35.50:981][ 17]LogModuleManager: Shutting down and abandoning module AutomationController (406)
[2017.11.27-21.35.50:981][ 17]LogModuleManager: Shutting down and abandoning module AutomationWindow (404)
[2017.11.27-21.35.50:981][ 17]LogModuleManager: Shutting down and abandoning module Layers (402)
[2017.11.27-21.35.50:981][ 17]LogModuleManager: Shutting down and abandoning module ComponentVisualizers (400)
[2017.11.27-21.35.50:981][ 17]LogModuleManager: Shutting down and abandoning module DetailCustomizations (398)
[2017.11.27-21.35.50:981][ 17]LogModuleManager: Shutting down and abandoning module PackagesDialog (396)
[2017.11.27-21.35.50:981][ 17]LogModuleManager: Shutting down and abandoning module Persona (394)
[2017.11.27-21.35.50:981][ 17]LogModuleManager: Shutting down and abandoning module AdvancedPreviewScene (393)
[2017.11.27-21.35.50:981][ 17]LogModuleManager: Shutting down and abandoning module AnimGraph (391)
[2017.11.27-21.35.50:981][ 17]LogModuleManager: Shutting down and abandoning module Kismet (388)
[2017.11.27-21.35.50:982][ 17]LogModuleManager: Shutting down and abandoning module ClassViewer (386)
[2017.11.27-21.35.50:982][ 17]LogModuleManager: Shutting down and abandoning module Toolbox (384)
[2017.11.27-21.35.50:982][ 17]LogModuleManager: Shutting down and abandoning module ModuleUI (382)
[2017.11.27-21.35.50:982][ 17]LogModuleManager: Shutting down and abandoning module MovieSceneTools (380)
[2017.11.27-21.35.50:982][ 17]LogModuleManager: Shutting down and abandoning module OutputLog (378)
[2017.11.27-21.35.50:982][ 17]LogModuleManager: Shutting down and abandoning module GammaUI (376)
[2017.11.27-21.35.50:982][ 17]LogModuleManager: Shutting down and abandoning module Documentation (374)
[2017.11.27-21.35.50:982][ 17]LogModuleManager: Shutting down and abandoning module MovieSceneTracks (372)
[2017.11.27-21.35.50:982][ 17]LogModuleManager: Shutting down and abandoning module MovieScene (370)
[2017.11.27-21.35.50:982][ 17]LogModuleManager: Shutting down and abandoning module StreamingPauseRendering (368)
[2017.11.27-21.35.50:982][ 17]LogModuleManager: Shutting down and abandoning module LauncherPlatform (366)
[2017.11.27-21.35.50:983][ 17]LogModuleManager: Shutting down and abandoning module AnalyticsET (364)
[2017.11.27-21.35.50:983][ 17]LogModuleManager: Shutting down and abandoning module PortalServices (362)
[2017.11.27-21.35.50:983][ 17]LogModuleManager: Shutting down and abandoning module PortalRpc (360)
[2017.11.27-21.35.50:983][ 17]LogModuleManager: Shutting down and abandoning module MessagingRpc (358)
[2017.11.27-21.35.50:983][ 17]LogModuleManager: Shutting down and abandoning module AIModule (356)
[2017.11.27-21.35.50:983][ 17]LogModuleManager: Shutting down and abandoning module GameplayDebugger (355)
[2017.11.27-21.35.50:983][ 17]LogModuleManager: Shutting down and abandoning module AITestSuite (353)
[2017.11.27-21.35.50:983][ 17]LogModuleManager: Shutting down and abandoning module DesktopPlatform (350)
[2017.11.27-21.35.50:983][ 17]LogModuleManager: Shutting down and abandoning module ProfilerService (348)
[2017.11.27-21.35.51:049][ 17]LogModuleManager: Shutting down and abandoning module TaskGraph (346)
[2017.11.27-21.35.51:049][ 17]LogModuleManager: Shutting down and abandoning module SteamVRController (344)
[2017.11.27-21.35.51:049][ 17]LogModuleManager: Shutting down and abandoning module ProceduralMeshComponentEditor (342)
[2017.11.27-21.35.51:049][ 17]LogModuleManager: Shutting down and abandoning module ProceduralMeshComponent (340)
[2017.11.27-21.35.51:049][ 17]LogModuleManager: Shutting down and abandoning module OculusInput (338)
[2017.11.27-21.35.51:049][ 17]LogModuleManager: Shutting down and abandoning module MobilePatchingUtils (336)
[2017.11.27-21.35.51:049][ 17]LogModuleManager: Shutting down and abandoning module CustomMeshComponent (334)
[2017.11.27-21.35.51:049][ 17]LogModuleManager: Shutting down and abandoning module CableComponent (332)
[2017.11.27-21.35.51:049][ 17]LogModuleManager: Shutting down and abandoning module ArchVisCharacter (330)
[2017.11.27-21.35.51:049][ 17]LogModuleManager: Shutting down and abandoning module AndroidPermission (328)
[2017.11.27-21.35.51:049][ 17]LogModuleManager: Shutting down and abandoning module ActorSequence (324)
[2017.11.27-21.35.51:049][ 17]LogModuleManager: Shutting down and abandoning module MediaPlayerEditor (322)
[2017.11.27-21.35.51:050][ 17]LogModuleManager: Shutting down and abandoning module MediaCompositingEditor (320)
[2017.11.27-21.35.51:050][ 17]LogModuleManager: Shutting down and abandoning module MediaCompositing (318)
[2017.11.27-21.35.51:050][ 17]LogModuleManager: Shutting down and abandoning module HTML5Networking (316)
[2017.11.27-21.35.51:050][ 17]LogModuleManager: Shutting down and abandoning module AlembicImporter (314)
[2017.11.27-21.35.51:050][ 17]LogModuleManager: Shutting down and abandoning module AlembicLibrary (313)
[2017.11.27-21.35.51:050][ 17]LogModuleManager: Shutting down and abandoning module GeometryCache (312)
[2017.11.27-21.35.51:050][ 17]LogModuleManager: Shutting down and abandoning module GeometryCacheEd (311)
[2017.11.27-21.35.51:050][ 17]LogModuleManager: Shutting down and abandoning module SpeedTreeImporter (306)
[2017.11.27-21.35.51:050][ 17]LogModuleManager: Shutting down and abandoning module PluginBrowser (304)
[2017.11.27-21.35.51:050][ 17]LogModuleManager: Shutting down and abandoning module MobileLauncherProfileWizard (302)
[2017.11.27-21.35.51:050][ 17]LogModuleManager: Shutting down and abandoning module VisualStudioSourceCodeAccess (300)
[2017.11.27-21.35.51:050][ 17]LogModuleManager: Shutting down and abandoning module VisualStudioCodeSourceCodeAccess (298)
[2017.11.27-21.35.51:050][ 17]LogModuleManager: Shutting down and abandoning module UObjectPlugin (296)
[2017.11.27-21.35.51:050][ 17]LogModuleManager: Shutting down and abandoning module SubversionSourceControl (294)
[2017.11.27-21.35.51:050][ 17]LogModuleManager: Shutting down and abandoning module PerforceSourceControl (292)
[2017.11.27-21.35.51:051][ 17]LogModuleManager: Shutting down and abandoning module GitSourceControl (290)
[2017.11.27-21.35.51:051][ 17]LogModuleManager: Shutting down and abandoning module SourceControl (289)
[2017.11.27-21.35.51:051][ 17]LogModuleManager: Shutting down and abandoning module LightPropagationVolumeEditor (286)
[2017.11.27-21.35.51:051][ 17]LogModuleManager: Shutting down and abandoning module PaperTiledImporter (284)
[2017.11.27-21.35.51:051][ 17]LogModuleManager: Shutting down and abandoning module PaperSpriteSheetImporter (282)
[2017.11.27-21.35.51:051][ 17]LogModuleManager: Shutting down and abandoning module Paper2DEditor (280)
[2017.11.27-21.35.51:051][ 17]LogModuleManager: Shutting down and abandoning module MeshPaint (279)
[2017.11.27-21.35.51:051][ 17]LogModuleManager: Shutting down and abandoning module LevelEditor (277)
[2017.11.27-21.35.51:053][ 17]LogModuleManager: Shutting down and abandoning module PixelInspectorModule (276)
[2017.11.27-21.35.51:053][ 17]LogModuleManager: Shutting down and abandoning module MainFrame (274)
[2017.11.27-21.35.51:054][ 17]LogModuleManager: Shutting down and abandoning module HotReload (273)
[2017.11.27-21.35.51:055][ 17]LogModuleManager: Shutting down and abandoning module RuntimePhysXCooking (268)
[2017.11.27-21.35.51:055][ 17]LogModuleManager: Shutting down and abandoning module PhysXVehiclesEditor (266)
[2017.11.27-21.35.51:055][ 17]LogModuleManager: Shutting down and abandoning module PhysXVehicles (264)
[2017.11.27-21.35.51:055][ 17]LogModuleManager: Shutting down and abandoning module OculusEditor (262)
[2017.11.27-21.35.51:055][ 17]LogModuleManager: Shutting down and abandoning module LocationServicesBPLibrary (260)
[2017.11.27-21.35.51:055][ 17]LogModuleManager: Shutting down and abandoning module ImmediatePhysicsEditor (258)
[2017.11.27-21.35.51:055][ 17]LogModuleManager: Shutting down and abandoning module ImmediatePhysics (256)
[2017.11.27-21.35.51:055][ 17]LogModuleManager: Shutting down and abandoning module UdpMessaging (254)
[2017.11.27-21.35.51:156][ 17]LogModuleManager: Shutting down and abandoning module TcpMessaging (252)
[2017.11.27-21.35.51:257][ 17]LogModuleManager: Shutting down and abandoning module GameplayTagsEditor (250)
[2017.11.27-21.35.51:257][ 17]LogModuleManager: Shutting down and abandoning module FacialAnimationEditor (248)
[2017.11.27-21.35.51:257][ 17]LogModuleManager: Shutting down and abandoning module FacialAnimation (246)
[2017.11.27-21.35.51:257][ 17]LogModuleManager: Shutting down and abandoning module AssetManagerEditor (244)
[2017.11.27-21.35.51:257][ 17]LogModuleManager: Shutting down and abandoning module GraphEditor (243)
[2017.11.27-21.35.51:257][ 17]LogModuleManager: Shutting down and abandoning module ContentBrowser (241)
[2017.11.27-21.35.51:260][ 17]LogModuleManager: Shutting down and abandoning module LightPropagationVolumeRuntime (238)
[2017.11.27-21.35.51:260][ 17]LogModuleManager: Shutting down and abandoning module Paper2D (236)
[2017.11.27-21.35.51:260][ 17]LogModuleManager: Shutting down and abandoning module WindowsMoviePlayer (234)
[2017.11.27-21.35.51:260][ 17]LogModuleManager: Shutting down and abandoning module WmfMedia (232)
[2017.11.27-21.35.51:260][ 17]LogModuleManager: Shutting down and abandoning module ImgMedia (230)
[2017.11.27-21.35.51:260][ 17]LogModuleManager: Shutting down and abandoning module PacketHandler (228)
[2017.11.27-21.35.51:260][ 17]LogModuleManager: Shutting down and abandoning module ClothingSystemEditor (226)
[2017.11.27-21.35.51:260][ 17]LogModuleManager: Shutting down and abandoning module ClothingSystemRuntime (224)
[2017.11.27-21.35.51:260][ 17]LogModuleManager: Shutting down and abandoning module MediaAssets (222)
[2017.11.27-21.35.51:260][ 17]LogModuleManager: Shutting down and abandoning module Media (221)
[2017.11.27-21.35.51:267][ 17]LogModuleManager: Shutting down and abandoning module Overlay (218)
[2017.11.27-21.35.51:267][ 17]LogModuleManager: Shutting down and abandoning module OverlayEditor (217)
[2017.11.27-21.35.51:267][ 17]LogModuleManager: Shutting down and abandoning module VREditor (214)
[2017.11.27-21.35.51:267][ 17]LogModuleManager: Shutting down and abandoning module StringTableEditor (212)
[2017.11.27-21.35.51:267][ 17]LogModuleManager: Shutting down and abandoning module GameplayTasksEditor (210)
[2017.11.27-21.35.51:267][ 17]LogModuleManager: Shutting down and abandoning module BehaviorTreeEditor (208)
[2017.11.27-21.35.51:267][ 17]LogModuleManager: Shutting down and abandoning module FunctionalTesting (206)
[2017.11.27-21.35.51:267][ 17]LogModuleManager: Shutting down and abandoning module CollisionAnalyzer (204)
[2017.11.27-21.35.51:267][ 17]LogModuleManager: Shutting down and abandoning module WorkspaceMenuStructure (203)
[2017.11.27-21.35.51:267][ 17]LogModuleManager: Shutting down and abandoning module UMG (200)
[2017.11.27-21.35.51:268][ 17]LogModuleManager: Shutting down and abandoning module UMGEditor (199)
[2017.11.27-21.35.51:268][ 17]LogModuleManager: Shutting down and abandoning module Sequencer (198)
[2017.11.27-21.35.51:268][ 17]LogModuleManager: Shutting down and abandoning module MessageLog (195)
[2017.11.27-21.35.51:268][ 17]LogModuleManager: Shutting down and abandoning module SlateReflector (190)
[2017.11.27-21.35.51:268][ 17]LogModuleManager: Shutting down and abandoning module Slate (188)
[2017.11.27-21.35.51:268][ 17]LogModuleManager: Shutting down and abandoning module EditorStyle (186)
[2017.11.27-21.35.51:273][ 17]LogModuleManager: Shutting down and abandoning module MRMesh (184)
[2017.11.27-21.35.51:273][ 17]LogModuleManager: Shutting down and abandoning module SourceCodeAccess (182)
[2017.11.27-21.35.51:273][ 17]LogModuleManager: Shutting down and abandoning module HeadMountedDisplay (180)
[2017.11.27-21.35.51:273][ 17]LogModuleManager: Shutting down and abandoning module XAudio2 (178)
[2017.11.27-21.35.51:273][ 17]LogModuleManager: Shutting down and abandoning module Networking (176)
[2017.11.27-21.35.51:273][ 17]LogModuleManager: Shutting down and abandoning module Core (172)
[2017.11.27-21.35.51:273][ 17]LogModuleManager: Shutting down and abandoning module LevelSequence (168)
[2017.11.27-21.35.51:273][ 17]LogModuleManager: Shutting down and abandoning module DirectoryWatcher (166)
[2017.11.27-21.35.51:273][ 17]LogModuleManager: Shutting down and abandoning module KismetCompiler (164)
[2017.11.27-21.35.51:273][ 17]LogModuleManager: Shutting down and abandoning module MeshUtilities (162)
[2017.11.27-21.35.51:274][ 17]LogModuleManager: Shutting down and abandoning module MeshMergeUtilities (161)
[2017.11.27-21.35.51:274][ 17]LogModuleManager: Shutting down and abandoning module MeshReductionInterface (160)
[2017.11.27-21.35.51:274][ 17]LogModuleManager: Shutting down and abandoning module SimplygonSwarm (159)
[2017.11.27-21.35.51:274][ 17]LogModuleManager: Shutting down and abandoning module SimplygonMeshReduction (157)
[2017.11.27-21.35.51:274][ 17]LogModuleManager: Shutting down and abandoning module QuadricMeshReduction (155)
[2017.11.27-21.35.51:274][ 17]LogModuleManager: Shutting down and abandoning module MaterialBaking (151)
[2017.11.27-21.35.51:274][ 17]LogModuleManager: Shutting down and abandoning module DerivedDataCache (148)
[2017.11.27-21.35.51:290][ 17]LogDerivedDataCache: Shutdown
[2017.11.27-21.35.51:290][ 17]LogModuleManager: Shutting down and abandoning module TargetPlatform (146)
[2017.11.27-21.35.51:290][ 17]LogModuleManager: Shutting down and abandoning module VulkanShaderFormat (145)
[2017.11.27-21.35.51:290][ 17]LogModuleManager: Shutting down and abandoning module ShaderFormatVectorVM (143)
[2017.11.27-21.35.51:290][ 17]LogModuleManager: Shutting down and abandoning module ShaderFormatOpenGL (141)
[2017.11.27-21.35.51:290][ 17]LogModuleManager: Shutting down and abandoning module ShaderFormatD3D (139)
[2017.11.27-21.35.51:290][ 17]LogModuleManager: Shutting down and abandoning module MetalShaderFormat (137)
[2017.11.27-21.35.51:290][ 17]LogModuleManager: Shutting down and abandoning module TextureFormatUncompressed (135)
[2017.11.27-21.35.51:290][ 17]LogModuleManager: Shutting down and abandoning module TextureFormatPVR (133)
[2017.11.27-21.35.51:290][ 17]LogModuleManager: Shutting down and abandoning module TextureFormatDXT (131)
[2017.11.27-21.35.51:290][ 17]LogModuleManager: Shutting down and abandoning module TextureFormatIntelISPCTexComp (129)
[2017.11.27-21.35.51:290][ 17]LogModuleManager: Shutting down and abandoning module TextureFormatASTC (127)
[2017.11.27-21.35.51:290][ 17]LogModuleManager: Shutting down and abandoning module ImageWrapper (126)
[2017.11.27-21.35.51:290][ 17]LogModuleManager: Shutting down and abandoning module TextureFormatAndroid (123)
[2017.11.27-21.35.51:290][ 17]LogModuleManager: Shutting down and abandoning module AudioFormatOpus (121)
[2017.11.27-21.35.51:290][ 17]LogModuleManager: Shutting down and abandoning module AudioFormatOgg (119)
[2017.11.27-21.35.51:290][ 17]LogModuleManager: Shutting down and abandoning module AudioFormatADPCM (117)
[2017.11.27-21.35.51:290][ 17]LogModuleManager: Shutting down and abandoning module LinuxTargetPlatform (115)
[2017.11.27-21.35.51:290][ 17]LogModuleManager: Shutting down and abandoning module LinuxServerTargetPlatform (113)
[2017.11.27-21.35.51:290][ 17]LogModuleManager: Shutting down and abandoning module LinuxNoEditorTargetPlatform (111)
[2017.11.27-21.35.51:290][ 17]LogModuleManager: Shutting down and abandoning module LinuxClientTargetPlatform (109)
[2017.11.27-21.35.51:290][ 17]LogModuleManager: Shutting down and abandoning module TVOSTargetPlatform (107)
[2017.11.27-21.35.51:290][ 17]LogModuleManager: Shutting down and abandoning module Messaging (105)
[2017.11.27-21.35.51:291][ 17]LogModuleManager: Shutting down and abandoning module IOSTargetPlatform (103)
[2017.11.27-21.35.51:291][ 17]LogModuleManager: Shutting down and abandoning module HTML5TargetPlatform (101)
[2017.11.27-21.35.51:291][ 17]LogModuleManager: Shutting down and abandoning module AndroidTargetPlatform (99)
[2017.11.27-21.35.51:291][ 17]LogModuleManager: Shutting down and abandoning module Android_PVRTCTargetPlatform (97)
[2017.11.27-21.35.51:291][ 17]LogModuleManager: Shutting down and abandoning module Android_MultiTargetPlatform (95)
[2017.11.27-21.35.51:291][ 17]LogModuleManager: Shutting down and abandoning module Android_ETC2TargetPlatform (93)
[2017.11.27-21.35.51:291][ 17]LogModuleManager: Shutting down and abandoning module Android_ETC1TargetPlatform (91)
[2017.11.27-21.35.51:291][ 17]LogModuleManager: Shutting down and abandoning module Android_DXTTargetPlatform (89)
[2017.11.27-21.35.51:291][ 17]LogModuleManager: Shutting down and abandoning module Android_ATCTargetPlatform (87)
[2017.11.27-21.35.51:291][ 17]LogModuleManager: Shutting down and abandoning module Android_ASTCTargetPlatform (85)
[2017.11.27-21.35.51:291][ 17]LogModuleManager: Shutting down and abandoning module WindowsTargetPlatform (83)
[2017.11.27-21.35.51:291][ 17]LogModuleManager: Shutting down and abandoning module WindowsServerTargetPlatform (81)
[2017.11.27-21.35.51:291][ 17]LogModuleManager: Shutting down and abandoning module WindowsNoEditorTargetPlatform (79)
[2017.11.27-21.35.51:291][ 17]LogModuleManager: Shutting down and abandoning module WindowsClientTargetPlatform (77)
[2017.11.27-21.35.51:291][ 17]LogModuleManager: Shutting down and abandoning module MacTargetPlatform (75)
[2017.11.27-21.35.51:291][ 17]LogModuleManager: Shutting down and abandoning module MacServerTargetPlatform (73)
[2017.11.27-21.35.51:291][ 17]LogModuleManager: Shutting down and abandoning module MacNoEditorTargetPlatform (71)
[2017.11.27-21.35.51:291][ 17]LogModuleManager: Shutting down and abandoning module MacClientTargetPlatform (69)
[2017.11.27-21.35.51:291][ 17]LogModuleManager: Shutting down and abandoning module AllDesktopTargetPlatform (67)
[2017.11.27-21.35.51:291][ 17]LogModuleManager: Shutting down and abandoning module InputCore (64)
[2017.11.27-21.35.51:291][ 17]LogModuleManager: Shutting down and abandoning module Settings (62)
[2017.11.27-21.35.51:291][ 17]LogModuleManager: Shutting down and abandoning module PhysXCooking (60)
[2017.11.27-21.35.51:291][ 17]LogModuleManager: Shutting down and abandoning module SteamVR (58)
[2017.11.27-21.35.51:291][ 17]LogModuleManager: Shutting down and abandoning module OculusHMD (56)
[2017.11.27-21.35.51:291][ 17]LogModuleManager: Shutting down and abandoning module ExampleDeviceProfileSelector (54)
[2017.11.27-21.35.51:291][ 17]LogModuleManager: Shutting down and abandoning module AppleARKit (52)
[2017.11.27-21.35.51:291][ 17]LogModuleManager: Shutting down and abandoning module AugmentedReality (51)
[2017.11.27-21.35.51:291][ 17]LogModuleManager: Shutting down and abandoning module OnlineBlueprintSupport (48)
[2017.11.27-21.35.51:291][ 17]LogModuleManager: Shutting down and abandoning module OnlineSubsystem (44)
[2017.11.27-21.35.51:291][ 17]LogModuleManager: Shutting down and abandoning module XMPP (43)
[2017.11.27-21.35.51:291][ 17]LogModuleManager: Shutting down and abandoning module HTTP (41)
[2017.11.27-21.35.51:291][ 17]LogHttp: Display: Http module shutting down, but needs to wait on 1 outstanding Http requests:
[2017.11.27-21.35.51:291][ 17]LogHttp: Display: 	verb=[POST] url=[https://datarouter.ol.epicgames.com/datarouter/api/v1/public/data?SessionID=%7B5B576025-4301-16D4-6512-A3949B1817D0%7D&AppID=UEEditor.Rocket.Release&AppVersion=4.18.1-3754814%2B%2B%2BUE4%2BRelease-4.18&UserID=53c3189641562501868aa1932373784f%7C38ce983a56b349eea0381e2250859ea7%7Cce7e007a-0500-4229-8a33-a1a8a87ae1eb&AppEnvironment=datacollector-binary&UploadType=eteventstream] status=Processing
[2017.11.27-21.35.51:323][ 17]LogModuleManager: Shutting down and abandoning module SSL (40)
[2017.11.27-21.35.51:324][ 17]LogModuleManager: Shutting down and abandoning module AnimationModifiers (36)
[2017.11.27-21.35.51:324][ 17]LogModuleManager: Shutting down and abandoning module PropertyEditor (35)
[2017.11.27-21.35.51:324][ 17]LogModuleManager: Shutting down and abandoning module AudioEditor (32)
[2017.11.27-21.35.51:324][ 17]LogModuleManager: Shutting down and abandoning module TextureCompressor (30)
[2017.11.27-21.35.51:324][ 17]LogModuleManager: Shutting down and abandoning module ShaderCore (28)
[2017.11.27-21.35.51:324][ 17]LogModuleManager: Shutting down and abandoning module Landscape (26)
[2017.11.27-21.35.51:325][ 17]LogModuleManager: Shutting down and abandoning module SlateRHIRenderer (24)
[2017.11.27-21.35.51:325][ 17]LogModuleManager: Shutting down and abandoning module OpenGLDrv (22)
[2017.11.27-21.35.51:325][ 17]LogModuleManager: Shutting down and abandoning module D3D11RHI (20)
[2017.11.27-21.35.51:325][ 17]LogModuleManager: Shutting down and abandoning module AnimGraphRuntime (18)
[2017.11.27-21.35.51:325][ 17]LogModuleManager: Shutting down and abandoning module Renderer (16)
[2017.11.27-21.35.51:325][ 17]LogModuleManager: Shutting down and abandoning module Engine (14)
[2017.11.27-21.35.51:325][ 17]LogModuleManager: Shutting down and abandoning module CoreUObject (12)
[2017.11.27-21.35.51:325][ 17]LogModuleManager: Shutting down and abandoning module NetworkFile (10)
[2017.11.27-21.35.51:326][ 17]LogModuleManager: Shutting down and abandoning module CookedIterativeFile (8)
[2017.11.27-21.35.51:326][ 17]LogModuleManager: Shutting down and abandoning module StreamingFile (6)
[2017.11.27-21.35.51:326][ 17]LogModuleManager: Shutting down and abandoning module SandboxFile (4)
[2017.11.27-21.35.51:326][ 17]LogModuleManager: Shutting down and abandoning module PakFile (2)
[2017.11.27-21.35.51:331][ 17]LogExit: Exiting.
[2017.11.27-21.35.51:362][ 17]Log file closed, 11/27/17 16:35:51
