Log file open, 11/13/17 10:02:02
LogWindows: Failed to load 'aqProf.dll' (GetLastError=126)
LogWindows: File 'aqProf.dll' does not exist
LogWindows: Failed to load 'VtuneApi.dll' (GetLastError=126)
LogWindows: File 'VtuneApi.dll' does not exist
LogWindows: Failed to load 'VtuneApi32e.dll' (GetLastError=126)
LogWindows: File 'VtuneApi32e.dll' does not exist
LogInit: Display: Running engine for game: Grid1
LogPlatformFile: Not using cached read wrapper
LogInit: Display: RandInit(378383116) SRandInit(378383116).
LogInit: Read version file with build ID '3709383'
LogInit: Overriding engine version to CL 3709383, compatible CL 3709383
LogInit: Registered custom module enumerator with build ID '3709383'
LogTaskGraph: Started task graph with 5 named threads and 8 total threads with 3 sets of task threads.
LogStats: Stats thread started at 0.175941
LogD3D11RHI: Aftermath initialized
LogModuleManager: Display: Found up-to-date module file ../../../Engine/Plugins/2D/Paper2D/Binaries/Win64/UE4Editor-Paper2D.dll (API version 3709383).
LogModuleManager: Display: Found up-to-date module file ../../../Engine/Plugins/2D/Paper2D/Binaries/Win64/UE4Editor-Paper2DEditor.dll (API version 3709383).
LogModuleManager: Display: Found up-to-date module file ../../../Engine/Plugins/2D/Paper2D/Binaries/Win64/UE4Editor-PaperSpriteSheetImporter.dll (API version 3709383).
LogModuleManager: Display: Found up-to-date module file ../../../Engine/Plugins/2D/Paper2D/Binaries/Win64/UE4Editor-PaperTiledImporter.dll (API version 3709383).
LogModuleManager: Display: Found up-to-date module file ../../../Engine/Plugins/2D/Paper2D/Binaries/Win64/UE4Editor-SmartSnapping.dll (API version 3709383).
LogModuleManager: Display: Found up-to-date module file ../../../Engine/Plugins/Blendables/LightPropagationVolume/Binaries/Win64/UE4Editor-LightPropagationVolumeRuntime.dll (API version 3709383).
LogModuleManager: Display: Found up-to-date module file ../../../Engine/Plugins/Blendables/LightPropagationVolume/Binaries/Win64/UE4Editor-LightPropagationVolumeEditor.dll (API version 3709383).
LogModuleManager: Display: Found up-to-date module file ../../../Engine/Plugins/Developer/GitSourceControl/Binaries/Win64/UE4Editor-GitSourceControl.dll (API version 3709383).
LogModuleManager: Display: Found up-to-date module file ../../../Engine/Plugins/Developer/PerforceSourceControl/Binaries/Win64/UE4Editor-PerforceSourceControl.dll (API version 3709383).
LogModuleManager: Display: Found up-to-date module file ../../../Engine/Plugins/Developer/SubversionSourceControl/Binaries/Win64/UE4Editor-SubversionSourceControl.dll (API version 3709383).
LogModuleManager: Display: Found up-to-date module file ../../../Engine/Plugins/Developer/UObjectPlugin/Binaries/Win64/UE4Editor-UObjectPlugin.dll (API version 3709383).
LogModuleManager: Display: Found up-to-date module file ../../../Engine/Plugins/Developer/VisualStudioCodeSourceCodeAccess/Binaries/Win64/UE4Editor-VisualStudioCodeSourceCodeAccess.dll (API version 3709383).
LogModuleManager: Display: Found up-to-date module file ../../../Engine/Plugins/Developer/VisualStudioSourceCodeAccess/Binaries/Win64/UE4Editor-VisualStudioSourceCodeAccess.dll (API version 3709383).
LogModuleManager: Display: Found up-to-date module file ../../../Engine/Plugins/Editor/AssetManagerEditor/Binaries/Win64/UE4Editor-AssetManagerEditor.dll (API version 3709383).
LogModuleManager: Display: Found up-to-date module file ../../../Engine/Plugins/Editor/AudioCapture/Binaries/Win64/UE4Editor-AudioCapture.dll (API version 3709383).
LogModuleManager: Display: Found up-to-date module file ../../../Engine/Plugins/Editor/FacialAnimation/Binaries/Win64/UE4Editor-FacialAnimation.dll (API version 3709383).
LogModuleManager: Display: Found up-to-date module file ../../../Engine/Plugins/Editor/FacialAnimation/Binaries/Win64/UE4Editor-FacialAnimationEditor.dll (API version 3709383).
LogModuleManager: Display: Found up-to-date module file ../../../Engine/Plugins/Editor/GameplayTagsEditor/Binaries/Win64/UE4Editor-GameplayTagsEditor.dll (API version 3709383).
LogModuleManager: Display: Found up-to-date module file ../../../Engine/Plugins/Editor/MobileLauncherProfileWizard/Binaries/Win64/UE4Editor-MobileLauncherProfileWizard.dll (API version 3709383).
LogModuleManager: Display: Found up-to-date module file ../../../Engine/Plugins/Editor/PluginBrowser/Binaries/Win64/UE4Editor-PluginBrowser.dll (API version 3709383).
LogModuleManager: Display: Found up-to-date module file ../../../Engine/Plugins/Editor/SpeedTreeImporter/Binaries/Win64/UE4Editor-SpeedTreeImporter.dll (API version 3709383).
LogModuleManager: Display: Found up-to-date module file ../../../Engine/Plugins/Experimental/AlembicImporter/Binaries/Win64/UE4Editor-AlembicImporter.dll (API version 3709383).
LogModuleManager: Display: Found up-to-date module file ../../../Engine/Plugins/Experimental/AlembicImporter/Binaries/Win64/UE4Editor-AlembicLibrary.dll (API version 3709383).
LogModuleManager: Display: Found up-to-date module file ../../../Engine/Plugins/Experimental/CharacterAI/Binaries/Win64/UE4Editor-CharacterAI.dll (API version 3709383).
LogModuleManager: Display: Found up-to-date module file ../../../Engine/Plugins/Experimental/HTML5Networking/Binaries/Win64/UE4Editor-HTML5Networking.dll (API version 3709383).
LogModuleManager: Display: Found up-to-date module file ../../../Engine/Plugins/Media/AndroidMedia/Binaries/Win64/UE4Editor-AndroidMediaEditor.dll (API version 3709383).
LogModuleManager: Display: Found up-to-date module file ../../../Engine/Plugins/Media/AndroidMedia/Binaries/Win64/UE4Editor-AndroidMediaFactory.dll (API version 3709383).
LogModuleManager: Display: Found up-to-date module file ../../../Engine/Plugins/Media/AvfMedia/Binaries/Win64/UE4Editor-AvfMediaEditor.dll (API version 3709383).
LogModuleManager: Display: Found up-to-date module file ../../../Engine/Plugins/Media/AvfMedia/Binaries/Win64/UE4Editor-AvfMediaFactory.dll (API version 3709383).
LogModuleManager: Display: Found up-to-date module file ../../../Engine/Plugins/Media/AvfMedia/Binaries/Win64/UE4Editor-AvfMediaFactory.dll (API version 3709383).
LogModuleManager: Display: Found up-to-date module file ../../../Engine/Plugins/Media/ImgMedia/Binaries/Win64/UE4Editor-ImgMedia.dll (API version 3709383).
LogModuleManager: Display: Found up-to-date module file ../../../Engine/Plugins/Media/ImgMedia/Binaries/Win64/UE4Editor-ImgMediaEditor.dll (API version 3709383).
LogModuleManager: Display: Found up-to-date module file ../../../Engine/Plugins/Media/ImgMedia/Binaries/Win64/UE4Editor-ImgMediaFactory.dll (API version 3709383).
LogModuleManager: Display: Found up-to-date module file ../../../Engine/Plugins/Media/ImgMedia/Binaries/Win64/UE4Editor-ImgMediaFactory.dll (API version 3709383).
LogModuleManager: Display: Found up-to-date module file ../../../Engine/Plugins/Media/ImgMedia/Binaries/Win64/UE4Editor-OpenExrWrapper.dll (API version 3709383).
LogModuleManager: Display: Found up-to-date module file ../../../Engine/Plugins/Media/MediaCompositing/Binaries/Win64/UE4Editor-MediaCompositing.dll (API version 3709383).
LogModuleManager: Display: Found up-to-date module file ../../../Engine/Plugins/Media/MediaCompositing/Binaries/Win64/UE4Editor-MediaCompositingEditor.dll (API version 3709383).
LogModuleManager: Display: Found up-to-date module file ../../../Engine/Plugins/Media/MediaPlayerEditor/Binaries/Win64/UE4Editor-MediaPlayerEditor.dll (API version 3709383).
LogModuleManager: Display: Found up-to-date module file ../../../Engine/Plugins/Media/WmfMedia/Binaries/Win64/UE4Editor-WmfMedia.dll (API version 3709383).
LogModuleManager: Display: Found up-to-date module file ../../../Engine/Plugins/Media/WmfMedia/Binaries/Win64/UE4Editor-WmfMediaEditor.dll (API version 3709383).
LogModuleManager: Display: Found up-to-date module file ../../../Engine/Plugins/Media/WmfMedia/Binaries/Win64/UE4Editor-WmfMediaFactory.dll (API version 3709383).
LogModuleManager: Display: Found up-to-date module file ../../../Engine/Plugins/Media/WmfMedia/Binaries/Win64/UE4Editor-WmfMediaFactory.dll (API version 3709383).
LogModuleManager: Display: Found up-to-date module file ../../../Engine/Plugins/Messaging/TcpMessaging/Binaries/Win64/UE4Editor-TcpMessaging.dll (API version 3709383).
LogModuleManager: Display: Found up-to-date module file ../../../Engine/Plugins/Messaging/UdpMessaging/Binaries/Win64/UE4Editor-UdpMessaging.dll (API version 3709383).
LogModuleManager: Display: Found up-to-date module file ../../../Engine/Plugins/MovieScene/ActorSequence/Binaries/Win64/UE4Editor-ActorSequence.dll (API version 3709383).
LogModuleManager: Display: Found up-to-date module file ../../../Engine/Plugins/MovieScene/LevelSequenceEditor/Binaries/Win64/UE4Editor-LevelSequenceEditor.dll (API version 3709383).
LogModuleManager: Display: Found up-to-date module file ../../../Engine/Plugins/MovieScene/MatineeToLevelSequence/Binaries/Win64/UE4Editor-MatineeToLevelSequence.dll (API version 3709383).
LogModuleManager: Display: Found up-to-date module file ../../../Engine/Plugins/Online/OnlineSubsystem/Binaries/Win64/UE4Editor-OnlineSubsystem.dll (API version 3709383).
LogModuleManager: Display: Found up-to-date module file ../../../Engine/Plugins/Runtime/AndroidPermission/Binaries/Win64/UE4Editor-AndroidPermission.dll (API version 3709383).
LogModuleManager: Display: Found up-to-date module file ../../../Engine/Plugins/Online/OnlineSubsystemNull/Binaries/Win64/UE4Editor-OnlineSubsystemNull.dll (API version 3709383).
LogModuleManager: Display: Found up-to-date module file ../../../Engine/Plugins/Online/OnlineSubsystemUtils/Binaries/Win64/UE4Editor-OnlineSubsystemUtils.dll (API version 3709383).
LogModuleManager: Display: Found up-to-date module file ../../../Engine/Plugins/Online/OnlineSubsystemUtils/Binaries/Win64/UE4Editor-OnlineBlueprintSupport.dll (API version 3709383).
LogModuleManager: Display: Found up-to-date module file ../../../Engine/Plugins/Runtime/AndroidDeviceProfileSelector/Binaries/Win64/UE4Editor-AndroidDeviceProfileSelector.dll (API version 3709383).
LogModuleManager: Display: Found up-to-date module file ../../../Engine/Plugins/Runtime/AppleARKit/Binaries/Win64/UE4Editor-AppleARKit.dll (API version 3709383).
LogModuleManager: Display: Found up-to-date module file ../../../Engine/Plugins/Runtime/ArchVisCharacter/Binaries/Win64/UE4Editor-ArchVisCharacter.dll (API version 3709383).
LogModuleManager: Display: Found up-to-date module file ../../../Engine/Plugins/Runtime/CableComponent/Binaries/Win64/UE4Editor-CableComponent.dll (API version 3709383).
LogModuleManager: Display: Found up-to-date module file ../../../Engine/Plugins/Runtime/CustomMeshComponent/Binaries/Win64/UE4Editor-CustomMeshComponent.dll (API version 3709383).
LogModuleManager: Display: Found up-to-date module file ../../../Engine/Plugins/Runtime/ExampleDeviceProfileSelector/Binaries/Win64/UE4Editor-ExampleDeviceProfileSelector.dll (API version 3709383).
LogModuleManager: Display: Found up-to-date module file ../../../Engine/Plugins/Runtime/ImmediatePhysics/Binaries/Win64/UE4Editor-ImmediatePhysics.dll (API version 3709383).
LogModuleManager: Display: Found up-to-date module file ../../../Engine/Plugins/Runtime/ImmediatePhysics/Binaries/Win64/UE4Editor-ImmediatePhysicsEditor.dll (API version 3709383).
LogModuleManager: Display: Found up-to-date module file ../../../Engine/Plugins/Runtime/LocationServicesBPLibrary/Binaries/Win64/UE4Editor-LocationServicesBPLibrary.dll (API version 3709383).
LogModuleManager: Display: Found up-to-date module file ../../../Engine/Plugins/Runtime/MobilePatchingUtils/Binaries/Win64/UE4Editor-MobilePatchingUtils.dll (API version 3709383).
LogModuleManager: Display: Found up-to-date module file ../../../Engine/Plugins/Runtime/Oculus/OculusVR/Binaries/Win64/UE4Editor-OculusHMD.dll (API version 3709383).
LogModuleManager: Display: Found up-to-date module file ../../../Engine/Plugins/Runtime/Oculus/OculusVR/Binaries/Win64/UE4Editor-OculusInput.dll (API version 3709383).
LogModuleManager: Display: Found up-to-date module file ../../../Engine/Plugins/Runtime/Oculus/OculusVR/Binaries/Win64/UE4Editor-OculusEditor.dll (API version 3709383).
LogModuleManager: Display: Found up-to-date module file ../../../Engine/Plugins/Runtime/PhysXVehicles/Binaries/Win64/UE4Editor-PhysXVehicles.dll (API version 3709383).
LogModuleManager: Display: Found up-to-date module file ../../../Engine/Plugins/Runtime/PhysXVehicles/Binaries/Win64/UE4Editor-PhysXVehiclesEditor.dll (API version 3709383).
LogModuleManager: Display: Found up-to-date module file ../../../Engine/Plugins/Runtime/ProceduralMeshComponent/Binaries/Win64/UE4Editor-ProceduralMeshComponent.dll (API version 3709383).
LogModuleManager: Display: Found up-to-date module file ../../../Engine/Plugins/Runtime/ProceduralMeshComponent/Binaries/Win64/UE4Editor-ProceduralMeshComponentEditor.dll (API version 3709383).
LogModuleManager: Display: Found up-to-date module file ../../../Engine/Plugins/Runtime/RuntimePhysXCooking/Binaries/Win64/UE4Editor-RuntimePhysXCooking.dll (API version 3709383).
LogModuleManager: Display: Found up-to-date module file ../../../Engine/Plugins/Runtime/Steam/SteamVR/Binaries/Win64/UE4Editor-SteamVR.dll (API version 3709383).
LogModuleManager: Display: Found up-to-date module file ../../../Engine/Plugins/Runtime/Steam/SteamVR/Binaries/Win64/UE4Editor-SteamVRController.dll (API version 3709383).
LogModuleManager: Display: Found up-to-date module file ../../../Engine/Plugins/Runtime/WindowsMoviePlayer/Binaries/Win64/UE4Editor-WindowsMoviePlayer.dll (API version 3709383).
LogPluginManager: Mounting plugin Paper2D
LogPluginManager: Mounting plugin LightPropagationVolume
LogPluginManager: Mounting plugin CodeLiteSourceCodeAccess
LogPluginManager: Mounting plugin GitSourceControl
LogPluginManager: Mounting plugin KDevelopSourceCodeAccess
LogPluginManager: Mounting plugin NullSourceCodeAccess
LogPluginManager: Mounting plugin PerforceSourceControl
LogPluginManager: Mounting plugin SubversionSourceControl
LogPluginManager: Mounting plugin UObjectPlugin
LogPluginManager: Mounting plugin VisualStudioCodeSourceCodeAccess
LogPluginManager: Mounting plugin VisualStudioSourceCodeAccess
LogPluginManager: Mounting plugin XCodeSourceCodeAccess
LogPluginManager: Mounting plugin AssetManagerEditor
LogPluginManager: Mounting plugin AudioCapture
LogPluginManager: Mounting plugin FacialAnimation
LogPluginManager: Mounting plugin GameplayTagsEditor
LogPluginManager: Mounting plugin MobileLauncherProfileWizard
LogPluginManager: Mounting plugin PluginBrowser
LogPluginManager: Mounting plugin SpeedTreeImporter
LogPluginManager: Mounting plugin AlembicImporter
LogPluginManager: Mounting plugin CharacterAI
LogPluginManager: Mounting plugin HTML5Networking
LogPluginManager: Mounting plugin AndroidMedia
LogPluginManager: Mounting plugin AvfMedia
LogPluginManager: Mounting plugin ImgMedia
LogPluginManager: Mounting plugin MediaCompositing
LogPluginManager: Mounting plugin MediaPlayerEditor
LogPluginManager: Mounting plugin WmfMedia
LogPluginManager: Mounting plugin TcpMessaging
LogPluginManager: Mounting plugin UdpMessaging
LogPluginManager: Mounting plugin ActorSequence
LogPluginManager: Mounting plugin LevelSequenceEditor
LogPluginManager: Mounting plugin MatineeToLevelSequence
LogPluginManager: Mounting plugin OnlineSubsystemGooglePlay
LogPluginManager: Mounting plugin OnlineSubsystemIOS
LogPluginManager: Mounting plugin OnlineSubsystem
LogPluginManager: Mounting plugin OnlineSubsystemNull
LogPluginManager: Mounting plugin OnlineSubsystemUtils
LogPluginManager: Mounting plugin AndroidDeviceProfileSelector
LogPluginManager: Mounting plugin AndroidMoviePlayer
LogPluginManager: Mounting plugin AndroidPermission
LogPluginManager: Mounting plugin AppleARKit
LogPluginManager: Mounting plugin AppleMoviePlayer
LogPluginManager: Mounting plugin ArchVisCharacter
LogPluginManager: Mounting plugin CableComponent
LogPluginManager: Mounting plugin CustomMeshComponent
LogPluginManager: Mounting plugin ExampleDeviceProfileSelector
LogPluginManager: Mounting plugin GoogleCloudMessaging
LogPluginManager: Mounting plugin ImmediatePhysics
LogPluginManager: Mounting plugin IOSDeviceProfileSelector
LogPluginManager: Mounting plugin LinuxDeviceProfileSelector
LogPluginManager: Mounting plugin LocationServicesBPLibrary
LogPluginManager: Mounting plugin MobilePatchingUtils
LogPluginManager: Mounting plugin OculusVR
LogPluginManager: Plugin shader directory ../../../Engine/Plugins/Runtime/Oculus/OculusVR/Shaders found
LogPluginManager: Mapping shader source directory ../../../Engine/Plugins/Runtime/Oculus/OculusVR/Shaders to virtual directory /Plugin/OculusVR
LogPluginManager: Mounting plugin PhysXVehicles
LogPluginManager: Mounting plugin ProceduralMeshComponent
LogPluginManager: Mounting plugin RuntimePhysXCooking
LogPluginManager: Mounting plugin SteamVR
LogPluginManager: Mounting plugin WindowsMoviePlayer
LogInit: Using libcurl 7.47.1
LogInit:  - built for x86_64-pc-win32
LogInit:  - supports SSL with OpenSSL/1.0.2g
LogInit:  - supports HTTP deflate (compression) using libz 1.2.8
LogInit:  - other features:
LogInit:      CURL_VERSION_SSL
LogInit:      CURL_VERSION_LIBZ
LogInit:      CURL_VERSION_IPV6
LogInit:      CURL_VERSION_ASYNCHDNS
LogInit:      CURL_VERSION_LARGEFILE
LogInit:      CURL_VERSION_IDN
LogInit:  CurlRequestOptions (configurable via config and command line):
LogInit:  - bVerifyPeer = false  - Libcurl will NOT verify peer certificate
LogInit:  - bUseHttpProxy = false  - Libcurl will NOT use HTTP proxy
LogInit:  - bDontReuseConnections = false  - Libcurl will reuse connections
LogInit:  - CertBundlePath = nullptr  - Libcurl will use whatever was configured at build time.
LogInit: Build: ++UE4+Release-4.18-CL-3709383
LogInit: Engine Version: 4.18.0-3709383+++UE4+Release-4.18
LogInit: Compatible Engine Version: 4.18.0-3709383+++UE4+Release-4.18
LogInit: Net CL: 3709383
LogDevObjectVersion: Number of dev versions registered: 16
LogDevObjectVersion:   Dev-Blueprints (B0D832E4-1F89-4F0D-ACCF-7EB736FD4AA2): 10
LogDevObjectVersion:   Dev-Build (E1C64328-A22C-4D53-A36C-8E866417BD8C): 0
LogDevObjectVersion:   Dev-Core (375EC13C-06E4-48FB-B500-84F0262A717E): 2
LogDevObjectVersion:   Dev-Editor (E4B068ED-F494-42E9-A231-DA0B2E46BB41): 20
LogDevObjectVersion:   Dev-Framework (CFFC743F-43B0-4480-9391-14DF171D2073): 30
LogDevObjectVersion:   Dev-Mobile (B02B49B5-BB20-44E9-A304-32B752E40360): 0
LogDevObjectVersion:   Dev-Networking (A4E4105C-59A1-49B5-A7C5-40C4547EDFEE): 0
LogDevObjectVersion:   Dev-Online (39C831C9-5AE6-47DC-9A44-9C173E1C8E7C): 0
LogDevObjectVersion:   Dev-Physics (78F01B33-EBEA-4F98-B9B4-84EACCB95AA2): 0
LogDevObjectVersion:   Dev-Platform (6631380F-2D4D-43E0-8009-CF276956A95A): 0
LogDevObjectVersion:   Dev-Rendering (12F88B9F-8875-4AFC-A67C-D90C383ABD29): 20
LogDevObjectVersion:   Dev-Sequencer (7B5AE74C-D270-4C10-A958-57980B212A5A): 4
LogDevObjectVersion:   Dev-VR (D7296918-1DD6-4BDD-9DE2-64A83CC13884): 0
LogDevObjectVersion:   Dev-LoadTimes (C2A15278-BFE7-4AFE-6C17-90FF531DF755): 1
LogDevObjectVersion:   Private-Geometry (6EACA3D4-40EC-4CC1-B786-8BED09428FC5): 1
LogDevObjectVersion:   Dev-AnimPhys (29E575DD-E0A3-4627-9D10-D276232CDCEA): 12
LogInit: Compiled (64-bit): Oct 20 2017 10:39:19
LogInit: Compiled with Visual C++: 19.00.24215.01
LogInit: Build Configuration: Development
LogInit: Branch Name: ++UE4+Release-4.18
LogInit: Command line:  
LogInit: Base directory: C:/Program Files/Epic Games/UE_4.18/Engine/Binaries/Win64/
LogInit: Installed Engine Build: 1
LogInit: Presizing for max 8388607 objects, including 0 objects not considered by GC, pre-allocating 0 bytes for permanent pool.
LogInit: Object subsystem initialized
[2017.11.13-15.02.04:641][  0]LogInit: Selected Device Profile: [Windows]
[2017.11.13-15.02.04:641][  0]LogInit: Applying CVar settings loaded from the selected device profile: [Windows]
[2017.11.13-15.02.04:656][  0]LogInit: Computer: AMASCARO2-PC
[2017.11.13-15.02.04:657][  0]LogInit: User: amascaro
[2017.11.13-15.02.04:657][  0]LogInit: CPU Page size=4096, Cores=2
[2017.11.13-15.02.04:657][  0]LogInit: High frequency timer resolution =2.597685 MHz
[2017.11.13-15.02.04:657][  0]LogMemory: Memory total: Physical=3.9GB (4GB approx)
[2017.11.13-15.02.04:657][  0]LogMemory: Platform Memory Stats for Windows
[2017.11.13-15.02.04:657][  0]LogMemory: Process Physical Memory: 271.35 MB used, 271.35 MB peak
[2017.11.13-15.02.04:657][  0]LogMemory: Process Virtual Memory: 265.88 MB used, 265.88 MB peak
[2017.11.13-15.02.04:657][  0]LogMemory: Physical Memory: 2764.63 MB used,  1264.99 MB free, 4029.62 MB total
[2017.11.13-15.02.04:657][  0]LogMemory: Virtual Memory: 610.00 MB used,  1264.99 MB free, 8388608.00 MB total
[2017.11.13-15.02.04:938][  0]LogInit: Using OS detected language (en-US).
[2017.11.13-15.02.04:938][  0]LogInit: Using OS detected locale (en-US).
[2017.11.13-15.02.04:947][  0]LogTextLocalizationManager: No specific localization for 'en-US' exists, so the 'en' localization will be used.
[2017.11.13-15.02.05:700][  0]LogWindows: Failed to load 'shcore.dll' (GetLastError=126)
[2017.11.13-15.02.05:701][  0]LogWindows: File 'shcore.dll' does not exist
[2017.11.13-15.02.05:701][  0]LogInit: Setting process to DPI aware
[2017.11.13-15.02.05:709][  0]LogWindows: Failed to load 'shcore.dll' (GetLastError=126)
[2017.11.13-15.02.05:709][  0]LogWindows: File 'shcore.dll' does not exist
[2017.11.13-15.02.05:709][  0]LogInit: Setting process to DPI aware
[2017.11.13-15.02.06:201][  0]LogD3D11RHI: D3D11 adapters:
[2017.11.13-15.02.06:239][  0]LogD3D11RHI:    0. 'NVIDIA GeForce GTX 660' (Feature Level 11_0)
[2017.11.13-15.02.06:239][  0]LogD3D11RHI:       1988/0/1758 MB DedicatedVideo/DedicatedSystem/SharedSystem, Outputs:1, VendorId:0x10de
[2017.11.13-15.02.06:239][  0]LogD3D11RHI: Chosen D3D11 Adapter: 0
[2017.11.13-15.02.06:249][  0]LogD3D11RHI: Creating new Direct3DDevice
[2017.11.13-15.02.06:250][  0]LogD3D11RHI:     GPU DeviceId: 0x11c0 (for the marketing name, search the web for "GPU Device Id")
[2017.11.13-15.02.06:250][  0]LogWindows: EnumDisplayDevices:
[2017.11.13-15.02.06:250][  0]LogWindows:    0. 'NVIDIA GeForce GTX 660' (P:1 D:1)
[2017.11.13-15.02.06:250][  0]LogWindows:    1. 'NVIDIA GeForce GTX 660' (P:0 D:0)
[2017.11.13-15.02.06:250][  0]LogWindows:    2. 'NVIDIA GeForce GTX 660' (P:0 D:0)
[2017.11.13-15.02.06:251][  0]LogWindows:    3. 'NVIDIA GeForce GTX 660' (P:0 D:0)
[2017.11.13-15.02.06:251][  0]LogWindows:    4. 'RDPDD Chained DD' (P:0 D:0)
[2017.11.13-15.02.06:251][  0]LogWindows:    5. 'RDP Encoder Mirror Driver' (P:0 D:0)
[2017.11.13-15.02.06:251][  0]LogWindows:    6. 'RDP Reflector Display Driver' (P:0 D:0)
[2017.11.13-15.02.06:251][  0]LogWindows: DebugString: GetVideoDriverDetailsInvalid PrimaryIsNotTheChoosenAdapter GetVideoDriverDetailsInvalid PrimaryIsNotTheChoosenAdapter GetVideoDriverDetailsInvalid PrimaryIsNotTheChoosenAdapter FoundDriverCount:4 
[2017.11.13-15.02.06:251][  0]LogD3D11RHI:     Adapter Name: NVIDIA GeForce GTX 660
[2017.11.13-15.02.06:251][  0]LogD3D11RHI:   Driver Version: 387.92 (internal:23.21.13.8792, unified:387.92)
[2017.11.13-15.02.06:251][  0]LogD3D11RHI:      Driver Date: 10-6-2017
[2017.11.13-15.02.06:251][  0]LogRHI: Texture pool is 1391 MB (70% of 1988 MB)
[2017.11.13-15.02.06:268][  0]LogD3D11RHI: Async texture creation enabled
[2017.11.13-15.02.06:287][  0]LogD3D11RHI: GPU Timing Frequency: 1000.000000 (Debug: 2 2)
[2017.11.13-15.02.06:289][  0]LogShaderCompilers: Guid format shader working directory is 37 characters bigger than the processId version (P:/ue/Grid1/Intermediate/Shaders/WorkingDirectory/19516/).
[2017.11.13-15.02.06:289][  0]LogShaderCompilers: Cleaned the shader compiler working directory 'C:/Users/amascaro/AppData/Local/Temp/UnrealShaderWorkingDir/198B178547156649DD3FC2BBFF7975EB/'.
[2017.11.13-15.02.06:289][  0]LogShaderCompilers: Display: Using Local Shader Compiler.
[2017.11.13-15.02.08:415][  0]LogTemp: Display: Loaded TP AllDesktopTargetPlatform
[2017.11.13-15.02.08:508][  0]LogTemp: Display: Loaded TP MacClientTargetPlatform
[2017.11.13-15.02.08:601][  0]LogTemp: Display: Loaded TP MacNoEditorTargetPlatform
[2017.11.13-15.02.08:693][  0]LogTemp: Display: Loaded TP MacServerTargetPlatform
[2017.11.13-15.02.08:788][  0]LogTemp: Display: Loaded TP MacTargetPlatform
[2017.11.13-15.02.08:881][  0]LogTemp: Display: Loaded TP WindowsClientTargetPlatform
[2017.11.13-15.02.08:974][  0]LogTemp: Display: Loaded TP WindowsNoEditorTargetPlatform
[2017.11.13-15.02.09:067][  0]LogTemp: Display: Loaded TP WindowsServerTargetPlatform
[2017.11.13-15.02.09:147][  0]LogTemp: Display: Loaded TP WindowsTargetPlatform
[2017.11.13-15.02.09:238][  0]LogTemp: Display: Loaded TP Android_ASTCTargetPlatform
[2017.11.13-15.02.09:330][  0]LogTemp: Display: Loaded TP Android_ATCTargetPlatform
[2017.11.13-15.02.09:420][  0]LogTemp: Display: Loaded TP Android_DXTTargetPlatform
[2017.11.13-15.02.09:512][  0]LogTemp: Display: Loaded TP Android_ETC1TargetPlatform
[2017.11.13-15.02.09:603][  0]LogTemp: Display: Loaded TP Android_ETC2TargetPlatform
[2017.11.13-15.02.09:786][  0]LogTemp: Display: Loaded TP Android_MultiTargetPlatform
[2017.11.13-15.02.09:786][  0]LogTemp: Display: Loaded TP Android_PVRTCTargetPlatform
[2017.11.13-15.02.09:879][  0]LogTemp: Display: Loaded TP AndroidTargetPlatform
[2017.11.13-15.02.09:949][  0]LogTemp: Display: Loaded TP HTML5TargetPlatform
[2017.11.13-15.02.10:092][  0]LogTemp: Display: Loaded TP IOSTargetPlatform
[2017.11.13-15.02.10:142][  0]LogTemp: Display: Loaded TP TVOSTargetPlatform
[2017.11.13-15.02.10:233][  0]LogTemp: Display: Loaded TP LinuxClientTargetPlatform
[2017.11.13-15.02.10:324][  0]LogTemp: Display: Loaded TP LinuxNoEditorTargetPlatform
[2017.11.13-15.02.10:414][  0]LogTemp: Display: Loaded TP LinuxServerTargetPlatform
[2017.11.13-15.02.10:506][  0]LogTemp: Display: Loaded TP LinuxTargetPlatform
[2017.11.13-15.02.10:506][  0]LogTargetPlatformManager: Display: Building Assets For Windows
[2017.11.13-15.02.11:325][  0]LogDerivedDataCache: Display: Max Cache Size: 512 MB
[2017.11.13-15.02.11:845][  0]LogDerivedDataCache: Loaded boot cache 0.52s 79MB C:/Users/amascaro/AppData/Local/UnrealEngine/4.18/DerivedDataCache/Boot.ddc.
[2017.11.13-15.02.11:845][  0]LogDerivedDataCache: Display: Loaded Boot cache: C:/Users/amascaro/AppData/Local/UnrealEngine/4.18/DerivedDataCache/Boot.ddc
[2017.11.13-15.02.11:845][  0]LogDerivedDataCache: FDerivedDataBackendGraph:  Pak pak cache file P:/ue/Grid1/DerivedDataCache/DDC.ddp not found, will not use a pak cache.
[2017.11.13-15.02.11:845][  0]LogDerivedDataCache: Unable to find inner node Pak for hierarchical cache Hierarchy.
[2017.11.13-15.02.11:845][  0]LogDerivedDataCache: FDerivedDataBackendGraph:  CompressedPak pak cache file P:/ue/Grid1/DerivedDataCache/Compressed.ddp not found, will not use a pak cache.
[2017.11.13-15.02.11:845][  0]LogDerivedDataCache: Unable to find inner node CompressedPak for hierarchical cache Hierarchy.
[2017.11.13-15.02.11:883][  0]LogDerivedDataCache: Display: Pak cache opened for reading ../../../Engine/DerivedDataCache/Compressed.ddp.
[2017.11.13-15.02.11:894][  0]LogDerivedDataCache: Using Local data cache path C:/Users/amascaro/AppData/Local/UnrealEngine/Common/DerivedDataCache: Writable
[2017.11.13-15.02.11:916][  0]LogMaterial: Verifying Global Shaders for PCD3D_SM5
[2017.11.13-15.02.11:916][  0]LogSlate: Using Freetype 2.6.0
[2017.11.13-15.02.11:918][  0]LogSlate: SlateFontCache - WITH_FREETYPE: 1, WITH_HARFBUZZ: 1
[2017.11.13-15.02.11:918][  0]LogSlate: SlateFontCache - WITH_FREETYPE: 1, WITH_HARFBUZZ: 1
[2017.11.13-15.02.12:841][  0]LogInit: Selected Device Profile: [Windows]
[2017.11.13-15.02.13:443][  0]LogSimplygon: Simplygon DLL not present - disabling.
[2017.11.13-15.02.13:515][  0]LogMeshReduction: Using SimplygonSwarm for distributed automatic mesh merging
[2017.11.13-15.02.13:515][  0]LogMeshReduction: Using QuadricMeshReduction for automatic static mesh reduction
[2017.11.13-15.02.13:515][  0]LogMeshReduction: No automatic skeletal mesh reduction module available
[2017.11.13-15.02.13:515][  0]LogMeshReduction: No automatic mesh merging module available
[2017.11.13-15.02.13:515][  0]LogMeshMerging: No automatic mesh merging module available
[2017.11.13-15.02.13:556][  0]LogNetVersion: Grid1 , NetCL: 3709383, EngineNetVer: 2, GameNetVer: 0 (Checksum: 1394303240)
[2017.11.13-15.02.13:849][  0]LogAssetRegistry: FAssetRegistry took 0.0285 seconds to start up
[2017.11.13-15.02.14:896][  0]LogPackageLocalizationCache: Processed 7 localized package path(s) for 2 prioritized culture(s) in 0.097434 seconds
[2017.11.13-15.02.14:908][  0]LogUObjectArray: 35900 objects as part of root set at end of initial load.
[2017.11.13-15.02.14:908][  0]LogUObjectAllocator: 7372016 out of 0 bytes used by permanent object pool.
[2017.11.13-15.02.14:908][  0]LogUObjectArray: CloseDisregardForGC: 0/0 objects in disregard for GC pool
[2017.11.13-15.02.15:001][  0]LogInit: WinSock: version 1.1 (2.2), MaxSocks=32767, MaxUdp=65467
[2017.11.13-15.02.20:531][  0]LogTcpMessaging: Initializing TcpMessaging bridge
[2017.11.13-15.02.20:592][  0]LogUdpMessaging: Initializing bridge on interface 0.0.0.0:0 to multicast group 230.0.0.1:6666.
[2017.11.13-15.02.21:726][  0]LogMaterial: Uniform references updated for custom material expression Custom.
[2017.11.13-15.02.22:454][  0]SourceControl: Source control is disabled
[2017.11.13-15.02.22:455][  0]SourceControl: Source control is disabled
[2017.11.13-15.02.22:550][  0]SourceControl: Source control is disabled
[2017.11.13-15.02.22:641][  0]SourceControl: Source control is disabled
[2017.11.13-15.02.24:049][  0]LogAndroidPermission: UAndroidPermissionCallbackProxy::GetInstance
[2017.11.13-15.02.24:502][  0]LogOcInput: OculusInput pre-init called
[2017.11.13-15.02.24:994][  0]LogEngine: Initializing Engine...
[2017.11.13-15.02.24:998][  0]LogHMD: Failed to initialize OpenVR with code 110
[2017.11.13-15.02.25:528][  0]LogStats: UGameplayTagsManager::ConstructGameplayTagTree: Construct from data asset -  0.000 s
[2017.11.13-15.02.25:528][  0]LogStats: UGameplayTagsManager::ConstructGameplayTagTree: GameplayTagTreeChangedEvent.Broadcast -  0.000 s
[2017.11.13-15.02.25:812][  0]LogAIModule: Creating AISystem for world Untitled
[2017.11.13-15.02.25:841][  0]LogInit: XAudio2 using 'Headphones (High Definition Audio Device)' : 2 channels at 44.1 kHz using 16 bits per sample (channel mask 0x3)
[2017.11.13-15.02.25:871][  0]LogInit: FAudioDevice initialized.
[2017.11.13-15.02.26:027][  0]LogDerivedDataCache: Saved boot cache 0.16s 79MB C:/Users/amascaro/AppData/Local/UnrealEngine/4.18/DerivedDataCache/Boot.ddc.
[2017.11.13-15.02.26:072][  0]LogInit: Texture streaming: Enabled
[2017.11.13-15.02.26:253][  0]LogEngineSessionManager: EngineSessionManager initialized
[2017.11.13-15.02.26:477][  0]LogInit: Transaction tracking system initialized
[2017.11.13-15.02.27:041][  0]BlueprintLog: New page: Editor Load
[2017.11.13-15.02.28:685][  0]LocalizationService: Localization service is disabled
[2017.11.13-15.02.30:101][  0]LogConsoleResponse: Display: 
[2017.11.13-15.02.30:451][  0]LogCook: Display: Max memory allowance for cook 16384mb min free memory 0mb
[2017.11.13-15.02.30:451][  0]LogCook: Display: Mobile HDR setting 1
[2017.11.13-15.02.30:451][  0]LogGameplayTags: Display: UGameplayTagsManager::DoneAddingNativeTags. DelegateIsBound: 0
[2017.11.13-15.02.30:724][  0]LogFileCache: Scanning file cache for directory 'P:/ue/Grid1/Content/' took 0.02s
[2017.11.13-15.02.32:569][  0]SourceControl: Source control is disabled
[2017.11.13-15.02.32:569][  0]Cmd: MAP LOAD FILE="P:/ue/Grid1/Content/ThirdPersonBP/Maps/ThirdPersonExampleMap.umap" TEMPLATE=0 SHOWPROGRESS=1 FEATURELEVEL=3
[2017.11.13-15.02.32:636][  0]LightingResults: New page: Lighting Build
[2017.11.13-15.02.32:708][  0]MapCheck: New page: Map Check
[2017.11.13-15.02.32:708][  0]LightingResults: New page: Lighting Build
[2017.11.13-15.02.37:119][  0]LogAIModule: Creating AISystem for world ThirdPersonExampleMap
[2017.11.13-15.02.37:135][  0]LogEditorServer: Finished looking for orphan Actors (0.000 secs)
[2017.11.13-15.02.37:167][  0]Cmd: MAP CHECKDEP NOCLEARLOG
[2017.11.13-15.02.37:256][  0]MapCheck: Map check complete: 0 Error(s), 0 Warning(s), took 88.766ms to complete.
[2017.11.13-15.02.37:256][  0]LogFileHelpers: Loading map 'ThirdPersonExampleMap' took 4.688
[2017.11.13-15.02.37:388][  0]LogCollectionManager: Loaded 0 collections in 0.002759 seconds
[2017.11.13-15.02.37:511][  0]LogFileCache: Scanning file cache for directory 'P:/ue/Grid1/Saved/Collections/' took 0.01s
[2017.11.13-15.02.37:511][  0]LogFileCache: Scanning file cache for directory 'P:/ue/Grid1/Content/Developers/amascaro/Collections/' took 0.01s
[2017.11.13-15.02.37:511][  0]LogFileCache: Scanning file cache for directory 'P:/ue/Grid1/Content/Collections/' took 0.01s
[2017.11.13-15.02.37:511][  0]LogCollectionManager: Rebuilt the GUID cache for 0 collections in 0.000000 seconds
[2017.11.13-15.02.37:529][  0]LogContentBrowser: Native class hierarchy populated in 0.0167 seconds. Added 2363 classes and 519 folders.
[2017.11.13-15.02.37:648][  0]LogContentBrowser: Native class hierarchy updated for 'WidgetCarousel' in 0.0004 seconds. Added 0 classes and 0 folders.
[2017.11.13-15.02.37:808][  0]LogContentBrowser: Native class hierarchy updated for 'AddContentDialog' in 0.0003 seconds. Added 0 classes and 0 folders.
[2017.11.13-15.02.37:986][  0]LogContentBrowser: Native class hierarchy updated for 'SceneOutliner' in 0.0004 seconds. Added 1 classes and 2 folders.
[2017.11.13-15.02.38:130][  0]LogSlate: Took 0.002623 seconds to synchronously load lazily loaded font '../../../Engine/Content/Slate/Fonts/Roboto-Regular.ttf' (155K)
[2017.11.13-15.02.38:133][  0]LogSlate: Took 0.001288 seconds to synchronously load lazily loaded font '../../../Engine/Content/Editor/Slate/Fonts/FontAwesome.ttf' (139K)
[2017.11.13-15.02.38:135][  0]LogSlate: Took 0.001184 seconds to synchronously load lazily loaded font '../../../Engine/Content/Slate/Fonts/Roboto-Bold.ttf' (160K)
[2017.11.13-15.02.38:164][  0]LogSlate: Took 0.001566 seconds to synchronously load lazily loaded font '../../../Engine/Content/Slate/Fonts/Roboto-Light.ttf' (159K)
[2017.11.13-15.02.38:392][  0]LogRenderer: Reallocating scene render targets to support 840x912 Format 10 NumSamples 1 (Frame:1).
[2017.11.13-15.02.38:794][  0]LogContentBrowser: Native class hierarchy updated for 'HierarchicalLODOutliner' in 0.0004 seconds. Added 1 classes and 2 folders.
[2017.11.13-15.02.38:794][  0]LogLoad: (Engine Initialization) Total time: 38.41 seconds
[2017.11.13-15.02.38:794][  0]LogLoad: (Engine Initialization) Total Blueprint compile time: 0.00 seconds
[2017.11.13-15.02.38:794][  0]LogExternalProfiler: No external profilers were discovered.  External profiling features will not be available.
[2017.11.13-15.02.38:833][  0]LogContentStreaming: Texture pool size now 1000 MB
[2017.11.13-15.02.38:973][  2]LogAssetRegistry: Asset discovery search completed in 25.1474 seconds
[2017.11.13-15.02.38:976][  2]LogCollectionManager: Rebuilt the object cache for 0 collections in 0.000000 seconds (found 0 objects)
[2017.11.13-15.02.38:976][  2]LogCollectionManager: Fixed up redirectors for 0 collections in 0.000110 seconds (updated 0 objects)
[2017.11.13-15.02.49:625][635]LogTemp: Repeating last play command: Selected Viewport
[2017.11.13-15.02.49:727][635]LogBlueprintUserMessages: Early PlayInEditor Detection: Level '/Game/ThirdPersonBP/Maps/ThirdPersonExampleMap.ThirdPersonExampleMap:PersistentLevel' has LevelScriptBlueprint '/Game/ThirdPersonBP/Maps/ThirdPersonExampleMap.ThirdPersonExampleMap:PersistentLevel.ThirdPersonExampleMap' with GeneratedClass '/Game/ThirdPersonBP/Maps/ThirdPersonExampleMap.ThirdPersonExampleMap_C' with ClassGeneratedBy '/Game/ThirdPersonBP/Maps/ThirdPersonExampleMap.ThirdPersonExampleMap:PersistentLevel.ThirdPersonExampleMap'
[2017.11.13-15.02.49:727][635]LogPlayLevel: PlayLevel: No blueprints needed recompiling
[2017.11.13-15.02.49:728][635]PIE: New page: PIE session: ThirdPersonExampleMap (Nov 13, 2017, 5:02:49 AM)
[2017.11.13-15.02.49:728][635]LogPlayLevel: Creating play world package: /Game/ThirdPersonBP/Maps/UEDPIE_0_ThirdPersonExampleMap
[2017.11.13-15.02.49:811][635]LogPlayLevel: PIE: StaticDuplicateObject took: (0.083439s)
[2017.11.13-15.02.49:813][635]LogAIModule: Creating AISystem for world ThirdPersonExampleMap
[2017.11.13-15.02.49:813][635]LogPlayLevel: PIE: World Init took: (0.001592s)
[2017.11.13-15.02.49:813][635]LogPlayLevel: PIE: Created PIE world by copying editor world from /Game/ThirdPersonBP/Maps/ThirdPersonExampleMap.ThirdPersonExampleMap to /Game/ThirdPersonBP/Maps/UEDPIE_0_ThirdPersonExampleMap.ThirdPersonExampleMap (0.085473s)
[2017.11.13-15.02.49:864][635]LogInit: XAudio2 using 'Headphones (High Definition Audio Device)' : 2 channels at 44.1 kHz using 16 bits per sample (channel mask 0x3)
[2017.11.13-15.02.49:873][635]LogInit: FAudioDevice initialized.
[2017.11.13-15.02.49:926][635]LogLoad: Game class is 'CursorGameMode_C'
[2017.11.13-15.02.49:930][635]LogWorld: Bringing World /Game/ThirdPersonBP/Maps/UEDPIE_0_ThirdPersonExampleMap.ThirdPersonExampleMap up for play (max tick rate 0) at 2017.11.13-10.02.49
[2017.11.13-15.02.49:930][635]LogWorld: Bringing up level for play took: 0.002412
[2017.11.13-15.02.50:005][635]LogContentBrowser: Native class hierarchy updated for 'MovieSceneCapture' in 0.0005 seconds. Added 11 classes and 0 folders.
[2017.11.13-15.02.50:010][635]LogBlueprintUserMessages: [CursorCharacter_C_0] Hello
[2017.11.13-15.02.50:011][635]LogBlueprintUserMessages: [CursorCharacter_C_0] Cancelled
[2017.11.13-15.02.50:011][635]LogBlueprintUserMessages: [ThirdPersonExampleMap_C_0] Start
[2017.11.13-15.02.50:012][635]PIE: Play in editor start time for /Game/ThirdPersonBP/Maps/UEDPIE_0_ThirdPersonExampleMap 1.063
[2017.11.13-15.02.50:012][635]LogBlueprintUserMessages: Late PlayInEditor Detection: Level '/Game/ThirdPersonBP/Maps/ThirdPersonExampleMap.ThirdPersonExampleMap:PersistentLevel' has LevelScriptBlueprint '/Game/ThirdPersonBP/Maps/ThirdPersonExampleMap.ThirdPersonExampleMap:PersistentLevel.ThirdPersonExampleMap' with GeneratedClass '/Game/ThirdPersonBP/Maps/ThirdPersonExampleMap.ThirdPersonExampleMap_C' with ClassGeneratedBy '/Game/ThirdPersonBP/Maps/ThirdPersonExampleMap.ThirdPersonExampleMap:PersistentLevel.ThirdPersonExampleMap'
[2017.11.13-15.02.54:768][922]LogBlueprintUserMessages: [CursorCharacter_C_0] Setting true
[2017.11.13-15.02.58:848][177]LogBlueprintUserMessages: [CursorCharacter_C_0] SettingTarget
[2017.11.13-15.02.59:601][222]LogBlueprintUserMessages: [CursorCharacter_C_0] New HexAICharacter number of= 0
[2017.11.13-15.03.01:137][318]LogBlueprintUserMessages: [CursorCharacter_C_0] Setting true
[2017.11.13-15.03.01:398][334]LogBlueprintUserMessages: [CursorCharacter_C_0] SettingTarget
[2017.11.13-15.03.02:128][379]LogBlueprintUserMessages: [CursorCharacter_C_0] New HexAICharacter1 number of= 0
[2017.11.13-15.03.09:349][792]LogBlueprintUserMessages: [CursorCharacter_C_0] Setting true
[2017.11.13-15.03.09:820][821]LogBlueprintUserMessages: [CursorCharacter_C_0] SettingTarget
[2017.11.13-15.03.10:367][855]LogBlueprintUserMessages: [CursorCharacter_C_0] New HexAICharacter2 number of= 0
[2017.11.13-15.03.10:962][891]LogBlueprintUserMessages: [CursorCharacter_C_0] Setting true
[2017.11.13-15.03.11:123][901]LogBlueprintUserMessages: [CursorCharacter_C_0] SettingTarget
[2017.11.13-15.03.11:358][915]LogBlueprintUserMessages: [CursorCharacter_C_0] New HexAICharacter3 number of= 0
[2017.11.13-15.03.12:325][966]LogBlueprintUserMessages: [CursorCharacter_C_0] Setting true
[2017.11.13-15.03.12:424][971]LogBlueprintUserMessages: [CursorCharacter_C_0] SettingTarget
[2017.11.13-15.03.12:849][990]LogBlueprintUserMessages: [CursorCharacter_C_0] New HexAICharacter4 number of= 0
[2017.11.13-15.03.13:214][  7]LogBlueprintUserMessages: [CursorCharacter_C_0] Setting true
[2017.11.13-15.03.13:351][ 14]LogBlueprintUserMessages: [CursorCharacter_C_0] SettingTarget
[2017.11.13-15.03.13:590][ 26]LogBlueprintUserMessages: [CursorCharacter_C_0] New HexAICharacter5 number of= 0
[2017.11.13-15.03.13:937][ 43]LogBlueprintUserMessages: [CursorCharacter_C_0] Setting true
[2017.11.13-15.03.14:022][ 47]LogBlueprintUserMessages: [CursorCharacter_C_0] SettingTarget
[2017.11.13-15.03.14:263][ 59]LogBlueprintUserMessages: [CursorCharacter_C_0] New HexAICharacter6 number of= 0
[2017.11.13-15.03.14:622][ 76]LogBlueprintUserMessages: [CursorCharacter_C_0] Setting true
[2017.11.13-15.03.14:752][ 82]LogBlueprintUserMessages: [CursorCharacter_C_0] SettingTarget
[2017.11.13-15.03.15:048][ 96]LogBlueprintUserMessages: [CursorCharacter_C_0] New HexAICharacter7 number of= 0
[2017.11.13-15.03.15:599][123]LogBlueprintUserMessages: [CursorCharacter_C_0] Setting true
[2017.11.13-15.03.15:645][125]LogBlueprintUserMessages: [CursorCharacter_C_0] SettingTarget
[2017.11.13-15.03.15:921][139]LogBlueprintUserMessages: [CursorCharacter_C_0] New HexAICharacter8 number of= 0
[2017.11.13-15.03.17:901][239]LogBlueprintUserMessages: [CursorCharacter_C_0] Setting true
[2017.11.13-15.03.18:102][250]LogBlueprintUserMessages: [CursorCharacter_C_0] SettingTarget
[2017.11.13-15.03.18:488][271]LogBlueprintUserMessages: [CursorCharacter_C_0] New HexAICharacter9 number of= 0
[2017.11.13-15.03.18:940][295]LogBlueprintUserMessages: [CursorCharacter_C_0] Setting true
[2017.11.13-15.03.19:019][299]LogBlueprintUserMessages: [CursorCharacter_C_0] SettingTarget
[2017.11.13-15.03.19:227][310]LogBlueprintUserMessages: [CursorCharacter_C_0] New HexAICharacter10 number of= 0
[2017.11.13-15.03.19:674][333]LogBlueprintUserMessages: [CursorCharacter_C_0] Setting true
[2017.11.13-15.03.19:697][334]LogBlueprintUserMessages: [CursorCharacter_C_0] SettingTarget
[2017.11.13-15.03.19:937][344]LogBlueprintUserMessages: [CursorCharacter_C_0] New HexAICharacter11 number of= 0
[2017.11.13-15.03.20:507][368]LogBlueprintUserMessages: [CursorCharacter_C_0] Setting true
[2017.11.13-15.03.20:581][371]LogBlueprintUserMessages: [CursorCharacter_C_0] SettingTarget
[2017.11.13-15.03.21:036][390]LogBlueprintUserMessages: [CursorCharacter_C_0] New HexAICharacter12 number of= 0
[2017.11.13-15.03.29:664][859]LogBlueprintUserMessages: [CursorCharacter_C_0] Setting true
[2017.11.13-15.03.30:565][911]LogBlueprintUserMessages: [CursorCharacter_C_0] SettingTarget
[2017.11.13-15.03.32:247][  4]LogBlueprintUserMessages: [CursorCharacter_C_0] New HexAICharacter13 number of= 0
[2017.11.13-15.03.33:522][ 75]LogBlueprintUserMessages: [CursorCharacter_C_0] Setting true
[2017.11.13-15.03.33:790][ 91]LogBlueprintUserMessages: [CursorCharacter_C_0] SettingTarget
[2017.11.13-15.03.34:759][144]LogBlueprintUserMessages: [CursorCharacter_C_0] New HexAICharacter14 number of= 0
[2017.11.13-15.03.35:521][186]LogBlueprintUserMessages: [CursorCharacter_C_0] Setting true
[2017.11.13-15.03.35:648][193]LogBlueprintUserMessages: [CursorCharacter_C_0] SettingTarget
[2017.11.13-15.03.36:865][261]LogBlueprintUserMessages: [CursorCharacter_C_0] New HexAICharacter15 number of= 0
[2017.11.13-15.03.37:657][307]LogBlueprintUserMessages: [CursorCharacter_C_0] Setting true
[2017.11.13-15.03.37:783][314]LogBlueprintUserMessages: [CursorCharacter_C_0] SettingTarget
[2017.11.13-15.03.38:740][368]LogBlueprintUserMessages: [CursorCharacter_C_0] New HexAICharacter16 number of= 0
[2017.11.13-15.03.39:505][403]LogBlueprintUserMessages: [CursorCharacter_C_0] Setting true
[2017.11.13-15.03.39:911][418]LogBlueprintUserMessages: [CursorCharacter_C_0] SettingTarget
[2017.11.13-15.03.40:846][467]LogBlueprintUserMessages: [CursorCharacter_C_0] New HexAICharacter17 number of= 0
[2017.11.13-15.03.41:718][515]LogBlueprintUserMessages: [CursorCharacter_C_0] Setting true
[2017.11.13-15.03.41:868][523]LogBlueprintUserMessages: [CursorCharacter_C_0] SettingTarget
[2017.11.13-15.03.42:772][573]LogBlueprintUserMessages: [CursorCharacter_C_0] New HexAICharacter18 number of= 0
[2017.11.13-15.03.43:348][604]LogBlueprintUserMessages: [CursorCharacter_C_0] Setting true
[2017.11.13-15.03.43:653][620]LogBlueprintUserMessages: [CursorCharacter_C_0] SettingTarget
[2017.11.13-15.03.44:316][655]LogBlueprintUserMessages: [CursorCharacter_C_0] New HexAICharacter19 number of= 0
[2017.11.13-15.03.44:812][682]LogBlueprintUserMessages: [CursorCharacter_C_0] Setting true
[2017.11.13-15.03.45:058][695]LogBlueprintUserMessages: [CursorCharacter_C_0] SettingTarget
[2017.11.13-15.03.45:748][732]LogBlueprintUserMessages: [CursorCharacter_C_0] New HexAICharacter20 number of= 0
[2017.11.13-15.03.46:430][769]LogBlueprintUserMessages: [CursorCharacter_C_0] Setting true
[2017.11.13-15.03.46:822][790]LogBlueprintUserMessages: [CursorCharacter_C_0] SettingTarget
[2017.11.13-15.03.47:413][821]LogBlueprintUserMessages: [CursorCharacter_C_0] New HexAICharacter21 number of= 0
[2017.11.13-15.03.47:831][843]LogBlueprintUserMessages: [CursorCharacter_C_0] Setting true
[2017.11.13-15.03.48:297][867]LogBlueprintUserMessages: [CursorCharacter_C_0] SettingTarget
[2017.11.13-15.03.48:868][896]LogBlueprintUserMessages: [CursorCharacter_C_0] New HexAICharacter22 number of= 0
[2017.11.13-15.03.49:846][945]LogBlueprintUserMessages: [CursorCharacter_C_0] Setting true
[2017.11.13-15.03.49:983][952]LogBlueprintUserMessages: [CursorCharacter_C_0] SettingTarget
[2017.11.13-15.03.50:579][983]LogBlueprintUserMessages: [CursorCharacter_C_0] New HexAICharacter23 number of= 0
[2017.11.13-15.03.50:996][  4]LogBlueprintUserMessages: [CursorCharacter_C_0] Setting true
[2017.11.13-15.03.51:176][ 13]LogBlueprintUserMessages: [CursorCharacter_C_0] SettingTarget
[2017.11.13-15.03.51:660][ 37]LogBlueprintUserMessages: [CursorCharacter_C_0] New HexAICharacter24 number of= 0
[2017.11.13-15.03.52:129][ 61]LogBlueprintUserMessages: [CursorCharacter_C_0] Setting true
[2017.11.13-15.03.52:250][ 67]LogBlueprintUserMessages: [CursorCharacter_C_0] SettingTarget
[2017.11.13-15.03.52:630][ 86]LogBlueprintUserMessages: [CursorCharacter_C_0] New HexAICharacter25 number of= 0
[2017.11.13-15.03.53:048][107]LogBlueprintUserMessages: [CursorCharacter_C_0] Setting true
[2017.11.13-15.03.53:211][115]LogBlueprintUserMessages: [CursorCharacter_C_0] SettingTarget
[2017.11.13-15.03.53:778][143]LogBlueprintUserMessages: [CursorCharacter_C_0] New HexAICharacter26 number of= 0
[2017.11.13-15.03.54:134][159]LogBlueprintUserMessages: [CursorCharacter_C_0] Setting true
[2017.11.13-15.03.54:322][167]LogBlueprintUserMessages: [CursorCharacter_C_0] SettingTarget
[2017.11.13-15.03.54:961][194]LogBlueprintUserMessages: [CursorCharacter_C_0] New HexAICharacter27 number of= 0
[2017.11.13-15.03.55:457][216]LogBlueprintUserMessages: [CursorCharacter_C_0] Setting true
[2017.11.13-15.03.55:543][220]LogBlueprintUserMessages: [CursorCharacter_C_0] SettingTarget
[2017.11.13-15.03.55:855][234]LogBlueprintUserMessages: [CursorCharacter_C_0] New HexAICharacter28 number of= 0
[2017.11.13-15.03.57:085][290]LogBlueprintUserMessages: [CursorCharacter_C_0] Setting true
[2017.11.13-15.03.57:229][296]LogBlueprintUserMessages: [CursorCharacter_C_0] SettingTarget
[2017.11.13-15.03.57:565][310]LogBlueprintUserMessages: [CursorCharacter_C_0] New HexAICharacter29 number of= 0
[2017.11.13-15.03.58:009][327]LogBlueprintUserMessages: [CursorCharacter_C_0] Setting true
[2017.11.13-15.03.58:095][330]LogBlueprintUserMessages: [CursorCharacter_C_0] SettingTarget
[2017.11.13-15.03.58:496][345]LogBlueprintUserMessages: [CursorCharacter_C_0] New HexAICharacter30 number of= 0
[2017.11.13-15.03.58:929][362]LogBlueprintUserMessages: [CursorCharacter_C_0] Setting true
[2017.11.13-15.03.59:057][367]LogBlueprintUserMessages: [CursorCharacter_C_0] SettingTarget
[2017.11.13-15.03.59:450][382]LogBlueprintUserMessages: [CursorCharacter_C_0] New HexAICharacter31 number of= 0
[2017.11.13-15.03.59:910][398]LogBlueprintUserMessages: [CursorCharacter_C_0] Setting true
[2017.11.13-15.03.59:995][401]LogBlueprintUserMessages: [CursorCharacter_C_0] SettingTarget
[2017.11.13-15.04.00:394][415]LogBlueprintUserMessages: [CursorCharacter_C_0] New HexAICharacter32 number of= 0
[2017.11.13-15.04.00:917][434]LogBlueprintUserMessages: [CursorCharacter_C_0] Setting true
[2017.11.13-15.04.01:007][437]LogBlueprintUserMessages: [CursorCharacter_C_0] SettingTarget
[2017.11.13-15.04.01:327][449]LogBlueprintUserMessages: [CursorCharacter_C_0] New HexAICharacter33 number of= 0
[2017.11.13-15.04.01:899][470]LogBlueprintUserMessages: [CursorCharacter_C_0] Setting true
[2017.11.13-15.04.01:991][473]LogBlueprintUserMessages: [CursorCharacter_C_0] SettingTarget
[2017.11.13-15.04.02:681][496]LogBlueprintUserMessages: [CursorCharacter_C_0] Cancelled
[2017.11.13-15.04.03:408][520]LogBlueprintUserMessages: [CursorCharacter_C_0] Setting true
[2017.11.13-15.04.03:448][521]LogBlueprintUserMessages: [CursorCharacter_C_0] SettingTarget
[2017.11.13-15.04.03:832][533]LogBlueprintUserMessages: [CursorCharacter_C_0] New HexAICharacter34 number of= 0
[2017.11.13-15.04.37:675][263]LogBlueprintUserMessages: Early EndPlayMap Detection: Level '/Game/ThirdPersonBP/Maps/ThirdPersonExampleMap.ThirdPersonExampleMap:PersistentLevel' has LevelScriptBlueprint '/Game/ThirdPersonBP/Maps/ThirdPersonExampleMap.ThirdPersonExampleMap:PersistentLevel.ThirdPersonExampleMap' with GeneratedClass '/Game/ThirdPersonBP/Maps/ThirdPersonExampleMap.ThirdPersonExampleMap_C' with ClassGeneratedBy '/Game/ThirdPersonBP/Maps/ThirdPersonExampleMap.ThirdPersonExampleMap:PersistentLevel.ThirdPersonExampleMap'
[2017.11.13-15.04.37:713][263]LogBlueprintUserMessages: Late EndPlayMap Detection: Level '/Game/ThirdPersonBP/Maps/ThirdPersonExampleMap.ThirdPersonExampleMap:PersistentLevel' has LevelScriptBlueprint '/Game/ThirdPersonBP/Maps/ThirdPersonExampleMap.ThirdPersonExampleMap:PersistentLevel.ThirdPersonExampleMap' with GeneratedClass '/Game/ThirdPersonBP/Maps/ThirdPersonExampleMap.ThirdPersonExampleMap_C' with ClassGeneratedBy '/Game/ThirdPersonBP/Maps/ThirdPersonExampleMap.ThirdPersonExampleMap:PersistentLevel.ThirdPersonExampleMap'
[2017.11.13-15.04.37:885][264]Cmd: QUIT_EDITOR
[2017.11.13-15.04.38:253][264]LogExit: Preparing to exit.
[2017.11.13-15.04.38:920][264]LogExit: Editor shut down
[2017.11.13-15.04.38:935][264]LogExit: Transaction tracking system shut down
[2017.11.13-15.04.39:065][264]LogDirectoryWatcher: A directory notification for '../../../Engine/Content/' was aborted.
[2017.11.13-15.04.39:065][264]LogDirectoryWatcher: A directory notification for 'P:/ue/Grid1/Content/' was aborted.
[2017.11.13-15.04.39:065][264]LogDirectoryWatcher: A directory notification for '../../../Engine/Plugins/2D/Paper2D/Content/' was aborted.
[2017.11.13-15.04.39:065][264]LogDirectoryWatcher: A directory notification for '../../../Engine/Plugins/Media/MediaCompositing/Content/' was aborted.
[2017.11.13-15.04.39:065][264]LogDirectoryWatcher: A directory notification for '../../../Engine/Plugins/Runtime/AppleARKit/Content/' was aborted.
[2017.11.13-15.04.39:065][264]LogDirectoryWatcher: A directory notification for '../../../Engine/Plugins/Runtime/Oculus/OculusVR/Content/' was aborted.
[2017.11.13-15.04.39:065][264]LogDirectoryWatcher: A directory notification for '../../../Engine/Plugins/Runtime/Steam/SteamVR/Content/' was aborted.
[2017.11.13-15.04.39:173][264]LogExit: Object subsystem successfully closed.
[2017.11.13-15.04.39:190][264]LogD3D11RHI: Shutdown
[2017.11.13-15.04.39:190][264]LogD3D11RHI: CleanupD3DDevice
[2017.11.13-15.04.39:195][264]LogD3D11RHI: ~FD3D11DynamicRHI
[2017.11.13-15.04.39:222][264]LogModuleManager: Shutting down and abandoning module MovieSceneCapture (550)
[2017.11.13-15.04.39:222][264]LogModuleManager: Shutting down and abandoning module HierarchicalLODOutliner (548)
[2017.11.13-15.04.39:222][264]LogModuleManager: Shutting down and abandoning module SceneOutliner (546)
[2017.11.13-15.04.39:222][264]LogModuleManager: Shutting down and abandoning module AddContentDialog (544)
[2017.11.13-15.04.39:223][264]LogDirectoryWatcher: A directory notification for 'C:/Program Files/Epic Games/UE_4.18/FeaturePacks/' was aborted.
[2017.11.13-15.04.39:225][264]LogModuleManager: Shutting down and abandoning module WidgetCarousel (543)
[2017.11.13-15.04.39:225][264]LogModuleManager: Shutting down and abandoning module EditorWidgets (540)
[2017.11.13-15.04.39:225][264]LogModuleManager: Shutting down and abandoning module CollectionManager (538)
[2017.11.13-15.04.39:225][264]LogDirectoryWatcher: A directory notification for 'P:/ue/Grid1/Content/Collections/' was aborted.
[2017.11.13-15.04.39:225][264]LogDirectoryWatcher: A directory notification for 'P:/ue/Grid1/Content/Developers/amascaro/Collections/' was aborted.
[2017.11.13-15.04.39:225][264]LogDirectoryWatcher: A directory notification for 'P:/ue/Grid1/Saved/Collections/' was aborted.
[2017.11.13-15.04.39:225][264]LogModuleManager: Shutting down and abandoning module StatsViewer (536)
[2017.11.13-15.04.39:225][264]LogModuleManager: Shutting down and abandoning module FoliageEdit (534)
[2017.11.13-15.04.39:226][264]LogModuleManager: Shutting down and abandoning module LandscapeEditor (532)
[2017.11.13-15.04.39:226][264]LogModuleManager: Shutting down and abandoning module MeshPaintMode (530)
[2017.11.13-15.04.39:226][264]LogModuleManager: Shutting down and abandoning module SceneDepthPickerMode (528)
[2017.11.13-15.04.39:226][264]LogModuleManager: Shutting down and abandoning module ActorPickerMode (526)
[2017.11.13-15.04.39:226][264]LogModuleManager: Shutting down and abandoning module GeometryMode (524)
[2017.11.13-15.04.39:226][264]LogModuleManager: Shutting down and abandoning module TextureAlignMode (522)
[2017.11.13-15.04.39:226][264]LogModuleManager: Shutting down and abandoning module BspMode (520)
[2017.11.13-15.04.39:226][264]LogModuleManager: Shutting down and abandoning module PIEPreviewDeviceProfileSelector (518)
[2017.11.13-15.04.39:226][264]LogModuleManager: Shutting down and abandoning module HardwareSurvey (516)
[2017.11.13-15.04.39:226][264]LogModuleManager: Shutting down and abandoning module SequenceRecorderSections (514)
[2017.11.13-15.04.39:226][264]LogModuleManager: Shutting down and abandoning module AutomationWorker (512)
[2017.11.13-15.04.39:226][264]LogModuleManager: Shutting down and abandoning module MatineeToLevelSequence (510)
[2017.11.13-15.04.39:226][264]LogModuleManager: Shutting down and abandoning module LevelSequenceEditor (508)
[2017.11.13-15.04.39:227][264]LogModuleManager: Shutting down and abandoning module PlacementMode (507)
[2017.11.13-15.04.39:227][264]LogModuleManager: Shutting down and abandoning module WmfMediaFactory (504)
[2017.11.13-15.04.39:227][264]LogModuleManager: Shutting down and abandoning module WmfMediaEditor (502)
[2017.11.13-15.04.39:227][264]LogModuleManager: Shutting down and abandoning module OpenExrWrapper (500)
[2017.11.13-15.04.39:227][264]LogModuleManager: Shutting down and abandoning module ImgMediaFactory (498)
[2017.11.13-15.04.39:227][264]LogModuleManager: Shutting down and abandoning module ImgMediaEditor (496)
[2017.11.13-15.04.39:227][264]LogModuleManager: Shutting down and abandoning module AvfMediaFactory (494)
[2017.11.13-15.04.39:227][264]LogModuleManager: Shutting down and abandoning module AvfMediaEditor (492)
[2017.11.13-15.04.39:227][264]LogModuleManager: Shutting down and abandoning module AndroidMediaFactory (490)
[2017.11.13-15.04.39:227][264]LogModuleManager: Shutting down and abandoning module AndroidMediaEditor (488)
[2017.11.13-15.04.39:227][264]LogModuleManager: Shutting down and abandoning module CharacterAI (486)
[2017.11.13-15.04.39:227][264]LogModuleManager: Shutting down and abandoning module AudioCapture (484)
[2017.11.13-15.04.39:227][264]LogModuleManager: Shutting down and abandoning module SequenceRecorder (483)
[2017.11.13-15.04.39:227][264]LogModuleManager: Shutting down and abandoning module SmartSnapping (480)
[2017.11.13-15.04.39:227][264]LogModuleManager: Shutting down and abandoning module SessionServices (478)
[2017.11.13-15.04.39:227][264]LogModuleManager: Shutting down and abandoning module ViewportSnapping (476)
[2017.11.13-15.04.39:227][264]LogModuleManager: Shutting down and abandoning module ViewportInteraction (474)
[2017.11.13-15.04.39:227][264]LogModuleManager: Shutting down and abandoning module ClothPainter (472)
[2017.11.13-15.04.39:227][264]LogModuleManager: Shutting down and abandoning module SkeletalMeshEditor (471)
[2017.11.13-15.04.39:228][264]LogModuleManager: Shutting down and abandoning module LogVisualizer (468)
[2017.11.13-15.04.39:228][264]LogModuleManager: Shutting down and abandoning module IntroTutorials (466)
[2017.11.13-15.04.39:229][264]LogModuleManager: Shutting down and abandoning module GameProjectGeneration (465)
[2017.11.13-15.04.39:229][264]LogModuleManager: Shutting down and abandoning module IOSPlatformEditor (462)
[2017.11.13-15.04.39:229][264]LogModuleManager: Shutting down and abandoning module HTML5PlatformEditor (460)
[2017.11.13-15.04.39:229][264]LogModuleManager: Shutting down and abandoning module AndroidPlatformEditor (458)
[2017.11.13-15.04.39:229][264]LogModuleManager: Shutting down and abandoning module AndroidDeviceDetection (457)
[2017.11.13-15.04.39:711][264]LogModuleManager: Shutting down and abandoning module WindowsPlatformEditor (454)
[2017.11.13-15.04.39:711][264]LogModuleManager: Shutting down and abandoning module IOSRuntimeSettings (452)
[2017.11.13-15.04.39:711][264]LogModuleManager: Shutting down and abandoning module AndroidRuntimeSettings (450)
[2017.11.13-15.04.39:711][264]LogModuleManager: Shutting down and abandoning module InputBindingEditor (448)
[2017.11.13-15.04.39:711][264]LogModuleManager: Shutting down and abandoning module MergeActors (446)
[2017.11.13-15.04.39:711][264]LogModuleManager: Shutting down and abandoning module SizeMap (444)
[2017.11.13-15.04.39:711][264]LogModuleManager: Shutting down and abandoning module TreeMap (442)
[2017.11.13-15.04.39:711][264]LogModuleManager: Shutting down and abandoning module ReferenceViewer (440)
[2017.11.13-15.04.39:711][264]LogModuleManager: Shutting down and abandoning module LocalizationDashboard (438)
[2017.11.13-15.04.39:712][264]LogModuleManager: Shutting down and abandoning module LocalizationService (437)
[2017.11.13-15.04.39:712][264]LogModuleManager: Shutting down and abandoning module HardwareTargeting (434)
[2017.11.13-15.04.39:712][264]LogModuleManager: Shutting down and abandoning module DeviceProfileEditor (432)
[2017.11.13-15.04.39:712][264]LogModuleManager: Shutting down and abandoning module UndoHistory (430)
[2017.11.13-15.04.39:712][264]LogModuleManager: Shutting down and abandoning module XmlParser (428)
[2017.11.13-15.04.39:712][264]LogModuleManager: Shutting down and abandoning module Blutility (426)
[2017.11.13-15.04.39:712][264]LogModuleManager: Shutting down and abandoning module ProjectSettingsViewer (424)
[2017.11.13-15.04.39:712][264]LogModuleManager: Shutting down and abandoning module ProjectTargetPlatformEditor (423)
[2017.11.13-15.04.39:712][264]LogModuleManager: Shutting down and abandoning module EditorSettingsViewer (420)
[2017.11.13-15.04.39:712][264]LogModuleManager: Shutting down and abandoning module SettingsEditor (418)
[2017.11.13-15.04.39:712][264]LogModuleManager: Shutting down and abandoning module ProjectLauncher (416)
[2017.11.13-15.04.39:713][264]LogModuleManager: Shutting down and abandoning module SessionFrontend (414)
[2017.11.13-15.04.39:713][264]LogModuleManager: Shutting down and abandoning module ProfilerClient (412)
[2017.11.13-15.04.39:713][264]LogModuleManager: Shutting down and abandoning module DeviceManager (410)
[2017.11.13-15.04.39:713][264]LogModuleManager: Shutting down and abandoning module TargetDeviceServices (409)
[2017.11.13-15.04.39:764][264]LogModuleManager: Shutting down and abandoning module AutomationController (406)
[2017.11.13-15.04.39:764][264]LogModuleManager: Shutting down and abandoning module AutomationWindow (404)
[2017.11.13-15.04.39:765][264]LogModuleManager: Shutting down and abandoning module Layers (402)
[2017.11.13-15.04.39:765][264]LogModuleManager: Shutting down and abandoning module ComponentVisualizers (400)
[2017.11.13-15.04.39:765][264]LogModuleManager: Shutting down and abandoning module DetailCustomizations (398)
[2017.11.13-15.04.39:765][264]LogModuleManager: Shutting down and abandoning module PackagesDialog (396)
[2017.11.13-15.04.39:765][264]LogModuleManager: Shutting down and abandoning module Persona (394)
[2017.11.13-15.04.39:766][264]LogModuleManager: Shutting down and abandoning module AdvancedPreviewScene (393)
[2017.11.13-15.04.39:766][264]LogModuleManager: Shutting down and abandoning module AnimGraph (391)
[2017.11.13-15.04.39:766][264]LogModuleManager: Shutting down and abandoning module Kismet (388)
[2017.11.13-15.04.39:768][264]LogModuleManager: Shutting down and abandoning module ClassViewer (386)
[2017.11.13-15.04.39:768][264]LogModuleManager: Shutting down and abandoning module Toolbox (384)
[2017.11.13-15.04.39:768][264]LogModuleManager: Shutting down and abandoning module ModuleUI (382)
[2017.11.13-15.04.39:768][264]LogModuleManager: Shutting down and abandoning module MovieSceneTools (380)
[2017.11.13-15.04.39:768][264]LogModuleManager: Shutting down and abandoning module OutputLog (378)
[2017.11.13-15.04.39:768][264]LogModuleManager: Shutting down and abandoning module GammaUI (376)
[2017.11.13-15.04.39:768][264]LogModuleManager: Shutting down and abandoning module Documentation (374)
[2017.11.13-15.04.39:768][264]LogModuleManager: Shutting down and abandoning module MovieSceneTracks (372)
[2017.11.13-15.04.39:768][264]LogModuleManager: Shutting down and abandoning module MovieScene (370)
[2017.11.13-15.04.39:769][264]LogModuleManager: Shutting down and abandoning module StreamingPauseRendering (368)
[2017.11.13-15.04.39:769][264]LogModuleManager: Shutting down and abandoning module LauncherPlatform (366)
[2017.11.13-15.04.39:769][264]LogModuleManager: Shutting down and abandoning module AnalyticsET (364)
[2017.11.13-15.04.39:769][264]LogModuleManager: Shutting down and abandoning module PortalServices (362)
[2017.11.13-15.04.39:769][264]LogModuleManager: Shutting down and abandoning module PortalRpc (360)
[2017.11.13-15.04.39:769][264]LogModuleManager: Shutting down and abandoning module MessagingRpc (358)
[2017.11.13-15.04.39:769][264]LogModuleManager: Shutting down and abandoning module AIModule (356)
[2017.11.13-15.04.39:769][264]LogModuleManager: Shutting down and abandoning module GameplayDebugger (355)
[2017.11.13-15.04.39:769][264]LogModuleManager: Shutting down and abandoning module AITestSuite (353)
[2017.11.13-15.04.39:769][264]LogModuleManager: Shutting down and abandoning module DesktopPlatform (350)
[2017.11.13-15.04.39:769][264]LogModuleManager: Shutting down and abandoning module ProfilerService (348)
[2017.11.13-15.04.39:969][264]LogModuleManager: Shutting down and abandoning module TaskGraph (346)
[2017.11.13-15.04.39:969][264]LogModuleManager: Shutting down and abandoning module SteamVRController (344)
[2017.11.13-15.04.39:969][264]LogModuleManager: Shutting down and abandoning module ProceduralMeshComponentEditor (342)
[2017.11.13-15.04.39:969][264]LogModuleManager: Shutting down and abandoning module ProceduralMeshComponent (340)
[2017.11.13-15.04.39:969][264]LogModuleManager: Shutting down and abandoning module OculusInput (338)
[2017.11.13-15.04.39:969][264]LogModuleManager: Shutting down and abandoning module MobilePatchingUtils (336)
[2017.11.13-15.04.39:969][264]LogModuleManager: Shutting down and abandoning module CustomMeshComponent (334)
[2017.11.13-15.04.39:969][264]LogModuleManager: Shutting down and abandoning module CableComponent (332)
[2017.11.13-15.04.39:969][264]LogModuleManager: Shutting down and abandoning module ArchVisCharacter (330)
[2017.11.13-15.04.39:969][264]LogModuleManager: Shutting down and abandoning module AndroidPermission (328)
[2017.11.13-15.04.39:969][264]LogModuleManager: Shutting down and abandoning module ActorSequence (324)
[2017.11.13-15.04.39:969][264]LogModuleManager: Shutting down and abandoning module MediaPlayerEditor (322)
[2017.11.13-15.04.39:970][264]LogModuleManager: Shutting down and abandoning module MediaCompositingEditor (320)
[2017.11.13-15.04.39:970][264]LogModuleManager: Shutting down and abandoning module MediaCompositing (318)
[2017.11.13-15.04.39:970][264]LogModuleManager: Shutting down and abandoning module HTML5Networking (316)
[2017.11.13-15.04.39:970][264]LogModuleManager: Shutting down and abandoning module AlembicImporter (314)
[2017.11.13-15.04.39:970][264]LogModuleManager: Shutting down and abandoning module AlembicLibrary (313)
[2017.11.13-15.04.39:970][264]LogModuleManager: Shutting down and abandoning module GeometryCache (312)
[2017.11.13-15.04.39:970][264]LogModuleManager: Shutting down and abandoning module GeometryCacheEd (311)
[2017.11.13-15.04.39:970][264]LogModuleManager: Shutting down and abandoning module SpeedTreeImporter (306)
[2017.11.13-15.04.39:970][264]LogModuleManager: Shutting down and abandoning module PluginBrowser (304)
[2017.11.13-15.04.39:971][264]LogModuleManager: Shutting down and abandoning module MobileLauncherProfileWizard (302)
[2017.11.13-15.04.39:971][264]LogModuleManager: Shutting down and abandoning module VisualStudioSourceCodeAccess (300)
[2017.11.13-15.04.39:971][264]LogModuleManager: Shutting down and abandoning module VisualStudioCodeSourceCodeAccess (298)
[2017.11.13-15.04.39:971][264]LogModuleManager: Shutting down and abandoning module UObjectPlugin (296)
[2017.11.13-15.04.39:971][264]LogModuleManager: Shutting down and abandoning module SubversionSourceControl (294)
[2017.11.13-15.04.39:971][264]LogModuleManager: Shutting down and abandoning module PerforceSourceControl (292)
[2017.11.13-15.04.39:971][264]LogModuleManager: Shutting down and abandoning module GitSourceControl (290)
[2017.11.13-15.04.39:971][264]LogModuleManager: Shutting down and abandoning module SourceControl (289)
[2017.11.13-15.04.39:972][264]LogModuleManager: Shutting down and abandoning module LightPropagationVolumeEditor (286)
[2017.11.13-15.04.39:972][264]LogModuleManager: Shutting down and abandoning module PaperTiledImporter (284)
[2017.11.13-15.04.39:972][264]LogModuleManager: Shutting down and abandoning module PaperSpriteSheetImporter (282)
[2017.11.13-15.04.39:972][264]LogModuleManager: Shutting down and abandoning module Paper2DEditor (280)
[2017.11.13-15.04.39:972][264]LogModuleManager: Shutting down and abandoning module MeshPaint (279)
[2017.11.13-15.04.39:972][264]LogModuleManager: Shutting down and abandoning module LevelEditor (277)
[2017.11.13-15.04.39:974][264]LogModuleManager: Shutting down and abandoning module PixelInspectorModule (276)
[2017.11.13-15.04.39:974][264]LogModuleManager: Shutting down and abandoning module MainFrame (274)
[2017.11.13-15.04.39:974][264]LogModuleManager: Shutting down and abandoning module HotReload (273)
[2017.11.13-15.04.39:975][264]LogModuleManager: Shutting down and abandoning module RuntimePhysXCooking (268)
[2017.11.13-15.04.39:975][264]LogModuleManager: Shutting down and abandoning module PhysXVehiclesEditor (266)
[2017.11.13-15.04.39:975][264]LogModuleManager: Shutting down and abandoning module PhysXVehicles (264)
[2017.11.13-15.04.39:975][264]LogModuleManager: Shutting down and abandoning module OculusEditor (262)
[2017.11.13-15.04.39:975][264]LogModuleManager: Shutting down and abandoning module LocationServicesBPLibrary (260)
[2017.11.13-15.04.39:975][264]LogModuleManager: Shutting down and abandoning module ImmediatePhysicsEditor (258)
[2017.11.13-15.04.39:975][264]LogModuleManager: Shutting down and abandoning module ImmediatePhysics (256)
[2017.11.13-15.04.39:975][264]LogModuleManager: Shutting down and abandoning module UdpMessaging (254)
[2017.11.13-15.04.40:075][264]LogModuleManager: Shutting down and abandoning module TcpMessaging (252)
[2017.11.13-15.04.40:175][264]LogModuleManager: Shutting down and abandoning module GameplayTagsEditor (250)
[2017.11.13-15.04.40:175][264]LogModuleManager: Shutting down and abandoning module FacialAnimationEditor (248)
[2017.11.13-15.04.40:175][264]LogModuleManager: Shutting down and abandoning module FacialAnimation (246)
[2017.11.13-15.04.40:175][264]LogModuleManager: Shutting down and abandoning module AssetManagerEditor (244)
[2017.11.13-15.04.40:175][264]LogModuleManager: Shutting down and abandoning module GraphEditor (243)
[2017.11.13-15.04.40:175][264]LogModuleManager: Shutting down and abandoning module ContentBrowser (241)
[2017.11.13-15.04.40:177][264]LogModuleManager: Shutting down and abandoning module LightPropagationVolumeRuntime (238)
[2017.11.13-15.04.40:177][264]LogModuleManager: Shutting down and abandoning module Paper2D (236)
[2017.11.13-15.04.40:177][264]LogModuleManager: Shutting down and abandoning module WindowsMoviePlayer (234)
[2017.11.13-15.04.40:177][264]LogModuleManager: Shutting down and abandoning module WmfMedia (232)
[2017.11.13-15.04.40:178][264]LogModuleManager: Shutting down and abandoning module ImgMedia (230)
[2017.11.13-15.04.40:178][264]LogModuleManager: Shutting down and abandoning module PacketHandler (228)
[2017.11.13-15.04.40:178][264]LogModuleManager: Shutting down and abandoning module ClothingSystemEditor (226)
[2017.11.13-15.04.40:178][264]LogModuleManager: Shutting down and abandoning module ClothingSystemRuntime (224)
[2017.11.13-15.04.40:179][264]LogModuleManager: Shutting down and abandoning module MediaAssets (222)
[2017.11.13-15.04.40:179][264]LogModuleManager: Shutting down and abandoning module Media (221)
[2017.11.13-15.04.40:184][264]LogModuleManager: Shutting down and abandoning module Overlay (218)
[2017.11.13-15.04.40:184][264]LogModuleManager: Shutting down and abandoning module OverlayEditor (217)
[2017.11.13-15.04.40:184][264]LogModuleManager: Shutting down and abandoning module VREditor (214)
[2017.11.13-15.04.40:184][264]LogModuleManager: Shutting down and abandoning module StringTableEditor (212)
[2017.11.13-15.04.40:184][264]LogModuleManager: Shutting down and abandoning module GameplayTasksEditor (210)
[2017.11.13-15.04.40:184][264]LogModuleManager: Shutting down and abandoning module BehaviorTreeEditor (208)
[2017.11.13-15.04.40:185][264]LogModuleManager: Shutting down and abandoning module FunctionalTesting (206)
[2017.11.13-15.04.40:185][264]LogModuleManager: Shutting down and abandoning module CollisionAnalyzer (204)
[2017.11.13-15.04.40:185][264]LogModuleManager: Shutting down and abandoning module WorkspaceMenuStructure (203)
[2017.11.13-15.04.40:185][264]LogModuleManager: Shutting down and abandoning module UMG (200)
[2017.11.13-15.04.40:185][264]LogModuleManager: Shutting down and abandoning module UMGEditor (199)
[2017.11.13-15.04.40:185][264]LogModuleManager: Shutting down and abandoning module Sequencer (198)
[2017.11.13-15.04.40:185][264]LogModuleManager: Shutting down and abandoning module MessageLog (195)
[2017.11.13-15.04.40:185][264]LogModuleManager: Shutting down and abandoning module SlateReflector (190)
[2017.11.13-15.04.40:186][264]LogModuleManager: Shutting down and abandoning module Slate (188)
[2017.11.13-15.04.40:186][264]LogModuleManager: Shutting down and abandoning module EditorStyle (186)
[2017.11.13-15.04.40:191][264]LogModuleManager: Shutting down and abandoning module MRMesh (184)
[2017.11.13-15.04.40:191][264]LogModuleManager: Shutting down and abandoning module SourceCodeAccess (182)
[2017.11.13-15.04.40:191][264]LogModuleManager: Shutting down and abandoning module HeadMountedDisplay (180)
[2017.11.13-15.04.40:191][264]LogModuleManager: Shutting down and abandoning module XAudio2 (178)
[2017.11.13-15.04.40:191][264]LogModuleManager: Shutting down and abandoning module Networking (176)
[2017.11.13-15.04.40:191][264]LogModuleManager: Shutting down and abandoning module Core (172)
[2017.11.13-15.04.40:191][264]LogModuleManager: Shutting down and abandoning module LevelSequence (168)
[2017.11.13-15.04.40:191][264]LogModuleManager: Shutting down and abandoning module DirectoryWatcher (166)
[2017.11.13-15.04.40:194][264]LogModuleManager: Shutting down and abandoning module KismetCompiler (164)
[2017.11.13-15.04.40:194][264]LogModuleManager: Shutting down and abandoning module MeshUtilities (162)
[2017.11.13-15.04.40:194][264]LogModuleManager: Shutting down and abandoning module MeshMergeUtilities (161)
[2017.11.13-15.04.40:194][264]LogModuleManager: Shutting down and abandoning module MeshReductionInterface (160)
[2017.11.13-15.04.40:194][264]LogModuleManager: Shutting down and abandoning module SimplygonSwarm (159)
[2017.11.13-15.04.40:194][264]LogModuleManager: Shutting down and abandoning module SimplygonMeshReduction (157)
[2017.11.13-15.04.40:194][264]LogModuleManager: Shutting down and abandoning module QuadricMeshReduction (155)
[2017.11.13-15.04.40:194][264]LogModuleManager: Shutting down and abandoning module MaterialBaking (151)
[2017.11.13-15.04.40:194][264]LogModuleManager: Shutting down and abandoning module DerivedDataCache (148)
[2017.11.13-15.04.40:230][264]LogDerivedDataCache: Shutdown
[2017.11.13-15.04.40:230][264]LogModuleManager: Shutting down and abandoning module TargetPlatform (146)
[2017.11.13-15.04.40:230][264]LogModuleManager: Shutting down and abandoning module VulkanShaderFormat (145)
[2017.11.13-15.04.40:231][264]LogModuleManager: Shutting down and abandoning module ShaderFormatVectorVM (143)
[2017.11.13-15.04.40:231][264]LogModuleManager: Shutting down and abandoning module ShaderFormatOpenGL (141)
[2017.11.13-15.04.40:231][264]LogModuleManager: Shutting down and abandoning module ShaderFormatD3D (139)
[2017.11.13-15.04.40:231][264]LogModuleManager: Shutting down and abandoning module MetalShaderFormat (137)
[2017.11.13-15.04.40:231][264]LogModuleManager: Shutting down and abandoning module TextureFormatUncompressed (135)
[2017.11.13-15.04.40:231][264]LogModuleManager: Shutting down and abandoning module TextureFormatPVR (133)
[2017.11.13-15.04.40:231][264]LogModuleManager: Shutting down and abandoning module TextureFormatDXT (131)
[2017.11.13-15.04.40:231][264]LogModuleManager: Shutting down and abandoning module TextureFormatIntelISPCTexComp (129)
[2017.11.13-15.04.40:231][264]LogModuleManager: Shutting down and abandoning module TextureFormatASTC (127)
[2017.11.13-15.04.40:231][264]LogModuleManager: Shutting down and abandoning module ImageWrapper (126)
[2017.11.13-15.04.40:231][264]LogModuleManager: Shutting down and abandoning module TextureFormatAndroid (123)
[2017.11.13-15.04.40:231][264]LogModuleManager: Shutting down and abandoning module AudioFormatOpus (121)
[2017.11.13-15.04.40:231][264]LogModuleManager: Shutting down and abandoning module AudioFormatOgg (119)
[2017.11.13-15.04.40:231][264]LogModuleManager: Shutting down and abandoning module AudioFormatADPCM (117)
[2017.11.13-15.04.40:231][264]LogModuleManager: Shutting down and abandoning module LinuxTargetPlatform (115)
[2017.11.13-15.04.40:231][264]LogModuleManager: Shutting down and abandoning module LinuxServerTargetPlatform (113)
[2017.11.13-15.04.40:231][264]LogModuleManager: Shutting down and abandoning module LinuxNoEditorTargetPlatform (111)
[2017.11.13-15.04.40:231][264]LogModuleManager: Shutting down and abandoning module LinuxClientTargetPlatform (109)
[2017.11.13-15.04.40:231][264]LogModuleManager: Shutting down and abandoning module TVOSTargetPlatform (107)
[2017.11.13-15.04.40:231][264]LogModuleManager: Shutting down and abandoning module Messaging (105)
[2017.11.13-15.04.40:231][264]LogModuleManager: Shutting down and abandoning module IOSTargetPlatform (103)
[2017.11.13-15.04.40:231][264]LogModuleManager: Shutting down and abandoning module HTML5TargetPlatform (101)
[2017.11.13-15.04.40:231][264]LogModuleManager: Shutting down and abandoning module AndroidTargetPlatform (99)
[2017.11.13-15.04.40:231][264]LogModuleManager: Shutting down and abandoning module Android_PVRTCTargetPlatform (97)
[2017.11.13-15.04.40:231][264]LogModuleManager: Shutting down and abandoning module Android_MultiTargetPlatform (95)
[2017.11.13-15.04.40:231][264]LogModuleManager: Shutting down and abandoning module Android_ETC2TargetPlatform (93)
[2017.11.13-15.04.40:231][264]LogModuleManager: Shutting down and abandoning module Android_ETC1TargetPlatform (91)
[2017.11.13-15.04.40:231][264]LogModuleManager: Shutting down and abandoning module Android_DXTTargetPlatform (89)
[2017.11.13-15.04.40:231][264]LogModuleManager: Shutting down and abandoning module Android_ATCTargetPlatform (87)
[2017.11.13-15.04.40:232][264]LogModuleManager: Shutting down and abandoning module Android_ASTCTargetPlatform (85)
[2017.11.13-15.04.40:232][264]LogModuleManager: Shutting down and abandoning module WindowsTargetPlatform (83)
[2017.11.13-15.04.40:232][264]LogModuleManager: Shutting down and abandoning module WindowsServerTargetPlatform (81)
[2017.11.13-15.04.40:232][264]LogModuleManager: Shutting down and abandoning module WindowsNoEditorTargetPlatform (79)
[2017.11.13-15.04.40:232][264]LogModuleManager: Shutting down and abandoning module WindowsClientTargetPlatform (77)
[2017.11.13-15.04.40:232][264]LogModuleManager: Shutting down and abandoning module MacTargetPlatform (75)
[2017.11.13-15.04.40:232][264]LogModuleManager: Shutting down and abandoning module MacServerTargetPlatform (73)
[2017.11.13-15.04.40:232][264]LogModuleManager: Shutting down and abandoning module MacNoEditorTargetPlatform (71)
[2017.11.13-15.04.40:232][264]LogModuleManager: Shutting down and abandoning module MacClientTargetPlatform (69)
[2017.11.13-15.04.40:232][264]LogModuleManager: Shutting down and abandoning module AllDesktopTargetPlatform (67)
[2017.11.13-15.04.40:232][264]LogModuleManager: Shutting down and abandoning module InputCore (64)
[2017.11.13-15.04.40:232][264]LogModuleManager: Shutting down and abandoning module Settings (62)
[2017.11.13-15.04.40:232][264]LogModuleManager: Shutting down and abandoning module PhysXCooking (60)
[2017.11.13-15.04.40:232][264]LogModuleManager: Shutting down and abandoning module SteamVR (58)
[2017.11.13-15.04.40:232][264]LogModuleManager: Shutting down and abandoning module OculusHMD (56)
[2017.11.13-15.04.40:232][264]LogModuleManager: Shutting down and abandoning module ExampleDeviceProfileSelector (54)
[2017.11.13-15.04.40:232][264]LogModuleManager: Shutting down and abandoning module AppleARKit (52)
[2017.11.13-15.04.40:232][264]LogModuleManager: Shutting down and abandoning module AugmentedReality (51)
[2017.11.13-15.04.40:232][264]LogModuleManager: Shutting down and abandoning module OnlineBlueprintSupport (48)
[2017.11.13-15.04.40:232][264]LogModuleManager: Shutting down and abandoning module OnlineSubsystem (44)
[2017.11.13-15.04.40:232][264]LogModuleManager: Shutting down and abandoning module XMPP (43)
[2017.11.13-15.04.40:233][264]LogModuleManager: Shutting down and abandoning module HTTP (41)
[2017.11.13-15.04.40:233][264]LogHttp: Display: Http module shutting down, but needs to wait on 1 outstanding Http requests:
[2017.11.13-15.04.40:233][264]LogHttp: Display: 	verb=[POST] url=[https://datarouter.ol.epicgames.com/datarouter/api/v1/public/data?SessionID=%7B080ABC77-4F01-4F99-A877-ADA6DD04046E%7D&AppID=UEEditor.Rocket.Release&AppVersion=4.18.0-3709383%2B%2B%2BUE4%2BRelease-4.18&UserID=4f0a3a99469ca09abd37c3ace8bc4d91%7C38ce983a56b349eea0381e2250859ea7%7Cba7f5408-d561-49f1-9b7d-e9be7995aa9d&AppEnvironment=datacollector-binary&UploadType=eteventstream] status=Processing
[2017.11.13-15.04.40:263][264]LogModuleManager: Shutting down and abandoning module SSL (40)
[2017.11.13-15.04.40:265][264]LogModuleManager: Shutting down and abandoning module AnimationModifiers (36)
[2017.11.13-15.04.40:265][264]LogModuleManager: Shutting down and abandoning module PropertyEditor (35)
[2017.11.13-15.04.40:265][264]LogModuleManager: Shutting down and abandoning module AudioEditor (32)
[2017.11.13-15.04.40:265][264]LogModuleManager: Shutting down and abandoning module TextureCompressor (30)
[2017.11.13-15.04.40:266][264]LogModuleManager: Shutting down and abandoning module ShaderCore (28)
[2017.11.13-15.04.40:266][264]LogModuleManager: Shutting down and abandoning module Landscape (26)
[2017.11.13-15.04.40:266][264]LogModuleManager: Shutting down and abandoning module SlateRHIRenderer (24)
[2017.11.13-15.04.40:268][264]LogModuleManager: Shutting down and abandoning module OpenGLDrv (22)
[2017.11.13-15.04.40:268][264]LogModuleManager: Shutting down and abandoning module D3D11RHI (20)
[2017.11.13-15.04.40:268][264]LogModuleManager: Shutting down and abandoning module AnimGraphRuntime (18)
[2017.11.13-15.04.40:268][264]LogModuleManager: Shutting down and abandoning module Renderer (16)
[2017.11.13-15.04.40:268][264]LogModuleManager: Shutting down and abandoning module Engine (14)
[2017.11.13-15.04.40:268][264]LogModuleManager: Shutting down and abandoning module CoreUObject (12)
[2017.11.13-15.04.40:268][264]LogModuleManager: Shutting down and abandoning module NetworkFile (10)
[2017.11.13-15.04.40:268][264]LogModuleManager: Shutting down and abandoning module CookedIterativeFile (8)
[2017.11.13-15.04.40:268][264]LogModuleManager: Shutting down and abandoning module StreamingFile (6)
[2017.11.13-15.04.40:268][264]LogModuleManager: Shutting down and abandoning module SandboxFile (4)
[2017.11.13-15.04.40:268][264]LogModuleManager: Shutting down and abandoning module PakFile (2)
[2017.11.13-15.04.40:271][264]LogExit: Exiting.
[2017.11.13-15.04.40:274][264]Log file closed, 11/13/17 10:04:40
