Log file open, 11/27/17 22:48:07
LogWindows: Failed to load 'aqProf.dll' (GetLastError=126)
LogWindows: File 'aqProf.dll' does not exist
LogWindows: Failed to load 'VSPerf140.dll' (GetLastError=126)
LogWindows: File 'VSPerf140.dll' does not exist
LogWindows: Failed to load 'VtuneApi.dll' (GetLastError=126)
LogWindows: File 'VtuneApi.dll' does not exist
LogWindows: Failed to load 'VtuneApi32e.dll' (GetLastError=126)
LogWindows: File 'VtuneApi32e.dll' does not exist
LogInit: Display: Running engine for game: Grid1
LogPlatformFile: Not using cached read wrapper
LogInit: Display: RandInit(971175493) SRandInit(971175493).
LogInit: Read version file with build ID '3709383'
LogInit: Overriding engine version to CL 3754814, compatible CL 3709383
LogInit: Registered custom module enumerator with build ID '3709383'
LogTaskGraph: Started task graph with 5 named threads and 14 total threads with 3 sets of task threads.
LogStats: Stats thread started at 0.164476
LogD3D11RHI: Aftermath initialized
LogModuleManager: Display: Found up-to-date module file ../../../Engine/Plugins/2D/Paper2D/Binaries/Win64/UE4Editor-Paper2D.dll (API version 3709383).
LogModuleManager: Display: Found up-to-date module file ../../../Engine/Plugins/2D/Paper2D/Binaries/Win64/UE4Editor-Paper2DEditor.dll (API version 3709383).
LogModuleManager: Display: Found up-to-date module file ../../../Engine/Plugins/2D/Paper2D/Binaries/Win64/UE4Editor-PaperSpriteSheetImporter.dll (API version 3709383).
LogModuleManager: Display: Found up-to-date module file ../../../Engine/Plugins/2D/Paper2D/Binaries/Win64/UE4Editor-PaperTiledImporter.dll (API version 3709383).
LogModuleManager: Display: Found up-to-date module file ../../../Engine/Plugins/2D/Paper2D/Binaries/Win64/UE4Editor-SmartSnapping.dll (API version 3709383).
LogModuleManager: Display: Found up-to-date module file ../../../Engine/Plugins/Blendables/LightPropagationVolume/Binaries/Win64/UE4Editor-LightPropagationVolumeRuntime.dll (API version 3709383).
LogModuleManager: Display: Found up-to-date module file ../../../Engine/Plugins/Blendables/LightPropagationVolume/Binaries/Win64/UE4Editor-LightPropagationVolumeEditor.dll (API version 3709383).
LogModuleManager: Display: Found up-to-date module file ../../../Engine/Plugins/Developer/GitSourceControl/Binaries/Win64/UE4Editor-GitSourceControl.dll (API version 3709383).
LogModuleManager: Display: Found up-to-date module file ../../../Engine/Plugins/Developer/PerforceSourceControl/Binaries/Win64/UE4Editor-PerforceSourceControl.dll (API version 3709383).
LogModuleManager: Display: Found up-to-date module file ../../../Engine/Plugins/Developer/SubversionSourceControl/Binaries/Win64/UE4Editor-SubversionSourceControl.dll (API version 3709383).
LogModuleManager: Display: Found up-to-date module file ../../../Engine/Plugins/Developer/UObjectPlugin/Binaries/Win64/UE4Editor-UObjectPlugin.dll (API version 3709383).
LogModuleManager: Display: Found up-to-date module file ../../../Engine/Plugins/Developer/VisualStudioCodeSourceCodeAccess/Binaries/Win64/UE4Editor-VisualStudioCodeSourceCodeAccess.dll (API version 3709383).
LogModuleManager: Display: Found up-to-date module file ../../../Engine/Plugins/Developer/VisualStudioSourceCodeAccess/Binaries/Win64/UE4Editor-VisualStudioSourceCodeAccess.dll (API version 3709383).
LogModuleManager: Display: Found up-to-date module file ../../../Engine/Plugins/Editor/AssetManagerEditor/Binaries/Win64/UE4Editor-AssetManagerEditor.dll (API version 3709383).
LogModuleManager: Display: Found up-to-date module file ../../../Engine/Plugins/Editor/AudioCapture/Binaries/Win64/UE4Editor-AudioCapture.dll (API version 3709383).
LogModuleManager: Display: Found up-to-date module file ../../../Engine/Plugins/Editor/FacialAnimation/Binaries/Win64/UE4Editor-FacialAnimation.dll (API version 3709383).
LogModuleManager: Display: Found up-to-date module file ../../../Engine/Plugins/Editor/FacialAnimation/Binaries/Win64/UE4Editor-FacialAnimationEditor.dll (API version 3709383).
LogModuleManager: Display: Found up-to-date module file ../../../Engine/Plugins/Editor/GameplayTagsEditor/Binaries/Win64/UE4Editor-GameplayTagsEditor.dll (API version 3709383).
LogModuleManager: Display: Found up-to-date module file ../../../Engine/Plugins/Editor/MobileLauncherProfileWizard/Binaries/Win64/UE4Editor-MobileLauncherProfileWizard.dll (API version 3709383).
LogModuleManager: Display: Found up-to-date module file ../../../Engine/Plugins/Editor/PluginBrowser/Binaries/Win64/UE4Editor-PluginBrowser.dll (API version 3709383).
LogModuleManager: Display: Found up-to-date module file ../../../Engine/Plugins/Editor/SpeedTreeImporter/Binaries/Win64/UE4Editor-SpeedTreeImporter.dll (API version 3709383).
LogModuleManager: Display: Found up-to-date module file ../../../Engine/Plugins/Experimental/AlembicImporter/Binaries/Win64/UE4Editor-AlembicImporter.dll (API version 3709383).
LogModuleManager: Display: Found up-to-date module file ../../../Engine/Plugins/Experimental/AlembicImporter/Binaries/Win64/UE4Editor-AlembicLibrary.dll (API version 3709383).
LogModuleManager: Display: Found up-to-date module file ../../../Engine/Plugins/Experimental/CharacterAI/Binaries/Win64/UE4Editor-CharacterAI.dll (API version 3709383).
LogModuleManager: Display: Found up-to-date module file ../../../Engine/Plugins/Experimental/HTML5Networking/Binaries/Win64/UE4Editor-HTML5Networking.dll (API version 3709383).
LogModuleManager: Display: Found up-to-date module file ../../../Engine/Plugins/Media/AndroidMedia/Binaries/Win64/UE4Editor-AndroidMediaEditor.dll (API version 3709383).
LogModuleManager: Display: Found up-to-date module file ../../../Engine/Plugins/Media/AndroidMedia/Binaries/Win64/UE4Editor-AndroidMediaFactory.dll (API version 3709383).
LogModuleManager: Display: Found up-to-date module file ../../../Engine/Plugins/Media/AvfMedia/Binaries/Win64/UE4Editor-AvfMediaEditor.dll (API version 3709383).
LogModuleManager: Display: Found up-to-date module file ../../../Engine/Plugins/Media/AvfMedia/Binaries/Win64/UE4Editor-AvfMediaFactory.dll (API version 3709383).
LogModuleManager: Display: Found up-to-date module file ../../../Engine/Plugins/Media/AvfMedia/Binaries/Win64/UE4Editor-AvfMediaFactory.dll (API version 3709383).
LogModuleManager: Display: Found up-to-date module file ../../../Engine/Plugins/Media/ImgMedia/Binaries/Win64/UE4Editor-ImgMedia.dll (API version 3709383).
LogModuleManager: Display: Found up-to-date module file ../../../Engine/Plugins/Media/ImgMedia/Binaries/Win64/UE4Editor-ImgMediaEditor.dll (API version 3709383).
LogModuleManager: Display: Found up-to-date module file ../../../Engine/Plugins/Media/ImgMedia/Binaries/Win64/UE4Editor-ImgMediaFactory.dll (API version 3709383).
LogModuleManager: Display: Found up-to-date module file ../../../Engine/Plugins/Media/ImgMedia/Binaries/Win64/UE4Editor-ImgMediaFactory.dll (API version 3709383).
LogModuleManager: Display: Found up-to-date module file ../../../Engine/Plugins/Media/ImgMedia/Binaries/Win64/UE4Editor-OpenExrWrapper.dll (API version 3709383).
LogModuleManager: Display: Found up-to-date module file ../../../Engine/Plugins/Media/MediaCompositing/Binaries/Win64/UE4Editor-MediaCompositing.dll (API version 3709383).
LogModuleManager: Display: Found up-to-date module file ../../../Engine/Plugins/Media/MediaCompositing/Binaries/Win64/UE4Editor-MediaCompositingEditor.dll (API version 3709383).
LogModuleManager: Display: Found up-to-date module file ../../../Engine/Plugins/Media/MediaPlayerEditor/Binaries/Win64/UE4Editor-MediaPlayerEditor.dll (API version 3709383).
LogModuleManager: Display: Found up-to-date module file ../../../Engine/Plugins/Media/WmfMedia/Binaries/Win64/UE4Editor-WmfMedia.dll (API version 3709383).
LogModuleManager: Display: Found up-to-date module file ../../../Engine/Plugins/Media/WmfMedia/Binaries/Win64/UE4Editor-WmfMediaEditor.dll (API version 3709383).
LogModuleManager: Display: Found up-to-date module file ../../../Engine/Plugins/Media/WmfMedia/Binaries/Win64/UE4Editor-WmfMediaFactory.dll (API version 3709383).
LogModuleManager: Display: Found up-to-date module file ../../../Engine/Plugins/Media/WmfMedia/Binaries/Win64/UE4Editor-WmfMediaFactory.dll (API version 3709383).
LogModuleManager: Display: Found up-to-date module file ../../../Engine/Plugins/Messaging/TcpMessaging/Binaries/Win64/UE4Editor-TcpMessaging.dll (API version 3709383).
LogModuleManager: Display: Found up-to-date module file ../../../Engine/Plugins/Messaging/UdpMessaging/Binaries/Win64/UE4Editor-UdpMessaging.dll (API version 3709383).
LogModuleManager: Display: Found up-to-date module file ../../../Engine/Plugins/MovieScene/ActorSequence/Binaries/Win64/UE4Editor-ActorSequence.dll (API version 3709383).
LogModuleManager: Display: Found up-to-date module file ../../../Engine/Plugins/MovieScene/LevelSequenceEditor/Binaries/Win64/UE4Editor-LevelSequenceEditor.dll (API version 3709383).
LogModuleManager: Display: Found up-to-date module file ../../../Engine/Plugins/MovieScene/MatineeToLevelSequence/Binaries/Win64/UE4Editor-MatineeToLevelSequence.dll (API version 3709383).
LogModuleManager: Display: Found up-to-date module file ../../../Engine/Plugins/Online/OnlineSubsystem/Binaries/Win64/UE4Editor-OnlineSubsystem.dll (API version 3709383).
LogModuleManager: Display: Found up-to-date module file ../../../Engine/Plugins/Runtime/AndroidPermission/Binaries/Win64/UE4Editor-AndroidPermission.dll (API version 3709383).
LogModuleManager: Display: Found up-to-date module file ../../../Engine/Plugins/Online/OnlineSubsystemNull/Binaries/Win64/UE4Editor-OnlineSubsystemNull.dll (API version 3709383).
LogModuleManager: Display: Found up-to-date module file ../../../Engine/Plugins/Online/OnlineSubsystemUtils/Binaries/Win64/UE4Editor-OnlineSubsystemUtils.dll (API version 3709383).
LogModuleManager: Display: Found up-to-date module file ../../../Engine/Plugins/Online/OnlineSubsystemUtils/Binaries/Win64/UE4Editor-OnlineBlueprintSupport.dll (API version 3709383).
LogModuleManager: Display: Found up-to-date module file ../../../Engine/Plugins/Runtime/AndroidDeviceProfileSelector/Binaries/Win64/UE4Editor-AndroidDeviceProfileSelector.dll (API version 3709383).
LogModuleManager: Display: Found up-to-date module file ../../../Engine/Plugins/Runtime/AppleARKit/Binaries/Win64/UE4Editor-AppleARKit.dll (API version 3709383).
LogModuleManager: Display: Found up-to-date module file ../../../Engine/Plugins/Runtime/ArchVisCharacter/Binaries/Win64/UE4Editor-ArchVisCharacter.dll (API version 3709383).
LogModuleManager: Display: Found up-to-date module file ../../../Engine/Plugins/Runtime/CableComponent/Binaries/Win64/UE4Editor-CableComponent.dll (API version 3709383).
LogModuleManager: Display: Found up-to-date module file ../../../Engine/Plugins/Runtime/CustomMeshComponent/Binaries/Win64/UE4Editor-CustomMeshComponent.dll (API version 3709383).
LogModuleManager: Display: Found up-to-date module file ../../../Engine/Plugins/Runtime/ExampleDeviceProfileSelector/Binaries/Win64/UE4Editor-ExampleDeviceProfileSelector.dll (API version 3709383).
LogModuleManager: Display: Found up-to-date module file ../../../Engine/Plugins/Runtime/ImmediatePhysics/Binaries/Win64/UE4Editor-ImmediatePhysics.dll (API version 3709383).
LogModuleManager: Display: Found up-to-date module file ../../../Engine/Plugins/Runtime/ImmediatePhysics/Binaries/Win64/UE4Editor-ImmediatePhysicsEditor.dll (API version 3709383).
LogModuleManager: Display: Found up-to-date module file ../../../Engine/Plugins/Runtime/LocationServicesBPLibrary/Binaries/Win64/UE4Editor-LocationServicesBPLibrary.dll (API version 3709383).
LogModuleManager: Display: Found up-to-date module file ../../../Engine/Plugins/Runtime/MobilePatchingUtils/Binaries/Win64/UE4Editor-MobilePatchingUtils.dll (API version 3709383).
LogModuleManager: Display: Found up-to-date module file ../../../Engine/Plugins/Runtime/Oculus/OculusVR/Binaries/Win64/UE4Editor-OculusHMD.dll (API version 3709383).
LogModuleManager: Display: Found up-to-date module file ../../../Engine/Plugins/Runtime/Oculus/OculusVR/Binaries/Win64/UE4Editor-OculusInput.dll (API version 3709383).
LogModuleManager: Display: Found up-to-date module file ../../../Engine/Plugins/Runtime/Oculus/OculusVR/Binaries/Win64/UE4Editor-OculusEditor.dll (API version 3709383).
LogModuleManager: Display: Found up-to-date module file ../../../Engine/Plugins/Runtime/PhysXVehicles/Binaries/Win64/UE4Editor-PhysXVehicles.dll (API version 3709383).
LogModuleManager: Display: Found up-to-date module file ../../../Engine/Plugins/Runtime/PhysXVehicles/Binaries/Win64/UE4Editor-PhysXVehiclesEditor.dll (API version 3709383).
LogModuleManager: Display: Found up-to-date module file ../../../Engine/Plugins/Runtime/ProceduralMeshComponent/Binaries/Win64/UE4Editor-ProceduralMeshComponent.dll (API version 3709383).
LogModuleManager: Display: Found up-to-date module file ../../../Engine/Plugins/Runtime/ProceduralMeshComponent/Binaries/Win64/UE4Editor-ProceduralMeshComponentEditor.dll (API version 3709383).
LogModuleManager: Display: Found up-to-date module file ../../../Engine/Plugins/Runtime/RuntimePhysXCooking/Binaries/Win64/UE4Editor-RuntimePhysXCooking.dll (API version 3709383).
LogModuleManager: Display: Found up-to-date module file ../../../Engine/Plugins/Runtime/Steam/SteamVR/Binaries/Win64/UE4Editor-SteamVR.dll (API version 3709383).
LogModuleManager: Display: Found up-to-date module file ../../../Engine/Plugins/Runtime/Steam/SteamVR/Binaries/Win64/UE4Editor-SteamVRController.dll (API version 3709383).
LogModuleManager: Display: Found up-to-date module file ../../../Engine/Plugins/Runtime/WindowsMoviePlayer/Binaries/Win64/UE4Editor-WindowsMoviePlayer.dll (API version 3709383).
LogPluginManager: Mounting plugin Paper2D
LogPluginManager: Mounting plugin LightPropagationVolume
LogPluginManager: Mounting plugin CodeLiteSourceCodeAccess
LogPluginManager: Mounting plugin GitSourceControl
LogPluginManager: Mounting plugin KDevelopSourceCodeAccess
LogPluginManager: Mounting plugin NullSourceCodeAccess
LogPluginManager: Mounting plugin PerforceSourceControl
LogPluginManager: Mounting plugin SubversionSourceControl
LogPluginManager: Mounting plugin UObjectPlugin
LogPluginManager: Mounting plugin VisualStudioCodeSourceCodeAccess
LogPluginManager: Mounting plugin VisualStudioSourceCodeAccess
LogPluginManager: Mounting plugin XCodeSourceCodeAccess
LogPluginManager: Mounting plugin AssetManagerEditor
LogPluginManager: Mounting plugin AudioCapture
LogPluginManager: Mounting plugin FacialAnimation
LogPluginManager: Mounting plugin GameplayTagsEditor
LogPluginManager: Mounting plugin MobileLauncherProfileWizard
LogPluginManager: Mounting plugin PluginBrowser
LogPluginManager: Mounting plugin SpeedTreeImporter
LogPluginManager: Mounting plugin AlembicImporter
LogPluginManager: Mounting plugin CharacterAI
LogPluginManager: Mounting plugin HTML5Networking
LogPluginManager: Mounting plugin AndroidMedia
LogPluginManager: Mounting plugin AvfMedia
LogPluginManager: Mounting plugin ImgMedia
LogPluginManager: Mounting plugin MediaCompositing
LogPluginManager: Mounting plugin MediaPlayerEditor
LogPluginManager: Mounting plugin WmfMedia
LogPluginManager: Mounting plugin TcpMessaging
LogPluginManager: Mounting plugin UdpMessaging
LogPluginManager: Mounting plugin ActorSequence
LogPluginManager: Mounting plugin LevelSequenceEditor
LogPluginManager: Mounting plugin MatineeToLevelSequence
LogPluginManager: Mounting plugin OnlineSubsystemGooglePlay
LogPluginManager: Mounting plugin OnlineSubsystemIOS
LogPluginManager: Mounting plugin OnlineSubsystem
LogPluginManager: Mounting plugin OnlineSubsystemNull
LogPluginManager: Mounting plugin OnlineSubsystemUtils
LogPluginManager: Mounting plugin AndroidDeviceProfileSelector
LogPluginManager: Mounting plugin AndroidMoviePlayer
LogPluginManager: Mounting plugin AndroidPermission
LogPluginManager: Mounting plugin AppleARKit
LogPluginManager: Mounting plugin AppleMoviePlayer
LogPluginManager: Mounting plugin ArchVisCharacter
LogPluginManager: Mounting plugin CableComponent
LogPluginManager: Mounting plugin CustomMeshComponent
LogPluginManager: Mounting plugin ExampleDeviceProfileSelector
LogPluginManager: Mounting plugin GoogleCloudMessaging
LogPluginManager: Mounting plugin ImmediatePhysics
LogPluginManager: Mounting plugin IOSDeviceProfileSelector
LogPluginManager: Mounting plugin LinuxDeviceProfileSelector
LogPluginManager: Mounting plugin LocationServicesBPLibrary
LogPluginManager: Mounting plugin MobilePatchingUtils
LogPluginManager: Mounting plugin OculusVR
LogPluginManager: Plugin shader directory ../../../Engine/Plugins/Runtime/Oculus/OculusVR/Shaders found
LogPluginManager: Mapping shader source directory ../../../Engine/Plugins/Runtime/Oculus/OculusVR/Shaders to virtual directory /Plugin/OculusVR
LogPluginManager: Mounting plugin PhysXVehicles
LogPluginManager: Mounting plugin ProceduralMeshComponent
LogPluginManager: Mounting plugin RuntimePhysXCooking
LogPluginManager: Mounting plugin SteamVR
LogPluginManager: Mounting plugin WindowsMoviePlayer
LogInit: Using libcurl 7.47.1
LogInit:  - built for x86_64-pc-win32
LogInit:  - supports SSL with OpenSSL/1.0.2g
LogInit:  - supports HTTP deflate (compression) using libz 1.2.8
LogInit:  - other features:
LogInit:      CURL_VERSION_SSL
LogInit:      CURL_VERSION_LIBZ
LogInit:      CURL_VERSION_IPV6
LogInit:      CURL_VERSION_ASYNCHDNS
LogInit:      CURL_VERSION_LARGEFILE
LogInit:      CURL_VERSION_IDN
LogInit:  CurlRequestOptions (configurable via config and command line):
LogInit:  - bVerifyPeer = false  - Libcurl will NOT verify peer certificate
LogInit:  - bUseHttpProxy = false  - Libcurl will NOT use HTTP proxy
LogInit:  - bDontReuseConnections = false  - Libcurl will reuse connections
LogInit:  - CertBundlePath = nullptr  - Libcurl will use whatever was configured at build time.
LogInit: Build: ++UE4+Release-4.18-CL-3754814
LogInit: Engine Version: 4.18.1-3754814+++UE4+Release-4.18
LogInit: Compatible Engine Version: 4.18.0-3709383+++UE4+Release-4.18
LogInit: Net CL: 3709383
LogDevObjectVersion: Number of dev versions registered: 16
LogDevObjectVersion:   Dev-Blueprints (B0D832E4-1F89-4F0D-ACCF-7EB736FD4AA2): 10
LogDevObjectVersion:   Dev-Build (E1C64328-A22C-4D53-A36C-8E866417BD8C): 0
LogDevObjectVersion:   Dev-Core (375EC13C-06E4-48FB-B500-84F0262A717E): 2
LogDevObjectVersion:   Dev-Editor (E4B068ED-F494-42E9-A231-DA0B2E46BB41): 20
LogDevObjectVersion:   Dev-Framework (CFFC743F-43B0-4480-9391-14DF171D2073): 30
LogDevObjectVersion:   Dev-Mobile (B02B49B5-BB20-44E9-A304-32B752E40360): 0
LogDevObjectVersion:   Dev-Networking (A4E4105C-59A1-49B5-A7C5-40C4547EDFEE): 0
LogDevObjectVersion:   Dev-Online (39C831C9-5AE6-47DC-9A44-9C173E1C8E7C): 0
LogDevObjectVersion:   Dev-Physics (78F01B33-EBEA-4F98-B9B4-84EACCB95AA2): 0
LogDevObjectVersion:   Dev-Platform (6631380F-2D4D-43E0-8009-CF276956A95A): 0
LogDevObjectVersion:   Dev-Rendering (12F88B9F-8875-4AFC-A67C-D90C383ABD29): 20
LogDevObjectVersion:   Dev-Sequencer (7B5AE74C-D270-4C10-A958-57980B212A5A): 4
LogDevObjectVersion:   Dev-VR (D7296918-1DD6-4BDD-9DE2-64A83CC13884): 0
LogDevObjectVersion:   Dev-LoadTimes (C2A15278-BFE7-4AFE-6C17-90FF531DF755): 1
LogDevObjectVersion:   Private-Geometry (6EACA3D4-40EC-4CC1-B786-8BED09428FC5): 1
LogDevObjectVersion:   Dev-AnimPhys (29E575DD-E0A3-4627-9D10-D276232CDCEA): 12
LogInit: Compiled (64-bit): Nov 14 2017 02:05:55
LogInit: Compiled with Visual C++: 19.00.24215.01
LogInit: Build Configuration: Development
LogInit: Branch Name: ++UE4+Release-4.18
LogInit: Command line:  
LogInit: Base directory: C:/Program Files/Epic Games/UE_4.18/Engine/Binaries/Win64/
LogInit: Installed Engine Build: 1
LogInit: Presizing for max 8388607 objects, including 0 objects not considered by GC, pre-allocating 0 bytes for permanent pool.
LogInit: Object subsystem initialized
[2017.11.28-03.48.08:499][  0]LogInit: Selected Device Profile: [Windows]
[2017.11.28-03.48.08:499][  0]LogInit: Applying CVar settings loaded from the selected device profile: [Windows]
[2017.11.28-03.48.08:512][  0]LogInit: Computer: DESKTOP-OJU3OU9
[2017.11.28-03.48.08:512][  0]LogInit: User: Andy
[2017.11.28-03.48.08:512][  0]LogInit: CPU Page size=4096, Cores=4
[2017.11.28-03.48.08:512][  0]LogInit: High frequency timer resolution =3.328125 MHz
[2017.11.28-03.48.08:512][  0]LogMemory: Memory total: Physical=15.9GB (16GB approx)
[2017.11.28-03.48.08:512][  0]LogMemory: Platform Memory Stats for Windows
[2017.11.28-03.48.08:512][  0]LogMemory: Process Physical Memory: 274.00 MB used, 274.00 MB peak
[2017.11.28-03.48.08:512][  0]LogMemory: Process Virtual Memory: 265.60 MB used, 265.60 MB peak
[2017.11.28-03.48.08:512][  0]LogMemory: Physical Memory: 2395.26 MB used,  13936.43 MB free, 16331.70 MB total
[2017.11.28-03.48.08:512][  0]LogMemory: Virtual Memory: 640.05 MB used,  13936.43 MB free, 134217728.00 MB total
[2017.11.28-03.48.08:640][  0]LogInit: Using OS detected language (en-US).
[2017.11.28-03.48.08:640][  0]LogInit: Using OS detected locale (en-US).
[2017.11.28-03.48.08:642][  0]LogTextLocalizationManager: No specific localization for 'en-US' exists, so the 'en' localization will be used.
[2017.11.28-03.48.09:048][  0]LogInit: Setting process to per monitor DPI aware
[2017.11.28-03.48.10:852][  0]LogD3D11RHI: D3D11 adapters:
[2017.11.28-03.48.10:895][  0]LogD3D11RHI:    0. 'NVIDIA GeForce GTX 1070' (Feature Level 11_0)
[2017.11.28-03.48.10:895][  0]LogD3D11RHI:       8081/0/8165 MB DedicatedVideo/DedicatedSystem/SharedSystem, Outputs:1, VendorId:0x10de
[2017.11.28-03.48.10:896][  0]LogD3D11RHI:    1. 'Microsoft Basic Render Driver' (Feature Level 11_0)
[2017.11.28-03.48.10:896][  0]LogD3D11RHI:       0/0/8165 MB DedicatedVideo/DedicatedSystem/SharedSystem, Outputs:0, VendorId:0x1414
[2017.11.28-03.48.10:896][  0]LogD3D11RHI: Chosen D3D11 Adapter: 0
[2017.11.28-03.48.10:899][  0]LogD3D11RHI: Creating new Direct3DDevice
[2017.11.28-03.48.10:899][  0]LogD3D11RHI:     GPU DeviceId: 0x1b81 (for the marketing name, search the web for "GPU Device Id")
[2017.11.28-03.48.10:899][  0]LogWindows: EnumDisplayDevices:
[2017.11.28-03.48.10:899][  0]LogWindows:    0. 'NVIDIA GeForce GTX 1070' (P:1 D:1)
[2017.11.28-03.48.10:899][  0]LogWindows:    1. 'NVIDIA GeForce GTX 1070' (P:0 D:0)
[2017.11.28-03.48.10:900][  0]LogWindows:    2. 'NVIDIA GeForce GTX 1070' (P:0 D:0)
[2017.11.28-03.48.10:900][  0]LogWindows:    3. 'NVIDIA GeForce GTX 1070' (P:0 D:0)
[2017.11.28-03.48.10:900][  0]LogWindows: DebugString: FoundDriverCount:4 
[2017.11.28-03.48.10:900][  0]LogD3D11RHI:     Adapter Name: NVIDIA GeForce GTX 1070
[2017.11.28-03.48.10:900][  0]LogD3D11RHI:   Driver Version: 385.69 (internal:22.21.13.8569, unified:385.69)
[2017.11.28-03.48.10:900][  0]LogD3D11RHI:      Driver Date: 9-16-2017
[2017.11.28-03.48.10:900][  0]LogRHI: Texture pool is 5656 MB (70% of 8081 MB)
[2017.11.28-03.48.10:927][  0]LogD3D11RHI: Async texture creation enabled
[2017.11.28-03.48.10:937][  0]LogD3D11RHI: GPU Timing Frequency: 1000.000000 (Debug: 2 1)
[2017.11.28-03.48.10:938][  0]LogShaderCompilers: Guid format shader working directory is 34 characters bigger than the processId version (D:/ue/grid/Intermediate/Shaders/WorkingDirectory/14100/).
[2017.11.28-03.48.10:938][  0]LogShaderCompilers: Cleaned the shader compiler working directory 'C:/Users/Andy/AppData/Local/Temp/UnrealShaderWorkingDir/D3A35D414457AA6960A0DEBAC1577E8C/'.
[2017.11.28-03.48.10:938][  0]LogShaderCompilers: Display: Using Local Shader Compiler.
[2017.11.28-03.48.12:281][  0]LogTemp: Display: Loaded TP AllDesktopTargetPlatform
[2017.11.28-03.48.12:321][  0]LogTemp: Display: Loaded TP MacClientTargetPlatform
[2017.11.28-03.48.12:362][  0]LogTemp: Display: Loaded TP MacNoEditorTargetPlatform
[2017.11.28-03.48.12:408][  0]LogTemp: Display: Loaded TP MacServerTargetPlatform
[2017.11.28-03.48.12:455][  0]LogTemp: Display: Loaded TP MacTargetPlatform
[2017.11.28-03.48.12:498][  0]LogTemp: Display: Loaded TP WindowsClientTargetPlatform
[2017.11.28-03.48.12:542][  0]LogTemp: Display: Loaded TP WindowsNoEditorTargetPlatform
[2017.11.28-03.48.12:585][  0]LogTemp: Display: Loaded TP WindowsServerTargetPlatform
[2017.11.28-03.48.12:622][  0]LogTemp: Display: Loaded TP WindowsTargetPlatform
[2017.11.28-03.48.12:665][  0]LogTemp: Display: Loaded TP Android_ASTCTargetPlatform
[2017.11.28-03.48.12:707][  0]LogTemp: Display: Loaded TP Android_ATCTargetPlatform
[2017.11.28-03.48.12:749][  0]LogTemp: Display: Loaded TP Android_DXTTargetPlatform
[2017.11.28-03.48.12:791][  0]LogTemp: Display: Loaded TP Android_ETC1TargetPlatform
[2017.11.28-03.48.12:832][  0]LogTemp: Display: Loaded TP Android_ETC2TargetPlatform
[2017.11.28-03.48.12:916][  0]LogTemp: Display: Loaded TP Android_MultiTargetPlatform
[2017.11.28-03.48.12:916][  0]LogTemp: Display: Loaded TP Android_PVRTCTargetPlatform
[2017.11.28-03.48.12:958][  0]LogTemp: Display: Loaded TP AndroidTargetPlatform
[2017.11.28-03.48.12:988][  0]LogTemp: Display: Loaded TP HTML5TargetPlatform
[2017.11.28-03.48.13:066][  0]LogTemp: Display: Loaded TP IOSTargetPlatform
[2017.11.28-03.48.13:089][  0]LogTemp: Display: Loaded TP TVOSTargetPlatform
[2017.11.28-03.48.13:128][  0]LogTemp: Display: Loaded TP LinuxClientTargetPlatform
[2017.11.28-03.48.13:166][  0]LogTemp: Display: Loaded TP LinuxNoEditorTargetPlatform
[2017.11.28-03.48.13:204][  0]LogTemp: Display: Loaded TP LinuxServerTargetPlatform
[2017.11.28-03.48.13:246][  0]LogTemp: Display: Loaded TP LinuxTargetPlatform
[2017.11.28-03.48.13:246][  0]LogTargetPlatformManager: Display: Building Assets For Windows
[2017.11.28-03.48.13:605][  0]LogDerivedDataCache: Display: Max Cache Size: 512 MB
[2017.11.28-03.48.13:677][  0]LogDerivedDataCache: Loaded boot cache 0.07s 81MB C:/Users/Andy/AppData/Local/UnrealEngine/4.18/DerivedDataCache/Boot.ddc.
[2017.11.28-03.48.13:677][  0]LogDerivedDataCache: Display: Loaded Boot cache: C:/Users/Andy/AppData/Local/UnrealEngine/4.18/DerivedDataCache/Boot.ddc
[2017.11.28-03.48.13:677][  0]LogDerivedDataCache: FDerivedDataBackendGraph:  Pak pak cache file D:/ue/grid/DerivedDataCache/DDC.ddp not found, will not use a pak cache.
[2017.11.28-03.48.13:677][  0]LogDerivedDataCache: Unable to find inner node Pak for hierarchical cache Hierarchy.
[2017.11.28-03.48.13:677][  0]LogDerivedDataCache: FDerivedDataBackendGraph:  CompressedPak pak cache file D:/ue/grid/DerivedDataCache/Compressed.ddp not found, will not use a pak cache.
[2017.11.28-03.48.13:677][  0]LogDerivedDataCache: Unable to find inner node CompressedPak for hierarchical cache Hierarchy.
[2017.11.28-03.48.13:696][  0]LogDerivedDataCache: Display: Pak cache opened for reading ../../../Engine/DerivedDataCache/Compressed.ddp.
[2017.11.28-03.48.13:708][  0]LogDerivedDataCache: Using Local data cache path C:/Users/Andy/AppData/Local/UnrealEngine/Common/DerivedDataCache: Writable
[2017.11.28-03.48.13:719][  0]LogMaterial: Verifying Global Shaders for PCD3D_SM5
[2017.11.28-03.48.13:719][  0]LogSlate: Using Freetype 2.6.0
[2017.11.28-03.48.13:731][  0]LogSlate: SlateFontCache - WITH_FREETYPE: 1, WITH_HARFBUZZ: 1
[2017.11.28-03.48.13:731][  0]LogSlate: SlateFontCache - WITH_FREETYPE: 1, WITH_HARFBUZZ: 1
[2017.11.28-03.48.14:136][  0]LogInit: Selected Device Profile: [Windows]
[2017.11.28-03.48.14:415][  0]LogSimplygon: Simplygon DLL not present - disabling.
[2017.11.28-03.48.14:447][  0]LogMeshReduction: Using SimplygonSwarm for distributed automatic mesh merging
[2017.11.28-03.48.14:447][  0]LogMeshReduction: Using QuadricMeshReduction for automatic static mesh reduction
[2017.11.28-03.48.14:447][  0]LogMeshReduction: No automatic skeletal mesh reduction module available
[2017.11.28-03.48.14:447][  0]LogMeshReduction: No automatic mesh merging module available
[2017.11.28-03.48.14:447][  0]LogMeshMerging: No automatic mesh merging module available
[2017.11.28-03.48.14:471][  0]LogNetVersion: Grid1 , NetCL: 3709383, EngineNetVer: 2, GameNetVer: 0 (Checksum: 1394303240)
[2017.11.28-03.48.14:615][  0]LogAssetRegistry: FAssetRegistry took 0.0254 seconds to start up
[2017.11.28-03.48.15:028][  0]LogPackageLocalizationCache: Processed 7 localized package path(s) for 2 prioritized culture(s) in 0.038962 seconds
[2017.11.28-03.48.15:032][  0]LogUObjectArray: 35900 objects as part of root set at end of initial load.
[2017.11.28-03.48.15:032][  0]LogUObjectAllocator: 7372016 out of 0 bytes used by permanent object pool.
[2017.11.28-03.48.15:032][  0]LogUObjectArray: CloseDisregardForGC: 0/0 objects in disregard for GC pool
[2017.11.28-03.48.15:075][  0]LogInit: WinSock: version 1.1 (2.2), MaxSocks=32767, MaxUdp=65467
[2017.11.28-03.48.18:554][  0]LogTcpMessaging: Initializing TcpMessaging bridge
[2017.11.28-03.48.18:594][  0]LogUdpMessaging: Initializing bridge on interface 0.0.0.0:0 to multicast group 230.0.0.1:6666.
[2017.11.28-03.48.19:170][  0]LogMaterial: Missing cached shader map for material BaseColor, compiling. 
[2017.11.28-03.48.19:170][  0]LogMaterial: Warning: C:\Program Files\Epic Games\UE_4.18\Engine\Content\BufferVisualization\BaseColor.uasset: Failed to compile Material for platform PCD3D_SM5, Default Material will be used in game.
[2017.11.28-03.48.19:170][  0]LogMaterial: 	(Node SceneTexture) GBuffer scene textures not available with forward shading.
[2017.11.28-03.48.19:188][  0]LogMaterial: Uniform references updated for custom material expression Custom.
[2017.11.28-03.48.19:198][  0]LogMaterial: Missing cached shader map for material LightingModel, compiling. 
[2017.11.28-03.48.19:198][  0]LogMaterial: Warning: C:\Program Files\Epic Games\UE_4.18\Engine\Content\BufferVisualization\LightingModel.uasset: Failed to compile Material for platform PCD3D_SM5, Default Material will be used in game.
[2017.11.28-03.48.19:198][  0]LogMaterial: 	(Node SceneTexture) GBuffer scene textures not available with forward shading.
[2017.11.28-03.48.19:200][  0]LogMaterial: Missing cached shader map for material MaterialAO, compiling. 
[2017.11.28-03.48.19:201][  0]LogMaterial: Warning: C:\Program Files\Epic Games\UE_4.18\Engine\Content\BufferVisualization\MaterialAO.uasset: Failed to compile Material for platform PCD3D_SM5, Default Material will be used in game.
[2017.11.28-03.48.19:201][  0]LogMaterial: 	(Node SceneTexture) GBuffer scene textures not available with forward shading.
[2017.11.28-03.48.19:203][  0]LogMaterial: Missing cached shader map for material Metallic, compiling. 
[2017.11.28-03.48.19:203][  0]LogMaterial: Warning: C:\Program Files\Epic Games\UE_4.18\Engine\Content\BufferVisualization\Metallic.uasset: Failed to compile Material for platform PCD3D_SM5, Default Material will be used in game.
[2017.11.28-03.48.19:203][  0]LogMaterial: 	(Node SceneTexture) GBuffer scene textures not available with forward shading.
[2017.11.28-03.48.19:206][  0]LogMaterial: Missing cached shader map for material Opacity, compiling. 
[2017.11.28-03.48.19:206][  0]LogMaterial: Warning: C:\Program Files\Epic Games\UE_4.18\Engine\Content\BufferVisualization\Opacity.uasset: Failed to compile Material for platform PCD3D_SM5, Default Material will be used in game.
[2017.11.28-03.48.19:206][  0]LogMaterial: 	(Node SceneTexture) GBuffer scene textures not available with forward shading.
[2017.11.28-03.48.19:209][  0]LogMaterial: Missing cached shader map for material Roughness, compiling. 
[2017.11.28-03.48.19:209][  0]LogMaterial: Warning: C:\Program Files\Epic Games\UE_4.18\Engine\Content\BufferVisualization\Roughness.uasset: Failed to compile Material for platform PCD3D_SM5, Default Material will be used in game.
[2017.11.28-03.48.19:209][  0]LogMaterial: 	(Node SceneTexture) GBuffer scene textures not available with forward shading.
[2017.11.28-03.48.19:225][  0]LogMaterial: Missing cached shader map for material Specular, compiling. 
[2017.11.28-03.48.19:225][  0]LogMaterial: Warning: C:\Program Files\Epic Games\UE_4.18\Engine\Content\BufferVisualization\Specular.uasset: Failed to compile Material for platform PCD3D_SM5, Default Material will be used in game.
[2017.11.28-03.48.19:225][  0]LogMaterial: 	(Node SceneTexture) GBuffer scene textures not available with forward shading.
[2017.11.28-03.48.19:228][  0]LogMaterial: Missing cached shader map for material SubsurfaceColor, compiling. 
[2017.11.28-03.48.19:228][  0]LogMaterial: Warning: C:\Program Files\Epic Games\UE_4.18\Engine\Content\BufferVisualization\SubsurfaceColor.uasset: Failed to compile Material for platform PCD3D_SM5, Default Material will be used in game.
[2017.11.28-03.48.19:228][  0]LogMaterial: 	(Node SceneTexture) GBuffer scene textures not available with forward shading.
[2017.11.28-03.48.19:231][  0]LogMaterial: Missing cached shader map for material WorldNormal, compiling. 
[2017.11.28-03.48.19:231][  0]LogMaterial: Warning: C:\Program Files\Epic Games\UE_4.18\Engine\Content\BufferVisualization\WorldNormal.uasset: Failed to compile Material for platform PCD3D_SM5, Default Material will be used in game.
[2017.11.28-03.48.19:231][  0]LogMaterial: 	(Node SceneTexture) GBuffer scene textures not available with forward shading.
[2017.11.28-03.48.19:541][  0]SourceControl: Source control is disabled
[2017.11.28-03.48.19:541][  0]SourceControl: Source control is disabled
[2017.11.28-03.48.19:585][  0]SourceControl: Source control is disabled
[2017.11.28-03.48.19:627][  0]SourceControl: Source control is disabled
[2017.11.28-03.48.20:311][  0]LogAndroidPermission: UAndroidPermissionCallbackProxy::GetInstance
[2017.11.28-03.48.20:531][  0]LogOcInput: OculusInput pre-init called
[2017.11.28-03.48.20:773][  0]LogEngine: Initializing Engine...
[2017.11.28-03.48.20:775][  0]LogHMD: Failed to initialize OpenVR with code 110
[2017.11.28-03.48.20:974][  0]LogStats: UGameplayTagsManager::ConstructGameplayTagTree: Construct from data asset -  0.000 s
[2017.11.28-03.48.20:974][  0]LogStats: UGameplayTagsManager::ConstructGameplayTagTree: GameplayTagTreeChangedEvent.Broadcast -  0.000 s
[2017.11.28-03.48.21:076][  0]LogAIModule: Creating AISystem for world Untitled
[2017.11.28-03.48.21:088][  0]LogInit: XAudio2 using 'Speakers (Realtek High Definition Audio)' : 2 channels at 48 kHz using 32 bits per sample (channel mask 0x3)
[2017.11.28-03.48.21:112][  0]LogInit: FAudioDevice initialized.
[2017.11.28-03.48.21:195][  0]LogDerivedDataCache: Saved boot cache 0.08s 81MB C:/Users/Andy/AppData/Local/UnrealEngine/4.18/DerivedDataCache/Boot.ddc.
[2017.11.28-03.48.21:210][  0]LogInit: Texture streaming: Enabled
[2017.11.28-03.48.21:290][  0]LogEngineSessionManager: EngineSessionManager initialized
[2017.11.28-03.48.21:394][  0]LogInit: Transaction tracking system initialized
[2017.11.28-03.48.21:642][  0]BlueprintLog: New page: Editor Load
[2017.11.28-03.48.22:355][  0]LocalizationService: Localization service is disabled
[2017.11.28-03.48.22:980][  0]LogConsoleResponse: Display: 
[2017.11.28-03.48.23:204][  0]LogCook: Display: Max memory allowance for cook 16384mb min free memory 0mb
[2017.11.28-03.48.23:204][  0]LogCook: Display: Mobile HDR setting 1
[2017.11.28-03.48.23:204][  0]LogGameplayTags: Display: UGameplayTagsManager::DoneAddingNativeTags. DelegateIsBound: 0
[2017.11.28-03.48.23:635][  0]LogFileCache: Scanning file cache for directory 'D:/ue/grid/Content/' took 0.02s
[2017.11.28-03.48.24:194][  0]SourceControl: Source control is disabled
[2017.11.28-03.48.24:194][  0]Cmd: MAP LOAD FILE="D:/ue/grid/Content/Maps/AITest.umap" TEMPLATE=0 SHOWPROGRESS=1 FEATURELEVEL=3
[2017.11.28-03.48.24:194][  0]LightingResults: New page: Lighting Build
[2017.11.28-03.48.24:227][  0]MapCheck: New page: Map Check
[2017.11.28-03.48.24:227][  0]LightingResults: New page: Lighting Build
[2017.11.28-03.48.24:986][  0]LogMaterial: Uniform references updated for custom material expression Custom.
[2017.11.28-03.48.25:538][  0]LogMaterial: Missing cached shader map for material 4Blend, compiling. 
[2017.11.28-03.48.25:792][  0]LogAIModule: Creating AISystem for world AITest
[2017.11.28-03.48.25:799][  0]LogEditorServer: Finished looking for orphan Actors (0.000 secs)
[2017.11.28-03.48.25:819][  0]Cmd: MAP CHECKDEP NOCLEARLOG
[2017.11.28-03.48.25:887][  0]MapCheck: Map check complete: 0 Error(s), 0 Warning(s), took 67.926ms to complete.
[2017.11.28-03.48.25:887][  0]LogFileHelpers: Loading map 'AITest' took 1.694
[2017.11.28-03.48.26:070][  0]LogCollectionManager: Loaded 0 collections in 0.002235 seconds
[2017.11.28-03.48.26:162][  0]LogFileCache: Scanning file cache for directory 'D:/ue/grid/Saved/Collections/' took 0.01s
[2017.11.28-03.48.26:162][  0]LogFileCache: Scanning file cache for directory 'D:/ue/grid/Content/Developers/Andy/Collections/' took 0.01s
[2017.11.28-03.48.26:162][  0]LogFileCache: Scanning file cache for directory 'D:/ue/grid/Content/Collections/' took 0.01s
[2017.11.28-03.48.26:162][  0]LogCollectionManager: Rebuilt the GUID cache for 0 collections in 0.000000 seconds
[2017.11.28-03.48.26:175][  0]LogContentBrowser: Native class hierarchy populated in 0.0128 seconds. Added 2363 classes and 519 folders.
[2017.11.28-03.48.26:257][  0]LogContentBrowser: Native class hierarchy updated for 'WidgetCarousel' in 0.0003 seconds. Added 0 classes and 0 folders.
[2017.11.28-03.48.26:594][  0]LogContentBrowser: Native class hierarchy updated for 'AddContentDialog' in 0.0003 seconds. Added 0 classes and 0 folders.
[2017.11.28-03.48.26:658][  0]LogContentBrowser: Native class hierarchy updated for 'SceneOutliner' in 0.0002 seconds. Added 1 classes and 2 folders.
[2017.11.28-03.48.26:753][  0]LogContentBrowser: Native class hierarchy updated for 'HierarchicalLODOutliner' in 0.0003 seconds. Added 1 classes and 2 folders.
[2017.11.28-03.48.26:753][  0]LogLoad: (Engine Initialization) Total time: 20.75 seconds
[2017.11.28-03.48.26:753][  0]LogLoad: (Engine Initialization) Total Blueprint compile time: 0.00 seconds
[2017.11.28-03.48.26:753][  0]LogExternalProfiler: No external profilers were discovered.  External profiling features will not be available.
[2017.11.28-03.48.26:787][  0]LogContentStreaming: Texture pool size now 1000 MB
[2017.11.28-03.48.26:794][  0]LogSlate: Took 0.005303 seconds to synchronously load lazily loaded font '../../../Engine/Content/Slate/Fonts/Roboto-Regular.ttf' (155K)
[2017.11.28-03.48.26:802][  0]LogSlate: Took 0.004869 seconds to synchronously load lazily loaded font '../../../Engine/Content/Slate/Fonts/Roboto-Bold.ttf' (160K)
[2017.11.28-03.48.26:809][  0]LogSlate: Took 0.004887 seconds to synchronously load lazily loaded font '../../../Engine/Content/Editor/Slate/Fonts/FontAwesome.ttf' (139K)
[2017.11.28-03.48.26:919][  0]LogSlate: Took 0.004759 seconds to synchronously load lazily loaded font '../../../Engine/Content/Slate/Fonts/Roboto-Light.ttf' (159K)
[2017.11.28-03.48.26:995][  1]LogRenderer: Reallocating scene render targets to support 1048x804 Format 10 NumSamples 1 (Frame:1).
[2017.11.28-03.48.26:995][  1]LogAssetRegistry: Asset discovery search completed in 12.4013 seconds
[2017.11.28-03.48.26:998][  1]LogCollectionManager: Rebuilt the object cache for 0 collections in 0.000000 seconds (found 0 objects)
[2017.11.28-03.48.26:998][  1]LogCollectionManager: Fixed up redirectors for 0 collections in 0.000077 seconds (updated 0 objects)
[2017.11.28-03.48.27:240][  9]LogMaterial: Missing cached shader map for material Material_0, compiling. 
[2017.11.28-03.48.27:318][ 13]LogContentStreaming: Texture: "LightMapTexture2D /Game/Maps/AITest_BuiltData.AITest_BuiltData:HQ_Lightmap0_3", ResidentMips: 7/11, RequestedMips: 11, WantedMips: 11, Boost: 0.2 (updated)
[2017.11.28-03.48.31:692][523]LogShaderCompilers: Warning: D:\ue\grid\Content\Board\4Blend.uasset: Failed to compile Material for platform PCD3D_SM5, Default Material will be used in game.
[2017.11.28-03.48.31:693][523]LogShaderCompilers: 	/Engine/Generated/Material.ush(1703,2-39):  warning X3206: implicit truncation of vector type
[2017.11.28-03.48.31:693][523]LogShaderCompilers: 	/Engine/Generated/Material.ush(1704,2-40):  warning X3206: implicit truncation of vector type
[2017.11.28-03.48.31:693][523]LogShaderCompilers: 	/Engine/Private/ShadingModels.ush(560,15-81):  warning X3571: pow(f, e) will not work for negative f, use abs(f) or conditionally handle negative values if you expect them
[2017.11.28-03.48.31:693][523]LogShaderCompilers: 	/Engine/Private/ShadingModels.ush(582,15-55):  warning X3571: pow(f, e) will not work for negative f, use abs(f) or conditionally handle negative values if you expect them
[2017.11.28-03.48.31:693][523]LogShaderCompilers: 	/Engine/Private/ShadingModels.ush(603,24-66):  warning X3571: pow(f, e) will not work for negative f, use abs(f) or conditionally handle negative values if you expect them
[2017.11.28-03.48.31:693][523]LogShaderCompilers: 	/Engine/Private/ReflectionEnvironmentComposite.ush(10,15-38):  err0r X4510: maximum ps_5_0 sampler register index (16) exceeded
[2017.11.28-03.56.38:305][712]LogRenderer: Reallocating scene render targets to support 1048x808 Format 10 NumSamples 1 (Frame:1163).
[2017.11.28-03.56.38:351][712]LogRenderer: Reallocating scene render targets to support 1048x852 Format 10 NumSamples 1 (Frame:1164).
[2017.11.28-03.56.38:389][712]LogRenderer: Reallocating scene render targets to support 1060x892 Format 10 NumSamples 1 (Frame:1165).
[2017.11.28-03.56.38:451][712]LogRenderer: Reallocating scene render targets to support 1072x916 Format 10 NumSamples 1 (Frame:1166).
[2017.11.28-03.56.38:564][712]LogRenderer: Reallocating scene render targets to support 1076x916 Format 10 NumSamples 1 (Frame:1168).
[2017.11.28-03.56.38:840][712]LogRenderer: Reallocating scene render targets to support 1084x916 Format 10 NumSamples 1 (Frame:1170).
[2017.11.28-03.56.38:913][712]LogRenderer: Reallocating scene render targets to support 1100x920 Format 10 NumSamples 1 (Frame:1171).
[2017.11.28-03.56.42:968][ 80]LogRenderer: Reallocating scene render targets to support 1100x948 Format 10 NumSamples 1 (Frame:1539).
[2017.11.28-03.56.43:015][ 80]LogRenderer: Reallocating scene render targets to support 1100x980 Format 10 NumSamples 1 (Frame:1540).
[2017.11.28-03.56.43:054][ 80]LogRenderer: Reallocating scene render targets to support 1100x996 Format 10 NumSamples 1 (Frame:1541).
[2017.11.28-03.56.43:113][ 80]LogRenderer: Reallocating scene render targets to support 1100x1000 Format 10 NumSamples 1 (Frame:1542).
[2017.11.28-03.56.43:415][ 80]LogRenderer: Reallocating scene render targets to support 1100x1008 Format 10 NumSamples 1 (Frame:1544).
[2017.11.28-03.56.43:490][ 80]LogRenderer: Reallocating scene render targets to support 1108x1024 Format 10 NumSamples 1 (Frame:1545).
[2017.11.28-03.56.43:576][ 80]LogRenderer: Reallocating scene render targets to support 1108x1028 Format 10 NumSamples 1 (Frame:1546).
[2017.11.28-03.56.43:637][ 80]LogRenderer: Reallocating scene render targets to support 1116x1032 Format 10 NumSamples 1 (Frame:1547).
[2017.11.28-03.56.43:710][ 80]LogRenderer: Reallocating scene render targets to support 1120x1036 Format 10 NumSamples 1 (Frame:1548).
[2017.11.28-03.56.43:782][ 80]LogRenderer: Reallocating scene render targets to support 1120x1040 Format 10 NumSamples 1 (Frame:1549).
[2017.11.28-03.56.44:030][ 80]LogRenderer: Reallocating scene render targets to support 1124x1044 Format 10 NumSamples 1 (Frame:1550).
[2017.11.28-03.56.44:099][ 80]LogRenderer: Reallocating scene render targets to support 1128x1048 Format 10 NumSamples 1 (Frame:1551).
[2017.11.28-03.56.44:173][ 80]LogRenderer: Reallocating scene render targets to support 1132x1052 Format 10 NumSamples 1 (Frame:1552).
[2017.11.28-03.56.44:245][ 80]LogRenderer: Reallocating scene render targets to support 1140x1060 Format 10 NumSamples 1 (Frame:1553).
[2017.11.28-03.56.44:323][ 80]LogRenderer: Reallocating scene render targets to support 1144x1060 Format 10 NumSamples 1 (Frame:1554).
[2017.11.28-03.56.45:311][ 80]LogRenderer: Reallocating scene render targets to support 1144x1084 Format 10 NumSamples 1 (Frame:1565).
[2017.11.28-03.56.45:370][ 80]LogRenderer: Reallocating scene render targets to support 1144x1092 Format 10 NumSamples 1 (Frame:1566).
[2017.11.28-03.57.09:955][852]LogSlate: Took 0.000151 seconds to synchronously load lazily loaded font '../../../Engine/Content/Slate/Fonts/Roboto-Light.ttf' (159K)
[2017.11.28-03.57.45:597][791]Cmd: OBJ SAVEPACKAGE PACKAGE="/Game/AI/Approaches" FILE="D:/ue/grid/Content/AI/Approaches.uasset" SILENT=true
[2017.11.28-03.57.45:602][791]LogSavePackage: Save=4.00ms
[2017.11.28-03.57.45:602][791]LogSavePackage: Moving 'D:/ue/grid/Saved/Approaches4F7543EF4750EBA0C2E04F86625BDF66.tmp' to 'D:/ue/grid/Content/AI/Approaches.uasset'
[2017.11.28-03.57.45:606][791]LogSavePackage: Display: Finished SavePackage D:/ue/grid/Content/AI/Approaches.uasset
[2017.11.28-03.58.04:893][570]LogContentBrowser: Native class hierarchy updated for 'BlueprintGraph' in 0.0005 seconds. Added 116 classes and 0 folders.
[2017.11.28-03.58.05:440][570]LogSlate: Took 0.003141 seconds to synchronously load lazily loaded font '../../../Engine/Content/Editor/Slate/Fonts/Roboto-BoldCondensed.ttf' (158K)
[2017.11.28-03.58.16:366][786]LogSlate: Took 0.000158 seconds to synchronously load lazily loaded font '../../../Engine/Content/Editor/Slate/Fonts/Roboto-BoldCondensedItalic.ttf' (160K)
[2017.11.28-03.59.32:479][777]BlueprintLog: New page: Compile Approach
[2017.11.28-03.59.33:138][850]Cmd: OBJ SAVEPACKAGE PACKAGE="/Game/AI/Approach" FILE="D:/ue/grid/Content/AI/Approach.uasset" SILENT=true
[2017.11.28-03.59.33:145][850]LogSavePackage: Save=5.83ms
[2017.11.28-03.59.33:145][850]LogSavePackage: Moving 'D:/ue/grid/Saved/Approach8898859D426D9EC5B775AA907135FA7D.tmp' to 'D:/ue/grid/Content/AI/Approach.uasset'
[2017.11.28-03.59.33:146][850]LogSavePackage: Display: Finished SavePackage D:/ue/grid/Content/AI/Approach.uasset
[2017.11.28-03.59.34:449][  2]BlueprintLog: New page: Compile Formation
[2017.11.28-03.59.36:673][214]Cmd: OBJ SAVEPACKAGE PACKAGE="/Game/AI/Formation" FILE="D:/ue/grid/Content/AI/Formation.uasset" SILENT=true
[2017.11.28-03.59.36:799][214]LogSavePackage: Save=117.93ms
[2017.11.28-03.59.36:799][214]LogSavePackage: Moving 'D:/ue/grid/Saved/FormationB27013754B618586F8DC968024D6D14B.tmp' to 'D:/ue/grid/Content/AI/Formation.uasset'
[2017.11.28-03.59.36:800][214]LogSavePackage: Display: Finished SavePackage D:/ue/grid/Content/AI/Formation.uasset
[2017.11.28-03.59.53:327][553]LogSlate: Took 0.000510 seconds to synchronously load lazily loaded font '../../../Engine/Content/Slate/Fonts/Roboto-Light.ttf' (159K)
[2017.11.28-04.00.02:386][580]LogFileHelpers: Editor autosave (incl. sublevels) for '/Game/Maps/AITest' took 0.015
[2017.11.28-04.00.02:387][580]OBJ SavePackage: Generating thumbnails for [0] asset(s) in package [/Game/AI/FormationDestinationWidth] ([1] browsable assets)...
[2017.11.28-04.00.02:387][580]OBJ SavePackage: Finished generating thumbnails for package [/Game/AI/FormationDestinationWidth]
[2017.11.28-04.00.02:387][580]Cmd: OBJ SAVEPACKAGE PACKAGE="/Game/AI/FormationDestinationWidth" FILE="D:/ue/grid/Saved/Autosaves/Game/AI/FormationDestinationWidth_Auto1.uasset" SILENT=false AUTOSAVING=true
[2017.11.28-04.00.02:430][580]LogSavePackage: Save=34.76ms
[2017.11.28-04.00.02:430][580]LogSavePackage: Moving 'D:/ue/grid/Saved/FormationDestinationWidth_Auto17B7B1BEB4BE44A2E63C37FBFF0A25D10.tmp' to 'D:/ue/grid/Saved/Autosaves/Game/AI/FormationDestinationWidth_Auto1.uasset'
[2017.11.28-04.00.02:431][580]LogSavePackage: Display: Finished SavePackage D:/ue/grid/Saved/Autosaves/Game/AI/FormationDestinationWidth_Auto1.uasset
[2017.11.28-04.00.02:432][580]OBJ SavePackage: Generating thumbnails for [0] asset(s) in package [/Game/AI/FormationLoiter] ([1] browsable assets)...
[2017.11.28-04.00.02:432][580]OBJ SavePackage: Finished generating thumbnails for package [/Game/AI/FormationLoiter]
[2017.11.28-04.00.02:432][580]Cmd: OBJ SAVEPACKAGE PACKAGE="/Game/AI/FormationLoiter" FILE="D:/ue/grid/Saved/Autosaves/Game/AI/FormationLoiter_Auto1.uasset" SILENT=false AUTOSAVING=true
[2017.11.28-04.00.02:444][580]LogSavePackage: Save=4.85ms
[2017.11.28-04.00.02:444][580]LogSavePackage: Moving 'D:/ue/grid/Saved/FormationLoiter_Auto172E4330041524706F09A28935D5CFFFC.tmp' to 'D:/ue/grid/Saved/Autosaves/Game/AI/FormationLoiter_Auto1.uasset'
[2017.11.28-04.00.02:444][580]LogSavePackage: Display: Finished SavePackage D:/ue/grid/Saved/Autosaves/Game/AI/FormationLoiter_Auto1.uasset
[2017.11.28-04.00.02:444][580]LogFileHelpers: Auto-saving content packages took 0.057
[2017.11.28-04.01.59:294][990]LogClass: Warning: Type mismatch in threatEngageMin of SKEL_Approach_C - Previous (StructProperty) Current(FloatProperty) for package:  FObjectReader
[2017.11.28-04.04.19:691][583]Cmd: OBJ SAVEPACKAGE PACKAGE="/Game/AI/Approach" FILE="D:/ue/grid/Content/AI/Approach.uasset" SILENT=true
[2017.11.28-04.04.19:712][583]LogSavePackage: Save=12.45ms
[2017.11.28-04.04.19:712][583]LogSavePackage: Moving 'D:/ue/grid/Saved/Approach864B2FF74DF5B5E8626FC382BA168835.tmp' to 'D:/ue/grid/Content/AI/Approach.uasset'
[2017.11.28-04.04.19:713][583]LogSavePackage: Display: Finished SavePackage D:/ue/grid/Content/AI/Approach.uasset
[2017.11.28-04.04.20:175][638]BlueprintLog: New page: Compile Approach
[2017.11.28-04.06.11:985][292]BlueprintLog: New page: Compile Approach
[2017.11.28-04.06.36:107][133]BlueprintLog: New page: Compile Approach
[2017.11.28-04.06.36:585][184]Cmd: OBJ SAVEPACKAGE PACKAGE="/Game/AI/Approach" FILE="D:/ue/grid/Content/AI/Approach.uasset" SILENT=true
[2017.11.28-04.06.36:606][184]LogSavePackage: Save=16.65ms
[2017.11.28-04.06.36:606][184]LogSavePackage: Moving 'D:/ue/grid/Saved/ApproachB80587C3406399782F7E3586CA410172.tmp' to 'D:/ue/grid/Content/AI/Approach.uasset'
[2017.11.28-04.06.36:607][184]LogSavePackage: Display: Finished SavePackage D:/ue/grid/Content/AI/Approach.uasset
[2017.11.28-04.09.18:453][481]Cmd: OBJ SAVEPACKAGE PACKAGE="/Game/AI/Approach" FILE="D:/ue/grid/Content/AI/Approach.uasset" SILENT=true
[2017.11.28-04.09.18:475][481]LogSavePackage: Save=18.14ms
[2017.11.28-04.09.18:475][481]LogSavePackage: Moving 'D:/ue/grid/Saved/ApproachCA35D60440285F6BDAC52CBFF41BBD48.tmp' to 'D:/ue/grid/Content/AI/Approach.uasset'
[2017.11.28-04.09.18:476][481]LogSavePackage: Display: Finished SavePackage D:/ue/grid/Content/AI/Approach.uasset
[2017.11.28-04.09.19:023][546]BlueprintLog: New page: Compile Approach
[2017.11.28-04.15.47:318][281]BlueprintLog: New page: Compile Approach
[2017.11.28-04.15.48:302][391]Cmd: OBJ SAVEPACKAGE PACKAGE="/Game/AI/Approach" FILE="D:/ue/grid/Content/AI/Approach.uasset" SILENT=true
[2017.11.28-04.15.48:336][391]LogSavePackage: Save=24.56ms
[2017.11.28-04.15.48:336][391]LogSavePackage: Moving 'D:/ue/grid/Saved/Approach05351DDC471012199B01A99238BE871D.tmp' to 'D:/ue/grid/Content/AI/Approach.uasset'
[2017.11.28-04.15.48:337][391]LogSavePackage: Display: Finished SavePackage D:/ue/grid/Content/AI/Approach.uasset
[2017.11.28-04.17.29:532][560]Cmd: OBJ SAVEPACKAGE PACKAGE="/Game/AI/FormationDestinationWidth" FILE="D:/ue/grid/Content/AI/FormationDestinationWidth.uasset" SILENT=true
[2017.11.28-04.17.29:576][560]LogSavePackage: Save=35.50ms
[2017.11.28-04.17.29:576][560]LogSavePackage: Moving 'D:/ue/grid/Saved/FormationDestinationWidth5BEA422045EBEA8BFDA22F99F14BB7BD.tmp' to 'D:/ue/grid/Content/AI/FormationDestinationWidth.uasset'
[2017.11.28-04.17.29:580][560]LogSavePackage: Display: Finished SavePackage D:/ue/grid/Content/AI/FormationDestinationWidth.uasset
[2017.11.28-04.17.29:583][560]Cmd: OBJ SAVEPACKAGE PACKAGE="/Game/AI/FormationLoiter" FILE="D:/ue/grid/Content/AI/FormationLoiter.uasset" SILENT=true
[2017.11.28-04.17.29:592][560]LogSavePackage: Save=4.94ms
[2017.11.28-04.17.29:592][560]LogSavePackage: Moving 'D:/ue/grid/Saved/FormationLoiter08CFFFF0486E8BBBFF5FAB8C2883CEE5.tmp' to 'D:/ue/grid/Content/AI/FormationLoiter.uasset'
[2017.11.28-04.17.29:593][560]LogSavePackage: Display: Finished SavePackage D:/ue/grid/Content/AI/FormationLoiter.uasset
[2017.11.28-04.17.33:466][981]LogSlate: Took 0.003538 seconds to synchronously load lazily loaded font '../../../Engine/Content/Editor/Slate/Fonts/Roboto-Italic.ttf' (157K)
[2017.11.28-04.17.38:912][593]LogBlueprintUserMessages: [None] register rec
[2017.11.28-04.17.38:912][593]LogScriptCore: Warning: Script Msg: Attempted to set an invalid index on array records [1/0]!
[2017.11.28-04.17.52:087][ 84]LogBlueprintUserMessages: [ScriptedCursorCharacter_C_0] Scripted
[2017.11.28-04.17.52:087][ 84]LogBlueprintUserMessages: [None] register rec
[2017.11.28-04.17.52:087][ 84]LogScriptCore: Warning: Script Msg: Attempted to set an invalid index on array records [1/0]!
[2017.11.28-04.17.54:078][287]LogBlueprintUserMessages: [None] register rec
[2017.11.28-04.17.54:078][287]LogScriptCore: Warning: Script Msg: Attempted to set an invalid index on array records [1/0]!
[2017.11.28-04.19.35:805][444]LogSlate: Warning: Prevented a slow task dialog from being summoned while a context menu was open
[2017.11.28-04.21.03:333][413]Cmd: OBJ SAVEPACKAGE PACKAGE="/Game/AI/Secretary" FILE="D:/ue/grid/Content/AI/Secretary.uasset" SILENT=true
[2017.11.28-04.21.03:415][413]LogSavePackage: Save=72.57ms
[2017.11.28-04.21.03:415][413]LogSavePackage: Moving 'D:/ue/grid/Saved/SecretaryA9FAEF78417FC0C9C12CFEBA657E424D.tmp' to 'D:/ue/grid/Content/AI/Secretary.uasset'
[2017.11.28-04.21.03:417][413]LogSavePackage: Display: Finished SavePackage D:/ue/grid/Content/AI/Secretary.uasset
[2017.11.28-04.21.03:864][462]BlueprintLog: New page: Compile Secretary
[2017.11.28-04.21.03:918][462]LogBlueprint: Warning: [Compiler Secretary] Unable to find local variable with name 'formation' for  Get formation
[2017.11.28-04.21.03:918][462]LogBlueprint: Error: [Compiler Secretary] The property associated with  Formation  could not be found
[2017.11.28-04.21.04:047][462]LogBlueprintUserMessages: [ScriptedCursorCharacter_C_0] Scripted
[2017.11.28-04.21.04:170][462]LogBlueprint: Warning: [Compiler Secretary] [1978.17] Compile of Secretary failed. 1 Fatal Issue(s) 1 Warning(s) [in 305 ms] (/Game/AI/Secretary.Secretary)
[2017.11.28-04.21.37:191][225]BlueprintLog: New page: Compile Secretary
[2017.11.28-04.21.37:248][225]LogBlueprintUserMessages: [None] register rec
[2017.11.28-04.21.37:248][225]LogScriptCore: Warning: Script Msg: Attempted to set an invalid index on array records [1/0]!
[2017.11.28-04.21.37:249][225]LogBlueprintUserMessages: [None] register rec
[2017.11.28-04.21.37:249][225]LogScriptCore: Warning: Script Msg: Attempted to set an invalid index on array records [1/0]!
[2017.11.28-04.21.37:349][225]LogBlueprintUserMessages: [ScriptedCursorCharacter_C_0] Scripted
[2017.11.28-04.21.37:349][225]LogBlueprintUserMessages: [None] register rec
[2017.11.28-04.21.37:349][225]LogScriptCore: Warning: Script Msg: Attempted to set an invalid index on array records [1/0]!
[2017.11.28-04.21.37:893][266]Cmd: OBJ SAVEPACKAGE PACKAGE="/Game/AI/Secretary" FILE="D:/ue/grid/Content/AI/Secretary.uasset" SILENT=true
[2017.11.28-04.21.37:972][266]LogSavePackage: Save=73.96ms
[2017.11.28-04.21.37:972][266]LogSavePackage: Moving 'D:/ue/grid/Saved/Secretary114235814DFD9E43AA5279AE09DA53ED.tmp' to 'D:/ue/grid/Content/AI/Secretary.uasset'
[2017.11.28-04.21.37:973][266]LogSavePackage: Display: Finished SavePackage D:/ue/grid/Content/AI/Secretary.uasset
[2017.11.28-04.22.12:444][239]BlueprintLog: New page: Compile Commander
[2017.11.28-04.22.12:527][239]LogBlueprintUserMessages: [None] register rec
[2017.11.28-04.22.12:527][239]LogScriptCore: Warning: Script Msg: Attempted to set an invalid index on array records [1/0]!
[2017.11.28-04.22.12:528][239]LogBlueprintUserMessages: [None] register rec
[2017.11.28-04.22.12:528][239]LogScriptCore: Warning: Script Msg: Attempted to set an invalid index on array records [1/0]!
[2017.11.28-04.22.12:540][239]LogBlueprintUserMessages: [None] register rec
[2017.11.28-04.22.12:540][239]LogScriptCore: Warning: Script Msg: Attempted to set an invalid index on array records [1/0]!
[2017.11.28-04.22.12:540][239]LogBlueprintUserMessages: [None] register rec
[2017.11.28-04.22.12:540][239]LogScriptCore: Warning: Script Msg: Attempted to set an invalid index on array records [1/0]!
[2017.11.28-04.22.13:197][281]Cmd: OBJ SAVEPACKAGE PACKAGE="/Game/AI/Commander" FILE="D:/ue/grid/Content/AI/Commander.uasset" SILENT=true
[2017.11.28-04.22.13:336][281]LogSavePackage: Save=129.74ms
[2017.11.28-04.22.13:336][281]LogSavePackage: Moving 'D:/ue/grid/Saved/CommanderC932744A482B730C7BA218BB1CB426CA.tmp' to 'D:/ue/grid/Content/AI/Commander.uasset'
[2017.11.28-04.22.13:337][281]LogSavePackage: Display: Finished SavePackage D:/ue/grid/Content/AI/Commander.uasset
[2017.11.28-04.24.56:457][960]BlueprintLog: New page: Compile Commander
[2017.11.28-04.24.56:554][960]LogBlueprintUserMessages: [None] register rec
[2017.11.28-04.24.56:554][960]LogScriptCore: Warning: Script Msg: Attempted to set an invalid index on array records [1/0]!
[2017.11.28-04.24.56:554][960]LogBlueprintUserMessages: [None] register rec
[2017.11.28-04.24.56:554][960]LogScriptCore: Warning: Script Msg: Attempted to set an invalid index on array records [1/0]!
[2017.11.28-04.24.56:565][960]LogBlueprintUserMessages: [None] register rec
[2017.11.28-04.24.56:565][960]LogScriptCore: Warning: Script Msg: Attempted to set an invalid index on array records [1/0]!
[2017.11.28-04.24.56:566][960]LogBlueprintUserMessages: [None] register rec
[2017.11.28-04.24.56:566][960]LogScriptCore: Warning: Script Msg: Attempted to set an invalid index on array records [1/0]!
[2017.11.28-04.24.57:280][  6]Cmd: OBJ SAVEPACKAGE PACKAGE="/Game/AI/Commander" FILE="D:/ue/grid/Content/AI/Commander.uasset" SILENT=true
[2017.11.28-04.24.57:422][  6]LogSavePackage: Save=137.91ms
[2017.11.28-04.24.57:422][  6]LogSavePackage: Moving 'D:/ue/grid/Saved/Commander33AF984C4E35F4E8BFCC469139D4EB63.tmp' to 'D:/ue/grid/Content/AI/Commander.uasset'
[2017.11.28-04.24.57:423][  6]LogSavePackage: Display: Finished SavePackage D:/ue/grid/Content/AI/Commander.uasset
[2017.11.28-04.26.35:731][548]BlueprintLog: New page: Compile HexAI
[2017.11.28-04.26.35:892][548]LogBlueprintUserMessages: [None] register rec
[2017.11.28-04.26.35:892][548]LogScriptCore: Warning: Script Msg: Attempted to set an invalid index on array records [1/0]!
[2017.11.28-04.26.35:893][548]LogBlueprintUserMessages: [None] register rec
[2017.11.28-04.26.35:893][548]LogScriptCore: Warning: Script Msg: Attempted to set an invalid index on array records [1/0]!
[2017.11.28-04.26.35:903][548]LogBlueprintUserMessages: [None] register rec
[2017.11.28-04.26.35:903][548]LogScriptCore: Warning: Script Msg: Attempted to set an invalid index on array records [1/0]!
[2017.11.28-04.26.35:904][548]LogBlueprintUserMessages: [None] register rec
[2017.11.28-04.26.35:904][548]LogScriptCore: Warning: Script Msg: Attempted to set an invalid index on array records [1/0]!
[2017.11.28-04.26.36:329][548]LogBlueprintUserMessages: [ScriptedCursorCharacter_C_0] Scripted
[2017.11.28-04.26.36:329][548]LogBlueprintUserMessages: [None] register rec
[2017.11.28-04.26.36:329][548]LogScriptCore: Warning: Script Msg: Attempted to set an invalid index on array records [1/0]!
[2017.11.28-04.26.37:054][599]Cmd: OBJ SAVEPACKAGE PACKAGE="/Game/AI/HexAI" FILE="D:/ue/grid/Content/AI/HexAI.uasset" SILENT=true
[2017.11.28-04.26.37:258][599]LogSavePackage: Save=196.00ms
[2017.11.28-04.26.37:258][599]LogSavePackage: Moving 'D:/ue/grid/Saved/HexAI31CE7EC1445DD4CB5FADA99C06ADDFE5.tmp' to 'D:/ue/grid/Content/AI/HexAI.uasset'
[2017.11.28-04.26.37:259][599]LogSavePackage: Display: Finished SavePackage D:/ue/grid/Content/AI/HexAI.uasset
[2017.11.28-04.27.29:802][952]BlueprintLog: New page: Compile Commander
[2017.11.28-04.27.29:898][952]LogBlueprintUserMessages: [None] register rec
[2017.11.28-04.27.29:898][952]LogScriptCore: Warning: Script Msg: Attempted to set an invalid index on array records [1/0]!
[2017.11.28-04.27.29:899][952]LogBlueprintUserMessages: [None] register rec
[2017.11.28-04.27.29:899][952]LogScriptCore: Warning: Script Msg: Attempted to set an invalid index on array records [1/0]!
[2017.11.28-04.27.29:910][952]LogBlueprintUserMessages: [None] register rec
[2017.11.28-04.27.29:910][952]LogScriptCore: Warning: Script Msg: Attempted to set an invalid index on array records [1/0]!
[2017.11.28-04.27.29:910][952]LogBlueprintUserMessages: [None] register rec
[2017.11.28-04.27.29:910][952]LogScriptCore: Warning: Script Msg: Attempted to set an invalid index on array records [1/0]!
[2017.11.28-04.27.30:580][995]Cmd: OBJ SAVEPACKAGE PACKAGE="/Game/AI/Commander" FILE="D:/ue/grid/Content/AI/Commander.uasset" SILENT=true
[2017.11.28-04.27.30:732][995]LogSavePackage: Save=142.99ms
[2017.11.28-04.27.30:732][995]LogSavePackage: Moving 'D:/ue/grid/Saved/CommanderDF61B0254BD41DA22168BF8AE3DDCBE4.tmp' to 'D:/ue/grid/Content/AI/Commander.uasset'
[2017.11.28-04.27.30:733][995]LogSavePackage: Display: Finished SavePackage D:/ue/grid/Content/AI/Commander.uasset
[2017.11.28-04.28.14:900][979]BlueprintLog: New page: Compile Secretary
[2017.11.28-04.28.14:962][979]LogBlueprintUserMessages: [None] register rec
[2017.11.28-04.28.14:962][979]LogScriptCore: Warning: Script Msg: Attempted to set an invalid index on array records [1/0]!
[2017.11.28-04.28.14:962][979]LogBlueprintUserMessages: [None] register rec
[2017.11.28-04.28.14:963][979]LogScriptCore: Warning: Script Msg: Attempted to set an invalid index on array records [1/0]!
[2017.11.28-04.28.15:071][979]LogBlueprintUserMessages: [ScriptedCursorCharacter_C_0] Scripted
[2017.11.28-04.28.15:071][979]LogBlueprintUserMessages: [None] register rec
[2017.11.28-04.28.15:071][979]LogScriptCore: Warning: Script Msg: Attempted to set an invalid index on array records [1/0]!
[2017.11.28-04.28.15:593][ 19]Cmd: OBJ SAVEPACKAGE PACKAGE="/Game/AI/Secretary" FILE="D:/ue/grid/Content/AI/Secretary.uasset" SILENT=true
[2017.11.28-04.28.15:680][ 19]LogSavePackage: Save=78.71ms
[2017.11.28-04.28.15:680][ 19]LogSavePackage: Moving 'D:/ue/grid/Saved/Secretary03BDC7CA48269DD2F52D61A77060C94A.tmp' to 'D:/ue/grid/Content/AI/Secretary.uasset'
[2017.11.28-04.28.15:682][ 19]LogSavePackage: Display: Finished SavePackage D:/ue/grid/Content/AI/Secretary.uasset
[2017.11.28-04.28.54:469][419]BlueprintLog: New page: Compile Plan
[2017.11.28-04.28.55:212][494]Cmd: OBJ SAVEPACKAGE PACKAGE="/Game/AI/Plan" FILE="D:/ue/grid/Content/AI/Plan.uasset" SILENT=true
[2017.11.28-04.28.55:248][494]LogSavePackage: Save=26.57ms
[2017.11.28-04.28.55:248][494]LogSavePackage: Moving 'D:/ue/grid/Saved/PlanFA488BF640649EA06CD43A9F661CB855.tmp' to 'D:/ue/grid/Content/AI/Plan.uasset'
[2017.11.28-04.28.55:249][494]LogSavePackage: Display: Finished SavePackage D:/ue/grid/Content/AI/Plan.uasset
[2017.11.28-04.29.45:005][538]BlueprintLog: New page: Compile Commander
[2017.11.28-04.29.45:410][538]LogBlueprintUserMessages: [None] register rec
[2017.11.28-04.29.45:410][538]LogScriptCore: Warning: Script Msg: Attempted to set an invalid index on array records [1/0]!
[2017.11.28-04.29.45:427][538]LogBlueprintUserMessages: [None] register rec
[2017.11.28-04.29.45:427][538]LogScriptCore: Warning: Script Msg: Attempted to set an invalid index on array records [1/0]!
[2017.11.28-04.29.45:435][538]LogBlueprintUserMessages: [None] register rec
[2017.11.28-04.29.45:435][538]LogScriptCore: Warning: Script Msg: Attempted to set an invalid index on array records [1/0]!
[2017.11.28-04.29.45:449][538]LogBlueprintUserMessages: [None] register rec
[2017.11.28-04.29.45:449][538]LogScriptCore: Warning: Script Msg: Attempted to set an invalid index on array records [1/0]!
[2017.11.28-04.29.45:471][538]LogBlueprintUserMessages: [None] register rec
[2017.11.28-04.29.45:471][538]LogScriptCore: Warning: Script Msg: Attempted to set an invalid index on array records [1/0]!
[2017.11.28-04.29.45:800][538]LogBlueprintUserMessages: [None] register rec
[2017.11.28-04.29.45:801][538]LogScriptCore: Warning: Script Msg: Attempted to set an invalid index on array records [1/0]!
[2017.11.28-04.29.46:010][538]LogBlueprintUserMessages: [ScriptedCursorCharacter_C_0] Scripted
[2017.11.28-04.29.46:010][538]LogBlueprintUserMessages: [None] register rec
[2017.11.28-04.29.46:010][538]LogScriptCore: Warning: Script Msg: Attempted to set an invalid index on array records [1/0]!
[2017.11.28-04.29.46:167][538]LogBlueprintUserMessages: [None] register rec
[2017.11.28-04.29.46:167][538]LogScriptCore: Warning: Script Msg: Attempted to set an invalid index on array records [1/0]!
[2017.11.28-04.29.46:167][538]LogBlueprintUserMessages: [None] register rec
[2017.11.28-04.29.46:167][538]LogScriptCore: Warning: Script Msg: Attempted to set an invalid index on array records [1/0]!
[2017.11.28-04.29.46:691][592]Cmd: OBJ SAVEPACKAGE PACKAGE="/Game/AI/Commander" FILE="D:/ue/grid/Content/AI/Commander.uasset" SILENT=true
[2017.11.28-04.29.46:840][592]LogSavePackage: Save=144.65ms
[2017.11.28-04.29.46:840][592]LogSavePackage: Moving 'D:/ue/grid/Saved/Commander6BD642164A8C3EA1B328A58840462DE3.tmp' to 'D:/ue/grid/Content/AI/Commander.uasset'
[2017.11.28-04.29.46:841][592]LogSavePackage: Display: Finished SavePackage D:/ue/grid/Content/AI/Commander.uasset
[2017.11.28-04.30.55:595][823]Cmd: OBJ SAVEPACKAGE PACKAGE="/Game/Maps/AITest" FILE="D:/ue/grid/Saved/Autosaves/Game/Maps/AITest_Auto2.umap" SILENT=true AUTOSAVING=true KEEPDIRTY=false
[2017.11.28-04.30.56:031][823]LogSavePackage: Save=422.70ms
[2017.11.28-04.30.56:031][823]LogSavePackage: Moving 'D:/ue/grid/Saved/AITest_Auto299703ADB4B524EFEDEE080B5E20297FB.tmp' to 'D:/ue/grid/Saved/Autosaves/Game/Maps/AITest_Auto2.umap'
[2017.11.28-04.30.56:032][823]LogSavePackage: Display: Finished SavePackage D:/ue/grid/Saved/Autosaves/Game/Maps/AITest_Auto2.umap
[2017.11.28-04.30.56:036][823]LogFileHelpers: Editor autosave (incl. sublevels) for '/Game/Maps/AITest' took 0.468
[2017.11.28-04.30.56:036][823]LogFileHelpers: Editor autosave (incl. sublevels) for all levels took 0.468
[2017.11.28-04.30.56:037][823]OBJ SavePackage: Generating thumbnails for [1] asset(s) in package [/Game/AI/HexVehicleAI_] ([1] browsable assets)...
[2017.11.28-04.30.56:051][823]OBJ SavePackage:     Rendered thumbnail for [Blueprint /Game/AI/HexVehicleAI_.HexVehicleAI]
[2017.11.28-04.30.56:051][823]OBJ SavePackage: Finished generating thumbnails for package [/Game/AI/HexVehicleAI_]
[2017.11.28-04.30.56:051][823]Cmd: OBJ SAVEPACKAGE PACKAGE="/Game/AI/HexVehicleAI_" FILE="D:/ue/grid/Saved/Autosaves/Game/AI/HexVehicleAI__Auto2.uasset" SILENT=false AUTOSAVING=true
[2017.11.28-04.30.56:086][823]LogSavePackage: Save=26.34ms
[2017.11.28-04.30.56:086][823]LogSavePackage: Moving 'D:/ue/grid/Saved/HexVehicleAI__Auto2682A865E4D582193F78F8CA44772F53A.tmp' to 'D:/ue/grid/Saved/Autosaves/Game/AI/HexVehicleAI__Auto2.uasset'
[2017.11.28-04.30.56:086][823]LogSavePackage: Display: Finished SavePackage D:/ue/grid/Saved/Autosaves/Game/AI/HexVehicleAI__Auto2.uasset
[2017.11.28-04.30.56:086][823]LogFileHelpers: Auto-saving content packages took 0.050
[2017.11.28-04.33.36:197][279]BlueprintLog: New page: Compile Approach
[2017.11.28-04.33.37:028][361]Cmd: OBJ SAVEPACKAGE PACKAGE="/Game/AI/Approach" FILE="D:/ue/grid/Content/AI/Approach.uasset" SILENT=true
[2017.11.28-04.33.37:063][361]LogSavePackage: Save=26.96ms
[2017.11.28-04.33.37:063][361]LogSavePackage: Moving 'D:/ue/grid/Saved/ApproachEB72B02E4CF22E53A913C2AED9671125.tmp' to 'D:/ue/grid/Content/AI/Approach.uasset'
[2017.11.28-04.33.37:064][361]LogSavePackage: Display: Finished SavePackage D:/ue/grid/Content/AI/Approach.uasset
[2017.11.28-04.35.14:102][459]BlueprintLog: New page: Compile Approach
[2017.11.28-04.35.14:690][515]Cmd: OBJ SAVEPACKAGE PACKAGE="/Game/AI/Approach" FILE="D:/ue/grid/Content/AI/Approach.uasset" SILENT=true
[2017.11.28-04.35.14:728][515]LogSavePackage: Save=33.64ms
[2017.11.28-04.35.14:728][515]LogSavePackage: Moving 'D:/ue/grid/Saved/ApproachBFB5019B4EFD00E5F4846C84A4C8BC3A.tmp' to 'D:/ue/grid/Content/AI/Approach.uasset'
[2017.11.28-04.35.14:729][515]LogSavePackage: Display: Finished SavePackage D:/ue/grid/Content/AI/Approach.uasset
[2017.11.28-04.36.47:336][744]LogEditorTransaction: Undo Create Pin Link
[2017.11.28-04.36.47:827][782]LogEditorTransaction: Undo Move Nodes
[2017.11.28-04.36.48:318][827]LogEditorTransaction: Undo Create Pin Link
[2017.11.28-04.36.48:997][890]LogEditorTransaction: Undo Move Node
[2017.11.28-04.36.49:612][948]LogEditorTransaction: Undo Delete current selection
[2017.11.28-04.36.49:999][981]LogEditorTransaction: Undo Move Node
[2017.11.28-04.36.50:569][ 34]LogEditorTransaction: Undo Delete current selection
[2017.11.28-04.36.51:201][ 93]LogEditorTransaction: Undo Move Node
[2017.11.28-04.36.52:012][171]LogEditorTransaction: Undo Delete current selection
[2017.11.28-04.39.21:487][471]Cmd: OBJ SAVEPACKAGE PACKAGE="/Game/AI/Commander" FILE="D:/ue/grid/Content/AI/Commander.uasset" SILENT=true
[2017.11.28-04.39.21:643][471]LogSavePackage: Save=146.65ms
[2017.11.28-04.39.21:643][471]LogSavePackage: Moving 'D:/ue/grid/Saved/CommanderC8DCACA34F864B8668CB869B7F85C8B7.tmp' to 'D:/ue/grid/Content/AI/Commander.uasset'
[2017.11.28-04.39.21:644][471]LogSavePackage: Display: Finished SavePackage D:/ue/grid/Content/AI/Commander.uasset
[2017.11.28-04.39.22:159][519]BlueprintLog: New page: Compile Commander
[2017.11.28-04.39.22:272][519]LogBlueprintUserMessages: [None] register rec
[2017.11.28-04.39.22:272][519]LogScriptCore: Warning: Script Msg: Attempted to set an invalid index on array records [1/0]!
[2017.11.28-04.39.22:273][519]LogBlueprintUserMessages: [None] register rec
[2017.11.28-04.39.22:273][519]LogScriptCore: Warning: Script Msg: Attempted to set an invalid index on array records [1/0]!
[2017.11.28-04.39.22:285][519]LogBlueprintUserMessages: [None] register rec
[2017.11.28-04.39.22:286][519]LogScriptCore: Warning: Script Msg: Attempted to set an invalid index on array records [1/0]!
[2017.11.28-04.39.22:286][519]LogBlueprintUserMessages: [None] register rec
[2017.11.28-04.39.22:286][519]LogScriptCore: Warning: Script Msg: Attempted to set an invalid index on array records [1/0]!
[2017.11.28-04.39.23:143][573]Cmd: OBJ SAVEPACKAGE PACKAGE="/Game/AI/Commander" FILE="D:/ue/grid/Content/AI/Commander.uasset" SILENT=true
[2017.11.28-04.39.23:293][573]LogSavePackage: Save=145.40ms
[2017.11.28-04.39.23:293][573]LogSavePackage: Moving 'D:/ue/grid/Saved/CommanderED955A8949E47D483E6DB69F844E6439.tmp' to 'D:/ue/grid/Content/AI/Commander.uasset'
[2017.11.28-04.39.23:293][573]LogSavePackage: Display: Finished SavePackage D:/ue/grid/Content/AI/Commander.uasset
[2017.11.28-04.41.01:759][186]Cmd: OBJ SAVEPACKAGE PACKAGE="/Game/Maps/AITest" FILE="D:/ue/grid/Saved/Autosaves/Game/Maps/AITest_Auto3.umap" SILENT=true AUTOSAVING=true KEEPDIRTY=false
[2017.11.28-04.41.02:189][186]LogSavePackage: Save=417.15ms
[2017.11.28-04.41.02:189][186]LogSavePackage: Moving 'D:/ue/grid/Saved/AITest_Auto3DC2990E740E8C2E2791C56929A2EC858.tmp' to 'D:/ue/grid/Saved/Autosaves/Game/Maps/AITest_Auto3.umap'
[2017.11.28-04.41.02:190][186]LogSavePackage: Display: Finished SavePackage D:/ue/grid/Saved/Autosaves/Game/Maps/AITest_Auto3.umap
[2017.11.28-04.41.02:192][186]LogFileHelpers: Editor autosave (incl. sublevels) for '/Game/Maps/AITest' took 0.458
[2017.11.28-04.41.02:192][186]LogFileHelpers: Editor autosave (incl. sublevels) for all levels took 0.458
[2017.11.28-04.41.02:193][186]OBJ SavePackage: Generating thumbnails for [0] asset(s) in package [/Game/AI/HexVehicleAI_] ([1] browsable assets)...
[2017.11.28-04.41.02:193][186]OBJ SavePackage: Finished generating thumbnails for package [/Game/AI/HexVehicleAI_]
[2017.11.28-04.41.02:193][186]Cmd: OBJ SAVEPACKAGE PACKAGE="/Game/AI/HexVehicleAI_" FILE="D:/ue/grid/Saved/Autosaves/Game/AI/HexVehicleAI__Auto3.uasset" SILENT=false AUTOSAVING=true
[2017.11.28-04.41.02:221][186]LogSavePackage: Save=19.02ms
[2017.11.28-04.41.02:221][186]LogSavePackage: Moving 'D:/ue/grid/Saved/HexVehicleAI__Auto3372180F64B757D7A37332C8703A4F990.tmp' to 'D:/ue/grid/Saved/Autosaves/Game/AI/HexVehicleAI__Auto3.uasset'
[2017.11.28-04.41.02:221][186]LogSavePackage: Display: Finished SavePackage D:/ue/grid/Saved/Autosaves/Game/AI/HexVehicleAI__Auto3.uasset
[2017.11.28-04.41.02:221][186]LogFileHelpers: Auto-saving content packages took 0.028
[2017.11.28-04.42.40:501][898]LogBlueprint: Warning: [Formation] 'newFormation' variable not found. Base class was probably changed. /Game/AI/Formation.Formation
[2017.11.28-04.42.40:501][898]LogBlueprint: Warning: [Formation] 'newFormation' variable not found. Base class was probably changed. /Game/AI/Formation.Formation
[2017.11.28-04.42.40:501][898]LogBlueprint: Warning: [Formation] 'newApproach' variable not found. Base class was probably changed. /Game/AI/Formation.Formation
[2017.11.28-04.42.40:501][898]LogBlueprint: Warning: [Formation] 'newApproach' variable not found. Base class was probably changed. /Game/AI/Formation.Formation
[2017.11.28-04.43.30:318][788]BlueprintLog: New page: Compile Formation
[2017.11.28-04.43.30:402][788]LogBlueprint: Error: [Compiler Formation] Variable node  Set point1  uses an invalid target.  It may depend on a node that is not connected to the execution chain, and got purged.
[2017.11.28-04.43.30:402][788]LogBlueprint: Error: [Compiler Formation] Variable node  Set point2  uses an invalid target.  It may depend on a node that is not connected to the execution chain, and got purged.
[2017.11.28-04.43.30:435][788]LogBlueprintUserMessages: [None] register rec
[2017.11.28-04.43.30:435][788]LogScriptCore: Warning: Script Msg: Attempted to set an invalid index on array records [1/0]!
[2017.11.28-04.43.30:435][788]LogBlueprintUserMessages: [None] register rec
[2017.11.28-04.43.30:435][788]LogScriptCore: Warning: Script Msg: Attempted to set an invalid index on array records [1/0]!
[2017.11.28-04.43.30:454][788]LogBlueprintUserMessages: [None] register rec
[2017.11.28-04.43.30:454][788]LogScriptCore: Warning: Script Msg: Attempted to set an invalid index on array records [1/0]!
[2017.11.28-04.43.30:455][788]LogBlueprintUserMessages: [None] register rec
[2017.11.28-04.43.30:455][788]LogScriptCore: Warning: Script Msg: Attempted to set an invalid index on array records [1/0]!
[2017.11.28-04.43.30:674][788]LogBlueprintUserMessages: [ScriptedCursorCharacter_C_0] Scripted
[2017.11.28-04.43.30:674][788]LogBlueprintUserMessages: [None] register rec
[2017.11.28-04.43.30:674][788]LogScriptCore: Warning: Script Msg: Attempted to set an invalid index on array records [1/0]!
[2017.11.28-04.43.30:814][788]LogBlueprint: Warning: [Compiler Formation] [3324.81] Compile of Formation failed. 2 Fatal Issue(s) 0 Warning(s) [in 495 ms] (/Game/AI/Formation.Formation)
[2017.11.28-04.43.58:366][847]BlueprintLog: New page: Compile Formation
[2017.11.28-04.43.58:474][847]LogBlueprintUserMessages: [None] register rec
[2017.11.28-04.43.58:474][847]LogScriptCore: Warning: Script Msg: Attempted to set an invalid index on array records [1/0]!
[2017.11.28-04.43.58:474][847]LogBlueprintUserMessages: [None] register rec
[2017.11.28-04.43.58:474][847]LogScriptCore: Warning: Script Msg: Attempted to set an invalid index on array records [1/0]!
[2017.11.28-04.43.58:493][847]LogBlueprintUserMessages: [None] register rec
[2017.11.28-04.43.58:493][847]LogScriptCore: Warning: Script Msg: Attempted to set an invalid index on array records [1/0]!
[2017.11.28-04.43.58:493][847]LogBlueprintUserMessages: [None] register rec
[2017.11.28-04.43.58:493][847]LogScriptCore: Warning: Script Msg: Attempted to set an invalid index on array records [1/0]!
[2017.11.28-04.43.58:700][847]LogBlueprintUserMessages: [ScriptedCursorCharacter_C_0] Scripted
[2017.11.28-04.43.58:700][847]LogBlueprintUserMessages: [None] register rec
[2017.11.28-04.43.58:700][847]LogScriptCore: Warning: Script Msg: Attempted to set an invalid index on array records [1/0]!
[2017.11.28-04.43.59:297][891]Cmd: OBJ SAVEPACKAGE PACKAGE="/Game/AI/Formation" FILE="D:/ue/grid/Content/AI/Formation.uasset" SILENT=true
[2017.11.28-04.43.59:430][891]LogSavePackage: Save=123.62ms
[2017.11.28-04.43.59:430][891]LogSavePackage: Moving 'D:/ue/grid/Saved/Formation0875F0C14BE6025144DD08B293081E24.tmp' to 'D:/ue/grid/Content/AI/Formation.uasset'
[2017.11.28-04.43.59:431][891]LogSavePackage: Display: Finished SavePackage D:/ue/grid/Content/AI/Formation.uasset
[2017.11.28-04.44.47:036][935]Cmd: OBJ SAVEPACKAGE PACKAGE="/Game/AI/Commander" FILE="D:/ue/grid/Content/AI/Commander.uasset" SILENT=true
[2017.11.28-04.44.47:187][935]LogSavePackage: Save=142.01ms
[2017.11.28-04.44.47:187][935]LogSavePackage: Moving 'D:/ue/grid/Saved/Commander4B355D4448082952D151CD969DB72E58.tmp' to 'D:/ue/grid/Content/AI/Commander.uasset'
[2017.11.28-04.44.47:188][935]LogSavePackage: Display: Finished SavePackage D:/ue/grid/Content/AI/Commander.uasset
[2017.11.28-04.44.47:624][980]BlueprintLog: New page: Compile Commander
[2017.11.28-04.44.47:715][980]LogBlueprintUserMessages: [None] register rec
[2017.11.28-04.44.47:715][980]LogScriptCore: Warning: Script Msg: Attempted to set an invalid index on array records [1/0]!
[2017.11.28-04.44.47:716][980]LogBlueprintUserMessages: [None] register rec
[2017.11.28-04.44.47:716][980]LogScriptCore: Warning: Script Msg: Attempted to set an invalid index on array records [1/0]!
[2017.11.28-04.44.47:729][980]LogBlueprintUserMessages: [None] register rec
[2017.11.28-04.44.47:729][980]LogScriptCore: Warning: Script Msg: Attempted to set an invalid index on array records [1/0]!
[2017.11.28-04.44.47:730][980]LogBlueprintUserMessages: [None] register rec
[2017.11.28-04.44.47:730][980]LogScriptCore: Warning: Script Msg: Attempted to set an invalid index on array records [1/0]!
[2017.11.28-04.44.48:454][ 28]Cmd: OBJ SAVEPACKAGE PACKAGE="/Game/AI/Commander" FILE="D:/ue/grid/Content/AI/Commander.uasset" SILENT=true
[2017.11.28-04.44.48:601][ 28]LogSavePackage: Save=141.66ms
[2017.11.28-04.44.48:601][ 28]LogSavePackage: Moving 'D:/ue/grid/Saved/Commander5208DD894D57D1FC4DCBC0AAF45760BB.tmp' to 'D:/ue/grid/Content/AI/Commander.uasset'
[2017.11.28-04.44.48:601][ 28]LogSavePackage: Display: Finished SavePackage D:/ue/grid/Content/AI/Commander.uasset
[2017.11.28-04.45.22:174][188]LogTemp: Repeating last play command: Selected Viewport
[2017.11.28-04.45.22:257][188]LogBlueprintUserMessages: Early PlayInEditor Detection: Level '/Game/Maps/AITest.AITest:PersistentLevel' has LevelScriptBlueprint '/Game/Maps/AITest.AITest:PersistentLevel.AITest' with GeneratedClass '/Game/Maps/AITest.AITest_C' with ClassGeneratedBy '/Game/Maps/AITest.AITest:PersistentLevel.AITest'
[2017.11.28-04.45.22:257][188]LogPlayLevel: PlayLevel: No blueprints needed recompiling
[2017.11.28-04.45.22:258][188]PIE: New page: PIE session: AITest (Nov 27, 2017, 6:45:22 PM)
[2017.11.28-04.45.22:258][188]LogPlayLevel: Creating play world package: /Game/Maps/UEDPIE_0_AITest
[2017.11.28-04.45.22:278][188]LogPlayLevel: PIE: StaticDuplicateObject took: (0.019514s)
[2017.11.28-04.45.22:279][188]LogAIModule: Creating AISystem for world AITest
[2017.11.28-04.45.22:279][188]LogPlayLevel: PIE: World Init took: (0.001044s)
[2017.11.28-04.45.22:279][188]LogPlayLevel: PIE: Created PIE world by copying editor world from /Game/Maps/AITest.AITest to /Game/Maps/UEDPIE_0_AITest.AITest (0.020869s)
[2017.11.28-04.45.22:304][188]LogInit: XAudio2 using 'Speakers (Realtek High Definition Audio)' : 2 channels at 48 kHz using 32 bits per sample (channel mask 0x3)
[2017.11.28-04.45.22:314][188]LogInit: FAudioDevice initialized.
[2017.11.28-04.45.22:358][188]LogLoad: Game class is 'CursorGameMode_C'
[2017.11.28-04.45.22:366][188]LogWorld: Bringing World /Game/Maps/UEDPIE_0_AITest.AITest up for play (max tick rate 0) at 2017.11.27-23.45.22
[2017.11.28-04.45.22:367][188]LogWorld: Bringing up level for play took: 0.003192
[2017.11.28-04.45.22:413][188]LogContentBrowser: Native class hierarchy updated for 'MovieSceneCapture' in 0.0002 seconds. Added 11 classes and 0 folders.
[2017.11.28-04.45.22:414][188]LogBlueprintUserMessages: [None] register rec
[2017.11.28-04.45.22:414][188]LogScriptCore: Warning: Script Msg: Attempted to set an invalid index on array records [1/0]!
[2017.11.28-04.45.22:415][188]Cmd: fly
[2017.11.28-04.45.22:416][188]LogBlueprintUserMessages: [AITest_C_1] Start
[2017.11.28-04.45.22:416][188]PIE: Play in editor start time for /Game/Maps/UEDPIE_0_AITest 0.302
[2017.11.28-04.45.22:416][188]LogBlueprintUserMessages: Late PlayInEditor Detection: Level '/Game/Maps/AITest.AITest:PersistentLevel' has LevelScriptBlueprint '/Game/Maps/AITest.AITest:PersistentLevel.AITest' with GeneratedClass '/Game/Maps/AITest.AITest_C' with ClassGeneratedBy '/Game/Maps/AITest.AITest:PersistentLevel.AITest'
[2017.11.28-04.45.23:959][336]LogBlueprintUserMessages: [CursorCharacter_C_0] X=82.411 Y=-28.580 Z=245.000
[2017.11.28-04.45.24:309][370]LogBlueprintUserMessages: [None] cmdr init
[2017.11.28-04.45.24:309][370]LogBlueprintUserMessages: [None] register rec
[2017.11.28-04.45.24:309][370]LogScriptCore: Warning: Script Msg: Attempted to set an invalid index on array records [2/1]!
[2017.11.28-04.45.24:309][370]LogBlueprintUserMessages: [None] replan
[2017.11.28-04.45.24:309][370]LogBlueprintUserMessages: [None] register rec
[2017.11.28-04.45.24:309][370]LogScriptCore: Warning: Script Msg: Attempted to set an invalid index on array records [3/2]!
[2017.11.28-04.45.24:309][370]LogBlueprintUserMessages: [None] register rec
[2017.11.28-04.45.24:310][370]LogScriptCore: Warning: Script Msg: Attempted to set an invalid index on array records [4/3]!
[2017.11.28-04.45.27:373][643]Cmd: ce ms
[2017.11.28-04.45.27:373][643]LogBlueprintUserMessages: [AITest_C_1] mission com
[2017.11.28-04.45.27:373][643]LogBlueprintUserMessages: [None] register rec
[2017.11.28-04.45.27:373][643]LogScriptCore: Warning: Script Msg: Attempted to set an invalid index on array records [5/4]!
[2017.11.28-04.45.27:373][643]LogBlueprintUserMessages: [None] there is a new mission
[2017.11.28-04.45.27:373][643]LogBlueprintUserMessages: [None] register rec
[2017.11.28-04.45.27:373][643]LogScriptCore: Warning: Script Msg: Attempted to set an invalid index on array records [6/5]!
[2017.11.28-04.45.27:373][643]LogBlueprintUserMessages: [None] replan
[2017.11.28-04.45.27:373][643]LogBlueprintUserMessages: [None] register rec
[2017.11.28-04.45.27:373][643]LogScriptCore: Warning: Script Msg: Attempted to set an invalid index on array records [7/6]!
[2017.11.28-04.45.27:373][643]LogBlueprintUserMessages: [HexAICtrl_C_0] DestinationWidth X=92.834 Y=-28.580 Z=246.000 X=87.391 Y=-89.121 Z=258.029 15.0
[2017.11.28-04.45.27:373][643]LogBlueprintUserMessages: [HexAICtrl_C_1] DestinationWidth X=92.834 Y=-28.580 Z=246.000 X=87.391 Y=-89.121 Z=258.029 15.0
[2017.11.28-04.45.27:373][643]LogBlueprintUserMessages: [HexAICtrl_C_2] DestinationWidth X=92.834 Y=-28.580 Z=246.000 X=87.391 Y=-89.121 Z=258.029 15.0
[2017.11.28-04.45.27:373][643]LogBlueprintUserMessages: [HexAICtrl_C_3] DestinationWidth X=92.834 Y=-28.580 Z=246.000 X=87.391 Y=-89.121 Z=258.029 15.0
[2017.11.28-04.45.27:373][643]LogBlueprintUserMessages: [HexAICtrl_C_4] DestinationWidth X=92.834 Y=-28.580 Z=246.000 X=87.391 Y=-89.121 Z=258.029 15.0
[2017.11.28-04.45.27:373][643]LogBlueprintUserMessages: [HexAICtrl_C_5] DestinationWidth X=92.834 Y=-28.580 Z=246.000 X=87.391 Y=-89.121 Z=258.029 15.0
[2017.11.28-04.45.27:373][643]LogBlueprintUserMessages: [HexAICtrl_C_6] DestinationWidth X=92.834 Y=-28.580 Z=246.000 X=87.391 Y=-89.121 Z=258.029 15.0
[2017.11.28-04.45.27:374][643]LogBlueprintUserMessages: [HexAICtrl_C_7] DestinationWidth X=92.834 Y=-28.580 Z=246.000 X=87.391 Y=-89.121 Z=258.029 15.0
[2017.11.28-04.45.43:362][101]LogBlueprintUserMessages: Early EndPlayMap Detection: Level '/Game/Maps/AITest.AITest:PersistentLevel' has LevelScriptBlueprint '/Game/Maps/AITest.AITest:PersistentLevel.AITest' with GeneratedClass '/Game/Maps/AITest.AITest_C' with ClassGeneratedBy '/Game/Maps/AITest.AITest:PersistentLevel.AITest'
[2017.11.28-04.45.43:394][101]LogBlueprintUserMessages: Late EndPlayMap Detection: Level '/Game/Maps/AITest.AITest:PersistentLevel' has LevelScriptBlueprint '/Game/Maps/AITest.AITest:PersistentLevel.AITest' with GeneratedClass '/Game/Maps/AITest.AITest_C' with ClassGeneratedBy '/Game/Maps/AITest.AITest:PersistentLevel.AITest'
