Log file open, 11/27/17 16:11:54
LogWindows: Failed to load 'aqProf.dll' (GetLastError=126)
LogWindows: File 'aqProf.dll' does not exist
LogWindows: Failed to load 'VSPerf140.dll' (GetLastError=126)
LogWindows: File 'VSPerf140.dll' does not exist
LogWindows: Failed to load 'VtuneApi.dll' (GetLastError=126)
LogWindows: File 'VtuneApi.dll' does not exist
LogWindows: Failed to load 'VtuneApi32e.dll' (GetLastError=126)
LogWindows: File 'VtuneApi32e.dll' does not exist
LogInit: Display: Running engine for game: Grid1
LogPlatformFile: Not using cached read wrapper
LogInit: Display: RandInit(-840851378) SRandInit(-840851377).
LogInit: Read version file with build ID '3709383'
LogInit: Overriding engine version to CL 3754814, compatible CL 3709383
LogInit: Registered custom module enumerator with build ID '3709383'
LogTaskGraph: Started task graph with 5 named threads and 14 total threads with 3 sets of task threads.
LogStats: Stats thread started at 0.755655
LogD3D11RHI: Aftermath initialized
LogModuleManager: Display: Found up-to-date module file ../../../Engine/Plugins/2D/Paper2D/Binaries/Win64/UE4Editor-Paper2D.dll (API version 3709383).
LogModuleManager: Display: Found up-to-date module file ../../../Engine/Plugins/2D/Paper2D/Binaries/Win64/UE4Editor-Paper2DEditor.dll (API version 3709383).
LogModuleManager: Display: Found up-to-date module file ../../../Engine/Plugins/2D/Paper2D/Binaries/Win64/UE4Editor-PaperSpriteSheetImporter.dll (API version 3709383).
LogModuleManager: Display: Found up-to-date module file ../../../Engine/Plugins/2D/Paper2D/Binaries/Win64/UE4Editor-PaperTiledImporter.dll (API version 3709383).
LogModuleManager: Display: Found up-to-date module file ../../../Engine/Plugins/2D/Paper2D/Binaries/Win64/UE4Editor-SmartSnapping.dll (API version 3709383).
LogModuleManager: Display: Found up-to-date module file ../../../Engine/Plugins/Blendables/LightPropagationVolume/Binaries/Win64/UE4Editor-LightPropagationVolumeRuntime.dll (API version 3709383).
LogModuleManager: Display: Found up-to-date module file ../../../Engine/Plugins/Blendables/LightPropagationVolume/Binaries/Win64/UE4Editor-LightPropagationVolumeEditor.dll (API version 3709383).
LogModuleManager: Display: Found up-to-date module file ../../../Engine/Plugins/Developer/GitSourceControl/Binaries/Win64/UE4Editor-GitSourceControl.dll (API version 3709383).
LogModuleManager: Display: Found up-to-date module file ../../../Engine/Plugins/Developer/PerforceSourceControl/Binaries/Win64/UE4Editor-PerforceSourceControl.dll (API version 3709383).
LogModuleManager: Display: Found up-to-date module file ../../../Engine/Plugins/Developer/SubversionSourceControl/Binaries/Win64/UE4Editor-SubversionSourceControl.dll (API version 3709383).
LogModuleManager: Display: Found up-to-date module file ../../../Engine/Plugins/Developer/UObjectPlugin/Binaries/Win64/UE4Editor-UObjectPlugin.dll (API version 3709383).
LogModuleManager: Display: Found up-to-date module file ../../../Engine/Plugins/Developer/VisualStudioCodeSourceCodeAccess/Binaries/Win64/UE4Editor-VisualStudioCodeSourceCodeAccess.dll (API version 3709383).
LogModuleManager: Display: Found up-to-date module file ../../../Engine/Plugins/Developer/VisualStudioSourceCodeAccess/Binaries/Win64/UE4Editor-VisualStudioSourceCodeAccess.dll (API version 3709383).
LogModuleManager: Display: Found up-to-date module file ../../../Engine/Plugins/Editor/AssetManagerEditor/Binaries/Win64/UE4Editor-AssetManagerEditor.dll (API version 3709383).
LogModuleManager: Display: Found up-to-date module file ../../../Engine/Plugins/Editor/AudioCapture/Binaries/Win64/UE4Editor-AudioCapture.dll (API version 3709383).
LogModuleManager: Display: Found up-to-date module file ../../../Engine/Plugins/Editor/FacialAnimation/Binaries/Win64/UE4Editor-FacialAnimation.dll (API version 3709383).
LogModuleManager: Display: Found up-to-date module file ../../../Engine/Plugins/Editor/FacialAnimation/Binaries/Win64/UE4Editor-FacialAnimationEditor.dll (API version 3709383).
LogModuleManager: Display: Found up-to-date module file ../../../Engine/Plugins/Editor/GameplayTagsEditor/Binaries/Win64/UE4Editor-GameplayTagsEditor.dll (API version 3709383).
LogModuleManager: Display: Found up-to-date module file ../../../Engine/Plugins/Editor/MobileLauncherProfileWizard/Binaries/Win64/UE4Editor-MobileLauncherProfileWizard.dll (API version 3709383).
LogModuleManager: Display: Found up-to-date module file ../../../Engine/Plugins/Editor/PluginBrowser/Binaries/Win64/UE4Editor-PluginBrowser.dll (API version 3709383).
LogModuleManager: Display: Found up-to-date module file ../../../Engine/Plugins/Editor/SpeedTreeImporter/Binaries/Win64/UE4Editor-SpeedTreeImporter.dll (API version 3709383).
LogModuleManager: Display: Found up-to-date module file ../../../Engine/Plugins/Experimental/AlembicImporter/Binaries/Win64/UE4Editor-AlembicImporter.dll (API version 3709383).
LogModuleManager: Display: Found up-to-date module file ../../../Engine/Plugins/Experimental/AlembicImporter/Binaries/Win64/UE4Editor-AlembicLibrary.dll (API version 3709383).
LogModuleManager: Display: Found up-to-date module file ../../../Engine/Plugins/Experimental/CharacterAI/Binaries/Win64/UE4Editor-CharacterAI.dll (API version 3709383).
LogModuleManager: Display: Found up-to-date module file ../../../Engine/Plugins/Experimental/HTML5Networking/Binaries/Win64/UE4Editor-HTML5Networking.dll (API version 3709383).
LogModuleManager: Display: Found up-to-date module file ../../../Engine/Plugins/Media/AndroidMedia/Binaries/Win64/UE4Editor-AndroidMediaEditor.dll (API version 3709383).
LogModuleManager: Display: Found up-to-date module file ../../../Engine/Plugins/Media/AndroidMedia/Binaries/Win64/UE4Editor-AndroidMediaFactory.dll (API version 3709383).
LogModuleManager: Display: Found up-to-date module file ../../../Engine/Plugins/Media/AvfMedia/Binaries/Win64/UE4Editor-AvfMediaEditor.dll (API version 3709383).
LogModuleManager: Display: Found up-to-date module file ../../../Engine/Plugins/Media/AvfMedia/Binaries/Win64/UE4Editor-AvfMediaFactory.dll (API version 3709383).
LogModuleManager: Display: Found up-to-date module file ../../../Engine/Plugins/Media/AvfMedia/Binaries/Win64/UE4Editor-AvfMediaFactory.dll (API version 3709383).
LogModuleManager: Display: Found up-to-date module file ../../../Engine/Plugins/Media/ImgMedia/Binaries/Win64/UE4Editor-ImgMedia.dll (API version 3709383).
LogModuleManager: Display: Found up-to-date module file ../../../Engine/Plugins/Media/ImgMedia/Binaries/Win64/UE4Editor-ImgMediaEditor.dll (API version 3709383).
LogModuleManager: Display: Found up-to-date module file ../../../Engine/Plugins/Media/ImgMedia/Binaries/Win64/UE4Editor-ImgMediaFactory.dll (API version 3709383).
LogModuleManager: Display: Found up-to-date module file ../../../Engine/Plugins/Media/ImgMedia/Binaries/Win64/UE4Editor-ImgMediaFactory.dll (API version 3709383).
LogModuleManager: Display: Found up-to-date module file ../../../Engine/Plugins/Media/ImgMedia/Binaries/Win64/UE4Editor-OpenExrWrapper.dll (API version 3709383).
LogModuleManager: Display: Found up-to-date module file ../../../Engine/Plugins/Media/MediaCompositing/Binaries/Win64/UE4Editor-MediaCompositing.dll (API version 3709383).
LogModuleManager: Display: Found up-to-date module file ../../../Engine/Plugins/Media/MediaCompositing/Binaries/Win64/UE4Editor-MediaCompositingEditor.dll (API version 3709383).
LogModuleManager: Display: Found up-to-date module file ../../../Engine/Plugins/Media/MediaPlayerEditor/Binaries/Win64/UE4Editor-MediaPlayerEditor.dll (API version 3709383).
LogModuleManager: Display: Found up-to-date module file ../../../Engine/Plugins/Media/WmfMedia/Binaries/Win64/UE4Editor-WmfMedia.dll (API version 3709383).
LogModuleManager: Display: Found up-to-date module file ../../../Engine/Plugins/Media/WmfMedia/Binaries/Win64/UE4Editor-WmfMediaEditor.dll (API version 3709383).
LogModuleManager: Display: Found up-to-date module file ../../../Engine/Plugins/Media/WmfMedia/Binaries/Win64/UE4Editor-WmfMediaFactory.dll (API version 3709383).
LogModuleManager: Display: Found up-to-date module file ../../../Engine/Plugins/Media/WmfMedia/Binaries/Win64/UE4Editor-WmfMediaFactory.dll (API version 3709383).
LogModuleManager: Display: Found up-to-date module file ../../../Engine/Plugins/Messaging/TcpMessaging/Binaries/Win64/UE4Editor-TcpMessaging.dll (API version 3709383).
LogModuleManager: Display: Found up-to-date module file ../../../Engine/Plugins/Messaging/UdpMessaging/Binaries/Win64/UE4Editor-UdpMessaging.dll (API version 3709383).
LogModuleManager: Display: Found up-to-date module file ../../../Engine/Plugins/MovieScene/ActorSequence/Binaries/Win64/UE4Editor-ActorSequence.dll (API version 3709383).
LogModuleManager: Display: Found up-to-date module file ../../../Engine/Plugins/MovieScene/LevelSequenceEditor/Binaries/Win64/UE4Editor-LevelSequenceEditor.dll (API version 3709383).
LogModuleManager: Display: Found up-to-date module file ../../../Engine/Plugins/MovieScene/MatineeToLevelSequence/Binaries/Win64/UE4Editor-MatineeToLevelSequence.dll (API version 3709383).
LogModuleManager: Display: Found up-to-date module file ../../../Engine/Plugins/Online/OnlineSubsystem/Binaries/Win64/UE4Editor-OnlineSubsystem.dll (API version 3709383).
LogModuleManager: Display: Found up-to-date module file ../../../Engine/Plugins/Runtime/AndroidPermission/Binaries/Win64/UE4Editor-AndroidPermission.dll (API version 3709383).
LogModuleManager: Display: Found up-to-date module file ../../../Engine/Plugins/Online/OnlineSubsystemNull/Binaries/Win64/UE4Editor-OnlineSubsystemNull.dll (API version 3709383).
LogModuleManager: Display: Found up-to-date module file ../../../Engine/Plugins/Online/OnlineSubsystemUtils/Binaries/Win64/UE4Editor-OnlineSubsystemUtils.dll (API version 3709383).
LogModuleManager: Display: Found up-to-date module file ../../../Engine/Plugins/Online/OnlineSubsystemUtils/Binaries/Win64/UE4Editor-OnlineBlueprintSupport.dll (API version 3709383).
LogModuleManager: Display: Found up-to-date module file ../../../Engine/Plugins/Runtime/AndroidDeviceProfileSelector/Binaries/Win64/UE4Editor-AndroidDeviceProfileSelector.dll (API version 3709383).
LogModuleManager: Display: Found up-to-date module file ../../../Engine/Plugins/Runtime/AppleARKit/Binaries/Win64/UE4Editor-AppleARKit.dll (API version 3709383).
LogModuleManager: Display: Found up-to-date module file ../../../Engine/Plugins/Runtime/ArchVisCharacter/Binaries/Win64/UE4Editor-ArchVisCharacter.dll (API version 3709383).
LogModuleManager: Display: Found up-to-date module file ../../../Engine/Plugins/Runtime/CableComponent/Binaries/Win64/UE4Editor-CableComponent.dll (API version 3709383).
LogModuleManager: Display: Found up-to-date module file ../../../Engine/Plugins/Runtime/CustomMeshComponent/Binaries/Win64/UE4Editor-CustomMeshComponent.dll (API version 3709383).
LogModuleManager: Display: Found up-to-date module file ../../../Engine/Plugins/Runtime/ExampleDeviceProfileSelector/Binaries/Win64/UE4Editor-ExampleDeviceProfileSelector.dll (API version 3709383).
LogModuleManager: Display: Found up-to-date module file ../../../Engine/Plugins/Runtime/ImmediatePhysics/Binaries/Win64/UE4Editor-ImmediatePhysics.dll (API version 3709383).
LogModuleManager: Display: Found up-to-date module file ../../../Engine/Plugins/Runtime/ImmediatePhysics/Binaries/Win64/UE4Editor-ImmediatePhysicsEditor.dll (API version 3709383).
LogModuleManager: Display: Found up-to-date module file ../../../Engine/Plugins/Runtime/LocationServicesBPLibrary/Binaries/Win64/UE4Editor-LocationServicesBPLibrary.dll (API version 3709383).
LogModuleManager: Display: Found up-to-date module file ../../../Engine/Plugins/Runtime/MobilePatchingUtils/Binaries/Win64/UE4Editor-MobilePatchingUtils.dll (API version 3709383).
LogModuleManager: Display: Found up-to-date module file ../../../Engine/Plugins/Runtime/Oculus/OculusVR/Binaries/Win64/UE4Editor-OculusHMD.dll (API version 3709383).
LogModuleManager: Display: Found up-to-date module file ../../../Engine/Plugins/Runtime/Oculus/OculusVR/Binaries/Win64/UE4Editor-OculusInput.dll (API version 3709383).
LogModuleManager: Display: Found up-to-date module file ../../../Engine/Plugins/Runtime/Oculus/OculusVR/Binaries/Win64/UE4Editor-OculusEditor.dll (API version 3709383).
LogModuleManager: Display: Found up-to-date module file ../../../Engine/Plugins/Runtime/PhysXVehicles/Binaries/Win64/UE4Editor-PhysXVehicles.dll (API version 3709383).
LogModuleManager: Display: Found up-to-date module file ../../../Engine/Plugins/Runtime/PhysXVehicles/Binaries/Win64/UE4Editor-PhysXVehiclesEditor.dll (API version 3709383).
LogModuleManager: Display: Found up-to-date module file ../../../Engine/Plugins/Runtime/ProceduralMeshComponent/Binaries/Win64/UE4Editor-ProceduralMeshComponent.dll (API version 3709383).
LogModuleManager: Display: Found up-to-date module file ../../../Engine/Plugins/Runtime/ProceduralMeshComponent/Binaries/Win64/UE4Editor-ProceduralMeshComponentEditor.dll (API version 3709383).
LogModuleManager: Display: Found up-to-date module file ../../../Engine/Plugins/Runtime/RuntimePhysXCooking/Binaries/Win64/UE4Editor-RuntimePhysXCooking.dll (API version 3709383).
LogModuleManager: Display: Found up-to-date module file ../../../Engine/Plugins/Runtime/Steam/SteamVR/Binaries/Win64/UE4Editor-SteamVR.dll (API version 3709383).
LogModuleManager: Display: Found up-to-date module file ../../../Engine/Plugins/Runtime/Steam/SteamVR/Binaries/Win64/UE4Editor-SteamVRController.dll (API version 3709383).
LogModuleManager: Display: Found up-to-date module file ../../../Engine/Plugins/Runtime/WindowsMoviePlayer/Binaries/Win64/UE4Editor-WindowsMoviePlayer.dll (API version 3709383).
LogPluginManager: Mounting plugin Paper2D
LogPluginManager: Mounting plugin LightPropagationVolume
LogPluginManager: Mounting plugin CodeLiteSourceCodeAccess
LogPluginManager: Mounting plugin GitSourceControl
LogPluginManager: Mounting plugin KDevelopSourceCodeAccess
LogPluginManager: Mounting plugin NullSourceCodeAccess
LogPluginManager: Mounting plugin PerforceSourceControl
LogPluginManager: Mounting plugin SubversionSourceControl
LogPluginManager: Mounting plugin UObjectPlugin
LogPluginManager: Mounting plugin VisualStudioCodeSourceCodeAccess
LogPluginManager: Mounting plugin VisualStudioSourceCodeAccess
LogPluginManager: Mounting plugin XCodeSourceCodeAccess
LogPluginManager: Mounting plugin AssetManagerEditor
LogPluginManager: Mounting plugin AudioCapture
LogPluginManager: Mounting plugin FacialAnimation
LogPluginManager: Mounting plugin GameplayTagsEditor
LogPluginManager: Mounting plugin MobileLauncherProfileWizard
LogPluginManager: Mounting plugin PluginBrowser
LogPluginManager: Mounting plugin SpeedTreeImporter
LogPluginManager: Mounting plugin AlembicImporter
LogPluginManager: Mounting plugin CharacterAI
LogPluginManager: Mounting plugin HTML5Networking
LogPluginManager: Mounting plugin AndroidMedia
LogPluginManager: Mounting plugin AvfMedia
LogPluginManager: Mounting plugin ImgMedia
LogPluginManager: Mounting plugin MediaCompositing
LogPluginManager: Mounting plugin MediaPlayerEditor
LogPluginManager: Mounting plugin WmfMedia
LogPluginManager: Mounting plugin TcpMessaging
LogPluginManager: Mounting plugin UdpMessaging
LogPluginManager: Mounting plugin ActorSequence
LogPluginManager: Mounting plugin LevelSequenceEditor
LogPluginManager: Mounting plugin MatineeToLevelSequence
LogPluginManager: Mounting plugin OnlineSubsystemGooglePlay
LogPluginManager: Mounting plugin OnlineSubsystemIOS
LogPluginManager: Mounting plugin OnlineSubsystem
LogPluginManager: Mounting plugin OnlineSubsystemNull
LogPluginManager: Mounting plugin OnlineSubsystemUtils
LogPluginManager: Mounting plugin AndroidDeviceProfileSelector
LogPluginManager: Mounting plugin AndroidMoviePlayer
LogPluginManager: Mounting plugin AndroidPermission
LogPluginManager: Mounting plugin AppleARKit
LogPluginManager: Mounting plugin AppleMoviePlayer
LogPluginManager: Mounting plugin ArchVisCharacter
LogPluginManager: Mounting plugin CableComponent
LogPluginManager: Mounting plugin CustomMeshComponent
LogPluginManager: Mounting plugin ExampleDeviceProfileSelector
LogPluginManager: Mounting plugin GoogleCloudMessaging
LogPluginManager: Mounting plugin ImmediatePhysics
LogPluginManager: Mounting plugin IOSDeviceProfileSelector
LogPluginManager: Mounting plugin LinuxDeviceProfileSelector
LogPluginManager: Mounting plugin LocationServicesBPLibrary
LogPluginManager: Mounting plugin MobilePatchingUtils
LogPluginManager: Mounting plugin OculusVR
LogPluginManager: Plugin shader directory ../../../Engine/Plugins/Runtime/Oculus/OculusVR/Shaders found
LogPluginManager: Mapping shader source directory ../../../Engine/Plugins/Runtime/Oculus/OculusVR/Shaders to virtual directory /Plugin/OculusVR
LogPluginManager: Mounting plugin PhysXVehicles
LogPluginManager: Mounting plugin ProceduralMeshComponent
LogPluginManager: Mounting plugin RuntimePhysXCooking
LogPluginManager: Mounting plugin SteamVR
LogPluginManager: Mounting plugin WindowsMoviePlayer
LogInit: Using libcurl 7.47.1
LogInit:  - built for x86_64-pc-win32
LogInit:  - supports SSL with OpenSSL/1.0.2g
LogInit:  - supports HTTP deflate (compression) using libz 1.2.8
LogInit:  - other features:
LogInit:      CURL_VERSION_SSL
LogInit:      CURL_VERSION_LIBZ
LogInit:      CURL_VERSION_IPV6
LogInit:      CURL_VERSION_ASYNCHDNS
LogInit:      CURL_VERSION_LARGEFILE
LogInit:      CURL_VERSION_IDN
LogInit:  CurlRequestOptions (configurable via config and command line):
LogInit:  - bVerifyPeer = false  - Libcurl will NOT verify peer certificate
LogInit:  - bUseHttpProxy = false  - Libcurl will NOT use HTTP proxy
LogInit:  - bDontReuseConnections = false  - Libcurl will reuse connections
LogInit:  - CertBundlePath = nullptr  - Libcurl will use whatever was configured at build time.
LogInit: Build: ++UE4+Release-4.18-CL-3754814
LogInit: Engine Version: 4.18.1-3754814+++UE4+Release-4.18
LogInit: Compatible Engine Version: 4.18.0-3709383+++UE4+Release-4.18
LogInit: Net CL: 3709383
LogDevObjectVersion: Number of dev versions registered: 16
LogDevObjectVersion:   Dev-Blueprints (B0D832E4-1F89-4F0D-ACCF-7EB736FD4AA2): 10
LogDevObjectVersion:   Dev-Build (E1C64328-A22C-4D53-A36C-8E866417BD8C): 0
LogDevObjectVersion:   Dev-Core (375EC13C-06E4-48FB-B500-84F0262A717E): 2
LogDevObjectVersion:   Dev-Editor (E4B068ED-F494-42E9-A231-DA0B2E46BB41): 20
LogDevObjectVersion:   Dev-Framework (CFFC743F-43B0-4480-9391-14DF171D2073): 30
LogDevObjectVersion:   Dev-Mobile (B02B49B5-BB20-44E9-A304-32B752E40360): 0
LogDevObjectVersion:   Dev-Networking (A4E4105C-59A1-49B5-A7C5-40C4547EDFEE): 0
LogDevObjectVersion:   Dev-Online (39C831C9-5AE6-47DC-9A44-9C173E1C8E7C): 0
LogDevObjectVersion:   Dev-Physics (78F01B33-EBEA-4F98-B9B4-84EACCB95AA2): 0
LogDevObjectVersion:   Dev-Platform (6631380F-2D4D-43E0-8009-CF276956A95A): 0
LogDevObjectVersion:   Dev-Rendering (12F88B9F-8875-4AFC-A67C-D90C383ABD29): 20
LogDevObjectVersion:   Dev-Sequencer (7B5AE74C-D270-4C10-A958-57980B212A5A): 4
LogDevObjectVersion:   Dev-VR (D7296918-1DD6-4BDD-9DE2-64A83CC13884): 0
LogDevObjectVersion:   Dev-LoadTimes (C2A15278-BFE7-4AFE-6C17-90FF531DF755): 1
LogDevObjectVersion:   Private-Geometry (6EACA3D4-40EC-4CC1-B786-8BED09428FC5): 1
LogDevObjectVersion:   Dev-AnimPhys (29E575DD-E0A3-4627-9D10-D276232CDCEA): 12
LogInit: Compiled (64-bit): Nov 14 2017 02:05:55
LogInit: Compiled with Visual C++: 19.00.24215.01
LogInit: Build Configuration: Development
LogInit: Branch Name: ++UE4+Release-4.18
LogInit: Command line:  
LogInit: Base directory: C:/Program Files/Epic Games/UE_4.18/Engine/Binaries/Win64/
LogInit: Installed Engine Build: 1
LogInit: Presizing for max 8388607 objects, including 0 objects not considered by GC, pre-allocating 0 bytes for permanent pool.
LogInit: Object subsystem initialized
[2017.11.27-21.11.57:137][  0]LogInit: Selected Device Profile: [Windows]
[2017.11.27-21.11.57:137][  0]LogInit: Applying CVar settings loaded from the selected device profile: [Windows]
[2017.11.27-21.11.57:170][  0]LogInit: Computer: DESKTOP-OJU3OU9
[2017.11.27-21.11.57:170][  0]LogInit: User: Andy
[2017.11.27-21.11.57:170][  0]LogInit: CPU Page size=4096, Cores=4
[2017.11.27-21.11.57:170][  0]LogInit: High frequency timer resolution =3.328125 MHz
[2017.11.27-21.11.57:170][  0]LogMemory: Memory total: Physical=15.9GB (16GB approx)
[2017.11.27-21.11.57:170][  0]LogMemory: Platform Memory Stats for Windows
[2017.11.27-21.11.57:170][  0]LogMemory: Process Physical Memory: 276.34 MB used, 276.34 MB peak
[2017.11.27-21.11.57:170][  0]LogMemory: Process Virtual Memory: 265.55 MB used, 265.55 MB peak
[2017.11.27-21.11.57:170][  0]LogMemory: Physical Memory: 1860.95 MB used,  14470.75 MB free, 16331.70 MB total
[2017.11.27-21.11.57:170][  0]LogMemory: Virtual Memory: 640.54 MB used,  14470.75 MB free, 134217728.00 MB total
[2017.11.27-21.11.57:535][  0]LogInit: Using OS detected language (en-US).
[2017.11.27-21.11.57:535][  0]LogInit: Using OS detected locale (en-US).
[2017.11.27-21.11.57:586][  0]LogTextLocalizationManager: No specific localization for 'en-US' exists, so the 'en' localization will be used.
[2017.11.27-21.11.58:025][  0]LogInit: Setting process to per monitor DPI aware
[2017.11.27-21.11.59:600][  0]LogD3D11RHI: D3D11 adapters:
[2017.11.27-21.11.59:651][  0]LogD3D11RHI:    0. 'NVIDIA GeForce GTX 1070' (Feature Level 11_0)
[2017.11.27-21.11.59:651][  0]LogD3D11RHI:       8081/0/8165 MB DedicatedVideo/DedicatedSystem/SharedSystem, Outputs:1, VendorId:0x10de
[2017.11.27-21.11.59:652][  0]LogD3D11RHI:    1. 'Microsoft Basic Render Driver' (Feature Level 11_0)
[2017.11.27-21.11.59:652][  0]LogD3D11RHI:       0/0/8165 MB DedicatedVideo/DedicatedSystem/SharedSystem, Outputs:0, VendorId:0x1414
[2017.11.27-21.11.59:652][  0]LogD3D11RHI: Chosen D3D11 Adapter: 0
[2017.11.27-21.11.59:657][  0]LogD3D11RHI: Creating new Direct3DDevice
[2017.11.27-21.11.59:657][  0]LogD3D11RHI:     GPU DeviceId: 0x1b81 (for the marketing name, search the web for "GPU Device Id")
[2017.11.27-21.11.59:657][  0]LogWindows: EnumDisplayDevices:
[2017.11.27-21.11.59:657][  0]LogWindows:    0. 'NVIDIA GeForce GTX 1070' (P:1 D:1)
[2017.11.27-21.11.59:657][  0]LogWindows:    1. 'NVIDIA GeForce GTX 1070' (P:0 D:0)
[2017.11.27-21.11.59:657][  0]LogWindows:    2. 'NVIDIA GeForce GTX 1070' (P:0 D:0)
[2017.11.27-21.11.59:657][  0]LogWindows:    3. 'NVIDIA GeForce GTX 1070' (P:0 D:0)
[2017.11.27-21.11.59:657][  0]LogWindows: DebugString: FoundDriverCount:4 
[2017.11.27-21.11.59:657][  0]LogD3D11RHI:     Adapter Name: NVIDIA GeForce GTX 1070
[2017.11.27-21.11.59:657][  0]LogD3D11RHI:   Driver Version: 385.69 (internal:22.21.13.8569, unified:385.69)
[2017.11.27-21.11.59:657][  0]LogD3D11RHI:      Driver Date: 9-16-2017
[2017.11.27-21.11.59:657][  0]LogRHI: Texture pool is 5656 MB (70% of 8081 MB)
[2017.11.27-21.11.59:686][  0]LogD3D11RHI: Async texture creation enabled
[2017.11.27-21.11.59:714][  0]LogD3D11RHI: GPU Timing Frequency: 1000.000000 (Debug: 2 1)
[2017.11.27-21.11.59:722][  0]LogShaderCompilers: Guid format shader working directory is 35 characters bigger than the processId version (D:/ue/grid/Intermediate/Shaders/WorkingDirectory/4440/).
[2017.11.27-21.11.59:722][  0]LogShaderCompilers: Cleaned the shader compiler working directory 'C:/Users/Andy/AppData/Local/Temp/UnrealShaderWorkingDir/D3CE965C41725C625E451C8B10DC64D1/'.
[2017.11.27-21.11.59:723][  0]LogShaderCompilers: Display: Using Local Shader Compiler.
[2017.11.27-21.12.01:700][  0]LogTemp: Display: Loaded TP AllDesktopTargetPlatform
[2017.11.27-21.12.01:739][  0]LogTemp: Display: Loaded TP MacClientTargetPlatform
[2017.11.27-21.12.01:778][  0]LogTemp: Display: Loaded TP MacNoEditorTargetPlatform
[2017.11.27-21.12.01:817][  0]LogTemp: Display: Loaded TP MacServerTargetPlatform
[2017.11.27-21.12.01:862][  0]LogTemp: Display: Loaded TP MacTargetPlatform
[2017.11.27-21.12.01:902][  0]LogTemp: Display: Loaded TP WindowsClientTargetPlatform
[2017.11.27-21.12.01:941][  0]LogTemp: Display: Loaded TP WindowsNoEditorTargetPlatform
[2017.11.27-21.12.01:981][  0]LogTemp: Display: Loaded TP WindowsServerTargetPlatform
[2017.11.27-21.12.02:013][  0]LogTemp: Display: Loaded TP WindowsTargetPlatform
[2017.11.27-21.12.02:052][  0]LogTemp: Display: Loaded TP Android_ASTCTargetPlatform
[2017.11.27-21.12.02:090][  0]LogTemp: Display: Loaded TP Android_ATCTargetPlatform
[2017.11.27-21.12.02:129][  0]LogTemp: Display: Loaded TP Android_DXTTargetPlatform
[2017.11.27-21.12.02:168][  0]LogTemp: Display: Loaded TP Android_ETC1TargetPlatform
[2017.11.27-21.12.02:207][  0]LogTemp: Display: Loaded TP Android_ETC2TargetPlatform
[2017.11.27-21.12.02:285][  0]LogTemp: Display: Loaded TP Android_MultiTargetPlatform
[2017.11.27-21.12.02:285][  0]LogTemp: Display: Loaded TP Android_PVRTCTargetPlatform
[2017.11.27-21.12.02:328][  0]LogTemp: Display: Loaded TP AndroidTargetPlatform
[2017.11.27-21.12.02:360][  0]LogTemp: Display: Loaded TP HTML5TargetPlatform
[2017.11.27-21.12.02:462][  0]LogTemp: Display: Loaded TP IOSTargetPlatform
[2017.11.27-21.12.02:486][  0]LogTemp: Display: Loaded TP TVOSTargetPlatform
[2017.11.27-21.12.02:527][  0]LogTemp: Display: Loaded TP LinuxClientTargetPlatform
[2017.11.27-21.12.02:569][  0]LogTemp: Display: Loaded TP LinuxNoEditorTargetPlatform
[2017.11.27-21.12.02:610][  0]LogTemp: Display: Loaded TP LinuxServerTargetPlatform
[2017.11.27-21.12.02:658][  0]LogTemp: Display: Loaded TP LinuxTargetPlatform
[2017.11.27-21.12.02:658][  0]LogTargetPlatformManager: Display: Building Assets For Windows
[2017.11.27-21.12.03:347][  0]LogDerivedDataCache: Display: Max Cache Size: 512 MB
[2017.11.27-21.12.03:347][  0]LogDerivedDataCache: Display: Starting with empty Boot cache
[2017.11.27-21.12.03:347][  0]LogDerivedDataCache: FDerivedDataBackendGraph:  Pak pak cache file D:/ue/grid/DerivedDataCache/DDC.ddp not found, will not use a pak cache.
[2017.11.27-21.12.03:347][  0]LogDerivedDataCache: Unable to find inner node Pak for hierarchical cache Hierarchy.
[2017.11.27-21.12.03:347][  0]LogDerivedDataCache: FDerivedDataBackendGraph:  CompressedPak pak cache file D:/ue/grid/DerivedDataCache/Compressed.ddp not found, will not use a pak cache.
[2017.11.27-21.12.03:347][  0]LogDerivedDataCache: Unable to find inner node CompressedPak for hierarchical cache Hierarchy.
[2017.11.27-21.12.03:373][  0]LogDerivedDataCache: Display: Pak cache opened for reading ../../../Engine/DerivedDataCache/Compressed.ddp.
[2017.11.27-21.12.03:385][  0]LogDerivedDataCache: Using Local data cache path C:/Users/Andy/AppData/Local/UnrealEngine/Common/DerivedDataCache: Writable
[2017.11.27-21.12.03:390][  0]LogMaterial: Verifying Global Shaders for PCD3D_SM5
[2017.11.27-21.12.04:573][  0]LogSlate: Using Freetype 2.6.0
[2017.11.27-21.12.04:586][  0]LogSlate: SlateFontCache - WITH_FREETYPE: 1, WITH_HARFBUZZ: 1
[2017.11.27-21.12.04:586][  0]LogSlate: SlateFontCache - WITH_FREETYPE: 1, WITH_HARFBUZZ: 1
[2017.11.27-21.12.07:775][  0]LogInit: Selected Device Profile: [Windows]
[2017.11.27-21.12.08:028][  0]LogMaterial: Missing cached shader map for material WorldGridMaterial, compiling. Is special engine material.
[2017.11.27-21.13.54:970][  0]LogMaterial: Missing cached shader map for material DefaultDeferredDecalMaterial, compiling. 
[2017.11.27-21.14.03:034][  0]LogMaterial: Missing cached shader map for material DefaultLightFunctionMaterial, compiling. 
[2017.11.27-21.14.03:823][  0]LogMaterial: Missing cached shader map for material DefaultPostProcessMaterial, compiling. 
[2017.11.27-21.14.04:436][  0]LogMaterial: Missing cached shader map for material MatineeCam_mat, compiling. 
[2017.11.27-21.14.04:815][  0]LogSimplygon: Simplygon DLL not present - disabling.
[2017.11.27-21.14.04:863][  0]LogMeshReduction: Using SimplygonSwarm for distributed automatic mesh merging
[2017.11.27-21.14.04:864][  0]LogMeshReduction: Using QuadricMeshReduction for automatic static mesh reduction
[2017.11.27-21.14.04:864][  0]LogMeshReduction: No automatic skeletal mesh reduction module available
[2017.11.27-21.14.04:864][  0]LogMeshReduction: No automatic mesh merging module available
[2017.11.27-21.14.04:864][  0]LogMeshMerging: No automatic mesh merging module available
[2017.11.27-21.14.04:938][  0]LogNetVersion: Grid1 , NetCL: 3709383, EngineNetVer: 2, GameNetVer: 0 (Checksum: 1394303240)
[2017.11.27-21.14.05:022][  0]LogMaterial: Missing cached shader map for material HelpActorMaterial, compiling. 
[2017.11.27-21.14.05:301][  0]LogMaterial: Missing cached shader map for material DefaultTextMaterialOpaque, compiling. 
[2017.11.27-21.14.05:513][  0]LogAssetRegistry: FAssetRegistry took 0.0297 seconds to start up
[2017.11.27-21.14.05:581][  0]LogMaterial: Missing cached shader map for material Xray, compiling. 
[2017.11.27-21.14.05:616][  0]LogMaterial: Missing cached shader map for material Main, compiling. 
[2017.11.27-21.14.05:932][  0]LogMaterial: Missing cached shader map for material SnapGridMaterial, compiling. 
[2017.11.27-21.14.06:047][  0]LogMaterial: Missing cached shader map for material TranslucentTransformGizmoMaterial, compiling. 
[2017.11.27-21.14.06:064][  0]LogMaterial: Missing cached shader map for material TransformGizmoMaterial, compiling. 
[2017.11.27-21.14.06:138][  0]LogMaterial: Missing cached shader map for material CineMat, compiling. 
[2017.11.27-21.14.06:288][  0]LogMaterial: Missing cached shader map for material M_SimpleOpaque, compiling. 
[2017.11.27-21.14.06:340][  0]LogMaterial: Missing cached shader map for material M_SimpleTranslucent, compiling. 
[2017.11.27-21.14.06:512][  0]LogMaterial: Missing cached shader map for material Widget3DPassThrough, compiling. 
[2017.11.27-21.14.06:528][  0]LogMaterial: Missing cached shader map for material Widget3DPassThrough, compiling. 
[2017.11.27-21.14.06:563][  0]LogMaterial: Missing cached shader map for material Widget3DPassThrough, compiling. 
[2017.11.27-21.14.06:587][  0]LogMaterial: Missing cached shader map for material Widget3DPassThrough, compiling. 
[2017.11.27-21.14.06:606][  0]LogMaterial: Missing cached shader map for material Widget3DPassThrough, compiling. 
[2017.11.27-21.14.06:639][  0]LogMaterial: Missing cached shader map for material Widget3DPassThrough, compiling. 
[2017.11.27-21.14.06:853][  0]LogMaterial: Missing cached shader map for material SkySphereMaterial, compiling. 
[2017.11.27-21.14.06:886][  0]LogMaterial: Missing cached shader map for material FloorPlaneMaterial, compiling. 
[2017.11.27-21.14.07:140][  0]LogMaterial: Missing cached shader map for material LandscapeGizmo_Mat, compiling. 
[2017.11.27-21.14.07:176][  0]LogMaterial: Missing cached shader map for material LandscapeGizmoHeight_Mat, compiling. 
[2017.11.27-21.14.07:263][  0]LogMaterial: Missing cached shader map for material SplineEditorMeshMat, compiling. 
[2017.11.27-21.14.07:324][  0]LogMaterial: Missing cached shader map for material ARKitCameraMaterial, compiling. 
[2017.11.27-21.14.07:379][  0]LogMaterial: Missing cached shader map for material GearVRControllerMaterial, compiling. 
[2017.11.27-21.14.07:512][  0]LogPackageLocalizationCache: Processed 7 localized package path(s) for 2 prioritized culture(s) in 0.072304 seconds
[2017.11.27-21.14.07:522][  0]LogUObjectArray: 35900 objects as part of root set at end of initial load.
[2017.11.27-21.14.07:522][  0]LogUObjectAllocator: 7372024 out of 0 bytes used by permanent object pool.
[2017.11.27-21.14.07:522][  0]LogUObjectArray: CloseDisregardForGC: 0/0 objects in disregard for GC pool
[2017.11.27-21.14.07:607][  0]LogInit: WinSock: version 1.1 (2.2), MaxSocks=32767, MaxUdp=65467
[2017.11.27-21.14.11:893][  0]LogMaterial: Missing cached shader map for material FlattenHeightMat, compiling. 
[2017.11.27-21.14.11:914][  0]LogMaterial: Missing cached shader map for material ArrowMaterial, compiling. 
[2017.11.27-21.14.11:956][  0]LogMaterial: Missing cached shader map for material KeyDiskMaterial, compiling. 
[2017.11.27-21.14.12:014][  0]LogMaterial: Missing cached shader map for material GridPostProcess, compiling. 
[2017.11.27-21.14.12:027][  0]LogMaterial: Missing cached shader map for material OculusControllerMaterial, compiling. 
[2017.11.27-21.14.12:062][  0]LogMaterial: Missing cached shader map for material M_ContentWindow, compiling. 
[2017.11.27-21.14.12:122][  0]LogMaterial: Missing cached shader map for material GridMaterial, compiling. 
[2017.11.27-21.14.12:138][  0]LogMaterial: Missing cached shader map for material VRTextMaterial, compiling. 
[2017.11.27-21.14.12:163][  0]LogMaterial: Missing cached shader map for material LaserPointerMaterial, compiling. 
[2017.11.27-21.14.12:204][  0]LogMaterial: Missing cached shader map for material VivePreControllerMaterial, compiling. 
[2017.11.27-21.14.12:235][  0]LogMaterial: Missing cached shader map for material GenericHMDMaterial, compiling. 
[2017.11.27-21.14.12:275][  0]LogMaterial: Missing cached shader map for material TeleportDirectionMaterial, compiling. 
[2017.11.27-21.14.12:317][  0]LogMaterial: Missing cached shader map for material LaserPointerMaterial, compiling. 
[2017.11.27-21.14.12:391][  0]LogMaterial: Missing cached shader map for material LineMaterial, compiling. 
[2017.11.27-21.14.12:419][  0]LogMaterial: Missing cached shader map for material VRTextMaterial, compiling. 
[2017.11.27-21.14.13:824][  0]LogMaterial: Missing cached shader map for material DefaultSpriteMaterial, compiling. 
[2017.11.27-21.14.13:848][  0]LogMaterial: Missing cached shader map for material DefaultSpriteMaterial, compiling. 
[2017.11.27-21.14.14:421][  0]LogTcpMessaging: Initializing TcpMessaging bridge
[2017.11.27-21.14.14:473][  0]LogUdpMessaging: Initializing bridge on interface 0.0.0.0:0 to multicast group 230.0.0.1:6666.
[2017.11.27-21.14.14:924][  0]LogMaterial: Missing cached shader map for material DefaultMaterial, compiling. 
[2017.11.27-21.14.15:556][  0]LogMaterial: Missing cached shader map for material BaseColor, compiling. 
[2017.11.27-21.14.15:557][  0]LogMaterial: Warning: C:\Program Files\Epic Games\UE_4.18\Engine\Content\BufferVisualization\BaseColor.uasset: Failed to compile Material for platform PCD3D_SM5, Default Material will be used in game.
[2017.11.27-21.14.15:557][  0]LogMaterial: 	(Node SceneTexture) GBuffer scene textures not available with forward shading.
[2017.11.27-21.14.15:560][  0]LogMaterial: Missing cached shader map for material CustomDepth, compiling. 
[2017.11.27-21.14.15:589][  0]LogMaterial: Uniform references updated for custom material expression Custom.
[2017.11.27-21.14.15:593][  0]LogMaterial: Missing cached shader map for material CustomStencil, compiling. 
[2017.11.27-21.14.15:607][  0]LogMaterial: Missing cached shader map for material FinalImage, compiling. 
[2017.11.27-21.14.15:619][  0]LogMaterial: Missing cached shader map for material LightingModel, compiling. 
[2017.11.27-21.14.15:619][  0]LogMaterial: Warning: C:\Program Files\Epic Games\UE_4.18\Engine\Content\BufferVisualization\LightingModel.uasset: Failed to compile Material for platform PCD3D_SM5, Default Material will be used in game.
[2017.11.27-21.14.15:619][  0]LogMaterial: 	(Node SceneTexture) GBuffer scene textures not available with forward shading.
[2017.11.27-21.14.15:622][  0]LogMaterial: Missing cached shader map for material MaterialAO, compiling. 
[2017.11.27-21.14.15:623][  0]LogMaterial: Warning: C:\Program Files\Epic Games\UE_4.18\Engine\Content\BufferVisualization\MaterialAO.uasset: Failed to compile Material for platform PCD3D_SM5, Default Material will be used in game.
[2017.11.27-21.14.15:623][  0]LogMaterial: 	(Node SceneTexture) GBuffer scene textures not available with forward shading.
[2017.11.27-21.14.15:626][  0]LogMaterial: Missing cached shader map for material Metallic, compiling. 
[2017.11.27-21.14.15:627][  0]LogMaterial: Warning: C:\Program Files\Epic Games\UE_4.18\Engine\Content\BufferVisualization\Metallic.uasset: Failed to compile Material for platform PCD3D_SM5, Default Material will be used in game.
[2017.11.27-21.14.15:627][  0]LogMaterial: 	(Node SceneTexture) GBuffer scene textures not available with forward shading.
[2017.11.27-21.14.15:630][  0]LogMaterial: Missing cached shader map for material Opacity, compiling. 
[2017.11.27-21.14.15:630][  0]LogMaterial: Warning: C:\Program Files\Epic Games\UE_4.18\Engine\Content\BufferVisualization\Opacity.uasset: Failed to compile Material for platform PCD3D_SM5, Default Material will be used in game.
[2017.11.27-21.14.15:630][  0]LogMaterial: 	(Node SceneTexture) GBuffer scene textures not available with forward shading.
[2017.11.27-21.14.15:634][  0]LogMaterial: Missing cached shader map for material Roughness, compiling. 
[2017.11.27-21.14.15:635][  0]LogMaterial: Warning: C:\Program Files\Epic Games\UE_4.18\Engine\Content\BufferVisualization\Roughness.uasset: Failed to compile Material for platform PCD3D_SM5, Default Material will be used in game.
[2017.11.27-21.14.15:635][  0]LogMaterial: 	(Node SceneTexture) GBuffer scene textures not available with forward shading.
[2017.11.27-21.14.15:638][  0]LogMaterial: Missing cached shader map for material SceneColor, compiling. 
[2017.11.27-21.14.15:650][  0]LogMaterial: Missing cached shader map for material SceneDepth, compiling. 
[2017.11.27-21.14.15:663][  0]LogMaterial: Missing cached shader map for material SeparateTranslucencyRGB, compiling. 
[2017.11.27-21.14.15:675][  0]LogMaterial: Missing cached shader map for material SeparateTranslucencyA, compiling. 
[2017.11.27-21.14.15:688][  0]LogMaterial: Missing cached shader map for material Specular, compiling. 
[2017.11.27-21.14.15:688][  0]LogMaterial: Warning: C:\Program Files\Epic Games\UE_4.18\Engine\Content\BufferVisualization\Specular.uasset: Failed to compile Material for platform PCD3D_SM5, Default Material will be used in game.
[2017.11.27-21.14.15:688][  0]LogMaterial: 	(Node SceneTexture) GBuffer scene textures not available with forward shading.
[2017.11.27-21.14.15:692][  0]LogMaterial: Missing cached shader map for material SubsurfaceColor, compiling. 
[2017.11.27-21.14.15:692][  0]LogMaterial: Warning: C:\Program Files\Epic Games\UE_4.18\Engine\Content\BufferVisualization\SubsurfaceColor.uasset: Failed to compile Material for platform PCD3D_SM5, Default Material will be used in game.
[2017.11.27-21.14.15:692][  0]LogMaterial: 	(Node SceneTexture) GBuffer scene textures not available with forward shading.
[2017.11.27-21.14.15:696][  0]LogMaterial: Missing cached shader map for material WorldNormal, compiling. 
[2017.11.27-21.14.15:696][  0]LogMaterial: Warning: C:\Program Files\Epic Games\UE_4.18\Engine\Content\BufferVisualization\WorldNormal.uasset: Failed to compile Material for platform PCD3D_SM5, Default Material will be used in game.
[2017.11.27-21.14.15:696][  0]LogMaterial: 	(Node SceneTexture) GBuffer scene textures not available with forward shading.
[2017.11.27-21.14.15:702][  0]LogMaterial: Missing cached shader map for material AmbientOcclusion, compiling. 
[2017.11.27-21.14.15:726][  0]LogMaterial: Missing cached shader map for material CustomDepthWorldUnits, compiling. 
[2017.11.27-21.14.15:739][  0]LogMaterial: Missing cached shader map for material SceneDepthWorldUnits, compiling. 
[2017.11.27-21.14.15:753][  0]LogMaterial: Missing cached shader map for material PreTonemapHDRColor, compiling. 
[2017.11.27-21.14.15:764][  0]LogMaterial: Missing cached shader map for material PostTonemapHDRColor, compiling. 
[2017.11.27-21.14.16:303][  0]SourceControl: Source control is disabled
[2017.11.27-21.14.16:303][  0]SourceControl: Source control is disabled
[2017.11.27-21.14.16:380][  0]SourceControl: Source control is disabled
[2017.11.27-21.14.16:456][  0]SourceControl: Source control is disabled
[2017.11.27-21.14.17:251][  0]LogMaterial: Missing cached shader map for material DefaultMediaPlaneMaterial, compiling. 
[2017.11.27-21.14.17:677][  0]LogAndroidPermission: UAndroidPermissionCallbackProxy::GetInstance
[2017.11.27-21.14.18:048][  0]LogOcInput: OculusInput pre-init called
[2017.11.27-21.14.18:405][  0]LogMaterial: Missing cached shader map for material HighResScreenshot, compiling. 
[2017.11.27-21.14.18:424][  0]LogMaterial: Missing cached shader map for material HighResScreenshotMask, compiling. 
[2017.11.27-21.14.18:447][  0]LogMaterial: Missing cached shader map for material HighResScreenshotCaptureRegion, compiling. 
[2017.11.27-21.14.18:523][  0]LogEngine: Initializing Engine...
[2017.11.27-21.14.18:527][  0]LogHMD: Failed to initialize OpenVR with code 110
[2017.11.27-21.14.18:533][  0]LogMaterial: Missing cached shader map for material WireframeMaterial, compiling. Is special engine material.
[2017.11.27-21.14.18:800][  0]LogMaterial: Missing cached shader map for material LevelColorationLitMaterial, compiling. Is special engine material.
[2017.11.27-21.14.19:580][  0]LogMaterial: Missing cached shader map for material LevelColorationUnlitMaterial, compiling. Is special engine material.
[2017.11.27-21.14.19:821][  0]LogMaterial: Missing cached shader map for material MAT_LevelColorationLitLightmapUV, compiling. Is special engine material.
[2017.11.27-21.14.20:593][  0]LogMaterial: Missing cached shader map for material ShadedLevelColorationLitMaterial, compiling. Is special engine material.
[2017.11.27-21.14.21:365][  0]LogMaterial: Missing cached shader map for material ShadedLevelColorationUnlitMateri, compiling. Is special engine material.
[2017.11.27-21.14.21:599][  0]LogMaterial: Missing cached shader map for material VertexColorMaterial, compiling. 
[2017.11.27-21.14.21:715][  0]LogMaterial: Missing cached shader map for material VertexColorViewMode_ColorOnly, compiling. 
[2017.11.27-21.14.21:744][  0]LogMaterial: Missing cached shader map for material VertexColorViewMode_AlphaAsColor, compiling. 
[2017.11.27-21.14.21:767][  0]LogMaterial: Missing cached shader map for material VertexColorViewMode_RedOnly, compiling. 
[2017.11.27-21.14.21:789][  0]LogMaterial: Missing cached shader map for material VertexColorViewMode_GreenOnly, compiling. 
[2017.11.27-21.14.21:809][  0]LogMaterial: Missing cached shader map for material VertexColorViewMode_BlueOnly, compiling. 
[2017.11.27-21.14.21:832][  0]LogMaterial: Missing cached shader map for material RemoveSurfaceMaterial, compiling. 
[2017.11.27-21.14.21:842][  0]LogMaterial: Missing cached shader map for material DebugMeshMaterial, compiling. 
[2017.11.27-21.14.21:867][  0]LogMaterial: Missing cached shader map for material M_InvalidLightmapSettings, compiling. 
[2017.11.27-21.14.21:922][  0]LogMaterial: Missing cached shader map for material GizmoMaterial, compiling. 
[2017.11.27-21.14.21:945][  0]LogMaterial: Missing cached shader map for material PhAT_JointLimitMaterial, compiling. 
[2017.11.27-21.14.21:974][  0]LogMaterial: Missing cached shader map for material GeomMaterial, compiling. 
[2017.11.27-21.14.21:992][  0]LogMaterial: Missing cached shader map for material EditorBrushMaterial, compiling. 
[2017.11.27-21.14.22:013][  0]LogMaterial: Missing cached shader map for material BoneWeightMaterial, compiling. 
[2017.11.27-21.14.22:131][  0]LogMaterial: Missing cached shader map for material ClothMaterial, compiling. 
[2017.11.27-21.14.22:153][  0]LogMaterial: Missing cached shader map for material ClothMaterial_WF, compiling. 
[2017.11.27-21.14.22:180][  0]LogMaterial: Missing cached shader map for material DebugEditorMaterial, compiling. 
[2017.11.27-21.14.22:199][  0]LogMaterial: Missing cached shader map for material PreviewShadowIndicatorMaterial, compiling. 
[2017.11.27-21.14.22:490][  0]LogStats: UGameplayTagsManager::ConstructGameplayTagTree: Construct from data asset -  0.000 s
[2017.11.27-21.14.22:491][  0]LogStats: UGameplayTagsManager::ConstructGameplayTagTree: GameplayTagTreeChangedEvent.Broadcast -  0.000 s
[2017.11.27-21.14.22:687][  0]LogAIModule: Creating AISystem for world Untitled
[2017.11.27-21.14.22:720][  0]LogInit: XAudio2 using 'Speakers (Realtek High Definition Audio)' : 2 channels at 48 kHz using 32 bits per sample (channel mask 0x3)
[2017.11.27-21.14.22:883][  0]LogInit: FAudioDevice initialized.
[2017.11.27-21.14.22:951][  0]LogDerivedDataCache: Saved boot cache 0.07s 68MB C:/Users/Andy/AppData/Local/UnrealEngine/4.18/DerivedDataCache/Boot.ddc.
[2017.11.27-21.14.22:968][  0]LogInit: Texture streaming: Enabled
[2017.11.27-21.14.23:113][  0]LogEngineSessionManager: EngineSessionManager initialized
[2017.11.27-21.14.23:297][  0]LogWindowsTextInputMethodSystem: Display: IME system now deactivated.
[2017.11.27-21.14.23:352][  0]LogInit: Transaction tracking system initialized
[2017.11.27-21.14.23:884][  0]BlueprintLog: New page: Editor Load
[2017.11.27-21.14.25:332][  0]LocalizationService: Localization service is disabled
[2017.11.27-21.14.26:533][  0]LogConsoleResponse: Display: 
[2017.11.27-21.14.26:584][  0]LogMaterial: Missing cached shader map for material Cross_Mat, compiling. 
[2017.11.27-21.14.26:613][  0]LogMaterial: Missing cached shader map for material PhAT_BoneSelectedMaterial, compiling. 
[2017.11.27-21.14.26:633][  0]LogMaterial: Missing cached shader map for material PhAT_ElemSelectedMaterial, compiling. 
[2017.11.27-21.14.26:657][  0]LogMaterial: Missing cached shader map for material PhAT_NoCollisionMaterial, compiling. 
[2017.11.27-21.14.26:676][  0]LogMaterial: Missing cached shader map for material PhAT_UnselectedMaterial, compiling. 
[2017.11.27-21.14.26:702][  0]LogMaterial: Missing cached shader map for material Tick_Mat, compiling. 
[2017.11.27-21.14.26:733][  0]LogMaterial: Missing cached shader map for material WidgetGridVertexColorMaterial_Ma, compiling. 
[2017.11.27-21.14.26:754][  0]LogMaterial: Missing cached shader map for material WidgetMaterial, compiling. 
[2017.11.27-21.14.26:772][  0]LogMaterial: Missing cached shader map for material WidgetMaterial_Current, compiling. 
[2017.11.27-21.14.26:793][  0]LogMaterial: Missing cached shader map for material WidgetMaterial_X, compiling. 
[2017.11.27-21.14.26:813][  0]LogMaterial: Missing cached shader map for material WidgetMaterial_Y, compiling. 
[2017.11.27-21.14.26:831][  0]LogMaterial: Missing cached shader map for material WidgetMaterial_Z, compiling. 
[2017.11.27-21.14.26:850][  0]LogMaterial: Missing cached shader map for material WidgetVertexColorMaterial, compiling. 
[2017.11.27-21.14.26:922][  0]LogMaterial: Missing cached shader map for material LevelGridMaterial, compiling. 
[2017.11.27-21.14.27:003][  0]LogMaterial: Missing cached shader map for material BlinkingCaret, compiling. 
[2017.11.27-21.14.27:072][  0]LogMaterial: Missing cached shader map for material M_StreamingPause, compiling. 
[2017.11.27-21.14.27:119][  0]LogCook: Display: Max memory allowance for cook 16384mb min free memory 0mb
[2017.11.27-21.14.27:119][  0]LogCook: Display: Mobile HDR setting 1
[2017.11.27-21.14.27:119][  0]LogGameplayTags: Display: UGameplayTagsManager::DoneAddingNativeTags. DelegateIsBound: 0
[2017.11.27-21.14.27:364][  0]LogFileCache: Scanning file cache for directory 'D:/ue/grid/Content/' took 0.01s
[2017.11.27-21.14.29:076][  0]SourceControl: Source control is disabled
[2017.11.27-21.14.29:079][  0]Cmd: MAP LOAD FILE="D:/ue/grid/Content/Maps/AITest.umap" TEMPLATE=0 SHOWPROGRESS=1 FEATURELEVEL=3
[2017.11.27-21.15.59:480][  0]LogWindowsTextInputMethodSystem: Display: IME system now deactivated.
[2017.11.27-21.15.59:487][  0]LightingResults: New page: Lighting Build
[2017.11.27-21.15.59:554][  0]MapCheck: New page: Map Check
[2017.11.27-21.15.59:554][  0]LightingResults: New page: Lighting Build
[2017.11.27-21.15.59:571][  0]LogAIModule: Creating AISystem for world Untitled
[2017.11.27-21.15.59:577][  0]LoadErrors: New page: New Map
[2017.11.27-21.16.00:913][  0]LogWindowsTextInputMethodSystem: Display: IME system now deactivated.
[2017.11.27-21.16.01:080][  0]LogCollectionManager: Loaded 0 collections in 0.002470 seconds
[2017.11.27-21.16.01:202][  0]LogFileCache: Scanning file cache for directory 'D:/ue/grid/Saved/Collections/' took 0.01s
[2017.11.27-21.16.01:202][  0]LogFileCache: Scanning file cache for directory 'D:/ue/grid/Content/Developers/Andy/Collections/' took 0.01s
[2017.11.27-21.16.01:202][  0]LogFileCache: Scanning file cache for directory 'D:/ue/grid/Content/Collections/' took 0.01s
[2017.11.27-21.16.01:202][  0]LogCollectionManager: Rebuilt the GUID cache for 0 collections in 0.000001 seconds
[2017.11.27-21.16.01:215][  0]LogContentBrowser: Native class hierarchy populated in 0.0115 seconds. Added 2363 classes and 519 folders.
[2017.11.27-21.16.01:314][  0]LogContentBrowser: Native class hierarchy updated for 'WidgetCarousel' in 0.0003 seconds. Added 0 classes and 0 folders.
[2017.11.27-21.16.01:735][  0]LogContentBrowser: Native class hierarchy updated for 'AddContentDialog' in 0.0002 seconds. Added 0 classes and 0 folders.
[2017.11.27-21.16.01:803][  0]LogContentBrowser: Native class hierarchy updated for 'SceneOutliner' in 0.0003 seconds. Added 1 classes and 2 folders.
[2017.11.27-21.16.01:873][  0]LogSlate: Took 0.006992 seconds to synchronously load lazily loaded font '../../../Engine/Content/Slate/Fonts/Roboto-Regular.ttf' (155K)
[2017.11.27-21.16.01:880][  0]LogSlate: Took 0.004376 seconds to synchronously load lazily loaded font '../../../Engine/Content/Slate/Fonts/Roboto-Bold.ttf' (160K)
[2017.11.27-21.16.01:891][  0]LogSlate: Took 0.005959 seconds to synchronously load lazily loaded font '../../../Engine/Content/Editor/Slate/Fonts/FontAwesome.ttf' (139K)
[2017.11.27-21.16.01:983][  0]LogMaterial: Missing cached shader map for material LevelGridMaterial2, compiling. 
[2017.11.27-21.16.02:087][  0]LogRenderer: Reallocating scene render targets to support 1616x808 Format 10 NumSamples 1 (Frame:1).
[2017.11.27-21.16.02:403][  0]LogContentBrowser: Native class hierarchy updated for 'HierarchicalLODOutliner' in 0.0003 seconds. Added 1 classes and 2 folders.
[2017.11.27-21.16.02:403][  0]LogLoad: (Engine Initialization) Total time: 250.51 seconds
[2017.11.27-21.16.02:403][  0]LogLoad: (Engine Initialization) Total Blueprint compile time: 0.00 seconds
[2017.11.27-21.16.02:403][  0]LogExternalProfiler: No external profilers were discovered.  External profiling features will not be available.
[2017.11.27-21.16.02:434][  0]LogContentStreaming: Texture pool size now 1000 MB
[2017.11.27-21.16.02:498][  1]LogAssetRegistry: Asset discovery search completed in 117.0066 seconds
[2017.11.27-21.16.02:500][  1]LogCollectionManager: Rebuilt the object cache for 0 collections in 0.000001 seconds (found 0 objects)
[2017.11.27-21.16.02:500][  1]LogCollectionManager: Fixed up redirectors for 0 collections in 0.000066 seconds (updated 0 objects)
[2017.11.27-21.16.37:920][ 10]LogUProjectInfo: Found projects:
[2017.11.27-21.16.37:936][ 10]LogSlate: Only pngs are supported in Slate
[2017.11.27-21.16.37:948][ 11]LogSlate: Only pngs are supported in Slate
[2017.11.27-21.16.37:955][ 12]LogSlate: Only pngs are supported in Slate
[2017.11.27-21.16.37:962][ 13]LogSlate: Only pngs are supported in Slate
[2017.11.27-21.16.37:970][ 14]LogSlate: Only pngs are supported in Slate
[2017.11.27-21.16.37:979][ 15]LogSlate: Only pngs are supported in Slate
[2017.11.27-21.16.37:988][ 16]LogSlate: Only pngs are supported in Slate
[2017.11.27-21.16.37:996][ 17]LogSlate: Only pngs are supported in Slate
[2017.11.27-21.16.38:004][ 18]LogSlate: Only pngs are supported in Slate
[2017.11.27-21.16.38:012][ 19]LogSlate: Only pngs are supported in Slate
[2017.11.27-21.16.38:020][ 20]LogSlate: Only pngs are supported in Slate
[2017.11.27-21.16.38:030][ 21]LogSlate: Only pngs are supported in Slate
[2017.11.27-21.16.38:037][ 22]LogSlate: Only pngs are supported in Slate
[2017.11.27-21.16.38:045][ 23]LogSlate: Only pngs are supported in Slate
[2017.11.27-21.16.38:054][ 24]LogSlate: Only pngs are supported in Slate
[2017.11.27-21.16.38:062][ 25]LogSlate: Only pngs are supported in Slate
[2017.11.27-21.16.38:071][ 26]LogSlate: Only pngs are supported in Slate
[2017.11.27-21.16.38:079][ 27]LogSlate: Only pngs are supported in Slate
[2017.11.27-21.16.38:087][ 28]LogSlate: Only pngs are supported in Slate
[2017.11.27-21.16.38:096][ 29]LogSlate: Only pngs are supported in Slate
[2017.11.27-21.16.38:105][ 30]LogSlate: Only pngs are supported in Slate
[2017.11.27-21.16.38:112][ 31]LogSlate: Only pngs are supported in Slate
[2017.11.27-21.16.38:121][ 32]LogSlate: Only pngs are supported in Slate
[2017.11.27-21.16.38:129][ 33]LogSlate: Only pngs are supported in Slate
[2017.11.27-21.16.38:137][ 34]LogSlate: Only pngs are supported in Slate
[2017.11.27-21.16.38:147][ 35]LogSlate: Only pngs are supported in Slate
[2017.11.27-21.16.38:156][ 36]LogSlate: Only pngs are supported in Slate
[2017.11.27-21.16.38:164][ 37]LogSlate: Only pngs are supported in Slate
[2017.11.27-21.16.38:171][ 38]LogSlate: Only pngs are supported in Slate
[2017.11.27-21.16.38:179][ 39]LogSlate: Only pngs are supported in Slate
[2017.11.27-21.16.38:187][ 40]LogSlate: Only pngs are supported in Slate
[2017.11.27-21.16.38:196][ 41]LogSlate: Only pngs are supported in Slate
[2017.11.27-21.16.38:205][ 42]LogSlate: Only pngs are supported in Slate
[2017.11.27-21.16.38:212][ 43]LogSlate: Only pngs are supported in Slate
[2017.11.27-21.16.38:220][ 44]LogSlate: Only pngs are supported in Slate
[2017.11.27-21.16.38:229][ 45]LogSlate: Only pngs are supported in Slate
[2017.11.27-21.16.38:237][ 46]LogSlate: Only pngs are supported in Slate
[2017.11.27-21.16.38:246][ 47]LogSlate: Only pngs are supported in Slate
[2017.11.27-21.16.38:254][ 48]LogSlate: Only pngs are supported in Slate
[2017.11.27-21.16.38:263][ 49]LogSlate: Only pngs are supported in Slate
[2017.11.27-21.16.38:270][ 50]LogSlate: Only pngs are supported in Slate
[2017.11.27-21.16.38:279][ 51]LogSlate: Only pngs are supported in Slate
[2017.11.27-21.16.38:286][ 52]LogSlate: Only pngs are supported in Slate
[2017.11.27-21.16.38:296][ 53]LogSlate: Only pngs are supported in Slate
[2017.11.27-21.16.38:304][ 54]LogSlate: Only pngs are supported in Slate
[2017.11.27-21.16.38:312][ 55]LogSlate: Only pngs are supported in Slate
[2017.11.27-21.16.38:320][ 56]LogSlate: Only pngs are supported in Slate
[2017.11.27-21.16.38:329][ 57]LogSlate: Only pngs are supported in Slate
[2017.11.27-21.16.38:337][ 58]LogSlate: Only pngs are supported in Slate
[2017.11.27-21.16.38:345][ 59]LogSlate: Only pngs are supported in Slate
[2017.11.27-21.16.38:355][ 60]LogSlate: Only pngs are supported in Slate
[2017.11.27-21.16.38:363][ 61]LogSlate: Only pngs are supported in Slate
[2017.11.27-21.16.38:371][ 62]LogSlate: Only pngs are supported in Slate
[2017.11.27-21.16.38:379][ 63]LogSlate: Only pngs are supported in Slate
[2017.11.27-21.16.38:388][ 64]LogSlate: Only pngs are supported in Slate
[2017.11.27-21.16.38:396][ 65]LogSlate: Only pngs are supported in Slate
[2017.11.27-21.16.38:404][ 66]LogSlate: Only pngs are supported in Slate
[2017.11.27-21.16.38:412][ 67]LogSlate: Only pngs are supported in Slate
[2017.11.27-21.16.38:421][ 68]LogSlate: Only pngs are supported in Slate
[2017.11.27-21.16.38:429][ 69]LogSlate: Only pngs are supported in Slate
[2017.11.27-21.16.38:437][ 70]LogSlate: Only pngs are supported in Slate
[2017.11.27-21.16.38:445][ 71]LogSlate: Only pngs are supported in Slate
[2017.11.27-21.16.38:454][ 72]LogSlate: Only pngs are supported in Slate
[2017.11.27-21.16.38:462][ 73]LogSlate: Only pngs are supported in Slate
[2017.11.27-21.16.38:471][ 74]LogSlate: Only pngs are supported in Slate
[2017.11.27-21.16.38:479][ 75]LogSlate: Only pngs are supported in Slate
[2017.11.27-21.16.38:487][ 76]LogSlate: Only pngs are supported in Slate
[2017.11.27-21.16.38:496][ 77]LogSlate: Only pngs are supported in Slate
[2017.11.27-21.16.38:503][ 78]LogSlate: Only pngs are supported in Slate
[2017.11.27-21.16.38:512][ 79]LogSlate: Only pngs are supported in Slate
[2017.11.27-21.16.38:520][ 80]LogSlate: Only pngs are supported in Slate
[2017.11.27-21.16.38:528][ 81]LogSlate: Only pngs are supported in Slate
[2017.11.27-21.16.38:536][ 82]LogSlate: Only pngs are supported in Slate
[2017.11.27-21.16.38:545][ 83]LogSlate: Only pngs are supported in Slate
[2017.11.27-21.16.38:553][ 84]LogSlate: Only pngs are supported in Slate
[2017.11.27-21.16.38:562][ 85]LogSlate: Only pngs are supported in Slate
[2017.11.27-21.16.38:571][ 86]LogSlate: Only pngs are supported in Slate
[2017.11.27-21.16.38:579][ 87]LogSlate: Only pngs are supported in Slate
[2017.11.27-21.16.38:588][ 88]LogSlate: Only pngs are supported in Slate
[2017.11.27-21.16.38:597][ 89]LogSlate: Only pngs are supported in Slate
[2017.11.27-21.16.38:605][ 90]LogSlate: Only pngs are supported in Slate
[2017.11.27-21.16.38:614][ 91]LogSlate: Only pngs are supported in Slate
[2017.11.27-21.16.38:622][ 92]LogSlate: Only pngs are supported in Slate
[2017.11.27-21.16.38:631][ 93]LogSlate: Only pngs are supported in Slate
[2017.11.27-21.16.38:638][ 94]LogSlate: Only pngs are supported in Slate
[2017.11.27-21.16.38:647][ 95]LogSlate: Only pngs are supported in Slate
[2017.11.27-21.16.38:656][ 96]LogSlate: Only pngs are supported in Slate
[2017.11.27-21.16.38:664][ 97]LogSlate: Only pngs are supported in Slate
[2017.11.27-21.16.38:671][ 98]LogSlate: Only pngs are supported in Slate
[2017.11.27-21.16.38:680][ 99]LogSlate: Only pngs are supported in Slate
[2017.11.27-21.16.38:688][100]LogSlate: Only pngs are supported in Slate
[2017.11.27-21.16.38:696][101]LogSlate: Only pngs are supported in Slate
[2017.11.27-21.16.38:705][102]LogSlate: Only pngs are supported in Slate
[2017.11.27-21.16.38:713][103]LogSlate: Only pngs are supported in Slate
[2017.11.27-21.16.38:721][104]LogSlate: Only pngs are supported in Slate
[2017.11.27-21.16.38:730][105]LogSlate: Only pngs are supported in Slate
[2017.11.27-21.16.38:739][106]LogSlate: Only pngs are supported in Slate
[2017.11.27-21.16.38:748][107]LogSlate: Only pngs are supported in Slate
[2017.11.27-21.16.38:756][108]LogSlate: Only pngs are supported in Slate
[2017.11.27-21.16.38:764][109]LogSlate: Only pngs are supported in Slate
[2017.11.27-21.16.38:771][110]LogSlate: Only pngs are supported in Slate
[2017.11.27-21.16.38:780][111]LogSlate: Only pngs are supported in Slate
[2017.11.27-21.16.38:789][112]LogSlate: Only pngs are supported in Slate
[2017.11.27-21.16.38:796][113]LogSlate: Only pngs are supported in Slate
[2017.11.27-21.16.38:805][114]LogSlate: Only pngs are supported in Slate
[2017.11.27-21.16.38:814][115]LogSlate: Only pngs are supported in Slate
[2017.11.27-21.16.38:821][116]LogSlate: Only pngs are supported in Slate
[2017.11.27-21.16.38:829][117]LogSlate: Only pngs are supported in Slate
[2017.11.27-21.16.38:838][118]LogSlate: Only pngs are supported in Slate
[2017.11.27-21.16.38:846][119]LogSlate: Only pngs are supported in Slate
[2017.11.27-21.16.38:854][120]LogSlate: Only pngs are supported in Slate
[2017.11.27-21.16.38:863][121]LogSlate: Only pngs are supported in Slate
[2017.11.27-21.16.38:871][122]LogSlate: Only pngs are supported in Slate
[2017.11.27-21.16.38:879][123]LogSlate: Only pngs are supported in Slate
[2017.11.27-21.16.38:888][124]LogSlate: Only pngs are supported in Slate
[2017.11.27-21.16.38:897][125]LogSlate: Only pngs are supported in Slate
[2017.11.27-21.16.38:904][126]LogSlate: Only pngs are supported in Slate
[2017.11.27-21.16.38:913][127]LogSlate: Only pngs are supported in Slate
[2017.11.27-21.16.38:921][128]LogSlate: Only pngs are supported in Slate
[2017.11.27-21.16.38:929][129]LogSlate: Only pngs are supported in Slate
[2017.11.27-21.16.38:937][130]LogSlate: Only pngs are supported in Slate
[2017.11.27-21.16.38:948][131]LogSlate: Only pngs are supported in Slate
[2017.11.27-21.16.38:956][132]LogSlate: Only pngs are supported in Slate
[2017.11.27-21.16.38:963][133]LogSlate: Only pngs are supported in Slate
[2017.11.27-21.16.38:971][134]LogSlate: Only pngs are supported in Slate
[2017.11.27-21.16.38:981][135]LogSlate: Only pngs are supported in Slate
[2017.11.27-21.16.38:988][136]LogSlate: Only pngs are supported in Slate
[2017.11.27-21.16.38:996][137]LogSlate: Only pngs are supported in Slate
[2017.11.27-21.16.39:005][138]LogSlate: Only pngs are supported in Slate
[2017.11.27-21.16.39:013][139]LogSlate: Only pngs are supported in Slate
[2017.11.27-21.16.39:020][140]LogSlate: Only pngs are supported in Slate
[2017.11.27-21.16.39:030][141]LogSlate: Only pngs are supported in Slate
[2017.11.27-21.16.39:039][142]LogSlate: Only pngs are supported in Slate
[2017.11.27-21.16.39:047][143]LogSlate: Only pngs are supported in Slate
[2017.11.27-21.16.39:056][144]LogSlate: Only pngs are supported in Slate
[2017.11.27-21.16.39:063][145]LogSlate: Only pngs are supported in Slate
[2017.11.27-21.16.39:073][146]LogSlate: Only pngs are supported in Slate
[2017.11.27-21.16.39:080][147]LogSlate: Only pngs are supported in Slate
[2017.11.27-21.16.39:088][148]LogSlate: Only pngs are supported in Slate
[2017.11.27-21.16.39:097][149]LogSlate: Only pngs are supported in Slate
[2017.11.27-21.16.39:105][150]LogSlate: Only pngs are supported in Slate
[2017.11.27-21.16.39:114][151]LogSlate: Only pngs are supported in Slate
[2017.11.27-21.16.39:122][152]LogSlate: Only pngs are supported in Slate
[2017.11.27-21.16.39:130][153]LogSlate: Only pngs are supported in Slate
[2017.11.27-21.16.39:139][154]LogSlate: Only pngs are supported in Slate
[2017.11.27-21.16.39:147][155]LogSlate: Only pngs are supported in Slate
[2017.11.27-21.16.39:155][156]LogSlate: Only pngs are supported in Slate
[2017.11.27-21.16.39:163][157]LogSlate: Only pngs are supported in Slate
[2017.11.27-21.16.39:171][158]LogSlate: Only pngs are supported in Slate
[2017.11.27-21.16.39:179][159]LogSlate: Only pngs are supported in Slate
[2017.11.27-21.16.39:189][160]LogSlate: Only pngs are supported in Slate
[2017.11.27-21.16.39:196][161]LogSlate: Only pngs are supported in Slate
[2017.11.27-21.16.39:204][162]LogSlate: Only pngs are supported in Slate
[2017.11.27-21.16.39:214][163]LogSlate: Only pngs are supported in Slate
[2017.11.27-21.16.39:221][164]LogSlate: Only pngs are supported in Slate
[2017.11.27-21.16.39:231][165]LogSlate: Only pngs are supported in Slate
[2017.11.27-21.16.39:238][166]LogSlate: Only pngs are supported in Slate
[2017.11.27-21.16.39:247][167]LogSlate: Only pngs are supported in Slate
[2017.11.27-21.16.39:255][168]LogSlate: Only pngs are supported in Slate
[2017.11.27-21.16.39:264][169]LogSlate: Only pngs are supported in Slate
[2017.11.27-21.16.39:272][170]LogSlate: Only pngs are supported in Slate
[2017.11.27-21.16.39:281][171]LogSlate: Only pngs are supported in Slate
[2017.11.27-21.16.39:288][172]LogSlate: Only pngs are supported in Slate
[2017.11.27-21.16.39:298][173]LogSlate: Only pngs are supported in Slate
[2017.11.27-21.16.39:305][174]LogSlate: Only pngs are supported in Slate
[2017.11.27-21.16.39:313][175]LogSlate: Only pngs are supported in Slate
[2017.11.27-21.16.39:322][176]LogSlate: Only pngs are supported in Slate
[2017.11.27-21.16.39:330][177]LogSlate: Only pngs are supported in Slate
[2017.11.27-21.16.39:338][178]LogSlate: Only pngs are supported in Slate
[2017.11.27-21.16.39:347][179]LogSlate: Only pngs are supported in Slate
[2017.11.27-21.16.39:355][180]LogSlate: Only pngs are supported in Slate
[2017.11.27-21.16.39:364][181]LogSlate: Only pngs are supported in Slate
[2017.11.27-21.16.39:373][182]LogSlate: Only pngs are supported in Slate
[2017.11.27-21.16.39:381][183]LogSlate: Only pngs are supported in Slate
[2017.11.27-21.16.39:390][184]LogSlate: Only pngs are supported in Slate
[2017.11.27-21.16.39:397][185]LogSlate: Only pngs are supported in Slate
[2017.11.27-21.16.39:405][186]LogSlate: Only pngs are supported in Slate
[2017.11.27-21.16.39:413][187]LogSlate: Only pngs are supported in Slate
[2017.11.27-21.16.39:421][188]LogSlate: Only pngs are supported in Slate
[2017.11.27-21.16.39:430][189]LogSlate: Only pngs are supported in Slate
[2017.11.27-21.16.39:438][190]LogSlate: Only pngs are supported in Slate
[2017.11.27-21.16.39:446][191]LogSlate: Only pngs are supported in Slate
[2017.11.27-21.16.39:455][192]LogSlate: Only pngs are supported in Slate
[2017.11.27-21.16.39:463][193]LogSlate: Only pngs are supported in Slate
[2017.11.27-21.16.39:472][194]LogSlate: Only pngs are supported in Slate
[2017.11.27-21.16.39:479][195]LogSlate: Only pngs are supported in Slate
[2017.11.27-21.16.39:488][196]LogSlate: Only pngs are supported in Slate
[2017.11.27-21.16.39:497][197]LogSlate: Only pngs are supported in Slate
[2017.11.27-21.16.39:504][198]LogSlate: Only pngs are supported in Slate
[2017.11.27-21.16.39:512][199]LogSlate: Only pngs are supported in Slate
[2017.11.27-21.16.39:521][200]LogSlate: Only pngs are supported in Slate
[2017.11.27-21.16.39:529][201]LogSlate: Only pngs are supported in Slate
[2017.11.27-21.16.39:537][202]LogSlate: Only pngs are supported in Slate
[2017.11.27-21.16.39:546][203]LogSlate: Only pngs are supported in Slate
[2017.11.27-21.16.39:554][204]LogSlate: Only pngs are supported in Slate
[2017.11.27-21.16.39:563][205]LogSlate: Only pngs are supported in Slate
[2017.11.27-21.16.39:572][206]LogSlate: Only pngs are supported in Slate
[2017.11.27-21.16.39:581][207]LogSlate: Only pngs are supported in Slate
[2017.11.27-21.16.39:587][208]LogSlate: Only pngs are supported in Slate
[2017.11.27-21.16.39:597][209]LogSlate: Only pngs are supported in Slate
[2017.11.27-21.16.39:605][210]LogSlate: Only pngs are supported in Slate
[2017.11.27-21.16.39:612][211]LogSlate: Only pngs are supported in Slate
[2017.11.27-21.16.39:621][212]LogSlate: Only pngs are supported in Slate
[2017.11.27-21.16.39:629][213]LogSlate: Only pngs are supported in Slate
[2017.11.27-21.16.39:637][214]LogSlate: Only pngs are supported in Slate
[2017.11.27-21.16.39:646][215]LogSlate: Only pngs are supported in Slate
[2017.11.27-21.16.39:655][216]LogSlate: Only pngs are supported in Slate
[2017.11.27-21.16.39:663][217]LogSlate: Only pngs are supported in Slate
[2017.11.27-21.16.39:664][218]Cmd: CLOSE_SLATE_MAINFRAME
[2017.11.27-21.16.40:096][219]Cmd: QUIT_EDITOR
[2017.11.27-21.16.40:124][219]LogWindowsTextInputMethodSystem: Display: IME system now deactivated.
[2017.11.27-21.16.40:138][219]LogExit: Preparing to exit.
[2017.11.27-21.16.40:625][219]LogExit: Editor shut down
[2017.11.27-21.16.40:630][219]LogExit: Transaction tracking system shut down
[2017.11.27-21.16.40:853][219]LogDirectoryWatcher: A directory notification for '../../../Engine/Content/' was aborted.
[2017.11.27-21.16.40:853][219]LogDirectoryWatcher: A directory notification for 'D:/ue/grid/Content/' was aborted.
[2017.11.27-21.16.40:853][219]LogDirectoryWatcher: A directory notification for '../../../Engine/Plugins/2D/Paper2D/Content/' was aborted.
[2017.11.27-21.16.40:854][219]LogDirectoryWatcher: A directory notification for '../../../Engine/Plugins/Media/MediaCompositing/Content/' was aborted.
[2017.11.27-21.16.40:854][219]LogDirectoryWatcher: A directory notification for '../../../Engine/Plugins/Runtime/AppleARKit/Content/' was aborted.
[2017.11.27-21.16.40:854][219]LogDirectoryWatcher: A directory notification for '../../../Engine/Plugins/Runtime/Oculus/OculusVR/Content/' was aborted.
[2017.11.27-21.16.40:854][219]LogDirectoryWatcher: A directory notification for '../../../Engine/Plugins/Runtime/Steam/SteamVR/Content/' was aborted.
[2017.11.27-21.16.40:919][219]LogExit: Object subsystem successfully closed.
[2017.11.27-21.16.41:075][219]LogD3D11RHI: Shutdown
[2017.11.27-21.16.41:075][219]LogD3D11RHI: CleanupD3DDevice
[2017.11.27-21.16.41:104][219]LogD3D11RHI: ~FD3D11DynamicRHI
[2017.11.27-21.16.41:132][219]LogModuleManager: Shutting down and abandoning module HierarchicalLODOutliner (548)
[2017.11.27-21.16.41:132][219]LogModuleManager: Shutting down and abandoning module SceneOutliner (546)
[2017.11.27-21.16.41:132][219]LogModuleManager: Shutting down and abandoning module AddContentDialog (544)
[2017.11.27-21.16.41:132][219]LogDirectoryWatcher: A directory notification for 'C:/Program Files/Epic Games/UE_4.18/FeaturePacks/' was aborted.
[2017.11.27-21.16.41:133][219]LogModuleManager: Shutting down and abandoning module WidgetCarousel (543)
[2017.11.27-21.16.41:133][219]LogModuleManager: Shutting down and abandoning module EditorWidgets (540)
[2017.11.27-21.16.41:133][219]LogModuleManager: Shutting down and abandoning module CollectionManager (538)
[2017.11.27-21.16.41:133][219]LogDirectoryWatcher: A directory notification for 'D:/ue/grid/Content/Collections/' was aborted.
[2017.11.27-21.16.41:133][219]LogDirectoryWatcher: A directory notification for 'D:/ue/grid/Content/Developers/Andy/Collections/' was aborted.
[2017.11.27-21.16.41:133][219]LogDirectoryWatcher: A directory notification for 'D:/ue/grid/Saved/Collections/' was aborted.
[2017.11.27-21.16.41:133][219]LogModuleManager: Shutting down and abandoning module StatsViewer (536)
[2017.11.27-21.16.41:133][219]LogModuleManager: Shutting down and abandoning module FoliageEdit (534)
[2017.11.27-21.16.41:133][219]LogModuleManager: Shutting down and abandoning module LandscapeEditor (532)
[2017.11.27-21.16.41:133][219]LogModuleManager: Shutting down and abandoning module MeshPaintMode (530)
[2017.11.27-21.16.41:133][219]LogModuleManager: Shutting down and abandoning module SceneDepthPickerMode (528)
[2017.11.27-21.16.41:133][219]LogModuleManager: Shutting down and abandoning module ActorPickerMode (526)
[2017.11.27-21.16.41:133][219]LogModuleManager: Shutting down and abandoning module GeometryMode (524)
[2017.11.27-21.16.41:133][219]LogModuleManager: Shutting down and abandoning module TextureAlignMode (522)
[2017.11.27-21.16.41:133][219]LogModuleManager: Shutting down and abandoning module BspMode (520)
[2017.11.27-21.16.41:133][219]LogModuleManager: Shutting down and abandoning module PIEPreviewDeviceProfileSelector (518)
[2017.11.27-21.16.41:133][219]LogModuleManager: Shutting down and abandoning module HardwareSurvey (516)
[2017.11.27-21.16.41:133][219]LogModuleManager: Shutting down and abandoning module SequenceRecorderSections (514)
[2017.11.27-21.16.41:133][219]LogModuleManager: Shutting down and abandoning module AutomationWorker (512)
[2017.11.27-21.16.41:133][219]LogModuleManager: Shutting down and abandoning module MatineeToLevelSequence (510)
[2017.11.27-21.16.41:133][219]LogModuleManager: Shutting down and abandoning module LevelSequenceEditor (508)
[2017.11.27-21.16.41:134][219]LogModuleManager: Shutting down and abandoning module PlacementMode (507)
[2017.11.27-21.16.41:134][219]LogModuleManager: Shutting down and abandoning module WmfMediaFactory (504)
[2017.11.27-21.16.41:134][219]LogModuleManager: Shutting down and abandoning module WmfMediaEditor (502)
[2017.11.27-21.16.41:134][219]LogModuleManager: Shutting down and abandoning module OpenExrWrapper (500)
[2017.11.27-21.16.41:134][219]LogModuleManager: Shutting down and abandoning module ImgMediaFactory (498)
[2017.11.27-21.16.41:134][219]LogModuleManager: Shutting down and abandoning module ImgMediaEditor (496)
[2017.11.27-21.16.41:134][219]LogModuleManager: Shutting down and abandoning module AvfMediaFactory (494)
[2017.11.27-21.16.41:134][219]LogModuleManager: Shutting down and abandoning module AvfMediaEditor (492)
[2017.11.27-21.16.41:134][219]LogModuleManager: Shutting down and abandoning module AndroidMediaFactory (490)
[2017.11.27-21.16.41:134][219]LogModuleManager: Shutting down and abandoning module AndroidMediaEditor (488)
[2017.11.27-21.16.41:134][219]LogModuleManager: Shutting down and abandoning module CharacterAI (486)
[2017.11.27-21.16.41:134][219]LogModuleManager: Shutting down and abandoning module AudioCapture (484)
[2017.11.27-21.16.41:134][219]LogModuleManager: Shutting down and abandoning module SequenceRecorder (483)
[2017.11.27-21.16.41:134][219]LogModuleManager: Shutting down and abandoning module SmartSnapping (480)
[2017.11.27-21.16.41:134][219]LogModuleManager: Shutting down and abandoning module SessionServices (478)
[2017.11.27-21.16.41:134][219]LogModuleManager: Shutting down and abandoning module ViewportSnapping (476)
[2017.11.27-21.16.41:134][219]LogModuleManager: Shutting down and abandoning module ViewportInteraction (474)
[2017.11.27-21.16.41:134][219]LogModuleManager: Shutting down and abandoning module ClothPainter (472)
[2017.11.27-21.16.41:134][219]LogModuleManager: Shutting down and abandoning module SkeletalMeshEditor (471)
[2017.11.27-21.16.41:135][219]LogModuleManager: Shutting down and abandoning module LogVisualizer (468)
[2017.11.27-21.16.41:135][219]LogModuleManager: Shutting down and abandoning module IntroTutorials (466)
[2017.11.27-21.16.41:135][219]LogModuleManager: Shutting down and abandoning module GameProjectGeneration (465)
[2017.11.27-21.16.41:135][219]LogModuleManager: Shutting down and abandoning module IOSPlatformEditor (462)
[2017.11.27-21.16.41:135][219]LogModuleManager: Shutting down and abandoning module HTML5PlatformEditor (460)
[2017.11.27-21.16.41:135][219]LogModuleManager: Shutting down and abandoning module AndroidPlatformEditor (458)
[2017.11.27-21.16.41:135][219]LogModuleManager: Shutting down and abandoning module AndroidDeviceDetection (457)
[2017.11.27-21.16.41:966][219]LogModuleManager: Shutting down and abandoning module WindowsPlatformEditor (454)
[2017.11.27-21.16.41:966][219]LogModuleManager: Shutting down and abandoning module IOSRuntimeSettings (452)
[2017.11.27-21.16.41:966][219]LogModuleManager: Shutting down and abandoning module AndroidRuntimeSettings (450)
[2017.11.27-21.16.41:966][219]LogModuleManager: Shutting down and abandoning module InputBindingEditor (448)
[2017.11.27-21.16.41:966][219]LogModuleManager: Shutting down and abandoning module MergeActors (446)
[2017.11.27-21.16.41:969][219]LogModuleManager: Shutting down and abandoning module SizeMap (444)
[2017.11.27-21.16.41:969][219]LogModuleManager: Shutting down and abandoning module TreeMap (442)
[2017.11.27-21.16.41:969][219]LogModuleManager: Shutting down and abandoning module ReferenceViewer (440)
[2017.11.27-21.16.41:969][219]LogModuleManager: Shutting down and abandoning module LocalizationDashboard (438)
[2017.11.27-21.16.41:969][219]LogModuleManager: Shutting down and abandoning module LocalizationService (437)
[2017.11.27-21.16.41:969][219]LogModuleManager: Shutting down and abandoning module HardwareTargeting (434)
[2017.11.27-21.16.41:969][219]LogModuleManager: Shutting down and abandoning module DeviceProfileEditor (432)
[2017.11.27-21.16.41:969][219]LogModuleManager: Shutting down and abandoning module UndoHistory (430)
[2017.11.27-21.16.41:969][219]LogModuleManager: Shutting down and abandoning module XmlParser (428)
[2017.11.27-21.16.41:969][219]LogModuleManager: Shutting down and abandoning module Blutility (426)
[2017.11.27-21.16.41:969][219]LogModuleManager: Shutting down and abandoning module ProjectSettingsViewer (424)
[2017.11.27-21.16.41:970][219]LogModuleManager: Shutting down and abandoning module ProjectTargetPlatformEditor (423)
[2017.11.27-21.16.41:970][219]LogModuleManager: Shutting down and abandoning module EditorSettingsViewer (420)
[2017.11.27-21.16.41:970][219]LogModuleManager: Shutting down and abandoning module SettingsEditor (418)
[2017.11.27-21.16.41:970][219]LogModuleManager: Shutting down and abandoning module ProjectLauncher (416)
[2017.11.27-21.16.41:970][219]LogModuleManager: Shutting down and abandoning module SessionFrontend (414)
[2017.11.27-21.16.41:970][219]LogModuleManager: Shutting down and abandoning module ProfilerClient (412)
[2017.11.27-21.16.41:971][219]LogModuleManager: Shutting down and abandoning module DeviceManager (410)
[2017.11.27-21.16.41:971][219]LogModuleManager: Shutting down and abandoning module TargetDeviceServices (409)
[2017.11.27-21.16.42:025][219]LogModuleManager: Shutting down and abandoning module AutomationController (406)
[2017.11.27-21.16.42:025][219]LogModuleManager: Shutting down and abandoning module AutomationWindow (404)
[2017.11.27-21.16.42:027][219]LogModuleManager: Shutting down and abandoning module Layers (402)
[2017.11.27-21.16.42:028][219]LogModuleManager: Shutting down and abandoning module ComponentVisualizers (400)
[2017.11.27-21.16.42:028][219]LogModuleManager: Shutting down and abandoning module DetailCustomizations (398)
[2017.11.27-21.16.42:028][219]LogModuleManager: Shutting down and abandoning module PackagesDialog (396)
[2017.11.27-21.16.42:029][219]LogModuleManager: Shutting down and abandoning module Persona (394)
[2017.11.27-21.16.42:030][219]LogModuleManager: Shutting down and abandoning module AdvancedPreviewScene (393)
[2017.11.27-21.16.42:030][219]LogModuleManager: Shutting down and abandoning module AnimGraph (391)
[2017.11.27-21.16.42:030][219]LogModuleManager: Shutting down and abandoning module Kismet (388)
[2017.11.27-21.16.42:030][219]LogModuleManager: Shutting down and abandoning module ClassViewer (386)
[2017.11.27-21.16.42:030][219]LogModuleManager: Shutting down and abandoning module Toolbox (384)
[2017.11.27-21.16.42:030][219]LogModuleManager: Shutting down and abandoning module ModuleUI (382)
[2017.11.27-21.16.42:030][219]LogModuleManager: Shutting down and abandoning module MovieSceneTools (380)
[2017.11.27-21.16.42:031][219]LogModuleManager: Shutting down and abandoning module OutputLog (378)
[2017.11.27-21.16.42:031][219]LogModuleManager: Shutting down and abandoning module GammaUI (376)
[2017.11.27-21.16.42:031][219]LogModuleManager: Shutting down and abandoning module Documentation (374)
[2017.11.27-21.16.42:031][219]LogModuleManager: Shutting down and abandoning module MovieSceneTracks (372)
[2017.11.27-21.16.42:032][219]LogModuleManager: Shutting down and abandoning module MovieScene (370)
[2017.11.27-21.16.42:032][219]LogModuleManager: Shutting down and abandoning module StreamingPauseRendering (368)
[2017.11.27-21.16.42:032][219]LogModuleManager: Shutting down and abandoning module LauncherPlatform (366)
[2017.11.27-21.16.42:032][219]LogModuleManager: Shutting down and abandoning module AnalyticsET (364)
[2017.11.27-21.16.42:032][219]LogModuleManager: Shutting down and abandoning module PortalServices (362)
[2017.11.27-21.16.42:032][219]LogModuleManager: Shutting down and abandoning module PortalRpc (360)
[2017.11.27-21.16.42:032][219]LogModuleManager: Shutting down and abandoning module MessagingRpc (358)
[2017.11.27-21.16.42:032][219]LogModuleManager: Shutting down and abandoning module AIModule (356)
[2017.11.27-21.16.42:032][219]LogModuleManager: Shutting down and abandoning module GameplayDebugger (355)
[2017.11.27-21.16.42:032][219]LogModuleManager: Shutting down and abandoning module AITestSuite (353)
[2017.11.27-21.16.42:032][219]LogModuleManager: Shutting down and abandoning module DesktopPlatform (350)
[2017.11.27-21.16.42:032][219]LogModuleManager: Shutting down and abandoning module ProfilerService (348)
[2017.11.27-21.16.42:245][219]LogModuleManager: Shutting down and abandoning module TaskGraph (346)
[2017.11.27-21.16.42:245][219]LogModuleManager: Shutting down and abandoning module SteamVRController (344)
[2017.11.27-21.16.42:245][219]LogModuleManager: Shutting down and abandoning module ProceduralMeshComponentEditor (342)
[2017.11.27-21.16.42:245][219]LogModuleManager: Shutting down and abandoning module ProceduralMeshComponent (340)
[2017.11.27-21.16.42:245][219]LogModuleManager: Shutting down and abandoning module OculusInput (338)
[2017.11.27-21.16.42:245][219]LogModuleManager: Shutting down and abandoning module MobilePatchingUtils (336)
[2017.11.27-21.16.42:245][219]LogModuleManager: Shutting down and abandoning module CustomMeshComponent (334)
[2017.11.27-21.16.42:245][219]LogModuleManager: Shutting down and abandoning module CableComponent (332)
[2017.11.27-21.16.42:245][219]LogModuleManager: Shutting down and abandoning module ArchVisCharacter (330)
[2017.11.27-21.16.42:245][219]LogModuleManager: Shutting down and abandoning module AndroidPermission (328)
[2017.11.27-21.16.42:245][219]LogModuleManager: Shutting down and abandoning module ActorSequence (324)
[2017.11.27-21.16.42:245][219]LogModuleManager: Shutting down and abandoning module MediaPlayerEditor (322)
[2017.11.27-21.16.42:245][219]LogModuleManager: Shutting down and abandoning module MediaCompositingEditor (320)
[2017.11.27-21.16.42:245][219]LogModuleManager: Shutting down and abandoning module MediaCompositing (318)
[2017.11.27-21.16.42:245][219]LogModuleManager: Shutting down and abandoning module HTML5Networking (316)
[2017.11.27-21.16.42:245][219]LogModuleManager: Shutting down and abandoning module AlembicImporter (314)
[2017.11.27-21.16.42:245][219]LogModuleManager: Shutting down and abandoning module AlembicLibrary (313)
[2017.11.27-21.16.42:245][219]LogModuleManager: Shutting down and abandoning module GeometryCache (312)
[2017.11.27-21.16.42:245][219]LogModuleManager: Shutting down and abandoning module GeometryCacheEd (311)
[2017.11.27-21.16.42:245][219]LogModuleManager: Shutting down and abandoning module SpeedTreeImporter (306)
[2017.11.27-21.16.42:245][219]LogModuleManager: Shutting down and abandoning module PluginBrowser (304)
[2017.11.27-21.16.42:246][219]LogModuleManager: Shutting down and abandoning module MobileLauncherProfileWizard (302)
[2017.11.27-21.16.42:246][219]LogModuleManager: Shutting down and abandoning module VisualStudioSourceCodeAccess (300)
[2017.11.27-21.16.42:246][219]LogModuleManager: Shutting down and abandoning module VisualStudioCodeSourceCodeAccess (298)
[2017.11.27-21.16.42:246][219]LogModuleManager: Shutting down and abandoning module UObjectPlugin (296)
[2017.11.27-21.16.42:246][219]LogModuleManager: Shutting down and abandoning module SubversionSourceControl (294)
[2017.11.27-21.16.42:246][219]LogModuleManager: Shutting down and abandoning module PerforceSourceControl (292)
[2017.11.27-21.16.42:246][219]LogModuleManager: Shutting down and abandoning module GitSourceControl (290)
[2017.11.27-21.16.42:246][219]LogModuleManager: Shutting down and abandoning module SourceControl (289)
[2017.11.27-21.16.42:246][219]LogModuleManager: Shutting down and abandoning module LightPropagationVolumeEditor (286)
[2017.11.27-21.16.42:246][219]LogModuleManager: Shutting down and abandoning module PaperTiledImporter (284)
[2017.11.27-21.16.42:246][219]LogModuleManager: Shutting down and abandoning module PaperSpriteSheetImporter (282)
[2017.11.27-21.16.42:246][219]LogModuleManager: Shutting down and abandoning module Paper2DEditor (280)
[2017.11.27-21.16.42:246][219]LogModuleManager: Shutting down and abandoning module MeshPaint (279)
[2017.11.27-21.16.42:246][219]LogModuleManager: Shutting down and abandoning module LevelEditor (277)
[2017.11.27-21.16.42:247][219]LogModuleManager: Shutting down and abandoning module PixelInspectorModule (276)
[2017.11.27-21.16.42:247][219]LogModuleManager: Shutting down and abandoning module MainFrame (274)
[2017.11.27-21.16.42:247][219]LogModuleManager: Shutting down and abandoning module HotReload (273)
[2017.11.27-21.16.42:247][219]LogModuleManager: Shutting down and abandoning module RuntimePhysXCooking (268)
[2017.11.27-21.16.42:247][219]LogModuleManager: Shutting down and abandoning module PhysXVehiclesEditor (266)
[2017.11.27-21.16.42:247][219]LogModuleManager: Shutting down and abandoning module PhysXVehicles (264)
[2017.11.27-21.16.42:247][219]LogModuleManager: Shutting down and abandoning module OculusEditor (262)
[2017.11.27-21.16.42:247][219]LogModuleManager: Shutting down and abandoning module LocationServicesBPLibrary (260)
[2017.11.27-21.16.42:247][219]LogModuleManager: Shutting down and abandoning module ImmediatePhysicsEditor (258)
[2017.11.27-21.16.42:247][219]LogModuleManager: Shutting down and abandoning module ImmediatePhysics (256)
[2017.11.27-21.16.42:247][219]LogModuleManager: Shutting down and abandoning module UdpMessaging (254)
[2017.11.27-21.16.42:349][219]LogModuleManager: Shutting down and abandoning module TcpMessaging (252)
[2017.11.27-21.16.42:449][219]LogModuleManager: Shutting down and abandoning module GameplayTagsEditor (250)
[2017.11.27-21.16.42:449][219]LogModuleManager: Shutting down and abandoning module FacialAnimationEditor (248)
[2017.11.27-21.16.42:449][219]LogModuleManager: Shutting down and abandoning module FacialAnimation (246)
[2017.11.27-21.16.42:449][219]LogModuleManager: Shutting down and abandoning module AssetManagerEditor (244)
[2017.11.27-21.16.42:449][219]LogModuleManager: Shutting down and abandoning module GraphEditor (243)
[2017.11.27-21.16.42:450][219]LogModuleManager: Shutting down and abandoning module ContentBrowser (241)
[2017.11.27-21.16.42:451][219]LogModuleManager: Shutting down and abandoning module LightPropagationVolumeRuntime (238)
[2017.11.27-21.16.42:451][219]LogModuleManager: Shutting down and abandoning module Paper2D (236)
[2017.11.27-21.16.42:451][219]LogModuleManager: Shutting down and abandoning module WindowsMoviePlayer (234)
[2017.11.27-21.16.42:451][219]LogModuleManager: Shutting down and abandoning module WmfMedia (232)
[2017.11.27-21.16.42:451][219]LogModuleManager: Shutting down and abandoning module ImgMedia (230)
[2017.11.27-21.16.42:451][219]LogModuleManager: Shutting down and abandoning module PacketHandler (228)
[2017.11.27-21.16.42:451][219]LogModuleManager: Shutting down and abandoning module ClothingSystemEditor (226)
[2017.11.27-21.16.42:451][219]LogModuleManager: Shutting down and abandoning module ClothingSystemRuntime (224)
[2017.11.27-21.16.42:452][219]LogModuleManager: Shutting down and abandoning module MediaAssets (222)
[2017.11.27-21.16.42:452][219]LogModuleManager: Shutting down and abandoning module Media (221)
[2017.11.27-21.16.42:458][219]LogModuleManager: Shutting down and abandoning module Overlay (218)
[2017.11.27-21.16.42:458][219]LogModuleManager: Shutting down and abandoning module OverlayEditor (217)
[2017.11.27-21.16.42:458][219]LogModuleManager: Shutting down and abandoning module VREditor (214)
[2017.11.27-21.16.42:458][219]LogModuleManager: Shutting down and abandoning module StringTableEditor (212)
[2017.11.27-21.16.42:459][219]LogModuleManager: Shutting down and abandoning module GameplayTasksEditor (210)
[2017.11.27-21.16.42:459][219]LogModuleManager: Shutting down and abandoning module BehaviorTreeEditor (208)
[2017.11.27-21.16.42:459][219]LogModuleManager: Shutting down and abandoning module FunctionalTesting (206)
[2017.11.27-21.16.42:459][219]LogModuleManager: Shutting down and abandoning module CollisionAnalyzer (204)
[2017.11.27-21.16.42:459][219]LogModuleManager: Shutting down and abandoning module WorkspaceMenuStructure (203)
[2017.11.27-21.16.42:459][219]LogModuleManager: Shutting down and abandoning module UMG (200)
[2017.11.27-21.16.42:460][219]LogModuleManager: Shutting down and abandoning module UMGEditor (199)
[2017.11.27-21.16.42:461][219]LogModuleManager: Shutting down and abandoning module Sequencer (198)
[2017.11.27-21.16.42:462][219]LogModuleManager: Shutting down and abandoning module MessageLog (195)
[2017.11.27-21.16.42:462][219]LogModuleManager: Shutting down and abandoning module SlateReflector (190)
[2017.11.27-21.16.42:464][219]LogModuleManager: Shutting down and abandoning module Slate (188)
[2017.11.27-21.16.42:464][219]LogModuleManager: Shutting down and abandoning module EditorStyle (186)
[2017.11.27-21.16.42:466][219]LogModuleManager: Shutting down and abandoning module MRMesh (184)
[2017.11.27-21.16.42:466][219]LogModuleManager: Shutting down and abandoning module SourceCodeAccess (182)
[2017.11.27-21.16.42:466][219]LogModuleManager: Shutting down and abandoning module HeadMountedDisplay (180)
[2017.11.27-21.16.42:466][219]LogModuleManager: Shutting down and abandoning module XAudio2 (178)
[2017.11.27-21.16.42:466][219]LogModuleManager: Shutting down and abandoning module Networking (176)
[2017.11.27-21.16.42:466][219]LogModuleManager: Shutting down and abandoning module Core (172)
[2017.11.27-21.16.42:466][219]LogModuleManager: Shutting down and abandoning module LevelSequence (168)
[2017.11.27-21.16.42:466][219]LogModuleManager: Shutting down and abandoning module DirectoryWatcher (166)
[2017.11.27-21.16.42:466][219]LogModuleManager: Shutting down and abandoning module KismetCompiler (164)
[2017.11.27-21.16.42:466][219]LogModuleManager: Shutting down and abandoning module MeshUtilities (162)
[2017.11.27-21.16.42:467][219]LogModuleManager: Shutting down and abandoning module MeshMergeUtilities (161)
[2017.11.27-21.16.42:467][219]LogModuleManager: Shutting down and abandoning module MeshReductionInterface (160)
[2017.11.27-21.16.42:467][219]LogModuleManager: Shutting down and abandoning module SimplygonSwarm (159)
[2017.11.27-21.16.42:467][219]LogModuleManager: Shutting down and abandoning module SimplygonMeshReduction (157)
[2017.11.27-21.16.42:467][219]LogModuleManager: Shutting down and abandoning module QuadricMeshReduction (155)
[2017.11.27-21.16.42:467][219]LogModuleManager: Shutting down and abandoning module MaterialBaking (151)
[2017.11.27-21.16.42:467][219]LogModuleManager: Shutting down and abandoning module DerivedDataCache (148)
[2017.11.27-21.16.42:526][219]LogDerivedDataCache: Shutdown
[2017.11.27-21.16.42:526][219]LogModuleManager: Shutting down and abandoning module TargetPlatform (146)
[2017.11.27-21.16.42:526][219]LogModuleManager: Shutting down and abandoning module VulkanShaderFormat (145)
[2017.11.27-21.16.42:526][219]LogModuleManager: Shutting down and abandoning module ShaderFormatVectorVM (143)
[2017.11.27-21.16.42:529][219]LogModuleManager: Shutting down and abandoning module ShaderFormatOpenGL (141)
[2017.11.27-21.16.42:529][219]LogModuleManager: Shutting down and abandoning module ShaderFormatD3D (139)
[2017.11.27-21.16.42:529][219]LogModuleManager: Shutting down and abandoning module MetalShaderFormat (137)
[2017.11.27-21.16.42:529][219]LogModuleManager: Shutting down and abandoning module TextureFormatUncompressed (135)
[2017.11.27-21.16.42:529][219]LogModuleManager: Shutting down and abandoning module TextureFormatPVR (133)
[2017.11.27-21.16.42:530][219]LogModuleManager: Shutting down and abandoning module TextureFormatDXT (131)
[2017.11.27-21.16.42:530][219]LogModuleManager: Shutting down and abandoning module TextureFormatIntelISPCTexComp (129)
[2017.11.27-21.16.42:530][219]LogModuleManager: Shutting down and abandoning module TextureFormatASTC (127)
[2017.11.27-21.16.42:530][219]LogModuleManager: Shutting down and abandoning module ImageWrapper (126)
[2017.11.27-21.16.42:530][219]LogModuleManager: Shutting down and abandoning module TextureFormatAndroid (123)
[2017.11.27-21.16.42:530][219]LogModuleManager: Shutting down and abandoning module AudioFormatOpus (121)
[2017.11.27-21.16.42:530][219]LogModuleManager: Shutting down and abandoning module AudioFormatOgg (119)
[2017.11.27-21.16.42:530][219]LogModuleManager: Shutting down and abandoning module AudioFormatADPCM (117)
[2017.11.27-21.16.42:530][219]LogModuleManager: Shutting down and abandoning module LinuxTargetPlatform (115)
[2017.11.27-21.16.42:530][219]LogModuleManager: Shutting down and abandoning module LinuxServerTargetPlatform (113)
[2017.11.27-21.16.42:530][219]LogModuleManager: Shutting down and abandoning module LinuxNoEditorTargetPlatform (111)
[2017.11.27-21.16.42:530][219]LogModuleManager: Shutting down and abandoning module LinuxClientTargetPlatform (109)
[2017.11.27-21.16.42:530][219]LogModuleManager: Shutting down and abandoning module TVOSTargetPlatform (107)
[2017.11.27-21.16.42:530][219]LogModuleManager: Shutting down and abandoning module Messaging (105)
[2017.11.27-21.16.42:530][219]LogModuleManager: Shutting down and abandoning module IOSTargetPlatform (103)
[2017.11.27-21.16.42:530][219]LogModuleManager: Shutting down and abandoning module HTML5TargetPlatform (101)
[2017.11.27-21.16.42:530][219]LogModuleManager: Shutting down and abandoning module AndroidTargetPlatform (99)
[2017.11.27-21.16.42:530][219]LogModuleManager: Shutting down and abandoning module Android_PVRTCTargetPlatform (97)
[2017.11.27-21.16.42:530][219]LogModuleManager: Shutting down and abandoning module Android_MultiTargetPlatform (95)
[2017.11.27-21.16.42:530][219]LogModuleManager: Shutting down and abandoning module Android_ETC2TargetPlatform (93)
[2017.11.27-21.16.42:530][219]LogModuleManager: Shutting down and abandoning module Android_ETC1TargetPlatform (91)
[2017.11.27-21.16.42:530][219]LogModuleManager: Shutting down and abandoning module Android_DXTTargetPlatform (89)
[2017.11.27-21.16.42:530][219]LogModuleManager: Shutting down and abandoning module Android_ATCTargetPlatform (87)
[2017.11.27-21.16.42:530][219]LogModuleManager: Shutting down and abandoning module Android_ASTCTargetPlatform (85)
[2017.11.27-21.16.42:530][219]LogModuleManager: Shutting down and abandoning module WindowsTargetPlatform (83)
[2017.11.27-21.16.42:530][219]LogModuleManager: Shutting down and abandoning module WindowsServerTargetPlatform (81)
[2017.11.27-21.16.42:530][219]LogModuleManager: Shutting down and abandoning module WindowsNoEditorTargetPlatform (79)
[2017.11.27-21.16.42:530][219]LogModuleManager: Shutting down and abandoning module WindowsClientTargetPlatform (77)
[2017.11.27-21.16.42:530][219]LogModuleManager: Shutting down and abandoning module MacTargetPlatform (75)
[2017.11.27-21.16.42:530][219]LogModuleManager: Shutting down and abandoning module MacServerTargetPlatform (73)
[2017.11.27-21.16.42:530][219]LogModuleManager: Shutting down and abandoning module MacNoEditorTargetPlatform (71)
[2017.11.27-21.16.42:530][219]LogModuleManager: Shutting down and abandoning module MacClientTargetPlatform (69)
[2017.11.27-21.16.42:530][219]LogModuleManager: Shutting down and abandoning module AllDesktopTargetPlatform (67)
[2017.11.27-21.16.42:530][219]LogModuleManager: Shutting down and abandoning module InputCore (64)
[2017.11.27-21.16.42:530][219]LogModuleManager: Shutting down and abandoning module Settings (62)
[2017.11.27-21.16.42:530][219]LogModuleManager: Shutting down and abandoning module PhysXCooking (60)
[2017.11.27-21.16.42:530][219]LogModuleManager: Shutting down and abandoning module SteamVR (58)
[2017.11.27-21.16.42:530][219]LogModuleManager: Shutting down and abandoning module OculusHMD (56)
[2017.11.27-21.16.42:530][219]LogModuleManager: Shutting down and abandoning module ExampleDeviceProfileSelector (54)
[2017.11.27-21.16.42:530][219]LogModuleManager: Shutting down and abandoning module AppleARKit (52)
[2017.11.27-21.16.42:530][219]LogModuleManager: Shutting down and abandoning module AugmentedReality (51)
[2017.11.27-21.16.42:530][219]LogModuleManager: Shutting down and abandoning module OnlineBlueprintSupport (48)
[2017.11.27-21.16.42:530][219]LogModuleManager: Shutting down and abandoning module OnlineSubsystem (44)
[2017.11.27-21.16.42:530][219]LogModuleManager: Shutting down and abandoning module XMPP (43)
[2017.11.27-21.16.42:531][219]LogModuleManager: Shutting down and abandoning module HTTP (41)
[2017.11.27-21.16.42:531][219]LogHttp: Display: Http module shutting down, but needs to wait on 1 outstanding Http requests:
[2017.11.27-21.16.42:531][219]LogHttp: Display: 	verb=[POST] url=[https://datarouter.ol.epicgames.com/datarouter/api/v1/public/data?SessionID=%7BA8E682C1-4623-CC6C-6F33-778424D9E99C%7D&AppID=UEEditor.Rocket.Release&AppVersion=4.18.1-3754814%2B%2B%2BUE4%2BRelease-4.18&UserID=53c3189641562501868aa1932373784f%7C38ce983a56b349eea0381e2250859ea7%7Cce7e007a-0500-4229-8a33-a1a8a87ae1eb&AppEnvironment=datacollector-binary&UploadType=eteventstream] status=Processing
[2017.11.27-21.16.42:550][219]LogModuleManager: Shutting down and abandoning module SSL (40)
[2017.11.27-21.16.42:552][219]LogModuleManager: Shutting down and abandoning module AnimationModifiers (36)
[2017.11.27-21.16.42:552][219]LogModuleManager: Shutting down and abandoning module PropertyEditor (35)
[2017.11.27-21.16.42:552][219]LogModuleManager: Shutting down and abandoning module AudioEditor (32)
[2017.11.27-21.16.42:552][219]LogModuleManager: Shutting down and abandoning module TextureCompressor (30)
[2017.11.27-21.16.42:552][219]LogModuleManager: Shutting down and abandoning module ShaderCore (28)
[2017.11.27-21.16.42:552][219]LogModuleManager: Shutting down and abandoning module Landscape (26)
[2017.11.27-21.16.42:552][219]LogModuleManager: Shutting down and abandoning module SlateRHIRenderer (24)
[2017.11.27-21.16.42:553][219]LogModuleManager: Shutting down and abandoning module OpenGLDrv (22)
[2017.11.27-21.16.42:553][219]LogModuleManager: Shutting down and abandoning module D3D11RHI (20)
[2017.11.27-21.16.42:553][219]LogModuleManager: Shutting down and abandoning module AnimGraphRuntime (18)
[2017.11.27-21.16.42:553][219]LogModuleManager: Shutting down and abandoning module Renderer (16)
[2017.11.27-21.16.42:553][219]LogModuleManager: Shutting down and abandoning module Engine (14)
[2017.11.27-21.16.42:553][219]LogModuleManager: Shutting down and abandoning module CoreUObject (12)
[2017.11.27-21.16.42:553][219]LogModuleManager: Shutting down and abandoning module NetworkFile (10)
[2017.11.27-21.16.42:553][219]LogModuleManager: Shutting down and abandoning module CookedIterativeFile (8)
[2017.11.27-21.16.42:554][219]LogModuleManager: Shutting down and abandoning module StreamingFile (6)
[2017.11.27-21.16.42:554][219]LogModuleManager: Shutting down and abandoning module SandboxFile (4)
[2017.11.27-21.16.42:554][219]LogModuleManager: Shutting down and abandoning module PakFile (2)
[2017.11.27-21.16.42:556][219]LogExit: Exiting.
[2017.11.27-21.16.42:585][219]Log file closed, 11/27/17 16:16:42
