Log file open, 11/15/17 18:05:01
LogWindows: Failed to load 'aqProf.dll' (GetLastError=126)
LogWindows: File 'aqProf.dll' does not exist
LogWindows: Failed to load 'VtuneApi.dll' (GetLastError=126)
LogWindows: File 'VtuneApi.dll' does not exist
LogWindows: Failed to load 'VtuneApi32e.dll' (GetLastError=126)
LogWindows: File 'VtuneApi32e.dll' does not exist
LogInit: Display: Running engine for game: Grid1
LogPlatformFile: Not using cached read wrapper
LogInit: Display: RandInit(-1811549941) SRandInit(-1811549941).
LogInit: Read version file with build ID '3709383'
LogInit: Overriding engine version to CL 3709383, compatible CL 3709383
LogInit: Registered custom module enumerator with build ID '3709383'
LogTaskGraph: Started task graph with 5 named threads and 8 total threads with 3 sets of task threads.
LogStats: Stats thread started at 0.401957
LogD3D11RHI: Aftermath initialized
LogModuleManager: Display: Found up-to-date module file ../../../Engine/Plugins/2D/Paper2D/Binaries/Win64/UE4Editor-Paper2D.dll (API version 3709383).
LogModuleManager: Display: Found up-to-date module file ../../../Engine/Plugins/2D/Paper2D/Binaries/Win64/UE4Editor-Paper2DEditor.dll (API version 3709383).
LogModuleManager: Display: Found up-to-date module file ../../../Engine/Plugins/2D/Paper2D/Binaries/Win64/UE4Editor-PaperSpriteSheetImporter.dll (API version 3709383).
LogModuleManager: Display: Found up-to-date module file ../../../Engine/Plugins/2D/Paper2D/Binaries/Win64/UE4Editor-PaperTiledImporter.dll (API version 3709383).
LogModuleManager: Display: Found up-to-date module file ../../../Engine/Plugins/2D/Paper2D/Binaries/Win64/UE4Editor-SmartSnapping.dll (API version 3709383).
LogModuleManager: Display: Found up-to-date module file ../../../Engine/Plugins/Blendables/LightPropagationVolume/Binaries/Win64/UE4Editor-LightPropagationVolumeRuntime.dll (API version 3709383).
LogModuleManager: Display: Found up-to-date module file ../../../Engine/Plugins/Blendables/LightPropagationVolume/Binaries/Win64/UE4Editor-LightPropagationVolumeEditor.dll (API version 3709383).
LogModuleManager: Display: Found up-to-date module file ../../../Engine/Plugins/Developer/GitSourceControl/Binaries/Win64/UE4Editor-GitSourceControl.dll (API version 3709383).
LogModuleManager: Display: Found up-to-date module file ../../../Engine/Plugins/Developer/PerforceSourceControl/Binaries/Win64/UE4Editor-PerforceSourceControl.dll (API version 3709383).
LogModuleManager: Display: Found up-to-date module file ../../../Engine/Plugins/Developer/SubversionSourceControl/Binaries/Win64/UE4Editor-SubversionSourceControl.dll (API version 3709383).
LogModuleManager: Display: Found up-to-date module file ../../../Engine/Plugins/Developer/UObjectPlugin/Binaries/Win64/UE4Editor-UObjectPlugin.dll (API version 3709383).
LogModuleManager: Display: Found up-to-date module file ../../../Engine/Plugins/Developer/VisualStudioCodeSourceCodeAccess/Binaries/Win64/UE4Editor-VisualStudioCodeSourceCodeAccess.dll (API version 3709383).
LogModuleManager: Display: Found up-to-date module file ../../../Engine/Plugins/Developer/VisualStudioSourceCodeAccess/Binaries/Win64/UE4Editor-VisualStudioSourceCodeAccess.dll (API version 3709383).
LogModuleManager: Display: Found up-to-date module file ../../../Engine/Plugins/Editor/AssetManagerEditor/Binaries/Win64/UE4Editor-AssetManagerEditor.dll (API version 3709383).
LogModuleManager: Display: Found up-to-date module file ../../../Engine/Plugins/Editor/AudioCapture/Binaries/Win64/UE4Editor-AudioCapture.dll (API version 3709383).
LogModuleManager: Display: Found up-to-date module file ../../../Engine/Plugins/Editor/FacialAnimation/Binaries/Win64/UE4Editor-FacialAnimation.dll (API version 3709383).
LogModuleManager: Display: Found up-to-date module file ../../../Engine/Plugins/Editor/FacialAnimation/Binaries/Win64/UE4Editor-FacialAnimationEditor.dll (API version 3709383).
LogModuleManager: Display: Found up-to-date module file ../../../Engine/Plugins/Editor/GameplayTagsEditor/Binaries/Win64/UE4Editor-GameplayTagsEditor.dll (API version 3709383).
LogModuleManager: Display: Found up-to-date module file ../../../Engine/Plugins/Editor/MobileLauncherProfileWizard/Binaries/Win64/UE4Editor-MobileLauncherProfileWizard.dll (API version 3709383).
LogModuleManager: Display: Found up-to-date module file ../../../Engine/Plugins/Editor/PluginBrowser/Binaries/Win64/UE4Editor-PluginBrowser.dll (API version 3709383).
LogModuleManager: Display: Found up-to-date module file ../../../Engine/Plugins/Editor/SpeedTreeImporter/Binaries/Win64/UE4Editor-SpeedTreeImporter.dll (API version 3709383).
LogModuleManager: Display: Found up-to-date module file ../../../Engine/Plugins/Experimental/AlembicImporter/Binaries/Win64/UE4Editor-AlembicImporter.dll (API version 3709383).
LogModuleManager: Display: Found up-to-date module file ../../../Engine/Plugins/Experimental/AlembicImporter/Binaries/Win64/UE4Editor-AlembicLibrary.dll (API version 3709383).
LogModuleManager: Display: Found up-to-date module file ../../../Engine/Plugins/Experimental/CharacterAI/Binaries/Win64/UE4Editor-CharacterAI.dll (API version 3709383).
LogModuleManager: Display: Found up-to-date module file ../../../Engine/Plugins/Experimental/HTML5Networking/Binaries/Win64/UE4Editor-HTML5Networking.dll (API version 3709383).
LogModuleManager: Display: Found up-to-date module file ../../../Engine/Plugins/Media/AndroidMedia/Binaries/Win64/UE4Editor-AndroidMediaEditor.dll (API version 3709383).
LogModuleManager: Display: Found up-to-date module file ../../../Engine/Plugins/Media/AndroidMedia/Binaries/Win64/UE4Editor-AndroidMediaFactory.dll (API version 3709383).
LogModuleManager: Display: Found up-to-date module file ../../../Engine/Plugins/Media/AvfMedia/Binaries/Win64/UE4Editor-AvfMediaEditor.dll (API version 3709383).
LogModuleManager: Display: Found up-to-date module file ../../../Engine/Plugins/Media/AvfMedia/Binaries/Win64/UE4Editor-AvfMediaFactory.dll (API version 3709383).
LogModuleManager: Display: Found up-to-date module file ../../../Engine/Plugins/Media/AvfMedia/Binaries/Win64/UE4Editor-AvfMediaFactory.dll (API version 3709383).
LogModuleManager: Display: Found up-to-date module file ../../../Engine/Plugins/Media/ImgMedia/Binaries/Win64/UE4Editor-ImgMedia.dll (API version 3709383).
LogModuleManager: Display: Found up-to-date module file ../../../Engine/Plugins/Media/ImgMedia/Binaries/Win64/UE4Editor-ImgMediaEditor.dll (API version 3709383).
LogModuleManager: Display: Found up-to-date module file ../../../Engine/Plugins/Media/ImgMedia/Binaries/Win64/UE4Editor-ImgMediaFactory.dll (API version 3709383).
LogModuleManager: Display: Found up-to-date module file ../../../Engine/Plugins/Media/ImgMedia/Binaries/Win64/UE4Editor-ImgMediaFactory.dll (API version 3709383).
LogModuleManager: Display: Found up-to-date module file ../../../Engine/Plugins/Media/ImgMedia/Binaries/Win64/UE4Editor-OpenExrWrapper.dll (API version 3709383).
LogModuleManager: Display: Found up-to-date module file ../../../Engine/Plugins/Media/MediaCompositing/Binaries/Win64/UE4Editor-MediaCompositing.dll (API version 3709383).
LogModuleManager: Display: Found up-to-date module file ../../../Engine/Plugins/Media/MediaCompositing/Binaries/Win64/UE4Editor-MediaCompositingEditor.dll (API version 3709383).
LogModuleManager: Display: Found up-to-date module file ../../../Engine/Plugins/Media/MediaPlayerEditor/Binaries/Win64/UE4Editor-MediaPlayerEditor.dll (API version 3709383).
LogModuleManager: Display: Found up-to-date module file ../../../Engine/Plugins/Media/WmfMedia/Binaries/Win64/UE4Editor-WmfMedia.dll (API version 3709383).
LogModuleManager: Display: Found up-to-date module file ../../../Engine/Plugins/Media/WmfMedia/Binaries/Win64/UE4Editor-WmfMediaEditor.dll (API version 3709383).
LogModuleManager: Display: Found up-to-date module file ../../../Engine/Plugins/Media/WmfMedia/Binaries/Win64/UE4Editor-WmfMediaFactory.dll (API version 3709383).
LogModuleManager: Display: Found up-to-date module file ../../../Engine/Plugins/Media/WmfMedia/Binaries/Win64/UE4Editor-WmfMediaFactory.dll (API version 3709383).
LogModuleManager: Display: Found up-to-date module file ../../../Engine/Plugins/Messaging/TcpMessaging/Binaries/Win64/UE4Editor-TcpMessaging.dll (API version 3709383).
LogModuleManager: Display: Found up-to-date module file ../../../Engine/Plugins/Messaging/UdpMessaging/Binaries/Win64/UE4Editor-UdpMessaging.dll (API version 3709383).
LogModuleManager: Display: Found up-to-date module file ../../../Engine/Plugins/MovieScene/ActorSequence/Binaries/Win64/UE4Editor-ActorSequence.dll (API version 3709383).
LogModuleManager: Display: Found up-to-date module file ../../../Engine/Plugins/MovieScene/LevelSequenceEditor/Binaries/Win64/UE4Editor-LevelSequenceEditor.dll (API version 3709383).
LogModuleManager: Display: Found up-to-date module file ../../../Engine/Plugins/MovieScene/MatineeToLevelSequence/Binaries/Win64/UE4Editor-MatineeToLevelSequence.dll (API version 3709383).
LogModuleManager: Display: Found up-to-date module file ../../../Engine/Plugins/Online/OnlineSubsystem/Binaries/Win64/UE4Editor-OnlineSubsystem.dll (API version 3709383).
LogModuleManager: Display: Found up-to-date module file ../../../Engine/Plugins/Runtime/AndroidPermission/Binaries/Win64/UE4Editor-AndroidPermission.dll (API version 3709383).
LogModuleManager: Display: Found up-to-date module file ../../../Engine/Plugins/Online/OnlineSubsystemNull/Binaries/Win64/UE4Editor-OnlineSubsystemNull.dll (API version 3709383).
LogModuleManager: Display: Found up-to-date module file ../../../Engine/Plugins/Online/OnlineSubsystemUtils/Binaries/Win64/UE4Editor-OnlineSubsystemUtils.dll (API version 3709383).
LogModuleManager: Display: Found up-to-date module file ../../../Engine/Plugins/Online/OnlineSubsystemUtils/Binaries/Win64/UE4Editor-OnlineBlueprintSupport.dll (API version 3709383).
LogModuleManager: Display: Found up-to-date module file ../../../Engine/Plugins/Runtime/AndroidDeviceProfileSelector/Binaries/Win64/UE4Editor-AndroidDeviceProfileSelector.dll (API version 3709383).
LogModuleManager: Display: Found up-to-date module file ../../../Engine/Plugins/Runtime/AppleARKit/Binaries/Win64/UE4Editor-AppleARKit.dll (API version 3709383).
LogModuleManager: Display: Found up-to-date module file ../../../Engine/Plugins/Runtime/ArchVisCharacter/Binaries/Win64/UE4Editor-ArchVisCharacter.dll (API version 3709383).
LogModuleManager: Display: Found up-to-date module file ../../../Engine/Plugins/Runtime/CableComponent/Binaries/Win64/UE4Editor-CableComponent.dll (API version 3709383).
LogModuleManager: Display: Found up-to-date module file ../../../Engine/Plugins/Runtime/CustomMeshComponent/Binaries/Win64/UE4Editor-CustomMeshComponent.dll (API version 3709383).
LogModuleManager: Display: Found up-to-date module file ../../../Engine/Plugins/Runtime/ExampleDeviceProfileSelector/Binaries/Win64/UE4Editor-ExampleDeviceProfileSelector.dll (API version 3709383).
LogModuleManager: Display: Found up-to-date module file ../../../Engine/Plugins/Runtime/ImmediatePhysics/Binaries/Win64/UE4Editor-ImmediatePhysics.dll (API version 3709383).
LogModuleManager: Display: Found up-to-date module file ../../../Engine/Plugins/Runtime/ImmediatePhysics/Binaries/Win64/UE4Editor-ImmediatePhysicsEditor.dll (API version 3709383).
LogModuleManager: Display: Found up-to-date module file ../../../Engine/Plugins/Runtime/LocationServicesBPLibrary/Binaries/Win64/UE4Editor-LocationServicesBPLibrary.dll (API version 3709383).
LogModuleManager: Display: Found up-to-date module file ../../../Engine/Plugins/Runtime/MobilePatchingUtils/Binaries/Win64/UE4Editor-MobilePatchingUtils.dll (API version 3709383).
LogModuleManager: Display: Found up-to-date module file ../../../Engine/Plugins/Runtime/Oculus/OculusVR/Binaries/Win64/UE4Editor-OculusHMD.dll (API version 3709383).
LogModuleManager: Display: Found up-to-date module file ../../../Engine/Plugins/Runtime/Oculus/OculusVR/Binaries/Win64/UE4Editor-OculusInput.dll (API version 3709383).
LogModuleManager: Display: Found up-to-date module file ../../../Engine/Plugins/Runtime/Oculus/OculusVR/Binaries/Win64/UE4Editor-OculusEditor.dll (API version 3709383).
LogModuleManager: Display: Found up-to-date module file ../../../Engine/Plugins/Runtime/PhysXVehicles/Binaries/Win64/UE4Editor-PhysXVehicles.dll (API version 3709383).
LogModuleManager: Display: Found up-to-date module file ../../../Engine/Plugins/Runtime/PhysXVehicles/Binaries/Win64/UE4Editor-PhysXVehiclesEditor.dll (API version 3709383).
LogModuleManager: Display: Found up-to-date module file ../../../Engine/Plugins/Runtime/ProceduralMeshComponent/Binaries/Win64/UE4Editor-ProceduralMeshComponent.dll (API version 3709383).
LogModuleManager: Display: Found up-to-date module file ../../../Engine/Plugins/Runtime/ProceduralMeshComponent/Binaries/Win64/UE4Editor-ProceduralMeshComponentEditor.dll (API version 3709383).
LogModuleManager: Display: Found up-to-date module file ../../../Engine/Plugins/Runtime/RuntimePhysXCooking/Binaries/Win64/UE4Editor-RuntimePhysXCooking.dll (API version 3709383).
LogModuleManager: Display: Found up-to-date module file ../../../Engine/Plugins/Runtime/Steam/SteamVR/Binaries/Win64/UE4Editor-SteamVR.dll (API version 3709383).
LogModuleManager: Display: Found up-to-date module file ../../../Engine/Plugins/Runtime/Steam/SteamVR/Binaries/Win64/UE4Editor-SteamVRController.dll (API version 3709383).
LogModuleManager: Display: Found up-to-date module file ../../../Engine/Plugins/Runtime/WindowsMoviePlayer/Binaries/Win64/UE4Editor-WindowsMoviePlayer.dll (API version 3709383).
LogPluginManager: Mounting plugin Paper2D
LogPluginManager: Mounting plugin LightPropagationVolume
LogPluginManager: Mounting plugin CodeLiteSourceCodeAccess
LogPluginManager: Mounting plugin GitSourceControl
LogPluginManager: Mounting plugin KDevelopSourceCodeAccess
LogPluginManager: Mounting plugin NullSourceCodeAccess
LogPluginManager: Mounting plugin PerforceSourceControl
LogPluginManager: Mounting plugin SubversionSourceControl
LogPluginManager: Mounting plugin UObjectPlugin
LogPluginManager: Mounting plugin VisualStudioCodeSourceCodeAccess
LogPluginManager: Mounting plugin VisualStudioSourceCodeAccess
LogPluginManager: Mounting plugin XCodeSourceCodeAccess
LogPluginManager: Mounting plugin AssetManagerEditor
LogPluginManager: Mounting plugin AudioCapture
LogPluginManager: Mounting plugin FacialAnimation
LogPluginManager: Mounting plugin GameplayTagsEditor
LogPluginManager: Mounting plugin MobileLauncherProfileWizard
LogPluginManager: Mounting plugin PluginBrowser
LogPluginManager: Mounting plugin SpeedTreeImporter
LogPluginManager: Mounting plugin AlembicImporter
LogPluginManager: Mounting plugin CharacterAI
LogPluginManager: Mounting plugin HTML5Networking
LogPluginManager: Mounting plugin AndroidMedia
LogPluginManager: Mounting plugin AvfMedia
LogPluginManager: Mounting plugin ImgMedia
LogPluginManager: Mounting plugin MediaCompositing
LogPluginManager: Mounting plugin MediaPlayerEditor
LogPluginManager: Mounting plugin WmfMedia
LogPluginManager: Mounting plugin TcpMessaging
LogPluginManager: Mounting plugin UdpMessaging
LogPluginManager: Mounting plugin ActorSequence
LogPluginManager: Mounting plugin LevelSequenceEditor
LogPluginManager: Mounting plugin MatineeToLevelSequence
LogPluginManager: Mounting plugin OnlineSubsystemGooglePlay
LogPluginManager: Mounting plugin OnlineSubsystemIOS
LogPluginManager: Mounting plugin OnlineSubsystem
LogPluginManager: Mounting plugin OnlineSubsystemNull
LogPluginManager: Mounting plugin OnlineSubsystemUtils
LogPluginManager: Mounting plugin AndroidDeviceProfileSelector
LogPluginManager: Mounting plugin AndroidMoviePlayer
LogPluginManager: Mounting plugin AndroidPermission
LogPluginManager: Mounting plugin AppleARKit
LogPluginManager: Mounting plugin AppleMoviePlayer
LogPluginManager: Mounting plugin ArchVisCharacter
LogPluginManager: Mounting plugin CableComponent
LogPluginManager: Mounting plugin CustomMeshComponent
LogPluginManager: Mounting plugin ExampleDeviceProfileSelector
LogPluginManager: Mounting plugin GoogleCloudMessaging
LogPluginManager: Mounting plugin ImmediatePhysics
LogPluginManager: Mounting plugin IOSDeviceProfileSelector
LogPluginManager: Mounting plugin LinuxDeviceProfileSelector
LogPluginManager: Mounting plugin LocationServicesBPLibrary
LogPluginManager: Mounting plugin MobilePatchingUtils
LogPluginManager: Mounting plugin OculusVR
LogPluginManager: Plugin shader directory ../../../Engine/Plugins/Runtime/Oculus/OculusVR/Shaders found
LogPluginManager: Mapping shader source directory ../../../Engine/Plugins/Runtime/Oculus/OculusVR/Shaders to virtual directory /Plugin/OculusVR
LogPluginManager: Mounting plugin PhysXVehicles
LogPluginManager: Mounting plugin ProceduralMeshComponent
LogPluginManager: Mounting plugin RuntimePhysXCooking
LogPluginManager: Mounting plugin SteamVR
LogPluginManager: Mounting plugin WindowsMoviePlayer
LogInit: Using libcurl 7.47.1
LogInit:  - built for x86_64-pc-win32
LogInit:  - supports SSL with OpenSSL/1.0.2g
LogInit:  - supports HTTP deflate (compression) using libz 1.2.8
LogInit:  - other features:
LogInit:      CURL_VERSION_SSL
LogInit:      CURL_VERSION_LIBZ
LogInit:      CURL_VERSION_IPV6
LogInit:      CURL_VERSION_ASYNCHDNS
LogInit:      CURL_VERSION_LARGEFILE
LogInit:      CURL_VERSION_IDN
LogInit:  CurlRequestOptions (configurable via config and command line):
LogInit:  - bVerifyPeer = false  - Libcurl will NOT verify peer certificate
LogInit:  - bUseHttpProxy = false  - Libcurl will NOT use HTTP proxy
LogInit:  - bDontReuseConnections = false  - Libcurl will reuse connections
LogInit:  - CertBundlePath = nullptr  - Libcurl will use whatever was configured at build time.
LogInit: Build: ++UE4+Release-4.18-CL-3709383
LogInit: Engine Version: 4.18.0-3709383+++UE4+Release-4.18
LogInit: Compatible Engine Version: 4.18.0-3709383+++UE4+Release-4.18
LogInit: Net CL: 3709383
LogDevObjectVersion: Number of dev versions registered: 16
LogDevObjectVersion:   Dev-Blueprints (B0D832E4-1F89-4F0D-ACCF-7EB736FD4AA2): 10
LogDevObjectVersion:   Dev-Build (E1C64328-A22C-4D53-A36C-8E866417BD8C): 0
LogDevObjectVersion:   Dev-Core (375EC13C-06E4-48FB-B500-84F0262A717E): 2
LogDevObjectVersion:   Dev-Editor (E4B068ED-F494-42E9-A231-DA0B2E46BB41): 20
LogDevObjectVersion:   Dev-Framework (CFFC743F-43B0-4480-9391-14DF171D2073): 30
LogDevObjectVersion:   Dev-Mobile (B02B49B5-BB20-44E9-A304-32B752E40360): 0
LogDevObjectVersion:   Dev-Networking (A4E4105C-59A1-49B5-A7C5-40C4547EDFEE): 0
LogDevObjectVersion:   Dev-Online (39C831C9-5AE6-47DC-9A44-9C173E1C8E7C): 0
LogDevObjectVersion:   Dev-Physics (78F01B33-EBEA-4F98-B9B4-84EACCB95AA2): 0
LogDevObjectVersion:   Dev-Platform (6631380F-2D4D-43E0-8009-CF276956A95A): 0
LogDevObjectVersion:   Dev-Rendering (12F88B9F-8875-4AFC-A67C-D90C383ABD29): 20
LogDevObjectVersion:   Dev-Sequencer (7B5AE74C-D270-4C10-A958-57980B212A5A): 4
LogDevObjectVersion:   Dev-VR (D7296918-1DD6-4BDD-9DE2-64A83CC13884): 0
LogDevObjectVersion:   Dev-LoadTimes (C2A15278-BFE7-4AFE-6C17-90FF531DF755): 1
LogDevObjectVersion:   Private-Geometry (6EACA3D4-40EC-4CC1-B786-8BED09428FC5): 1
LogDevObjectVersion:   Dev-AnimPhys (29E575DD-E0A3-4627-9D10-D276232CDCEA): 12
LogInit: Compiled (64-bit): Oct 20 2017 10:39:19
LogInit: Compiled with Visual C++: 19.00.24215.01
LogInit: Build Configuration: Development
LogInit: Branch Name: ++UE4+Release-4.18
LogInit: Command line:  
LogInit: Base directory: C:/Program Files/Epic Games/UE_4.18/Engine/Binaries/Win64/
LogInit: Installed Engine Build: 1
LogInit: Presizing for max 8388607 objects, including 0 objects not considered by GC, pre-allocating 0 bytes for permanent pool.
LogInit: Object subsystem initialized
[2017.11.15-23.05.04:118][  0]LogInit: Selected Device Profile: [Windows]
[2017.11.15-23.05.04:118][  0]LogInit: Applying CVar settings loaded from the selected device profile: [Windows]
[2017.11.15-23.05.04:157][  0]LogInit: Computer: AMASCARO2-PC
[2017.11.15-23.05.04:157][  0]LogInit: User: amascaro
[2017.11.15-23.05.04:158][  0]LogInit: CPU Page size=4096, Cores=2
[2017.11.15-23.05.04:158][  0]LogInit: High frequency timer resolution =2.597675 MHz
[2017.11.15-23.05.04:158][  0]LogMemory: Memory total: Physical=3.9GB (4GB approx)
[2017.11.15-23.05.04:158][  0]LogMemory: Platform Memory Stats for Windows
[2017.11.15-23.05.04:158][  0]LogMemory: Process Physical Memory: 270.98 MB used, 270.98 MB peak
[2017.11.15-23.05.04:158][  0]LogMemory: Process Virtual Memory: 270.09 MB used, 270.09 MB peak
[2017.11.15-23.05.04:158][  0]LogMemory: Physical Memory: 2295.12 MB used,  1734.50 MB free, 4029.62 MB total
[2017.11.15-23.05.04:158][  0]LogMemory: Virtual Memory: 613.20 MB used,  1734.50 MB free, 8388608.00 MB total
[2017.11.15-23.05.04:538][  0]LogInit: Using OS detected language (en-US).
[2017.11.15-23.05.04:538][  0]LogInit: Using OS detected locale (en-US).
[2017.11.15-23.05.04:551][  0]LogTextLocalizationManager: No specific localization for 'en-US' exists, so the 'en' localization will be used.
[2017.11.15-23.05.05:399][  0]LogWindows: Failed to load 'shcore.dll' (GetLastError=126)
[2017.11.15-23.05.05:399][  0]LogWindows: File 'shcore.dll' does not exist
[2017.11.15-23.05.05:399][  0]LogInit: Setting process to DPI aware
[2017.11.15-23.05.05:410][  0]LogWindows: Failed to load 'shcore.dll' (GetLastError=126)
[2017.11.15-23.05.05:410][  0]LogWindows: File 'shcore.dll' does not exist
[2017.11.15-23.05.05:410][  0]LogInit: Setting process to DPI aware
[2017.11.15-23.05.05:963][  0]LogD3D11RHI: D3D11 adapters:
[2017.11.15-23.05.06:033][  0]LogD3D11RHI:    0. 'NVIDIA GeForce GTX 660' (Feature Level 11_0)
[2017.11.15-23.05.06:033][  0]LogD3D11RHI:       1988/0/1758 MB DedicatedVideo/DedicatedSystem/SharedSystem, Outputs:1, VendorId:0x10de
[2017.11.15-23.05.06:033][  0]LogD3D11RHI: Chosen D3D11 Adapter: 0
[2017.11.15-23.05.06:043][  0]LogD3D11RHI: Creating new Direct3DDevice
[2017.11.15-23.05.06:043][  0]LogD3D11RHI:     GPU DeviceId: 0x11c0 (for the marketing name, search the web for "GPU Device Id")
[2017.11.15-23.05.06:044][  0]LogWindows: EnumDisplayDevices:
[2017.11.15-23.05.06:044][  0]LogWindows:    0. 'NVIDIA GeForce GTX 660' (P:1 D:1)
[2017.11.15-23.05.06:044][  0]LogWindows:    1. 'NVIDIA GeForce GTX 660' (P:0 D:0)
[2017.11.15-23.05.06:044][  0]LogWindows:    2. 'NVIDIA GeForce GTX 660' (P:0 D:0)
[2017.11.15-23.05.06:045][  0]LogWindows:    3. 'NVIDIA GeForce GTX 660' (P:0 D:0)
[2017.11.15-23.05.06:045][  0]LogWindows:    4. 'RDPDD Chained DD' (P:0 D:0)
[2017.11.15-23.05.06:045][  0]LogWindows:    5. 'RDP Encoder Mirror Driver' (P:0 D:0)
[2017.11.15-23.05.06:045][  0]LogWindows:    6. 'RDP Reflector Display Driver' (P:0 D:0)
[2017.11.15-23.05.06:045][  0]LogWindows: DebugString: GetVideoDriverDetailsInvalid PrimaryIsNotTheChoosenAdapter GetVideoDriverDetailsInvalid PrimaryIsNotTheChoosenAdapter GetVideoDriverDetailsInvalid PrimaryIsNotTheChoosenAdapter FoundDriverCount:4 
[2017.11.15-23.05.06:045][  0]LogD3D11RHI:     Adapter Name: NVIDIA GeForce GTX 660
[2017.11.15-23.05.06:045][  0]LogD3D11RHI:   Driver Version: 387.92 (internal:23.21.13.8792, unified:387.92)
[2017.11.15-23.05.06:045][  0]LogD3D11RHI:      Driver Date: 10-6-2017
[2017.11.15-23.05.06:045][  0]LogRHI: Texture pool is 1391 MB (70% of 1988 MB)
[2017.11.15-23.05.06:063][  0]LogD3D11RHI: Async texture creation enabled
[2017.11.15-23.05.06:085][  0]LogD3D11RHI: GPU Timing Frequency: 1000.000000 (Debug: 2 2)
[2017.11.15-23.05.06:093][  0]LogShaderCompilers: Guid format shader working directory is 38 characters bigger than the processId version (P:/ue/Grid1/Intermediate/Shaders/WorkingDirectory/8808/).
[2017.11.15-23.05.06:093][  0]LogShaderCompilers: Cleaned the shader compiler working directory 'C:/Users/amascaro/AppData/Local/Temp/UnrealShaderWorkingDir/416B251F4BE0B885CA8422B6487A1564/'.
[2017.11.15-23.05.06:094][  0]LogShaderCompilers: Display: Using Local Shader Compiler.
[2017.11.15-23.05.08:514][  0]LogTemp: Display: Loaded TP AllDesktopTargetPlatform
[2017.11.15-23.05.08:608][  0]LogTemp: Display: Loaded TP MacClientTargetPlatform
[2017.11.15-23.05.08:701][  0]LogTemp: Display: Loaded TP MacNoEditorTargetPlatform
[2017.11.15-23.05.08:793][  0]LogTemp: Display: Loaded TP MacServerTargetPlatform
[2017.11.15-23.05.08:889][  0]LogTemp: Display: Loaded TP MacTargetPlatform
[2017.11.15-23.05.08:981][  0]LogTemp: Display: Loaded TP WindowsClientTargetPlatform
[2017.11.15-23.05.09:074][  0]LogTemp: Display: Loaded TP WindowsNoEditorTargetPlatform
[2017.11.15-23.05.09:166][  0]LogTemp: Display: Loaded TP WindowsServerTargetPlatform
[2017.11.15-23.05.09:245][  0]LogTemp: Display: Loaded TP WindowsTargetPlatform
[2017.11.15-23.05.09:335][  0]LogTemp: Display: Loaded TP Android_ASTCTargetPlatform
[2017.11.15-23.05.09:431][  0]LogTemp: Display: Loaded TP Android_ATCTargetPlatform
[2017.11.15-23.05.09:522][  0]LogTemp: Display: Loaded TP Android_DXTTargetPlatform
[2017.11.15-23.05.09:613][  0]LogTemp: Display: Loaded TP Android_ETC1TargetPlatform
[2017.11.15-23.05.09:704][  0]LogTemp: Display: Loaded TP Android_ETC2TargetPlatform
[2017.11.15-23.05.09:885][  0]LogTemp: Display: Loaded TP Android_MultiTargetPlatform
[2017.11.15-23.05.09:886][  0]LogTemp: Display: Loaded TP Android_PVRTCTargetPlatform
[2017.11.15-23.05.09:983][  0]LogTemp: Display: Loaded TP AndroidTargetPlatform
[2017.11.15-23.05.10:052][  0]LogTemp: Display: Loaded TP HTML5TargetPlatform
[2017.11.15-23.05.10:196][  0]LogTemp: Display: Loaded TP IOSTargetPlatform
[2017.11.15-23.05.10:246][  0]LogTemp: Display: Loaded TP TVOSTargetPlatform
[2017.11.15-23.05.10:336][  0]LogTemp: Display: Loaded TP LinuxClientTargetPlatform
[2017.11.15-23.05.10:426][  0]LogTemp: Display: Loaded TP LinuxNoEditorTargetPlatform
[2017.11.15-23.05.10:520][  0]LogTemp: Display: Loaded TP LinuxServerTargetPlatform
[2017.11.15-23.05.10:612][  0]LogTemp: Display: Loaded TP LinuxTargetPlatform
[2017.11.15-23.05.10:612][  0]LogTargetPlatformManager: Display: Building Assets For Windows
[2017.11.15-23.05.11:444][  0]LogDerivedDataCache: Display: Max Cache Size: 512 MB
[2017.11.15-23.05.11:930][  0]LogDerivedDataCache: Loaded boot cache 0.48s 78MB C:/Users/amascaro/AppData/Local/UnrealEngine/4.18/DerivedDataCache/Boot.ddc.
[2017.11.15-23.05.11:930][  0]LogDerivedDataCache: Display: Loaded Boot cache: C:/Users/amascaro/AppData/Local/UnrealEngine/4.18/DerivedDataCache/Boot.ddc
[2017.11.15-23.05.11:930][  0]LogDerivedDataCache: FDerivedDataBackendGraph:  Pak pak cache file P:/ue/Grid1/DerivedDataCache/DDC.ddp not found, will not use a pak cache.
[2017.11.15-23.05.11:930][  0]LogDerivedDataCache: Unable to find inner node Pak for hierarchical cache Hierarchy.
[2017.11.15-23.05.11:930][  0]LogDerivedDataCache: FDerivedDataBackendGraph:  CompressedPak pak cache file P:/ue/Grid1/DerivedDataCache/Compressed.ddp not found, will not use a pak cache.
[2017.11.15-23.05.11:930][  0]LogDerivedDataCache: Unable to find inner node CompressedPak for hierarchical cache Hierarchy.
[2017.11.15-23.05.11:970][  0]LogDerivedDataCache: Display: Pak cache opened for reading ../../../Engine/DerivedDataCache/Compressed.ddp.
[2017.11.15-23.05.11:982][  0]LogDerivedDataCache: Using Local data cache path C:/Users/amascaro/AppData/Local/UnrealEngine/Common/DerivedDataCache: Writable
[2017.11.15-23.05.12:004][  0]LogMaterial: Verifying Global Shaders for PCD3D_SM5
[2017.11.15-23.05.12:006][  0]LogSlate: Using Freetype 2.6.0
[2017.11.15-23.05.12:009][  0]LogSlate: SlateFontCache - WITH_FREETYPE: 1, WITH_HARFBUZZ: 1
[2017.11.15-23.05.12:009][  0]LogSlate: SlateFontCache - WITH_FREETYPE: 1, WITH_HARFBUZZ: 1
[2017.11.15-23.05.12:978][  0]LogInit: Selected Device Profile: [Windows]
[2017.11.15-23.05.13:602][  0]LogSimplygon: Simplygon DLL not present - disabling.
[2017.11.15-23.05.13:678][  0]LogMeshReduction: Using SimplygonSwarm for distributed automatic mesh merging
[2017.11.15-23.05.13:678][  0]LogMeshReduction: Using QuadricMeshReduction for automatic static mesh reduction
[2017.11.15-23.05.13:679][  0]LogMeshReduction: No automatic skeletal mesh reduction module available
[2017.11.15-23.05.13:679][  0]LogMeshReduction: No automatic mesh merging module available
[2017.11.15-23.05.13:679][  0]LogMeshMerging: No automatic mesh merging module available
[2017.11.15-23.05.13:724][  0]LogNetVersion: Grid1 , NetCL: 3709383, EngineNetVer: 2, GameNetVer: 0 (Checksum: 1394303240)
[2017.11.15-23.05.14:026][  0]LogAssetRegistry: FAssetRegistry took 0.0286 seconds to start up
[2017.11.15-23.05.15:122][  0]LogPackageLocalizationCache: Processed 7 localized package path(s) for 2 prioritized culture(s) in 0.108017 seconds
[2017.11.15-23.05.15:134][  0]LogUObjectArray: 35900 objects as part of root set at end of initial load.
[2017.11.15-23.05.15:134][  0]LogUObjectAllocator: 7372024 out of 0 bytes used by permanent object pool.
[2017.11.15-23.05.15:134][  0]LogUObjectArray: CloseDisregardForGC: 0/0 objects in disregard for GC pool
[2017.11.15-23.05.15:229][  0]LogInit: WinSock: version 1.1 (2.2), MaxSocks=32767, MaxUdp=65467
[2017.11.15-23.05.20:709][  0]LogTcpMessaging: Initializing TcpMessaging bridge
[2017.11.15-23.05.20:769][  0]LogUdpMessaging: Initializing bridge on interface 0.0.0.0:0 to multicast group 230.0.0.1:6666.
[2017.11.15-23.05.21:893][  0]LogMaterial: Uniform references updated for custom material expression Custom.
[2017.11.15-23.05.22:620][  0]SourceControl: Source control is disabled
[2017.11.15-23.05.22:621][  0]SourceControl: Source control is disabled
[2017.11.15-23.05.22:717][  0]SourceControl: Source control is disabled
[2017.11.15-23.05.22:805][  0]SourceControl: Source control is disabled
[2017.11.15-23.05.24:188][  0]LogAndroidPermission: UAndroidPermissionCallbackProxy::GetInstance
[2017.11.15-23.05.24:638][  0]LogOcInput: OculusInput pre-init called
[2017.11.15-23.05.25:139][  0]LogEngine: Initializing Engine...
[2017.11.15-23.05.25:145][  0]LogHMD: Failed to initialize OpenVR with code 110
[2017.11.15-23.05.25:652][  0]LogStats: UGameplayTagsManager::ConstructGameplayTagTree: Construct from data asset -  0.000 s
[2017.11.15-23.05.25:653][  0]LogStats: UGameplayTagsManager::ConstructGameplayTagTree: GameplayTagTreeChangedEvent.Broadcast -  0.000 s
[2017.11.15-23.05.25:906][  0]LogAIModule: Creating AISystem for world Untitled
[2017.11.15-23.05.25:934][  0]LogInit: XAudio2 using 'Headphones (High Definition Audio Device)' : 2 channels at 44.1 kHz using 16 bits per sample (channel mask 0x3)
[2017.11.15-23.05.25:946][  0]LogInit: FAudioDevice initialized.
[2017.11.15-23.05.26:102][  0]LogDerivedDataCache: Saved boot cache 0.16s 78MB C:/Users/amascaro/AppData/Local/UnrealEngine/4.18/DerivedDataCache/Boot.ddc.
[2017.11.15-23.05.26:152][  0]LogInit: Texture streaming: Enabled
[2017.11.15-23.05.26:333][  0]LogEngineSessionManager: EngineSessionManager initialized
[2017.11.15-23.05.26:557][  0]LogInit: Transaction tracking system initialized
[2017.11.15-23.05.27:122][  0]BlueprintLog: New page: Editor Load
[2017.11.15-23.05.28:752][  0]LocalizationService: Localization service is disabled
[2017.11.15-23.05.30:122][  0]LogConsoleResponse: Display: 
[2017.11.15-23.05.30:463][  0]LogCook: Display: Max memory allowance for cook 16384mb min free memory 0mb
[2017.11.15-23.05.30:463][  0]LogCook: Display: Mobile HDR setting 1
[2017.11.15-23.05.30:463][  0]LogGameplayTags: Display: UGameplayTagsManager::DoneAddingNativeTags. DelegateIsBound: 0
[2017.11.15-23.05.31:290][  0]LogFileCache: Scanning file cache for directory 'P:/ue/Grid1/Content/' took 0.02s
[2017.11.15-23.05.32:641][  0]SourceControl: Source control is disabled
[2017.11.15-23.05.32:641][  0]Cmd: MAP LOAD FILE="P:/ue/Grid1/Content/ThirdPersonBP/Maps/ThirdPersonExampleMap.umap" TEMPLATE=0 SHOWPROGRESS=1 FEATURELEVEL=3
[2017.11.15-23.05.32:792][  0]LightingResults: New page: Lighting Build
[2017.11.15-23.05.32:866][  0]MapCheck: New page: Map Check
[2017.11.15-23.05.32:866][  0]LightingResults: New page: Lighting Build
[2017.11.15-23.05.36:650][  0]LogAIModule: Creating AISystem for world ThirdPersonExampleMap
[2017.11.15-23.05.36:669][  0]LogEditorServer: Finished looking for orphan Actors (0.000 secs)
[2017.11.15-23.05.36:701][  0]Cmd: MAP CHECKDEP NOCLEARLOG
[2017.11.15-23.05.36:790][  0]MapCheck: Map check complete: 0 Error(s), 0 Warning(s), took 88.273ms to complete.
[2017.11.15-23.05.36:790][  0]LogFileHelpers: Loading map 'ThirdPersonExampleMap' took 4.149
[2017.11.15-23.05.36:898][  0]LogCollectionManager: Loaded 0 collections in 0.002604 seconds
[2017.11.15-23.05.37:016][  0]LogFileCache: Scanning file cache for directory 'P:/ue/Grid1/Saved/Collections/' took 0.01s
[2017.11.15-23.05.37:016][  0]LogFileCache: Scanning file cache for directory 'P:/ue/Grid1/Content/Developers/amascaro/Collections/' took 0.01s
[2017.11.15-23.05.37:016][  0]LogFileCache: Scanning file cache for directory 'P:/ue/Grid1/Content/Collections/' took 0.01s
[2017.11.15-23.05.37:016][  0]LogCollectionManager: Rebuilt the GUID cache for 0 collections in 0.000001 seconds
[2017.11.15-23.05.37:035][  0]LogContentBrowser: Native class hierarchy populated in 0.0175 seconds. Added 2363 classes and 519 folders.
[2017.11.15-23.05.37:151][  0]LogContentBrowser: Native class hierarchy updated for 'WidgetCarousel' in 0.0004 seconds. Added 0 classes and 0 folders.
[2017.11.15-23.05.37:297][  0]LogContentBrowser: Native class hierarchy updated for 'AddContentDialog' in 0.0004 seconds. Added 0 classes and 0 folders.
[2017.11.15-23.05.37:475][  0]LogContentBrowser: Native class hierarchy updated for 'SceneOutliner' in 0.0004 seconds. Added 1 classes and 2 folders.
[2017.11.15-23.05.37:757][  0]LogContentBrowser: Native class hierarchy updated for 'HierarchicalLODOutliner' in 0.0005 seconds. Added 1 classes and 2 folders.
[2017.11.15-23.05.37:757][  0]LogLoad: (Engine Initialization) Total time: 39.00 seconds
[2017.11.15-23.05.37:757][  0]LogLoad: (Engine Initialization) Total Blueprint compile time: 0.00 seconds
[2017.11.15-23.05.37:757][  0]LogExternalProfiler: No external profilers were discovered.  External profiling features will not be available.
[2017.11.15-23.05.38:117][  0]LogContentStreaming: Texture pool size now 1000 MB
[2017.11.15-23.05.38:119][  0]LogSlate: Took 0.001337 seconds to synchronously load lazily loaded font '../../../Engine/Content/Slate/Fonts/Roboto-Regular.ttf' (155K)
[2017.11.15-23.05.38:123][  0]LogSlate: Took 0.001282 seconds to synchronously load lazily loaded font '../../../Engine/Content/Editor/Slate/Fonts/FontAwesome.ttf' (139K)
[2017.11.15-23.05.38:125][  0]LogSlate: Took 0.001219 seconds to synchronously load lazily loaded font '../../../Engine/Content/Slate/Fonts/Roboto-Bold.ttf' (160K)
[2017.11.15-23.05.38:371][  0]LogRenderer: Reallocating scene render targets to support 992x784 Format 10 NumSamples 1 (Frame:1).
[2017.11.15-23.05.38:841][  2]LogAssetRegistry: Asset discovery search completed in 24.8339 seconds
[2017.11.15-23.05.38:845][  2]LogCollectionManager: Rebuilt the object cache for 0 collections in 0.000000 seconds (found 0 objects)
[2017.11.15-23.05.38:846][  2]LogCollectionManager: Fixed up redirectors for 0 collections in 0.000112 seconds (updated 0 objects)
[2017.11.15-23.06.01:133][922]LogSlate: Took 0.001253 seconds to synchronously load lazily loaded font '../../../Engine/Content/Slate/Fonts/Roboto-Light.ttf' (159K)
[2017.11.15-23.06.01:452][922]LogMaterial: Uniform references updated for custom material expression Custom.
[2017.11.15-23.06.01:692][922]LogAIModule: Creating AISystem for world HoloTest
[2017.11.15-23.06.14:775][425]Cmd: MAP LOAD FILE="P:/ue/Grid1/Content/ThirdPersonBP/Maps/HoloTest.umap" TEMPLATE=0 SHOWPROGRESS=1 FEATURELEVEL=3
[2017.11.15-23.06.14:775][425]LightingResults: New page: Lighting Build
[2017.11.15-23.06.14:776][425]LoadErrors: New page: Loading map: HoloTest.umap
[2017.11.15-23.06.14:778][425]MapCheck: New page: Map Check
[2017.11.15-23.06.14:778][425]LightingResults: New page: Lighting Build
[2017.11.15-23.06.14:937][425]LogEditorServer: Finished looking for orphan Actors (0.000 secs)
[2017.11.15-23.06.15:029][425]Cmd: MAP CHECKDEP NOCLEARLOG
[2017.11.15-23.06.15:121][425]MapCheck: Map check complete: 0 Error(s), 0 Warning(s), took 91.727ms to complete.
[2017.11.15-23.06.15:122][425]LogFileHelpers: Loading map 'HoloTest' took 0.347
[2017.11.15-23.06.23:168][ 31]LogTemp: Repeating last play command: Selected Viewport
[2017.11.15-23.06.23:295][ 31]LogBlueprintUserMessages: Early PlayInEditor Detection: Level '/Game/ThirdPersonBP/Maps/HoloTest.HoloTest:PersistentLevel' has LevelScriptBlueprint '/Game/ThirdPersonBP/Maps/HoloTest.HoloTest:PersistentLevel.HoloTest' with GeneratedClass '/Game/ThirdPersonBP/Maps/HoloTest.HoloTest_C' with ClassGeneratedBy '/Game/ThirdPersonBP/Maps/HoloTest.HoloTest:PersistentLevel.HoloTest'
[2017.11.15-23.06.23:295][ 31]LogPlayLevel: PlayLevel: No blueprints needed recompiling
[2017.11.15-23.06.23:295][ 31]PIE: New page: PIE session: HoloTest (Nov 15, 2017, 1:06:23 PM)
[2017.11.15-23.06.23:295][ 31]LogPlayLevel: Creating play world package: /Game/ThirdPersonBP/Maps/UEDPIE_0_HoloTest
[2017.11.15-23.06.23:381][ 31]LogPlayLevel: PIE: StaticDuplicateObject took: (0.085546s)
[2017.11.15-23.06.23:383][ 31]LogAIModule: Creating AISystem for world HoloTest
[2017.11.15-23.06.23:383][ 31]LogPlayLevel: PIE: World Init took: (0.001688s)
[2017.11.15-23.06.23:383][ 31]LogPlayLevel: PIE: Created PIE world by copying editor world from /Game/ThirdPersonBP/Maps/HoloTest.HoloTest to /Game/ThirdPersonBP/Maps/UEDPIE_0_HoloTest.HoloTest (0.087690s)
[2017.11.15-23.06.23:435][ 31]LogInit: XAudio2 using 'Headphones (High Definition Audio Device)' : 2 channels at 44.1 kHz using 16 bits per sample (channel mask 0x3)
[2017.11.15-23.06.23:443][ 31]LogInit: FAudioDevice initialized.
[2017.11.15-23.06.23:490][ 31]LogLoad: Game class is 'CursorGameMode_C'
[2017.11.15-23.06.23:495][ 31]LogWorld: Bringing World /Game/ThirdPersonBP/Maps/UEDPIE_0_HoloTest.HoloTest up for play (max tick rate 0) at 2017.11.15-18.06.23
[2017.11.15-23.06.23:496][ 31]LogWorld: Bringing up level for play took: 0.003904
[2017.11.15-23.06.23:571][ 31]LogContentBrowser: Native class hierarchy updated for 'MovieSceneCapture' in 0.0005 seconds. Added 11 classes and 0 folders.
[2017.11.15-23.06.23:575][ 31]LogBlueprintUserMessages: [CursorCharacter_C_0] Hello
[2017.11.15-23.06.23:576][ 31]LogBlueprintUserMessages: [CursorCharacter_C_0] Cancelled
[2017.11.15-23.06.23:576][ 31]LogBlueprintUserMessages: [HoloTest_C_0] Start
[2017.11.15-23.06.23:576][ 31]PIE: Play in editor start time for /Game/ThirdPersonBP/Maps/UEDPIE_0_HoloTest -0.469
[2017.11.15-23.06.23:577][ 31]LogBlueprintUserMessages: Late PlayInEditor Detection: Level '/Game/ThirdPersonBP/Maps/HoloTest.HoloTest:PersistentLevel' has LevelScriptBlueprint '/Game/ThirdPersonBP/Maps/HoloTest.HoloTest:PersistentLevel.HoloTest' with GeneratedClass '/Game/ThirdPersonBP/Maps/HoloTest.HoloTest_C' with ClassGeneratedBy '/Game/ThirdPersonBP/Maps/HoloTest.HoloTest:PersistentLevel.HoloTest'
[2017.11.15-23.06.23:653][ 32]LogCharacterMovement: Warning: GetSimulationTimeStep() - Max iterations 8 hit while remaining time 0.057525 > MaxSimulationTimeStep (0.050) for 'CursorCharacter_C_0', movement 'Walking'
[2017.11.15-23.06.50:136][901]LogBlueprintUserMessages: Early EndPlayMap Detection: Level '/Game/ThirdPersonBP/Maps/HoloTest.HoloTest:PersistentLevel' has LevelScriptBlueprint '/Game/ThirdPersonBP/Maps/HoloTest.HoloTest:PersistentLevel.HoloTest' with GeneratedClass '/Game/ThirdPersonBP/Maps/HoloTest.HoloTest_C' with ClassGeneratedBy '/Game/ThirdPersonBP/Maps/HoloTest.HoloTest:PersistentLevel.HoloTest'
[2017.11.15-23.06.50:175][901]LogBlueprintUserMessages: Late EndPlayMap Detection: Level '/Game/ThirdPersonBP/Maps/HoloTest.HoloTest:PersistentLevel' has LevelScriptBlueprint '/Game/ThirdPersonBP/Maps/HoloTest.HoloTest:PersistentLevel.HoloTest' with GeneratedClass '/Game/ThirdPersonBP/Maps/HoloTest.HoloTest_C' with ClassGeneratedBy '/Game/ThirdPersonBP/Maps/HoloTest.HoloTest:PersistentLevel.HoloTest'
[2017.11.15-23.06.55:455][373]LogMaterial: Missing cached shader map for material Material_0, compiling. 
[2017.11.15-23.06.55:514][374]LogMaterial: Missing cached shader map for material Material_1, compiling. 
[2017.11.15-23.07.11:055][777]LogContentBrowser: Native class hierarchy updated for 'MaterialEditor' in 0.0004 seconds. Added 1 classes and 0 folders.
[2017.11.15-23.07.11:061][777]LogMaterial: Missing cached shader map for material NoiseHologram2LFO, compiling. 
[2017.11.15-23.07.11:711][777]LogSlate: Took 0.000312 seconds to synchronously load lazily loaded font '../../../Engine/Content/Slate/Fonts/Roboto-Regular.ttf' (155K)
[2017.11.15-23.07.11:880][777]LogMaterial: Missing cached shader map for material NoiseHologram2LFO, compiling. 
[2017.11.15-23.07.11:918][777]LogMaterial: Missing cached shader map for material NoiseHologram2LFO, compiling. 
[2017.11.15-23.07.12:035][777]LogMaterial: Missing cached shader map for material FMatExpressionPreview MaterialExpressionVectorParameter_0, compiling. 
[2017.11.15-23.07.12:045][777]LogMaterial: Missing cached shader map for material FMatExpressionPreview MaterialExpressionVectorParameter_3, compiling. 
[2017.11.15-23.07.12:076][777]LogSlate: Took 0.002657 seconds to synchronously load lazily loaded font '../../../Engine/Content/Editor/Slate/Fonts/Roboto-BoldCondensed.ttf' (158K)
[2017.11.15-23.07.12:593][778]LogSlate: Took 0.003302 seconds to synchronously load lazily loaded font '../../../Engine/Content/Editor/Slate/Fonts/Roboto-Italic.ttf' (157K)
[2017.11.15-23.07.14:880][827]LogRenderer: Reallocating scene render targets to support 1244x784 Format 10 NumSamples 1 (Frame:1).
[2017.11.15-23.07.17:300][922]LogTemp: Repeating last play command: Selected Viewport
[2017.11.15-23.07.17:341][922]LogBlueprintUserMessages: Early PlayInEditor Detection: Level '/Game/ThirdPersonBP/Maps/HoloTest.HoloTest:PersistentLevel' has LevelScriptBlueprint '/Game/ThirdPersonBP/Maps/HoloTest.HoloTest:PersistentLevel.HoloTest' with GeneratedClass '/Game/ThirdPersonBP/Maps/HoloTest.HoloTest_C' with ClassGeneratedBy '/Game/ThirdPersonBP/Maps/HoloTest.HoloTest:PersistentLevel.HoloTest'
[2017.11.15-23.07.17:341][922]LogPlayLevel: PlayLevel: No blueprints needed recompiling
[2017.11.15-23.07.17:341][922]PIE: New page: PIE session: HoloTest (Nov 15, 2017, 1:07:17 PM)
[2017.11.15-23.07.17:341][922]LogPlayLevel: Creating play world package: /Game/ThirdPersonBP/Maps/UEDPIE_0_HoloTest
[2017.11.15-23.07.17:541][922]LogPlayLevel: PIE: StaticDuplicateObject took: (0.199533s)
[2017.11.15-23.07.17:545][922]LogAIModule: Creating AISystem for world HoloTest
[2017.11.15-23.07.17:545][922]LogPlayLevel: PIE: World Init took: (0.004220s)
[2017.11.15-23.07.17:546][922]LogPlayLevel: PIE: Created PIE world by copying editor world from /Game/ThirdPersonBP/Maps/HoloTest.HoloTest to /Game/ThirdPersonBP/Maps/UEDPIE_0_HoloTest.HoloTest (0.204192s)
[2017.11.15-23.07.18:480][922]LogInit: XAudio2 using 'Headphones (High Definition Audio Device)' : 2 channels at 44.1 kHz using 16 bits per sample (channel mask 0x3)
[2017.11.15-23.07.18:946][922]LogInit: FAudioDevice initialized.
[2017.11.15-23.07.19:106][922]LogLoad: Game class is 'CursorGameMode_C'
[2017.11.15-23.07.19:111][922]LogWorld: Bringing World /Game/ThirdPersonBP/Maps/UEDPIE_0_HoloTest.HoloTest up for play (max tick rate 0) at 2017.11.15-18.07.19
[2017.11.15-23.07.19:111][922]LogWorld: Bringing up level for play took: 0.004151
[2017.11.15-23.07.19:116][922]LogBlueprintUserMessages: [CursorCharacter_C_0] Hello
[2017.11.15-23.07.19:116][922]LogBlueprintUserMessages: [CursorCharacter_C_0] Cancelled
[2017.11.15-23.07.19:116][922]LogBlueprintUserMessages: [HoloTest_C_0] Start
[2017.11.15-23.07.19:117][922]PIE: Play in editor start time for /Game/ThirdPersonBP/Maps/UEDPIE_0_HoloTest 1.068
[2017.11.15-23.07.19:117][922]LogBlueprintUserMessages: Late PlayInEditor Detection: Level '/Game/ThirdPersonBP/Maps/HoloTest.HoloTest:PersistentLevel' has LevelScriptBlueprint '/Game/ThirdPersonBP/Maps/HoloTest.HoloTest:PersistentLevel.HoloTest' with GeneratedClass '/Game/ThirdPersonBP/Maps/HoloTest.HoloTest_C' with ClassGeneratedBy '/Game/ThirdPersonBP/Maps/HoloTest.HoloTest:PersistentLevel.HoloTest'
[2017.11.15-23.07.23:503][ 29]MaterialEditorStats: Base pass shader without light map: 178 instructions
[2017.11.15-23.07.23:503][ 29]MaterialEditorStats: Vertex shader: 254 instructions
[2017.11.15-23.07.23:503][ 29]MaterialEditorStats: Texture samplers: 4/16
[2017.11.15-23.12.17:238][374]Cmd: OBJ SAVEPACKAGE PACKAGE="/Game/NoiseHologram2LFO_Inst" FILE="P:/ue/Grid1/Content/NoiseHologram2LFO_Inst.uasset" SILENT=true
[2017.11.15-23.12.17:271][374]LogMaterial: Missing cached shader map for material FDebugViewModeMaterialProxy NoiseHologram2LFO_Inst, compiling. 
[2017.11.15-23.12.17:762][374]TextureStreamingBuild: Display: Compiling optional shaders took 0.499 seconds.
[2017.11.15-23.12.17:828][374]LogSavePackage: Save=18.95ms
[2017.11.15-23.12.17:828][374]LogSavePackage: Moving 'P:/ue/Grid1/Saved/NoiseHologram2LFO_InstD90BE6504EC6C3B6424BA6A079243A12.tmp' to 'P:/ue/Grid1/Content/NoiseHologram2LFO_Inst.uasset'
[2017.11.15-23.12.17:829][374]LogSavePackage: Display: Finished SavePackage P:/ue/Grid1/Content/NoiseHologram2LFO_Inst.uasset
[2017.11.15-23.12.41:753][325]LogProperty: Warning: ObjectProperty /Script/Engine.ExpressionInput:Expression: unresolved reference to 'MaterialExpressionAdd'"MaterialGraphNode_92.MaterialExpressionAdd_20"')'
[2017.11.15-23.12.41:753][325]LogProperty: Warning: ObjectProperty /Script/Engine.ExpressionInput:Expression: unresolved reference to 'MaterialExpressionScalarParameter'"MaterialGraphNode_84.MaterialExpressionScalarParameter_28"')'
[2017.11.15-23.12.41:753][325]LogProperty: Warning: ObjectProperty /Script/Engine.ExpressionInput:Expression: unresolved reference to 'MaterialExpressionMultiply'"MaterialGraphNode_87.MaterialExpressionMultiply_40"')'
[2017.11.15-23.12.41:793][325]LogMaterial: Missing cached shader map for material NoiseHologram2LFO, compiling. 
[2017.11.15-23.12.53:800][644]LogMaterial: Missing cached shader map for material NoiseHologram2LFO, compiling. 
[2017.11.15-23.12.55:777][695]LogMaterial: Missing cached shader map for material NoiseHologram2LFO, compiling. 
[2017.11.15-23.13.11:165][166]MaterialEditorStats: Base pass shader without light map: 178 instructions
[2017.11.15-23.13.11:165][166]MaterialEditorStats: Vertex shader: 254 instructions
[2017.11.15-23.13.11:165][166]MaterialEditorStats: Texture samplers: 4/16
[2017.11.15-23.13.14:626][310]LogMaterial: Missing cached shader map for material NoiseHologram2LFO, compiling. 
[2017.11.15-23.13.14:630][310]LogMaterial: Warning: /Engine/Transient.NoiseHologram2LFO (no disk path found): Failed to compile Material for platform PCD3D_SM5, Default Material will be used in game.
[2017.11.15-23.13.14:630][310]LogMaterial: 	(Node Sine) Missing Sine input
[2017.11.15-23.13.14:630][310]LogMaterial: 	Function GetHarmonics: Missing function input 't'
[2017.11.15-23.13.16:119][378]LogMaterial: Missing cached shader map for material NoiseHologram2LFO, compiling. 
[2017.11.15-23.13.18:490][443]LogMaterial: Missing cached shader map for material NoiseHologram2LFO, compiling. 
[2017.11.15-23.13.30:758][795]MaterialEditorStats: Base pass shader without light map: 179 instructions
[2017.11.15-23.13.30:758][795]MaterialEditorStats: Vertex shader: 255 instructions
[2017.11.15-23.13.30:758][795]MaterialEditorStats: Texture samplers: 4/16
[2017.11.15-23.13.32:846][884]LogProperty: Warning: ObjectProperty /Script/Engine.ExpressionInput:Expression: unresolved reference to 'MaterialExpressionReroute'"MaterialGraphNode_Knot_4.MaterialExpressionReroute_4"')'
[2017.11.15-23.13.32:846][884]LogProperty: Warning: ObjectProperty /Script/Engine.ExpressionInput:Expression: unresolved reference to 'MaterialExpressionTime'"MaterialGraphNode_67.MaterialExpressionTime_2"')'
[2017.11.15-23.13.32:847][884]LogProperty: Warning: ObjectProperty /Script/Engine.ExpressionInput:Expression: unresolved reference to 'MaterialExpressionScalarParameter'"MaterialGraphNode_59.MaterialExpressionScalarParameter_20"')'
[2017.11.15-23.13.32:848][884]LogProperty: Warning: ObjectProperty /Script/Engine.ExpressionInput:Expression: unresolved reference to 'MaterialExpressionReroute'"MaterialGraphNode_Knot_4.MaterialExpressionReroute_4"',InputName="t"))'
[2017.11.15-23.13.32:848][884]LogProperty: Warning: ObjectProperty /Script/Engine.ExpressionInput:Expression: unresolved reference to 'MaterialExpressionSine'"MaterialGraphNode_68.MaterialExpressionSine_5"')'
[2017.11.15-23.13.32:848][884]LogProperty: Warning: ObjectProperty /Script/Engine.ExpressionInput:Expression: unresolved reference to 'MaterialExpressionMultiply'"MaterialGraphNode_72.MaterialExpressionMultiply_31"')'
[2017.11.15-23.13.32:849][884]LogProperty: Warning: ObjectProperty /Script/Engine.ExpressionInput:Expression: unresolved reference to 'MaterialExpressionMaterialFunctionCall'"MaterialGraphNode_70.MaterialExpressionMaterialFunctionCall_5"')'
[2017.11.15-23.13.32:849][884]LogProperty: Warning: ObjectProperty /Script/Engine.ExpressionInput:Expression: unresolved reference to 'MaterialExpressionScalarParameter'"MaterialGraphNode_66.MaterialExpressionScalarParameter_27"')'
[2017.11.15-23.13.32:895][884]LogMaterial: Missing cached shader map for material NoiseHologram2LFO, compiling. 
[2017.11.15-23.13.42:269][111]LogMaterial: Missing cached shader map for material NoiseHologram2LFO, compiling. 
[2017.11.15-23.13.48:146][290]LogMaterial: Missing cached shader map for material NoiseHologram2LFO, compiling. 
[2017.11.15-23.13.59:626][609]LogMaterial: Missing cached shader map for material NoiseHologram2LFO, compiling. 
[2017.11.15-23.14.06:008][797]LogMaterialEditor: Saving and Compiling material NoiseHologram2LFO
[2017.11.15-23.14.08:276][797]LogMaterial: Missing cached shader map for material NoiseHologram2LFO, compiling. 
[2017.11.15-23.14.08:362][797]LogMaterial: Missing cached shader map for material NoiseHologram2LFO, compiling. 
[2017.11.15-23.14.08:433][797]LogMaterial: Missing cached shader map for material NoiseHologram2LFO, compiling. 
[2017.11.15-23.14.08:581][797]LogMaterial: Missing cached shader map for material FDebugViewModeMaterialProxy NoiseHologram2LFO, compiling. 
[2017.11.15-23.14.14:610][797]TextureStreamingBuild: Display: Compiling optional shaders took 6.038 seconds.
[2017.11.15-23.14.22:966][797]Cmd: OBJ SAVEPACKAGE PACKAGE="/Game/NoiseHologram2LFO" FILE="P:/ue/Grid1/Content/NoiseHologram2LFO.uasset" SILENT=true
[2017.11.15-23.14.23:053][797]LogSavePackage: Save=80.60ms
[2017.11.15-23.14.23:053][797]LogSavePackage: Moving 'P:/ue/Grid1/Saved/NoiseHologram2LFOF07C43284025F57FA9EE2882BE0329D8.tmp' to 'P:/ue/Grid1/Content/NoiseHologram2LFO.uasset'
[2017.11.15-23.14.23:054][797]LogSavePackage: Display: Finished SavePackage P:/ue/Grid1/Content/NoiseHologram2LFO.uasset
[2017.11.15-23.14.23:059][797]MaterialEditorStats: Base pass shader without light map: 190 instructions
[2017.11.15-23.14.23:059][797]MaterialEditorStats: Vertex shader: 323 instructions
[2017.11.15-23.14.23:059][797]MaterialEditorStats: Texture samplers: 4/16
[2017.11.15-23.15.15:612][ 98]LogMaterial: Missing cached shader map for material NoiseHologram2LFO, compiling. 
[2017.11.15-23.15.20:317][250]LogMaterial: Missing cached shader map for material NoiseHologram2LFO, compiling. 
[2017.11.15-23.15.21:876][298]LogMaterialEditor: Saving and Compiling material NoiseHologram2LFO
[2017.11.15-23.15.23:181][298]LogMaterial: Missing cached shader map for material NoiseHologram2LFO, compiling. 
[2017.11.15-23.15.23:265][298]LogMaterial: Missing cached shader map for material NoiseHologram2LFO, compiling. 
[2017.11.15-23.15.23:328][298]LogMaterial: Missing cached shader map for material NoiseHologram2LFO, compiling. 
[2017.11.15-23.15.23:444][298]LogMaterial: Missing cached shader map for material FDebugViewModeMaterialProxy NoiseHologram2LFO, compiling. 
[2017.11.15-23.15.29:651][298]TextureStreamingBuild: Display: Compiling optional shaders took 6.215 seconds.
[2017.11.15-23.15.38:249][298]Cmd: OBJ SAVEPACKAGE PACKAGE="/Game/NoiseHologram2LFO" FILE="P:/ue/Grid1/Content/NoiseHologram2LFO.uasset" SILENT=true
[2017.11.15-23.15.38:334][298]LogSavePackage: Save=79.64ms
[2017.11.15-23.15.38:334][298]LogSavePackage: Moving 'P:/ue/Grid1/Saved/NoiseHologram2LFOA423D2554683F5AA8FB36C8D9AA884EA.tmp' to 'P:/ue/Grid1/Content/NoiseHologram2LFO.uasset'
[2017.11.15-23.15.38:335][298]LogSavePackage: Display: Finished SavePackage P:/ue/Grid1/Content/NoiseHologram2LFO.uasset
[2017.11.15-23.15.38:339][298]MaterialEditorStats: Base pass shader without light map: 190 instructions
[2017.11.15-23.15.38:339][298]MaterialEditorStats: Vertex shader: 323 instructions
[2017.11.15-23.15.38:339][298]MaterialEditorStats: Texture samplers: 4/16
[2017.11.15-23.15.46:734][602]LogMaterial: Missing cached shader map for material NoiseHologram2LFO, compiling. 
[2017.11.15-23.16.01:332][  3]LogMaterial: Missing cached shader map for material NoiseHologram2LFO, compiling. 
[2017.11.15-23.16.01:376][  3]LogMaterial: Missing cached shader map for material FMatExpressionPreview MaterialExpressionVectorParameter_0, compiling. 
[2017.11.15-23.16.08:306][203]LogMaterialEditor: Saving and Compiling material NoiseHologram2LFO
[2017.11.15-23.16.09:600][203]LogMaterial: Missing cached shader map for material NoiseHologram2LFO, compiling. 
[2017.11.15-23.16.09:696][203]LogMaterial: Missing cached shader map for material NoiseHologram2LFO, compiling. 
[2017.11.15-23.16.09:762][203]LogMaterial: Missing cached shader map for material NoiseHologram2LFO, compiling. 
[2017.11.15-23.16.09:885][203]LogMaterial: Missing cached shader map for material FDebugViewModeMaterialProxy NoiseHologram2LFO, compiling. 
[2017.11.15-23.16.16:657][203]TextureStreamingBuild: Display: Compiling optional shaders took 6.781 seconds.
[2017.11.15-23.16.25:431][203]Cmd: OBJ SAVEPACKAGE PACKAGE="/Game/NoiseHologram2LFO" FILE="P:/ue/Grid1/Content/NoiseHologram2LFO.uasset" SILENT=true
[2017.11.15-23.16.25:515][203]LogSavePackage: Save=79.56ms
[2017.11.15-23.16.25:515][203]LogSavePackage: Moving 'P:/ue/Grid1/Saved/NoiseHologram2LFO18A43F7A44E3566B47CEF2A10C9031EC.tmp' to 'P:/ue/Grid1/Content/NoiseHologram2LFO.uasset'
[2017.11.15-23.16.25:517][203]LogSavePackage: Display: Finished SavePackage P:/ue/Grid1/Content/NoiseHologram2LFO.uasset
[2017.11.15-23.16.25:523][203]MaterialEditorStats: Base pass shader without light map: 203 instructions
[2017.11.15-23.16.25:523][203]MaterialEditorStats: Vertex shader: 342 instructions
[2017.11.15-23.16.25:523][203]MaterialEditorStats: Texture samplers: 4/16
[2017.11.15-23.26.24:270][656]LogMaterial: Missing cached shader map for material NoiseHologram2LFO, compiling. 
[2017.11.15-23.26.24:274][656]LogMaterial: Warning: /Engine/Transient.NoiseHologram2LFO (no disk path found): Failed to compile Material for platform PCD3D_SM5, Default Material will be used in game.
[2017.11.15-23.26.24:274][656]LogMaterial: 	(Node Sine) Missing Sine input
[2017.11.15-23.26.24:274][656]LogMaterial: 	Function GetHarmonics: Missing function input 't'
[2017.11.15-23.26.25:675][722]LogMaterial: Missing cached shader map for material NoiseHologram2LFO, compiling. 
[2017.11.15-23.26.27:546][778]LogMaterial: Missing cached shader map for material NoiseHologram2LFO, compiling. 
[2017.11.15-23.26.29:637][846]LogMaterial: Missing cached shader map for material NoiseHologram2LFO, compiling. 
[2017.11.15-23.26.30:525][879]LogMaterial: Missing cached shader map for material NoiseHologram2LFO, compiling. 
[2017.11.15-23.26.33:405][983]LogMaterial: Missing cached shader map for material NoiseHologram2LFO, compiling. 
[2017.11.15-23.26.36:541][ 83]LogMaterialEditor: Saving and Compiling material NoiseHologram2LFO
[2017.11.15-23.26.37:846][ 83]LogMaterial: Missing cached shader map for material NoiseHologram2LFO, compiling. 
[2017.11.15-23.26.37:929][ 83]LogMaterial: Missing cached shader map for material NoiseHologram2LFO, compiling. 
[2017.11.15-23.26.37:996][ 83]LogMaterial: Missing cached shader map for material NoiseHologram2LFO, compiling. 
[2017.11.15-23.26.38:120][ 83]LogMaterial: Missing cached shader map for material FDebugViewModeMaterialProxy NoiseHologram2LFO, compiling. 
[2017.11.15-23.26.44:791][ 83]TextureStreamingBuild: Display: Compiling optional shaders took 6.679 seconds.
[2017.11.15-23.26.52:886][ 83]Cmd: OBJ SAVEPACKAGE PACKAGE="/Game/NoiseHologram2LFO" FILE="P:/ue/Grid1/Content/NoiseHologram2LFO.uasset" SILENT=true
[2017.11.15-23.26.52:973][ 83]LogSavePackage: Save=80.37ms
[2017.11.15-23.26.52:973][ 83]LogSavePackage: Moving 'P:/ue/Grid1/Saved/NoiseHologram2LFO4407E4E841D45C1532CA028C713B2B4B.tmp' to 'P:/ue/Grid1/Content/NoiseHologram2LFO.uasset'
[2017.11.15-23.26.52:974][ 83]LogSavePackage: Display: Finished SavePackage P:/ue/Grid1/Content/NoiseHologram2LFO.uasset
[2017.11.15-23.26.52:980][ 83]MaterialEditorStats: Base pass shader without light map: 204 instructions
[2017.11.15-23.26.52:980][ 83]MaterialEditorStats: Vertex shader: 344 instructions
[2017.11.15-23.26.52:980][ 83]MaterialEditorStats: Texture samplers: 4/16
[2017.11.15-23.28.50:811][738]Cmd: OBJ SAVEPACKAGE PACKAGE="/Game/NoiseHologram2LFO_Inst" FILE="P:/ue/Grid1/Content/NoiseHologram2LFO_Inst.uasset" SILENT=true
[2017.11.15-23.28.50:839][738]LogMaterial: Missing cached shader map for material FDebugViewModeMaterialProxy NoiseHologram2LFO_Inst, compiling. 
[2017.11.15-23.28.51:337][738]TextureStreamingBuild: Display: Compiling optional shaders took 0.502 seconds.
[2017.11.15-23.28.51:382][738]LogSavePackage: Save=18.14ms
[2017.11.15-23.28.51:382][738]LogSavePackage: Moving 'P:/ue/Grid1/Saved/NoiseHologram2LFO_InstB71681954F42F4751CDAAC935AA1F87F.tmp' to 'P:/ue/Grid1/Content/NoiseHologram2LFO_Inst.uasset'
[2017.11.15-23.28.51:383][738]LogSavePackage: Display: Finished SavePackage P:/ue/Grid1/Content/NoiseHologram2LFO_Inst.uasset
[2017.11.15-23.29.13:524][732]LogBlueprintUserMessages: Early EndPlayMap Detection: Level '/Game/ThirdPersonBP/Maps/HoloTest.HoloTest:PersistentLevel' has LevelScriptBlueprint '/Game/ThirdPersonBP/Maps/HoloTest.HoloTest:PersistentLevel.HoloTest' with GeneratedClass '/Game/ThirdPersonBP/Maps/HoloTest.HoloTest_C' with ClassGeneratedBy '/Game/ThirdPersonBP/Maps/HoloTest.HoloTest:PersistentLevel.HoloTest'
[2017.11.15-23.29.13:564][732]LogBlueprintUserMessages: Late EndPlayMap Detection: Level '/Game/ThirdPersonBP/Maps/HoloTest.HoloTest:PersistentLevel' has LevelScriptBlueprint '/Game/ThirdPersonBP/Maps/HoloTest.HoloTest:PersistentLevel.HoloTest' with GeneratedClass '/Game/ThirdPersonBP/Maps/HoloTest.HoloTest_C' with ClassGeneratedBy '/Game/ThirdPersonBP/Maps/HoloTest.HoloTest:PersistentLevel.HoloTest'
[2017.11.15-23.29.18:381][992]LogEditorViewport: Clicking on Actor (LMB): StaticMeshActor (Floor)
[2017.11.15-23.29.57:838][110]LogTemp: Repeating last play command: Selected Viewport
[2017.11.15-23.29.57:872][110]LogBlueprintUserMessages: Early PlayInEditor Detection: Level '/Game/ThirdPersonBP/Maps/HoloTest.HoloTest:PersistentLevel' has LevelScriptBlueprint '/Game/ThirdPersonBP/Maps/HoloTest.HoloTest:PersistentLevel.HoloTest' with GeneratedClass '/Game/ThirdPersonBP/Maps/HoloTest.HoloTest_C' with ClassGeneratedBy '/Game/ThirdPersonBP/Maps/HoloTest.HoloTest:PersistentLevel.HoloTest'
[2017.11.15-23.29.57:873][110]LogPlayLevel: PlayLevel: No blueprints needed recompiling
[2017.11.15-23.29.57:873][110]PIE: New page: PIE session: HoloTest (Nov 15, 2017, 1:29:57 PM)
[2017.11.15-23.29.57:873][110]LogPlayLevel: Creating play world package: /Game/ThirdPersonBP/Maps/UEDPIE_0_HoloTest
[2017.11.15-23.29.57:929][110]LogPlayLevel: PIE: StaticDuplicateObject took: (0.056353s)
[2017.11.15-23.29.57:931][110]LogAIModule: Creating AISystem for world HoloTest
[2017.11.15-23.29.57:931][110]LogPlayLevel: PIE: World Init took: (0.001661s)
[2017.11.15-23.29.57:932][110]LogPlayLevel: PIE: Created PIE world by copying editor world from /Game/ThirdPersonBP/Maps/HoloTest.HoloTest to /Game/ThirdPersonBP/Maps/UEDPIE_0_HoloTest.HoloTest (0.058481s)
[2017.11.15-23.29.57:977][110]LogInit: XAudio2 using 'Headphones (High Definition Audio Device)' : 2 channels at 44.1 kHz using 16 bits per sample (channel mask 0x3)
[2017.11.15-23.29.57:986][110]LogInit: FAudioDevice initialized.
[2017.11.15-23.29.58:024][110]LogLoad: Game class is 'CursorGameMode_C'
[2017.11.15-23.29.58:028][110]LogWorld: Bringing World /Game/ThirdPersonBP/Maps/UEDPIE_0_HoloTest.HoloTest up for play (max tick rate 0) at 2017.11.15-18.29.58
[2017.11.15-23.29.58:029][110]LogWorld: Bringing up level for play took: 0.003928
[2017.11.15-23.29.58:033][110]LogBlueprintUserMessages: [CursorCharacter_C_0] Hello
[2017.11.15-23.29.58:033][110]LogBlueprintUserMessages: [CursorCharacter_C_0] Cancelled
[2017.11.15-23.29.58:033][110]LogBlueprintUserMessages: [HoloTest_C_0] Start
[2017.11.15-23.29.58:034][110]PIE: Play in editor start time for /Game/ThirdPersonBP/Maps/UEDPIE_0_HoloTest -0.087
[2017.11.15-23.29.58:034][110]LogBlueprintUserMessages: Late PlayInEditor Detection: Level '/Game/ThirdPersonBP/Maps/HoloTest.HoloTest:PersistentLevel' has LevelScriptBlueprint '/Game/ThirdPersonBP/Maps/HoloTest.HoloTest:PersistentLevel.HoloTest' with GeneratedClass '/Game/ThirdPersonBP/Maps/HoloTest.HoloTest_C' with ClassGeneratedBy '/Game/ThirdPersonBP/Maps/HoloTest.HoloTest:PersistentLevel.HoloTest'
[2017.11.15-23.30.56:923][794]LogMaterial: Missing cached shader map for material NoiseHologram2LFO, compiling. 
[2017.11.15-23.31.00:047][891]LogMaterial: Missing cached shader map for material NoiseHologram2LFO, compiling. 
[2017.11.15-23.34.53:056][203]Cmd: OBJ SAVEPACKAGE PACKAGE="/Game/NoiseHologram2LFO_Inst" FILE="P:/ue/Grid1/Content/NoiseHologram2LFO_Inst.uasset" SILENT=true
[2017.11.15-23.34.53:084][203]LogMaterial: Missing cached shader map for material FDebugViewModeMaterialProxy NoiseHologram2LFO_Inst, compiling. 
[2017.11.15-23.34.53:638][203]TextureStreamingBuild: Display: Compiling optional shaders took 0.559 seconds.
[2017.11.15-23.34.53:682][203]LogSavePackage: Save=16.36ms
[2017.11.15-23.34.53:682][203]LogSavePackage: Moving 'P:/ue/Grid1/Saved/NoiseHologram2LFO_Inst463A450649F3F5CF1F635C864BFA2168.tmp' to 'P:/ue/Grid1/Content/NoiseHologram2LFO_Inst.uasset'
[2017.11.15-23.34.53:683][203]LogSavePackage: Display: Finished SavePackage P:/ue/Grid1/Content/NoiseHologram2LFO_Inst.uasset
[2017.11.15-23.34.59:633][453]LogBlueprintUserMessages: [CursorCharacter_C_0] Setting true
[2017.11.15-23.35.00:214][480]LogBlueprintUserMessages: [CursorCharacter_C_0] SettingTarget
[2017.11.15-23.35.00:919][513]LogBlueprintUserMessages: [HexPlayerCam_C_0] Cam Added
[2017.11.15-23.35.02:117][558]LogBlueprintUserMessages: [CursorCharacter_C_0] Setting true
[2017.11.15-23.35.02:454][572]LogBlueprintUserMessages: [CursorCharacter_C_0] SettingTarget
[2017.11.15-23.35.11:403][910]LogBlueprintUserMessages: [CursorCharacter_C_0] Setting true
[2017.11.15-23.35.13:366][993]LogBlueprintUserMessages: [CursorCharacter_C_0] SettingTarget
[2017.11.15-23.35.14:213][ 30]LogBlueprintUserMessages: [HexPlayerCam_C_1] Cam Added
[2017.11.15-23.35.16:363][120]LogBlueprintUserMessages: [CursorCharacter_C_0] Setting true
[2017.11.15-23.35.16:756][136]LogBlueprintUserMessages: [CursorCharacter_C_0] SettingTarget
[2017.11.15-23.35.25:952][468]LogBlueprintUserMessages: [CursorCharacter_C_0] Setting true
[2017.11.15-23.35.26:310][481]LogBlueprintUserMessages: [CursorCharacter_C_0] SettingTarget
[2017.11.15-23.35.29:120][589]LogBlueprintUserMessages: [CursorCharacter_C_0] Setting true
[2017.11.15-23.35.29:415][601]LogBlueprintUserMessages: [CursorCharacter_C_0] SettingTarget
[2017.11.15-23.35.30:439][640]LogBlueprintUserMessages: [HexPlayerCam_C_2] Cam Added
[2017.11.15-23.35.36:275][841]LogBlueprintUserMessages: [CursorCharacter_C_0] Setting true
[2017.11.15-23.35.36:707][858]LogBlueprintUserMessages: [CursorCharacter_C_0] SettingTarget
[2017.11.15-23.35.38:147][914]LogBlueprintUserMessages: [CursorCharacter_C_0] Setting true
[2017.11.15-23.35.38:334][921]LogBlueprintUserMessages: [CursorCharacter_C_0] SettingTarget
[2017.11.15-23.35.39:820][978]LogBlueprintUserMessages: [CursorCharacter_C_0] Setting true
[2017.11.15-23.35.40:278][995]LogBlueprintUserMessages: [CursorCharacter_C_0] SettingTarget
[2017.11.15-23.35.56:041][539]LogBlueprintUserMessages: Early EndPlayMap Detection: Level '/Game/ThirdPersonBP/Maps/HoloTest.HoloTest:PersistentLevel' has LevelScriptBlueprint '/Game/ThirdPersonBP/Maps/HoloTest.HoloTest:PersistentLevel.HoloTest' with GeneratedClass '/Game/ThirdPersonBP/Maps/HoloTest.HoloTest_C' with ClassGeneratedBy '/Game/ThirdPersonBP/Maps/HoloTest.HoloTest:PersistentLevel.HoloTest'
[2017.11.15-23.35.56:080][539]LogBlueprintUserMessages: Late EndPlayMap Detection: Level '/Game/ThirdPersonBP/Maps/HoloTest.HoloTest:PersistentLevel' has LevelScriptBlueprint '/Game/ThirdPersonBP/Maps/HoloTest.HoloTest:PersistentLevel.HoloTest' with GeneratedClass '/Game/ThirdPersonBP/Maps/HoloTest.HoloTest_C' with ClassGeneratedBy '/Game/ThirdPersonBP/Maps/HoloTest.HoloTest:PersistentLevel.HoloTest'
[2017.11.15-23.35.58:712][686]Cmd: OBJ SAVEPACKAGE PACKAGE="/Game/ThirdPersonBP/Maps/HoloTest" FILE="P:/ue/Grid1/Content/ThirdPersonBP/Maps/HoloTest.umap" SILENT=true AUTOSAVING=false KEEPDIRTY=false
[2017.11.15-23.35.59:041][686]LogSavePackage: Save=267.39ms
[2017.11.15-23.35.59:041][686]LogSavePackage: Moving 'P:/ue/Grid1/Saved/HoloTestA530F9EE4A58A83CAC94CDAA88C61E73.tmp' to 'P:/ue/Grid1/Content/ThirdPersonBP/Maps/HoloTest.umap'
[2017.11.15-23.35.59:044][686]LogSavePackage: Display: Finished SavePackage P:/ue/Grid1/Content/ThirdPersonBP/Maps/HoloTest.umap
[2017.11.15-23.37.47:797][868]LogTemp: Repeating last play command: Selected Viewport
[2017.11.15-23.37.47:835][868]LogBlueprintUserMessages: Early PlayInEditor Detection: Level '/Game/ThirdPersonBP/Maps/HoloTest.HoloTest:PersistentLevel' has LevelScriptBlueprint '/Game/ThirdPersonBP/Maps/HoloTest.HoloTest:PersistentLevel.HoloTest' with GeneratedClass '/Game/ThirdPersonBP/Maps/HoloTest.HoloTest_C' with ClassGeneratedBy '/Game/ThirdPersonBP/Maps/HoloTest.HoloTest:PersistentLevel.HoloTest'
[2017.11.15-23.37.47:836][868]LogPlayLevel: PlayLevel: No blueprints needed recompiling
[2017.11.15-23.37.47:836][868]PIE: New page: PIE session: HoloTest (Nov 15, 2017, 1:37:47 PM)
[2017.11.15-23.37.47:836][868]LogPlayLevel: Creating play world package: /Game/ThirdPersonBP/Maps/UEDPIE_0_HoloTest
[2017.11.15-23.37.47:940][868]LogPlayLevel: PIE: StaticDuplicateObject took: (0.104482s)
[2017.11.15-23.37.47:947][868]LogAIModule: Creating AISystem for world HoloTest
[2017.11.15-23.37.47:948][868]LogPlayLevel: PIE: World Init took: (0.007414s)
[2017.11.15-23.37.47:949][868]LogPlayLevel: PIE: Created PIE world by copying editor world from /Game/ThirdPersonBP/Maps/HoloTest.HoloTest to /Game/ThirdPersonBP/Maps/UEDPIE_0_HoloTest.HoloTest (0.112612s)
[2017.11.15-23.37.48:043][868]LogInit: XAudio2 using 'Headphones (High Definition Audio Device)' : 2 channels at 44.1 kHz using 16 bits per sample (channel mask 0x3)
[2017.11.15-23.37.48:054][868]LogInit: FAudioDevice initialized.
[2017.11.15-23.37.48:100][868]LogLoad: Game class is 'CursorGameMode_C'
[2017.11.15-23.37.48:104][868]LogWorld: Bringing World /Game/ThirdPersonBP/Maps/UEDPIE_0_HoloTest.HoloTest up for play (max tick rate 0) at 2017.11.15-18.37.48
[2017.11.15-23.37.48:105][868]LogWorld: Bringing up level for play took: 0.003876
[2017.11.15-23.37.48:110][868]LogBlueprintUserMessages: [CursorCharacter_C_0] Hello
[2017.11.15-23.37.48:110][868]LogBlueprintUserMessages: [CursorCharacter_C_0] Cancelled
[2017.11.15-23.37.48:111][868]LogBlueprintUserMessages: [HoloTest_C_1] Start
[2017.11.15-23.37.48:112][868]PIE: Play in editor start time for /Game/ThirdPersonBP/Maps/UEDPIE_0_HoloTest -0.033
[2017.11.15-23.37.48:112][868]LogBlueprintUserMessages: Late PlayInEditor Detection: Level '/Game/ThirdPersonBP/Maps/HoloTest.HoloTest:PersistentLevel' has LevelScriptBlueprint '/Game/ThirdPersonBP/Maps/HoloTest.HoloTest:PersistentLevel.HoloTest' with GeneratedClass '/Game/ThirdPersonBP/Maps/HoloTest.HoloTest_C' with ClassGeneratedBy '/Game/ThirdPersonBP/Maps/HoloTest.HoloTest:PersistentLevel.HoloTest'
[2017.11.15-23.37.58:449][246]LogBlueprintUserMessages: Early EndPlayMap Detection: Level '/Game/ThirdPersonBP/Maps/HoloTest.HoloTest:PersistentLevel' has LevelScriptBlueprint '/Game/ThirdPersonBP/Maps/HoloTest.HoloTest:PersistentLevel.HoloTest' with GeneratedClass '/Game/ThirdPersonBP/Maps/HoloTest.HoloTest_C' with ClassGeneratedBy '/Game/ThirdPersonBP/Maps/HoloTest.HoloTest:PersistentLevel.HoloTest'
[2017.11.15-23.37.58:498][246]LogBlueprintUserMessages: Late EndPlayMap Detection: Level '/Game/ThirdPersonBP/Maps/HoloTest.HoloTest:PersistentLevel' has LevelScriptBlueprint '/Game/ThirdPersonBP/Maps/HoloTest.HoloTest:PersistentLevel.HoloTest' with GeneratedClass '/Game/ThirdPersonBP/Maps/HoloTest.HoloTest_C' with ClassGeneratedBy '/Game/ThirdPersonBP/Maps/HoloTest.HoloTest:PersistentLevel.HoloTest'
[2017.11.15-23.37.59:506][284]LogTemp: Repeating last play command: Selected Viewport
[2017.11.15-23.37.59:546][284]LogBlueprintUserMessages: Early PlayInEditor Detection: Level '/Game/ThirdPersonBP/Maps/HoloTest.HoloTest:PersistentLevel' has LevelScriptBlueprint '/Game/ThirdPersonBP/Maps/HoloTest.HoloTest:PersistentLevel.HoloTest' with GeneratedClass '/Game/ThirdPersonBP/Maps/HoloTest.HoloTest_C' with ClassGeneratedBy '/Game/ThirdPersonBP/Maps/HoloTest.HoloTest:PersistentLevel.HoloTest'
[2017.11.15-23.37.59:546][284]LogPlayLevel: PlayLevel: No blueprints needed recompiling
[2017.11.15-23.37.59:547][284]PIE: New page: PIE session: HoloTest (Nov 15, 2017, 1:37:59 PM)
[2017.11.15-23.37.59:547][284]LogPlayLevel: Creating play world package: /Game/ThirdPersonBP/Maps/UEDPIE_0_HoloTest
[2017.11.15-23.37.59:635][284]LogPlayLevel: PIE: StaticDuplicateObject took: (0.088413s)
[2017.11.15-23.37.59:638][284]LogAIModule: Creating AISystem for world HoloTest
[2017.11.15-23.37.59:639][284]LogPlayLevel: PIE: World Init took: (0.004036s)
[2017.11.15-23.37.59:640][284]LogPlayLevel: PIE: Created PIE world by copying editor world from /Game/ThirdPersonBP/Maps/HoloTest.HoloTest to /Game/ThirdPersonBP/Maps/UEDPIE_0_HoloTest.HoloTest (0.092878s)
[2017.11.15-23.37.59:717][284]LogInit: XAudio2 using 'Headphones (High Definition Audio Device)' : 2 channels at 44.1 kHz using 16 bits per sample (channel mask 0x3)
[2017.11.15-23.37.59:731][284]LogInit: FAudioDevice initialized.
[2017.11.15-23.37.59:780][284]LogLoad: Game class is 'CursorGameMode_C'
[2017.11.15-23.37.59:784][284]LogWorld: Bringing World /Game/ThirdPersonBP/Maps/UEDPIE_0_HoloTest.HoloTest up for play (max tick rate 0) at 2017.11.15-18.37.59
[2017.11.15-23.37.59:785][284]LogWorld: Bringing up level for play took: 0.004466
[2017.11.15-23.37.59:790][284]LogBlueprintUserMessages: [CursorCharacter_C_0] Hello
[2017.11.15-23.37.59:790][284]LogBlueprintUserMessages: [CursorCharacter_C_0] Cancelled
[2017.11.15-23.37.59:791][284]LogBlueprintUserMessages: [HoloTest_C_1] Start
[2017.11.15-23.37.59:791][284]PIE: Play in editor start time for /Game/ThirdPersonBP/Maps/UEDPIE_0_HoloTest -0.355
[2017.11.15-23.37.59:792][284]LogBlueprintUserMessages: Late PlayInEditor Detection: Level '/Game/ThirdPersonBP/Maps/HoloTest.HoloTest:PersistentLevel' has LevelScriptBlueprint '/Game/ThirdPersonBP/Maps/HoloTest.HoloTest:PersistentLevel.HoloTest' with GeneratedClass '/Game/ThirdPersonBP/Maps/HoloTest.HoloTest_C' with ClassGeneratedBy '/Game/ThirdPersonBP/Maps/HoloTest.HoloTest:PersistentLevel.HoloTest'
[2017.11.15-23.38.02:231][365]LogBlueprintUserMessages: [CursorCharacter_C_0] Setting true
[2017.11.15-23.38.02:617][377]LogBlueprintUserMessages: [CursorCharacter_C_0] SettingTarget
[2017.11.15-23.38.03:030][391]LogBlueprintUserMessages: [HexPlayerCam_C_0] Cam Added
[2017.11.15-23.38.05:580][471]LogBlueprintUserMessages: [CursorCharacter_C_0] Setting true
[2017.11.15-23.38.06:305][492]LogBlueprintUserMessages: [CursorCharacter_C_0] SettingTarget
[2017.11.15-23.38.08:765][568]LogBlueprintUserMessages: [CursorCharacter_C_0] Setting true
[2017.11.15-23.38.09:027][576]LogBlueprintUserMessages: [CursorCharacter_C_0] SettingTarget
[2017.11.15-23.38.11:919][658]LogBlueprintUserMessages: [CursorCharacter_C_0] Setting true
[2017.11.15-23.38.13:183][694]LogBlueprintUserMessages: [CursorCharacter_C_0] SettingTarget
[2017.11.15-23.38.15:074][753]LogBlueprintUserMessages: [CursorCharacter_C_0] Setting true
[2017.11.15-23.38.15:233][758]LogBlueprintUserMessages: [CursorCharacter_C_0] SettingTarget
[2017.11.15-23.38.16:666][806]LogBlueprintUserMessages: [HexPlayerCam_C_1] Cam Added
[2017.11.15-23.38.24:703][ 41]LogBlueprintUserMessages: [CursorCharacter_C_0] Setting true
[2017.11.15-23.38.25:371][ 63]LogBlueprintUserMessages: [CursorCharacter_C_0] SettingTarget
[2017.11.15-23.38.27:038][116]LogBlueprintUserMessages: [CursorCharacter_C_0] Setting true
[2017.11.15-23.38.27:977][145]LogBlueprintUserMessages: [CursorCharacter_C_0] SettingTarget
[2017.11.15-23.38.50:091][822]LogBlueprintUserMessages: [CursorCharacter_C_0] Setting true
[2017.11.15-23.38.50:849][851]LogBlueprintUserMessages: [CursorCharacter_C_0] SettingTarget
[2017.11.15-23.38.51:886][893]LogBlueprintUserMessages: [HexPlayerCam_C_2] Cam Added
[2017.11.15-23.39.03:877][317]LogBlueprintUserMessages: [CursorCharacter_C_0] Setting true
[2017.11.15-23.39.04:365][335]LogBlueprintUserMessages: [CursorCharacter_C_0] SettingTarget
[2017.11.15-23.39.05:236][364]LogBlueprintUserMessages: [CursorCharacter_C_0] Setting true
[2017.11.15-23.39.05:691][379]LogBlueprintUserMessages: [CursorCharacter_C_0] SettingTarget
[2017.11.15-23.39.06:813][412]LogBlueprintUserMessages: [CursorCharacter_C_0] Setting true
[2017.11.15-23.39.07:143][420]LogBlueprintUserMessages: [CursorCharacter_C_0] SettingTarget
[2017.11.15-23.39.10:723][531]LogBlueprintUserMessages: [CursorCharacter_C_0] Setting true
[2017.11.15-23.39.11:171][546]LogBlueprintUserMessages: [CursorCharacter_C_0] SettingTarget
[2017.11.15-23.39.13:223][620]LogBlueprintUserMessages: [HexPlayerCam_C_3] Cam Added
[2017.11.15-23.40.05:420][365]LogBlueprintUserMessages: [CursorCharacter_C_0] Setting true
[2017.11.15-23.40.08:073][433]LogBlueprintUserMessages: [CursorCharacter_C_0] SettingTarget
[2017.11.15-23.40.13:510][580]LogBlueprintUserMessages: [CursorCharacter_C_0] Setting true
[2017.11.15-23.40.13:889][590]LogBlueprintUserMessages: [CursorCharacter_C_0] SettingTarget
[2017.11.15-23.40.58:860][697]Cmd: CAMERA ALIGN ACTIVEVIEWPORTONLY
[2017.11.15-23.40.59:885][722]LogBlueprintUserMessages: [CursorCharacter_C_0] Setting true
[2017.11.15-23.41.00:446][736]LogBlueprintUserMessages: [CursorCharacter_C_0] SettingTarget
[2017.11.15-23.41.08:903][927]LogWindows: Windows GetLastError: The operation completed successfully. (0)
[2017.11.15-23.41.12:073][927]LogWindows: Error: === Critical error: ===
[2017.11.15-23.41.12:073][927]LogWindows: Error: 
[2017.11.15-23.41.12:074][927]LogWindows: Error: Assertion failed: Data [File:D:\Build\++UE4+Release-4.18+Compile\Sync\Engine\Source\Editor\DetailCustomizations\Private\SceneCaptureDetails.cpp] [Line: 231] 
[2017.11.15-23.41.12:074][927]LogWindows: Error: 
[2017.11.15-23.41.12:074][927]LogWindows: Error: 
[2017.11.15-23.41.12:074][927]LogWindows: Error: 
[2017.11.15-23.41.12:074][927]LogWindows: Error: [Callstack] 0x00000000FD28A06D KERNELBASE.dll!UnknownFunction []
[2017.11.15-23.41.12:074][927]LogWindows: Error: [Callstack] 0x00000000E77676D4 UE4Editor-ApplicationCore.dll!UnknownFunction []
[2017.11.15-23.41.12:074][927]LogWindows: Error: [Callstack] 0x00000000D8FA2E0B UE4Editor-Core.dll!UnknownFunction []
[2017.11.15-23.41.12:074][927]LogWindows: Error: [Callstack] 0x00000000D8F347D9 UE4Editor-Core.dll!UnknownFunction []
[2017.11.15-23.41.12:074][927]LogWindows: Error: [Callstack] 0x00000000CD901823 UE4Editor-DetailCustomizations.dll!UnknownFunction []
[2017.11.15-23.41.12:074][927]LogWindows: Error: [Callstack] 0x00000000CD8ACC12 UE4Editor-DetailCustomizations.dll!UnknownFunction []
[2017.11.15-23.41.12:074][927]LogWindows: Error: [Callstack] 0x00000000D58D02F4 UE4Editor-Slate.dll!UnknownFunction []
[2017.11.15-23.41.12:074][927]LogWindows: Error: [Callstack] 0x00000000D59A7735 UE4Editor-Slate.dll!UnknownFunction []
[2017.11.15-23.41.12:074][927]LogWindows: Error: [Callstack] 0x00000000D59835D6 UE4Editor-Slate.dll!UnknownFunction []
[2017.11.15-23.41.12:074][927]LogWindows: Error: [Callstack] 0x00000000D598ABF4 UE4Editor-Slate.dll!UnknownFunction []
[2017.11.15-23.41.12:074][927]LogWindows: Error: [Callstack] 0x00000000D595EDA5 UE4Editor-Slate.dll!UnknownFunction []
[2017.11.15-23.41.12:074][927]LogWindows: Error: [Callstack] 0x00000000D54D5E1A UE4Editor-SlateCore.dll!UnknownFunction []
[2017.11.15-23.41.12:074][927]LogWindows: Error: [Callstack] 0x00000000D556F0FE UE4Editor-SlateCore.dll!UnknownFunction []
[2017.11.15-23.41.12:074][927]LogWindows: Error: [Callstack] 0x00000000D556F0FE UE4Editor-SlateCore.dll!UnknownFunction []
[2017.11.15-23.41.12:074][927]LogWindows: Error: [Callstack] 0x00000000D556F0FE UE4Editor-SlateCore.dll!UnknownFunction []
[2017.11.15-23.41.12:074][927]LogWindows: Error: [Callstack] 0x00000000D556F0FE UE4Editor-SlateCore.dll!UnknownFunction []
[2017.11.15-23.41.12:074][927]LogWindows: Error: [Callstack] 0x00000000D556F0FE UE4Editor-SlateCore.dll!UnknownFunction []
[2017.11.15-23.41.12:074][927]LogWindows: Error: [Callstack] 0x00000000D556F0FE UE4Editor-SlateCore.dll!UnknownFunction []
[2017.11.15-23.41.12:074][927]LogWindows: Error: [Callstack] 0x00000000D556F0FE UE4Editor-SlateCore.dll!UnknownFunction []
[2017.11.15-23.41.12:074][927]LogWindows: Error: [Callstack] 0x00000000D556F0FE UE4Editor-SlateCore.dll!UnknownFunction []
[2017.11.15-23.41.12:074][927]LogWindows: Error: [Callstack] 0x00000000D556F0FE UE4Editor-SlateCore.dll!UnknownFunction []
[2017.11.15-23.41.12:074][927]LogWindows: Error: [Callstack] 0x00000000D556F0FE UE4Editor-SlateCore.dll!UnknownFunction []
[2017.11.15-23.41.12:074][927]LogWindows: Error: [Callstack] 0x00000000D556F0FE UE4Editor-SlateCore.dll!UnknownFunction []
[2017.11.15-23.41.12:074][927]LogWindows: Error: [Callstack] 0x00000000D556F0FE UE4Editor-SlateCore.dll!UnknownFunction []
[2017.11.15-23.41.12:074][927]LogWindows: Error: [Callstack] 0x00000000D556F0FE UE4Editor-SlateCore.dll!UnknownFunction []
[2017.11.15-23.41.12:074][927]LogWindows: Error: [Callstack] 0x00000000D556F0FE UE4Editor-SlateCore.dll!UnknownFunction []
[2017.11.15-23.41.12:074][927]LogWindows: Error: [Callstack] 0x00000000D556F0FE UE4Editor-SlateCore.dll!UnknownFunction []
[2017.11.15-23.41.12:074][927]LogWindows: Error: [Callstack] 0x00000000D556F0FE UE4Editor-SlateCore.dll!UnknownFunction []
[2017.11.15-23.41.12:074][927]LogWindows: Error: [Callstack] 0x00000000D556F0FE UE4Editor-SlateCore.dll!UnknownFunction []
[2017.11.15-23.41.12:074][927]LogWindows: Error: [Callstack] 0x00000000D556F0FE UE4Editor-SlateCore.dll!UnknownFunction []
[2017.11.15-23.41.12:074][927]LogWindows: Error: [Callstack] 0x00000000D556F0FE UE4Editor-SlateCore.dll!UnknownFunction []
[2017.11.15-23.41.12:074][927]LogWindows: Error: [Callstack] 0x00000000D556F0FE UE4Editor-SlateCore.dll!UnknownFunction []
[2017.11.15-23.41.12:074][927]LogWindows: Error: [Callstack] 0x00000000D556F0FE UE4Editor-SlateCore.dll!UnknownFunction []
[2017.11.15-23.41.12:075][927]LogWindows: Error: [Callstack] 0x00000000D556F0FE UE4Editor-SlateCore.dll!UnknownFunction []
[2017.11.15-23.41.12:075][927]LogWindows: Error: [Callstack] 0x00000000D556F0FE UE4Editor-SlateCore.dll!UnknownFunction []
[2017.11.15-23.41.12:075][927]LogWindows: Error: [Callstack] 0x00000000D556F0FE UE4Editor-SlateCore.dll!UnknownFunction []
[2017.11.15-23.41.12:075][927]LogWindows: Error: [Callstack] 0x00000000D556F0FE UE4Editor-SlateCore.dll!UnknownFunction []
[2017.11.15-23.41.12:075][927]LogWindows: Error: [Callstack] 0x00000000D556F0FE UE4Editor-SlateCore.dll!UnknownFunction []
[2017.11.15-23.41.12:075][927]LogWindows: Error: [Callstack] 0x00000000D556F0FE UE4Editor-SlateCore.dll!UnknownFunction []
[2017.11.15-23.41.12:075][927]LogWindows: Error: [Callstack] 0x00000000D556F0FE UE4Editor-SlateCore.dll!UnknownFunction []
[2017.11.15-23.41.12:075][927]LogWindows: Error: [Callstack] 0x00000000D556F0FE UE4Editor-SlateCore.dll!UnknownFunction []
[2017.11.15-23.41.12:075][927]LogWindows: Error: [Callstack] 0x00000000D556F0FE UE4Editor-SlateCore.dll!UnknownFunction []
[2017.11.15-23.41.12:075][927]LogWindows: Error: [Callstack] 0x00000000D556F0FE UE4Editor-SlateCore.dll!UnknownFunction []
[2017.11.15-23.41.12:075][927]LogWindows: Error: [Callstack] 0x00000000D556F0FE UE4Editor-SlateCore.dll!UnknownFunction []
[2017.11.15-23.41.12:075][927]LogWindows: Error: [Callstack] 0x00000000D556F0FE UE4Editor-SlateCore.dll!UnknownFunction []
[2017.11.15-23.41.12:075][927]LogWindows: Error: [Callstack] 0x00000000D556F0FE UE4Editor-SlateCore.dll!UnknownFunction []
[2017.11.15-23.41.12:075][927]LogWindows: Error: [Callstack] 0x00000000D556F0FE UE4Editor-SlateCore.dll!UnknownFunction []
[2017.11.15-23.41.12:075][927]LogWindows: Error: [Callstack] 0x00000000D556F0FE UE4Editor-SlateCore.dll!UnknownFunction []
[2017.11.15-23.41.12:075][927]LogWindows: Error: [Callstack] 0x00000000D556F0FE UE4Editor-SlateCore.dll!UnknownFunction []
[2017.11.15-23.41.12:075][927]LogWindows: Error: [Callstack] 0x00000000D556F0FE UE4Editor-SlateCore.dll!UnknownFunction []
[2017.11.15-23.41.12:075][927]LogWindows: Error: [Callstack] 0x00000000D556F0FE UE4Editor-SlateCore.dll!UnknownFunction []
[2017.11.15-23.41.12:075][927]LogWindows: Error: [Callstack] 0x00000000D556F0FE UE4Editor-SlateCore.dll!UnknownFunction []
[2017.11.15-23.41.12:075][927]LogWindows: Error: [Callstack] 0x00000000D556F0FE UE4Editor-SlateCore.dll!UnknownFunction []
[2017.11.15-23.41.12:075][927]LogWindows: Error: [Callstack] 0x00000000D58168F9 UE4Editor-Slate.dll!UnknownFunction []
[2017.11.15-23.41.12:075][927]LogWindows: Error: [Callstack] 0x00000000D57E2D46 UE4Editor-Slate.dll!UnknownFunction []
[2017.11.15-23.41.12:075][927]LogWindows: Error: [Callstack] 0x00000000D5817389 UE4Editor-Slate.dll!UnknownFunction []
[2017.11.15-23.41.12:075][927]LogWindows: Error: [Callstack] 0x00000000D57E4140 UE4Editor-Slate.dll!UnknownFunction []
[2017.11.15-23.41.12:075][927]LogWindows: Error: [Callstack] 0x00000000D583D867 UE4Editor-Slate.dll!UnknownFunction []
[2017.11.15-23.41.12:075][927]LogWindows: Error: [Callstack] 0x00000000D583C953 UE4Editor-Slate.dll!UnknownFunction []
[2017.11.15-23.41.12:075][927]LogWindows: Error: [Callstack] 0x000000003FE069CA UE4Editor.exe!UnknownFunction []
[2017.11.15-23.41.12:075][927]LogWindows: Error: [Callstack] 0x000000003FE15430 UE4Editor.exe!UnknownFunction []
[2017.11.15-23.41.12:075][927]LogWindows: Error: [Callstack] 0x000000003FE154AA UE4Editor.exe!UnknownFunction []
[2017.11.15-23.41.12:075][927]LogWindows: Error: [Callstack] 0x000000003FE22379 UE4Editor.exe!UnknownFunction []
[2017.11.15-23.41.12:075][927]LogWindows: Error: [Callstack] 0x000000003FE23D57 UE4Editor.exe!UnknownFunction []
[2017.11.15-23.41.12:075][927]LogWindows: Error: [Callstack] 0x00000000771859CD kernel32.dll!UnknownFunction []
[2017.11.15-23.41.12:075][927]LogWindows: Error: [Callstack] 0x00000000773BA561 ntdll.dll!UnknownFunction []
[2017.11.15-23.41.12:075][927]LogWindows: Error: [Callstack] 0x00000000773BA561 ntdll.dll!UnknownFunction []
[2017.11.15-23.41.12:075][927]LogWindows: Error: 
[2017.11.15-23.41.12:096][927]LogExit: Executing StaticShutdownAfterError
[2017.11.15-23.41.12:148][927]LogWindows: FPlatformMisc::RequestExit(1)
[2017.11.15-23.41.12:152][927]Log file closed, 11/15/17 18:41:12
