Log file open, 11/18/17 19:16:25
LogWindows: Failed to load 'aqProf.dll' (GetLastError=126)
LogWindows: File 'aqProf.dll' does not exist
LogWindows: Failed to load 'VtuneApi.dll' (GetLastError=126)
LogWindows: File 'VtuneApi.dll' does not exist
LogWindows: Failed to load 'VtuneApi32e.dll' (GetLastError=126)
LogWindows: File 'VtuneApi32e.dll' does not exist
LogInit: Display: Running engine for game: Grid1
LogPlatformFile: Not using cached read wrapper
LogInit: Display: RandInit(-279070776) SRandInit(-279070776).
LogInit: Read version file with build ID '3709383'
LogInit: Overriding engine version to CL 3709383, compatible CL 3709383
LogInit: Registered custom module enumerator with build ID '3709383'
LogTaskGraph: Started task graph with 5 named threads and 8 total threads with 3 sets of task threads.
LogStats: Stats thread started at 0.150484
LogD3D11RHI: Aftermath initialized
LogModuleManager: Display: Found up-to-date module file ../../../Engine/Plugins/2D/Paper2D/Binaries/Win64/UE4Editor-Paper2D.dll (API version 3709383).
LogModuleManager: Display: Found up-to-date module file ../../../Engine/Plugins/2D/Paper2D/Binaries/Win64/UE4Editor-Paper2DEditor.dll (API version 3709383).
LogModuleManager: Display: Found up-to-date module file ../../../Engine/Plugins/2D/Paper2D/Binaries/Win64/UE4Editor-PaperSpriteSheetImporter.dll (API version 3709383).
LogModuleManager: Display: Found up-to-date module file ../../../Engine/Plugins/2D/Paper2D/Binaries/Win64/UE4Editor-PaperTiledImporter.dll (API version 3709383).
LogModuleManager: Display: Found up-to-date module file ../../../Engine/Plugins/2D/Paper2D/Binaries/Win64/UE4Editor-SmartSnapping.dll (API version 3709383).
LogModuleManager: Display: Found up-to-date module file ../../../Engine/Plugins/Blendables/LightPropagationVolume/Binaries/Win64/UE4Editor-LightPropagationVolumeRuntime.dll (API version 3709383).
LogModuleManager: Display: Found up-to-date module file ../../../Engine/Plugins/Blendables/LightPropagationVolume/Binaries/Win64/UE4Editor-LightPropagationVolumeEditor.dll (API version 3709383).
LogModuleManager: Display: Found up-to-date module file ../../../Engine/Plugins/Developer/GitSourceControl/Binaries/Win64/UE4Editor-GitSourceControl.dll (API version 3709383).
LogModuleManager: Display: Found up-to-date module file ../../../Engine/Plugins/Developer/PerforceSourceControl/Binaries/Win64/UE4Editor-PerforceSourceControl.dll (API version 3709383).
LogModuleManager: Display: Found up-to-date module file ../../../Engine/Plugins/Developer/SubversionSourceControl/Binaries/Win64/UE4Editor-SubversionSourceControl.dll (API version 3709383).
LogModuleManager: Display: Found up-to-date module file ../../../Engine/Plugins/Developer/UObjectPlugin/Binaries/Win64/UE4Editor-UObjectPlugin.dll (API version 3709383).
LogModuleManager: Display: Found up-to-date module file ../../../Engine/Plugins/Developer/VisualStudioCodeSourceCodeAccess/Binaries/Win64/UE4Editor-VisualStudioCodeSourceCodeAccess.dll (API version 3709383).
LogModuleManager: Display: Found up-to-date module file ../../../Engine/Plugins/Developer/VisualStudioSourceCodeAccess/Binaries/Win64/UE4Editor-VisualStudioSourceCodeAccess.dll (API version 3709383).
LogModuleManager: Display: Found up-to-date module file ../../../Engine/Plugins/Editor/AssetManagerEditor/Binaries/Win64/UE4Editor-AssetManagerEditor.dll (API version 3709383).
LogModuleManager: Display: Found up-to-date module file ../../../Engine/Plugins/Editor/AudioCapture/Binaries/Win64/UE4Editor-AudioCapture.dll (API version 3709383).
LogModuleManager: Display: Found up-to-date module file ../../../Engine/Plugins/Editor/FacialAnimation/Binaries/Win64/UE4Editor-FacialAnimation.dll (API version 3709383).
LogModuleManager: Display: Found up-to-date module file ../../../Engine/Plugins/Editor/FacialAnimation/Binaries/Win64/UE4Editor-FacialAnimationEditor.dll (API version 3709383).
LogModuleManager: Display: Found up-to-date module file ../../../Engine/Plugins/Editor/GameplayTagsEditor/Binaries/Win64/UE4Editor-GameplayTagsEditor.dll (API version 3709383).
LogModuleManager: Display: Found up-to-date module file ../../../Engine/Plugins/Editor/MobileLauncherProfileWizard/Binaries/Win64/UE4Editor-MobileLauncherProfileWizard.dll (API version 3709383).
LogModuleManager: Display: Found up-to-date module file ../../../Engine/Plugins/Editor/PluginBrowser/Binaries/Win64/UE4Editor-PluginBrowser.dll (API version 3709383).
LogModuleManager: Display: Found up-to-date module file ../../../Engine/Plugins/Editor/SpeedTreeImporter/Binaries/Win64/UE4Editor-SpeedTreeImporter.dll (API version 3709383).
LogModuleManager: Display: Found up-to-date module file ../../../Engine/Plugins/Experimental/AlembicImporter/Binaries/Win64/UE4Editor-AlembicImporter.dll (API version 3709383).
LogModuleManager: Display: Found up-to-date module file ../../../Engine/Plugins/Experimental/AlembicImporter/Binaries/Win64/UE4Editor-AlembicLibrary.dll (API version 3709383).
LogModuleManager: Display: Found up-to-date module file ../../../Engine/Plugins/Experimental/CharacterAI/Binaries/Win64/UE4Editor-CharacterAI.dll (API version 3709383).
LogModuleManager: Display: Found up-to-date module file ../../../Engine/Plugins/Experimental/HTML5Networking/Binaries/Win64/UE4Editor-HTML5Networking.dll (API version 3709383).
LogModuleManager: Display: Found up-to-date module file ../../../Engine/Plugins/Media/AndroidMedia/Binaries/Win64/UE4Editor-AndroidMediaEditor.dll (API version 3709383).
LogModuleManager: Display: Found up-to-date module file ../../../Engine/Plugins/Media/AndroidMedia/Binaries/Win64/UE4Editor-AndroidMediaFactory.dll (API version 3709383).
LogModuleManager: Display: Found up-to-date module file ../../../Engine/Plugins/Media/AvfMedia/Binaries/Win64/UE4Editor-AvfMediaEditor.dll (API version 3709383).
LogModuleManager: Display: Found up-to-date module file ../../../Engine/Plugins/Media/AvfMedia/Binaries/Win64/UE4Editor-AvfMediaFactory.dll (API version 3709383).
LogModuleManager: Display: Found up-to-date module file ../../../Engine/Plugins/Media/AvfMedia/Binaries/Win64/UE4Editor-AvfMediaFactory.dll (API version 3709383).
LogModuleManager: Display: Found up-to-date module file ../../../Engine/Plugins/Media/ImgMedia/Binaries/Win64/UE4Editor-ImgMedia.dll (API version 3709383).
LogModuleManager: Display: Found up-to-date module file ../../../Engine/Plugins/Media/ImgMedia/Binaries/Win64/UE4Editor-ImgMediaEditor.dll (API version 3709383).
LogModuleManager: Display: Found up-to-date module file ../../../Engine/Plugins/Media/ImgMedia/Binaries/Win64/UE4Editor-ImgMediaFactory.dll (API version 3709383).
LogModuleManager: Display: Found up-to-date module file ../../../Engine/Plugins/Media/ImgMedia/Binaries/Win64/UE4Editor-ImgMediaFactory.dll (API version 3709383).
LogModuleManager: Display: Found up-to-date module file ../../../Engine/Plugins/Media/ImgMedia/Binaries/Win64/UE4Editor-OpenExrWrapper.dll (API version 3709383).
LogModuleManager: Display: Found up-to-date module file ../../../Engine/Plugins/Media/MediaCompositing/Binaries/Win64/UE4Editor-MediaCompositing.dll (API version 3709383).
LogModuleManager: Display: Found up-to-date module file ../../../Engine/Plugins/Media/MediaCompositing/Binaries/Win64/UE4Editor-MediaCompositingEditor.dll (API version 3709383).
LogModuleManager: Display: Found up-to-date module file ../../../Engine/Plugins/Media/MediaPlayerEditor/Binaries/Win64/UE4Editor-MediaPlayerEditor.dll (API version 3709383).
LogModuleManager: Display: Found up-to-date module file ../../../Engine/Plugins/Media/WmfMedia/Binaries/Win64/UE4Editor-WmfMedia.dll (API version 3709383).
LogModuleManager: Display: Found up-to-date module file ../../../Engine/Plugins/Media/WmfMedia/Binaries/Win64/UE4Editor-WmfMediaEditor.dll (API version 3709383).
LogModuleManager: Display: Found up-to-date module file ../../../Engine/Plugins/Media/WmfMedia/Binaries/Win64/UE4Editor-WmfMediaFactory.dll (API version 3709383).
LogModuleManager: Display: Found up-to-date module file ../../../Engine/Plugins/Media/WmfMedia/Binaries/Win64/UE4Editor-WmfMediaFactory.dll (API version 3709383).
LogModuleManager: Display: Found up-to-date module file ../../../Engine/Plugins/Messaging/TcpMessaging/Binaries/Win64/UE4Editor-TcpMessaging.dll (API version 3709383).
LogModuleManager: Display: Found up-to-date module file ../../../Engine/Plugins/Messaging/UdpMessaging/Binaries/Win64/UE4Editor-UdpMessaging.dll (API version 3709383).
LogModuleManager: Display: Found up-to-date module file ../../../Engine/Plugins/MovieScene/ActorSequence/Binaries/Win64/UE4Editor-ActorSequence.dll (API version 3709383).
LogModuleManager: Display: Found up-to-date module file ../../../Engine/Plugins/MovieScene/LevelSequenceEditor/Binaries/Win64/UE4Editor-LevelSequenceEditor.dll (API version 3709383).
LogModuleManager: Display: Found up-to-date module file ../../../Engine/Plugins/MovieScene/MatineeToLevelSequence/Binaries/Win64/UE4Editor-MatineeToLevelSequence.dll (API version 3709383).
LogModuleManager: Display: Found up-to-date module file ../../../Engine/Plugins/Online/OnlineSubsystem/Binaries/Win64/UE4Editor-OnlineSubsystem.dll (API version 3709383).
LogModuleManager: Display: Found up-to-date module file ../../../Engine/Plugins/Runtime/AndroidPermission/Binaries/Win64/UE4Editor-AndroidPermission.dll (API version 3709383).
LogModuleManager: Display: Found up-to-date module file ../../../Engine/Plugins/Online/OnlineSubsystemNull/Binaries/Win64/UE4Editor-OnlineSubsystemNull.dll (API version 3709383).
LogModuleManager: Display: Found up-to-date module file ../../../Engine/Plugins/Online/OnlineSubsystemUtils/Binaries/Win64/UE4Editor-OnlineSubsystemUtils.dll (API version 3709383).
LogModuleManager: Display: Found up-to-date module file ../../../Engine/Plugins/Online/OnlineSubsystemUtils/Binaries/Win64/UE4Editor-OnlineBlueprintSupport.dll (API version 3709383).
LogModuleManager: Display: Found up-to-date module file ../../../Engine/Plugins/Runtime/AndroidDeviceProfileSelector/Binaries/Win64/UE4Editor-AndroidDeviceProfileSelector.dll (API version 3709383).
LogModuleManager: Display: Found up-to-date module file ../../../Engine/Plugins/Runtime/AppleARKit/Binaries/Win64/UE4Editor-AppleARKit.dll (API version 3709383).
LogModuleManager: Display: Found up-to-date module file ../../../Engine/Plugins/Runtime/ArchVisCharacter/Binaries/Win64/UE4Editor-ArchVisCharacter.dll (API version 3709383).
LogModuleManager: Display: Found up-to-date module file ../../../Engine/Plugins/Runtime/CableComponent/Binaries/Win64/UE4Editor-CableComponent.dll (API version 3709383).
LogModuleManager: Display: Found up-to-date module file ../../../Engine/Plugins/Runtime/CustomMeshComponent/Binaries/Win64/UE4Editor-CustomMeshComponent.dll (API version 3709383).
LogModuleManager: Display: Found up-to-date module file ../../../Engine/Plugins/Runtime/ExampleDeviceProfileSelector/Binaries/Win64/UE4Editor-ExampleDeviceProfileSelector.dll (API version 3709383).
LogModuleManager: Display: Found up-to-date module file ../../../Engine/Plugins/Runtime/ImmediatePhysics/Binaries/Win64/UE4Editor-ImmediatePhysics.dll (API version 3709383).
LogModuleManager: Display: Found up-to-date module file ../../../Engine/Plugins/Runtime/ImmediatePhysics/Binaries/Win64/UE4Editor-ImmediatePhysicsEditor.dll (API version 3709383).
LogModuleManager: Display: Found up-to-date module file ../../../Engine/Plugins/Runtime/LocationServicesBPLibrary/Binaries/Win64/UE4Editor-LocationServicesBPLibrary.dll (API version 3709383).
LogModuleManager: Display: Found up-to-date module file ../../../Engine/Plugins/Runtime/MobilePatchingUtils/Binaries/Win64/UE4Editor-MobilePatchingUtils.dll (API version 3709383).
LogModuleManager: Display: Found up-to-date module file ../../../Engine/Plugins/Runtime/Oculus/OculusVR/Binaries/Win64/UE4Editor-OculusHMD.dll (API version 3709383).
LogModuleManager: Display: Found up-to-date module file ../../../Engine/Plugins/Runtime/Oculus/OculusVR/Binaries/Win64/UE4Editor-OculusInput.dll (API version 3709383).
LogModuleManager: Display: Found up-to-date module file ../../../Engine/Plugins/Runtime/Oculus/OculusVR/Binaries/Win64/UE4Editor-OculusEditor.dll (API version 3709383).
LogModuleManager: Display: Found up-to-date module file ../../../Engine/Plugins/Runtime/PhysXVehicles/Binaries/Win64/UE4Editor-PhysXVehicles.dll (API version 3709383).
LogModuleManager: Display: Found up-to-date module file ../../../Engine/Plugins/Runtime/PhysXVehicles/Binaries/Win64/UE4Editor-PhysXVehiclesEditor.dll (API version 3709383).
LogModuleManager: Display: Found up-to-date module file ../../../Engine/Plugins/Runtime/ProceduralMeshComponent/Binaries/Win64/UE4Editor-ProceduralMeshComponent.dll (API version 3709383).
LogModuleManager: Display: Found up-to-date module file ../../../Engine/Plugins/Runtime/ProceduralMeshComponent/Binaries/Win64/UE4Editor-ProceduralMeshComponentEditor.dll (API version 3709383).
LogModuleManager: Display: Found up-to-date module file ../../../Engine/Plugins/Runtime/RuntimePhysXCooking/Binaries/Win64/UE4Editor-RuntimePhysXCooking.dll (API version 3709383).
LogModuleManager: Display: Found up-to-date module file ../../../Engine/Plugins/Runtime/Steam/SteamVR/Binaries/Win64/UE4Editor-SteamVR.dll (API version 3709383).
LogModuleManager: Display: Found up-to-date module file ../../../Engine/Plugins/Runtime/Steam/SteamVR/Binaries/Win64/UE4Editor-SteamVRController.dll (API version 3709383).
LogModuleManager: Display: Found up-to-date module file ../../../Engine/Plugins/Runtime/WindowsMoviePlayer/Binaries/Win64/UE4Editor-WindowsMoviePlayer.dll (API version 3709383).
LogPluginManager: Mounting plugin Paper2D
LogPluginManager: Mounting plugin LightPropagationVolume
LogPluginManager: Mounting plugin CodeLiteSourceCodeAccess
LogPluginManager: Mounting plugin GitSourceControl
LogPluginManager: Mounting plugin KDevelopSourceCodeAccess
LogPluginManager: Mounting plugin NullSourceCodeAccess
LogPluginManager: Mounting plugin PerforceSourceControl
LogPluginManager: Mounting plugin SubversionSourceControl
LogPluginManager: Mounting plugin UObjectPlugin
LogPluginManager: Mounting plugin VisualStudioCodeSourceCodeAccess
LogPluginManager: Mounting plugin VisualStudioSourceCodeAccess
LogPluginManager: Mounting plugin XCodeSourceCodeAccess
LogPluginManager: Mounting plugin AssetManagerEditor
LogPluginManager: Mounting plugin AudioCapture
LogPluginManager: Mounting plugin FacialAnimation
LogPluginManager: Mounting plugin GameplayTagsEditor
LogPluginManager: Mounting plugin MobileLauncherProfileWizard
LogPluginManager: Mounting plugin PluginBrowser
LogPluginManager: Mounting plugin SpeedTreeImporter
LogPluginManager: Mounting plugin AlembicImporter
LogPluginManager: Mounting plugin CharacterAI
LogPluginManager: Mounting plugin HTML5Networking
LogPluginManager: Mounting plugin AndroidMedia
LogPluginManager: Mounting plugin AvfMedia
LogPluginManager: Mounting plugin ImgMedia
LogPluginManager: Mounting plugin MediaCompositing
LogPluginManager: Mounting plugin MediaPlayerEditor
LogPluginManager: Mounting plugin WmfMedia
LogPluginManager: Mounting plugin TcpMessaging
LogPluginManager: Mounting plugin UdpMessaging
LogPluginManager: Mounting plugin ActorSequence
LogPluginManager: Mounting plugin LevelSequenceEditor
LogPluginManager: Mounting plugin MatineeToLevelSequence
LogPluginManager: Mounting plugin OnlineSubsystemGooglePlay
LogPluginManager: Mounting plugin OnlineSubsystemIOS
LogPluginManager: Mounting plugin OnlineSubsystem
LogPluginManager: Mounting plugin OnlineSubsystemNull
LogPluginManager: Mounting plugin OnlineSubsystemUtils
LogPluginManager: Mounting plugin AndroidDeviceProfileSelector
LogPluginManager: Mounting plugin AndroidMoviePlayer
LogPluginManager: Mounting plugin AndroidPermission
LogPluginManager: Mounting plugin AppleARKit
LogPluginManager: Mounting plugin AppleMoviePlayer
LogPluginManager: Mounting plugin ArchVisCharacter
LogPluginManager: Mounting plugin CableComponent
LogPluginManager: Mounting plugin CustomMeshComponent
LogPluginManager: Mounting plugin ExampleDeviceProfileSelector
LogPluginManager: Mounting plugin GoogleCloudMessaging
LogPluginManager: Mounting plugin ImmediatePhysics
LogPluginManager: Mounting plugin IOSDeviceProfileSelector
LogPluginManager: Mounting plugin LinuxDeviceProfileSelector
LogPluginManager: Mounting plugin LocationServicesBPLibrary
LogPluginManager: Mounting plugin MobilePatchingUtils
LogPluginManager: Mounting plugin OculusVR
LogPluginManager: Plugin shader directory ../../../Engine/Plugins/Runtime/Oculus/OculusVR/Shaders found
LogPluginManager: Mapping shader source directory ../../../Engine/Plugins/Runtime/Oculus/OculusVR/Shaders to virtual directory /Plugin/OculusVR
LogPluginManager: Mounting plugin PhysXVehicles
LogPluginManager: Mounting plugin ProceduralMeshComponent
LogPluginManager: Mounting plugin RuntimePhysXCooking
LogPluginManager: Mounting plugin SteamVR
LogPluginManager: Mounting plugin WindowsMoviePlayer
LogInit: Using libcurl 7.47.1
LogInit:  - built for x86_64-pc-win32
LogInit:  - supports SSL with OpenSSL/1.0.2g
LogInit:  - supports HTTP deflate (compression) using libz 1.2.8
LogInit:  - other features:
LogInit:      CURL_VERSION_SSL
LogInit:      CURL_VERSION_LIBZ
LogInit:      CURL_VERSION_IPV6
LogInit:      CURL_VERSION_ASYNCHDNS
LogInit:      CURL_VERSION_LARGEFILE
LogInit:      CURL_VERSION_IDN
LogInit:  CurlRequestOptions (configurable via config and command line):
LogInit:  - bVerifyPeer = false  - Libcurl will NOT verify peer certificate
LogInit:  - bUseHttpProxy = false  - Libcurl will NOT use HTTP proxy
LogInit:  - bDontReuseConnections = false  - Libcurl will reuse connections
LogInit:  - CertBundlePath = nullptr  - Libcurl will use whatever was configured at build time.
LogInit: Build: ++UE4+Release-4.18-CL-3709383
LogInit: Engine Version: 4.18.0-3709383+++UE4+Release-4.18
LogInit: Compatible Engine Version: 4.18.0-3709383+++UE4+Release-4.18
LogInit: Net CL: 3709383
LogDevObjectVersion: Number of dev versions registered: 16
LogDevObjectVersion:   Dev-Blueprints (B0D832E4-1F89-4F0D-ACCF-7EB736FD4AA2): 10
LogDevObjectVersion:   Dev-Build (E1C64328-A22C-4D53-A36C-8E866417BD8C): 0
LogDevObjectVersion:   Dev-Core (375EC13C-06E4-48FB-B500-84F0262A717E): 2
LogDevObjectVersion:   Dev-Editor (E4B068ED-F494-42E9-A231-DA0B2E46BB41): 20
LogDevObjectVersion:   Dev-Framework (CFFC743F-43B0-4480-9391-14DF171D2073): 30
LogDevObjectVersion:   Dev-Mobile (B02B49B5-BB20-44E9-A304-32B752E40360): 0
LogDevObjectVersion:   Dev-Networking (A4E4105C-59A1-49B5-A7C5-40C4547EDFEE): 0
LogDevObjectVersion:   Dev-Online (39C831C9-5AE6-47DC-9A44-9C173E1C8E7C): 0
LogDevObjectVersion:   Dev-Physics (78F01B33-EBEA-4F98-B9B4-84EACCB95AA2): 0
LogDevObjectVersion:   Dev-Platform (6631380F-2D4D-43E0-8009-CF276956A95A): 0
LogDevObjectVersion:   Dev-Rendering (12F88B9F-8875-4AFC-A67C-D90C383ABD29): 20
LogDevObjectVersion:   Dev-Sequencer (7B5AE74C-D270-4C10-A958-57980B212A5A): 4
LogDevObjectVersion:   Dev-VR (D7296918-1DD6-4BDD-9DE2-64A83CC13884): 0
LogDevObjectVersion:   Dev-LoadTimes (C2A15278-BFE7-4AFE-6C17-90FF531DF755): 1
LogDevObjectVersion:   Private-Geometry (6EACA3D4-40EC-4CC1-B786-8BED09428FC5): 1
LogDevObjectVersion:   Dev-AnimPhys (29E575DD-E0A3-4627-9D10-D276232CDCEA): 12
LogInit: Compiled (64-bit): Oct 20 2017 10:39:19
LogInit: Compiled with Visual C++: 19.00.24215.01
LogInit: Build Configuration: Development
LogInit: Branch Name: ++UE4+Release-4.18
LogInit: Command line: 
LogInit: Base directory: C:/Program Files/Epic Games/UE_4.18/Engine/Binaries/Win64/
LogInit: Installed Engine Build: 1
LogInit: Presizing for max 8388607 objects, including 0 objects not considered by GC, pre-allocating 0 bytes for permanent pool.
LogInit: Object subsystem initialized
[2017.11.19-00.16.27:183][  0]LogInit: Selected Device Profile: [Windows]
[2017.11.19-00.16.27:183][  0]LogInit: Applying CVar settings loaded from the selected device profile: [Windows]
[2017.11.19-00.16.27:197][  0]LogInit: Computer: AMASCARO2-PC
[2017.11.19-00.16.27:198][  0]LogInit: User: amascaro
[2017.11.19-00.16.27:198][  0]LogInit: CPU Page size=4096, Cores=2
[2017.11.19-00.16.27:198][  0]LogInit: High frequency timer resolution =2.597675 MHz
[2017.11.19-00.16.27:198][  0]LogMemory: Memory total: Physical=3.9GB (4GB approx)
[2017.11.19-00.16.27:198][  0]LogMemory: Platform Memory Stats for Windows
[2017.11.19-00.16.27:198][  0]LogMemory: Process Physical Memory: 272.39 MB used, 272.39 MB peak
[2017.11.19-00.16.27:198][  0]LogMemory: Process Virtual Memory: 266.00 MB used, 266.00 MB peak
[2017.11.19-00.16.27:198][  0]LogMemory: Physical Memory: 1556.08 MB used,  2473.54 MB free, 4029.62 MB total
[2017.11.19-00.16.27:198][  0]LogMemory: Virtual Memory: 609.07 MB used,  2473.54 MB free, 8388608.00 MB total
[2017.11.19-00.16.27:462][  0]LogInit: Using OS detected language (en-US).
[2017.11.19-00.16.27:462][  0]LogInit: Using OS detected locale (en-US).
[2017.11.19-00.16.27:467][  0]LogTextLocalizationManager: No specific localization for 'en-US' exists, so the 'en' localization will be used.
[2017.11.19-00.16.28:166][  0]LogWindows: Failed to load 'shcore.dll' (GetLastError=126)
[2017.11.19-00.16.28:166][  0]LogWindows: File 'shcore.dll' does not exist
[2017.11.19-00.16.28:166][  0]LogInit: Setting process to DPI aware
[2017.11.19-00.16.28:170][  0]LogWindows: Failed to load 'shcore.dll' (GetLastError=126)
[2017.11.19-00.16.28:170][  0]LogWindows: File 'shcore.dll' does not exist
[2017.11.19-00.16.28:171][  0]LogInit: Setting process to DPI aware
[2017.11.19-00.16.28:542][  0]LogD3D11RHI: D3D11 adapters:
[2017.11.19-00.16.28:574][  0]LogD3D11RHI:    0. 'NVIDIA GeForce GTX 660' (Feature Level 11_0)
[2017.11.19-00.16.28:575][  0]LogD3D11RHI:       1988/0/1758 MB DedicatedVideo/DedicatedSystem/SharedSystem, Outputs:1, VendorId:0x10de
[2017.11.19-00.16.28:575][  0]LogD3D11RHI: Chosen D3D11 Adapter: 0
[2017.11.19-00.16.28:585][  0]LogD3D11RHI: Creating new Direct3DDevice
[2017.11.19-00.16.28:585][  0]LogD3D11RHI:     GPU DeviceId: 0x11c0 (for the marketing name, search the web for "GPU Device Id")
[2017.11.19-00.16.28:585][  0]LogWindows: EnumDisplayDevices:
[2017.11.19-00.16.28:586][  0]LogWindows:    0. 'NVIDIA GeForce GTX 660' (P:1 D:1)
[2017.11.19-00.16.28:586][  0]LogWindows:    1. 'NVIDIA GeForce GTX 660' (P:0 D:0)
[2017.11.19-00.16.28:586][  0]LogWindows:    2. 'NVIDIA GeForce GTX 660' (P:0 D:0)
[2017.11.19-00.16.28:586][  0]LogWindows:    3. 'NVIDIA GeForce GTX 660' (P:0 D:0)
[2017.11.19-00.16.28:586][  0]LogWindows:    4. 'RDPDD Chained DD' (P:0 D:0)
[2017.11.19-00.16.28:587][  0]LogWindows:    5. 'RDP Encoder Mirror Driver' (P:0 D:0)
[2017.11.19-00.16.28:587][  0]LogWindows:    6. 'RDP Reflector Display Driver' (P:0 D:0)
[2017.11.19-00.16.28:587][  0]LogWindows: DebugString: GetVideoDriverDetailsInvalid PrimaryIsNotTheChoosenAdapter GetVideoDriverDetailsInvalid PrimaryIsNotTheChoosenAdapter GetVideoDriverDetailsInvalid PrimaryIsNotTheChoosenAdapter FoundDriverCount:4 
[2017.11.19-00.16.28:587][  0]LogD3D11RHI:     Adapter Name: NVIDIA GeForce GTX 660
[2017.11.19-00.16.28:587][  0]LogD3D11RHI:   Driver Version: 387.92 (internal:23.21.13.8792, unified:387.92)
[2017.11.19-00.16.28:587][  0]LogD3D11RHI:      Driver Date: 10-6-2017
[2017.11.19-00.16.28:587][  0]LogRHI: Texture pool is 1391 MB (70% of 1988 MB)
[2017.11.19-00.16.28:604][  0]LogD3D11RHI: Async texture creation enabled
[2017.11.19-00.16.28:622][  0]LogD3D11RHI: GPU Timing Frequency: 1000.000000 (Debug: 2 2)
[2017.11.19-00.16.28:624][  0]LogShaderCompilers: Guid format shader working directory is 39 characters bigger than the processId version (P:/ue/Grid1/Intermediate/Shaders/WorkingDirectory/608/).
[2017.11.19-00.16.28:624][  0]LogShaderCompilers: Cleaned the shader compiler working directory 'C:/Users/amascaro/AppData/Local/Temp/UnrealShaderWorkingDir/26896A414ED2455EE2095AAE932A91F1/'.
[2017.11.19-00.16.28:624][  0]LogShaderCompilers: Display: Using Local Shader Compiler.
[2017.11.19-00.16.30:432][  0]LogTemp: Display: Loaded TP AllDesktopTargetPlatform
[2017.11.19-00.16.30:528][  0]LogTemp: Display: Loaded TP MacClientTargetPlatform
[2017.11.19-00.16.30:620][  0]LogTemp: Display: Loaded TP MacNoEditorTargetPlatform
[2017.11.19-00.16.30:713][  0]LogTemp: Display: Loaded TP MacServerTargetPlatform
[2017.11.19-00.16.30:806][  0]LogTemp: Display: Loaded TP MacTargetPlatform
[2017.11.19-00.16.30:899][  0]LogTemp: Display: Loaded TP WindowsClientTargetPlatform
[2017.11.19-00.16.30:991][  0]LogTemp: Display: Loaded TP WindowsNoEditorTargetPlatform
[2017.11.19-00.16.31:084][  0]LogTemp: Display: Loaded TP WindowsServerTargetPlatform
[2017.11.19-00.16.31:163][  0]LogTemp: Display: Loaded TP WindowsTargetPlatform
[2017.11.19-00.16.31:254][  0]LogTemp: Display: Loaded TP Android_ASTCTargetPlatform
[2017.11.19-00.16.31:344][  0]LogTemp: Display: Loaded TP Android_ATCTargetPlatform
[2017.11.19-00.16.31:435][  0]LogTemp: Display: Loaded TP Android_DXTTargetPlatform
[2017.11.19-00.16.31:531][  0]LogTemp: Display: Loaded TP Android_ETC1TargetPlatform
[2017.11.19-00.16.31:621][  0]LogTemp: Display: Loaded TP Android_ETC2TargetPlatform
[2017.11.19-00.16.31:802][  0]LogTemp: Display: Loaded TP Android_MultiTargetPlatform
[2017.11.19-00.16.31:802][  0]LogTemp: Display: Loaded TP Android_PVRTCTargetPlatform
[2017.11.19-00.16.31:893][  0]LogTemp: Display: Loaded TP AndroidTargetPlatform
[2017.11.19-00.16.31:963][  0]LogTemp: Display: Loaded TP HTML5TargetPlatform
[2017.11.19-00.16.32:104][  0]LogTemp: Display: Loaded TP IOSTargetPlatform
[2017.11.19-00.16.32:155][  0]LogTemp: Display: Loaded TP TVOSTargetPlatform
[2017.11.19-00.16.32:245][  0]LogTemp: Display: Loaded TP LinuxClientTargetPlatform
[2017.11.19-00.16.32:335][  0]LogTemp: Display: Loaded TP LinuxNoEditorTargetPlatform
[2017.11.19-00.16.32:425][  0]LogTemp: Display: Loaded TP LinuxServerTargetPlatform
[2017.11.19-00.16.32:521][  0]LogTemp: Display: Loaded TP LinuxTargetPlatform
[2017.11.19-00.16.32:521][  0]LogTargetPlatformManager: Display: Building Assets For Windows
[2017.11.19-00.16.33:307][  0]LogDerivedDataCache: Display: Max Cache Size: 512 MB
[2017.11.19-00.16.33:538][  0]LogDerivedDataCache: Loaded boot cache 0.23s 78MB C:/Users/amascaro/AppData/Local/UnrealEngine/4.18/DerivedDataCache/Boot.ddc.
[2017.11.19-00.16.33:538][  0]LogDerivedDataCache: Display: Loaded Boot cache: C:/Users/amascaro/AppData/Local/UnrealEngine/4.18/DerivedDataCache/Boot.ddc
[2017.11.19-00.16.33:538][  0]LogDerivedDataCache: FDerivedDataBackendGraph:  Pak pak cache file P:/ue/Grid1/DerivedDataCache/DDC.ddp not found, will not use a pak cache.
[2017.11.19-00.16.33:538][  0]LogDerivedDataCache: Unable to find inner node Pak for hierarchical cache Hierarchy.
[2017.11.19-00.16.33:538][  0]LogDerivedDataCache: FDerivedDataBackendGraph:  CompressedPak pak cache file P:/ue/Grid1/DerivedDataCache/Compressed.ddp not found, will not use a pak cache.
[2017.11.19-00.16.33:538][  0]LogDerivedDataCache: Unable to find inner node CompressedPak for hierarchical cache Hierarchy.
[2017.11.19-00.16.33:574][  0]LogDerivedDataCache: Display: Pak cache opened for reading ../../../Engine/DerivedDataCache/Compressed.ddp.
[2017.11.19-00.16.33:585][  0]LogDerivedDataCache: Using Local data cache path C:/Users/amascaro/AppData/Local/UnrealEngine/Common/DerivedDataCache: Writable
[2017.11.19-00.16.33:606][  0]LogMaterial: Verifying Global Shaders for PCD3D_SM5
[2017.11.19-00.16.33:607][  0]LogSlate: Using Freetype 2.6.0
[2017.11.19-00.16.33:608][  0]LogSlate: SlateFontCache - WITH_FREETYPE: 1, WITH_HARFBUZZ: 1
[2017.11.19-00.16.33:608][  0]LogSlate: SlateFontCache - WITH_FREETYPE: 1, WITH_HARFBUZZ: 1
[2017.11.19-00.16.34:313][  0]LogInit: Selected Device Profile: [Windows]
[2017.11.19-00.16.34:881][  0]LogSimplygon: Simplygon DLL not present - disabling.
[2017.11.19-00.16.34:951][  0]LogMeshReduction: Using SimplygonSwarm for distributed automatic mesh merging
[2017.11.19-00.16.34:951][  0]LogMeshReduction: Using QuadricMeshReduction for automatic static mesh reduction
[2017.11.19-00.16.34:951][  0]LogMeshReduction: No automatic skeletal mesh reduction module available
[2017.11.19-00.16.34:951][  0]LogMeshReduction: No automatic mesh merging module available
[2017.11.19-00.16.34:952][  0]LogMeshMerging: No automatic mesh merging module available
[2017.11.19-00.16.34:990][  0]LogNetVersion: Grid1 , NetCL: 3709383, EngineNetVer: 2, GameNetVer: 0 (Checksum: 1394303240)
[2017.11.19-00.16.35:248][  0]LogAssetRegistry: FAssetRegistry took 0.0284 seconds to start up
[2017.11.19-00.16.36:171][  0]LogPackageLocalizationCache: Processed 7 localized package path(s) for 2 prioritized culture(s) in 0.081428 seconds
[2017.11.19-00.16.36:183][  0]LogUObjectArray: 35900 objects as part of root set at end of initial load.
[2017.11.19-00.16.36:183][  0]LogUObjectAllocator: 7372024 out of 0 bytes used by permanent object pool.
[2017.11.19-00.16.36:183][  0]LogUObjectArray: CloseDisregardForGC: 0/0 objects in disregard for GC pool
[2017.11.19-00.16.36:281][  0]LogInit: WinSock: version 1.1 (2.2), MaxSocks=32767, MaxUdp=65467
[2017.11.19-00.16.40:932][  0]LogTcpMessaging: Initializing TcpMessaging bridge
[2017.11.19-00.16.40:991][  0]LogUdpMessaging: Initializing bridge on interface 0.0.0.0:0 to multicast group 230.0.0.1:6666.
[2017.11.19-00.16.42:065][  0]LogMaterial: Uniform references updated for custom material expression Custom.
[2017.11.19-00.16.42:768][  0]SourceControl: Source control is disabled
[2017.11.19-00.16.42:768][  0]SourceControl: Source control is disabled
[2017.11.19-00.16.42:855][  0]SourceControl: Source control is disabled
[2017.11.19-00.16.42:942][  0]SourceControl: Source control is disabled
[2017.11.19-00.16.44:284][  0]LogAndroidPermission: UAndroidPermissionCallbackProxy::GetInstance
[2017.11.19-00.16.44:733][  0]LogOcInput: OculusInput pre-init called
[2017.11.19-00.16.45:209][  0]LogEngine: Initializing Engine...
[2017.11.19-00.16.45:213][  0]LogHMD: Failed to initialize OpenVR with code 110
[2017.11.19-00.16.45:690][  0]LogStats: UGameplayTagsManager::ConstructGameplayTagTree: Construct from data asset -  0.000 s
[2017.11.19-00.16.45:690][  0]LogStats: UGameplayTagsManager::ConstructGameplayTagTree: GameplayTagTreeChangedEvent.Broadcast -  0.000 s
[2017.11.19-00.16.45:938][  0]LogAIModule: Creating AISystem for world Untitled
[2017.11.19-00.16.45:962][  0]LogInit: XAudio2 using 'Headphones (High Definition Audio Device)' : 2 channels at 44.1 kHz using 16 bits per sample (channel mask 0x3)
[2017.11.19-00.16.45:973][  0]LogInit: FAudioDevice initialized.
[2017.11.19-00.16.46:128][  0]LogDerivedDataCache: Saved boot cache 0.15s 78MB C:/Users/amascaro/AppData/Local/UnrealEngine/4.18/DerivedDataCache/Boot.ddc.
[2017.11.19-00.16.46:178][  0]LogInit: Texture streaming: Enabled
[2017.11.19-00.16.46:350][  0]LogEngineSessionManager: EngineSessionManager initialized
[2017.11.19-00.16.46:350][  0]LogEngineSessionManager: EngineSessionManager sent abnormal shutdown report. Type=Crashed, SessionId={F0E997B5-4D06-2F81-BB15-39A843188B1E}
[2017.11.19-00.16.46:577][  0]LogInit: Transaction tracking system initialized
[2017.11.19-00.16.47:122][  0]BlueprintLog: New page: Editor Load
[2017.11.19-00.16.48:675][  0]LocalizationService: Localization service is disabled
[2017.11.19-00.16.49:608][  0]LogLinker: Warning: Can't find file '/Game/ThirdPersonBP/ThirdPersonOverview'
[2017.11.19-00.16.49:608][  0]LogLinker: Warning: Can't find file '/Game/ThirdPersonBP/ThirdPersonOverview'
[2017.11.19-00.16.49:608][  0]LogUObjectGlobals: Warning: Failed to find object 'Class /Game/ThirdPersonBP/ThirdPersonOverview.ThirdPersonOverview_C'
[2017.11.19-00.16.49:981][  0]LogConsoleResponse: Display: 
[2017.11.19-00.16.50:271][  0]LogCook: Display: Max memory allowance for cook 16384mb min free memory 0mb
[2017.11.19-00.16.50:271][  0]LogCook: Display: Mobile HDR setting 1
[2017.11.19-00.16.50:271][  0]LogGameplayTags: Display: UGameplayTagsManager::DoneAddingNativeTags. DelegateIsBound: 0
[2017.11.19-00.16.50:816][  0]LogFileCache: Scanning file cache for directory 'P:/ue/Grid1/Content/' took 0.03s
[2017.11.19-00.16.52:292][  0]SourceControl: Source control is disabled
[2017.11.19-00.16.52:292][  0]Cmd: MAP LOAD FILE="P:/ue/Grid1/Content/Maps/AITest.umap" TEMPLATE=0 SHOWPROGRESS=1 FEATURELEVEL=3
[2017.11.19-00.16.52:293][  0]LightingResults: New page: Lighting Build
[2017.11.19-00.16.52:365][  0]MapCheck: New page: Map Check
[2017.11.19-00.16.52:365][  0]LightingResults: New page: Lighting Build
[2017.11.19-00.16.53:221][  0]LogWindows: Windows GetLastError: The operation completed successfully. (0)
[2017.11.19-00.16.53:882][  0]LogWindows: Error: === Critical error: ===
[2017.11.19-00.16.53:882][  0]LogWindows: Error: 
[2017.11.19-00.16.53:882][  0]LogWindows: Error: Assertion failed: !Obj->HasAnyFlags(RF_NeedLoad|RF_NeedPostLoad|RF_ClassDefaultObject) || bIsOwnedByCDO [File:D:\Build\++UE4+Release-4.18+Compile\Sync\Engine\Source\Runtime\CoreUObject\Private\UObject\UObjectGlobals.cpp] [Line: 2369] 
[2017.11.19-00.16.53:882][  0]LogWindows: Error: Attempting to replace an object that hasn't been fully loaded: AISenseConfig_Sight /Game/AI/HexVehicleAICtrl.HexVehicleAICtrl_C:AIPerception_GEN_VARIABLE.AISenseConfig_Sight_0 (Outer=AIPerceptionComponent /Game/AI/HexVehicleAICtrl.HexVehicleAICtrl_C:AIPerception_GEN_VARIABLE, Flags=0x00283029)
[2017.11.19-00.16.53:882][  0]LogWindows: Error: 
[2017.11.19-00.16.53:882][  0]LogWindows: Error: 
[2017.11.19-00.16.53:882][  0]LogWindows: Error: [Callstack] 0x00000000FD28A06D KERNELBASE.dll!UnknownFunction []
[2017.11.19-00.16.53:883][  0]LogWindows: Error: [Callstack] 0x00000000E8F076D4 UE4Editor-ApplicationCore.dll!UnknownFunction []
[2017.11.19-00.16.53:883][  0]LogWindows: Error: [Callstack] 0x00000000DFE12E0B UE4Editor-Core.dll!UnknownFunction []
[2017.11.19-00.16.53:883][  0]LogWindows: Error: [Callstack] 0x00000000DFDA47D9 UE4Editor-Core.dll!UnknownFunction []
[2017.11.19-00.16.53:883][  0]LogWindows: Error: [Callstack] 0x00000000E0B8E2AA UE4Editor-CoreUObject.dll!UnknownFunction []
[2017.11.19-00.16.53:883][  0]LogWindows: Error: [Callstack] 0x00000000E0B8FD01 UE4Editor-CoreUObject.dll!UnknownFunction []
[2017.11.19-00.16.53:883][  0]LogWindows: Error: [Callstack] 0x00000000E092CECE UE4Editor-CoreUObject.dll!UnknownFunction []
[2017.11.19-00.16.53:883][  0]LogWindows: Error: [Callstack] 0x00000000E0934F20 UE4Editor-CoreUObject.dll!UnknownFunction []
[2017.11.19-00.16.53:883][  0]LogWindows: Error: [Callstack] 0x00000000E0ABC5D6 UE4Editor-CoreUObject.dll!UnknownFunction []
[2017.11.19-00.16.53:883][  0]LogWindows: Error: [Callstack] 0x00000000E0ABBB0D UE4Editor-CoreUObject.dll!UnknownFunction []
[2017.11.19-00.16.53:883][  0]LogWindows: Error: [Callstack] 0x00000000E0935157 UE4Editor-CoreUObject.dll!UnknownFunction []
[2017.11.19-00.16.53:883][  0]LogWindows: Error: [Callstack] 0x00000000E0B71DF1 UE4Editor-CoreUObject.dll!UnknownFunction []
[2017.11.19-00.16.53:883][  0]LogWindows: Error: [Callstack] 0x00000000E0B79B61 UE4Editor-CoreUObject.dll!UnknownFunction []
[2017.11.19-00.16.53:883][  0]LogWindows: Error: [Callstack] 0x00000000E08F49F3 UE4Editor-CoreUObject.dll!UnknownFunction []
[2017.11.19-00.16.53:883][  0]LogWindows: Error: [Callstack] 0x00000000E08F4685 UE4Editor-CoreUObject.dll!UnknownFunction []
[2017.11.19-00.16.53:883][  0]LogWindows: Error: [Callstack] 0x00000000E08F47C2 UE4Editor-CoreUObject.dll!UnknownFunction []
[2017.11.19-00.16.53:883][  0]LogWindows: Error: [Callstack] 0x00000000E08F4599 UE4Editor-CoreUObject.dll!UnknownFunction []
[2017.11.19-00.16.53:883][  0]LogWindows: Error: [Callstack] 0x00000000E08B7968 UE4Editor-CoreUObject.dll!UnknownFunction []
[2017.11.19-00.16.53:883][  0]LogWindows: Error: [Callstack] 0x00000000E08B7859 UE4Editor-CoreUObject.dll!UnknownFunction []
[2017.11.19-00.16.53:883][  0]LogWindows: Error: [Callstack] 0x00000000E0A54A0A UE4Editor-CoreUObject.dll!UnknownFunction []
[2017.11.19-00.16.53:883][  0]LogWindows: Error: [Callstack] 0x00000000E0A2324E UE4Editor-CoreUObject.dll!UnknownFunction []
[2017.11.19-00.16.53:883][  0]LogWindows: Error: [Callstack] 0x00000000E0A490D1 UE4Editor-CoreUObject.dll!UnknownFunction []
[2017.11.19-00.16.53:883][  0]LogWindows: Error: [Callstack] 0x00000000E0A22201 UE4Editor-CoreUObject.dll!UnknownFunction []
[2017.11.19-00.16.53:883][  0]LogWindows: Error: [Callstack] 0x00000000E0A2361B UE4Editor-CoreUObject.dll!UnknownFunction []
[2017.11.19-00.16.53:883][  0]LogWindows: Error: [Callstack] 0x00000000E0A4A574 UE4Editor-CoreUObject.dll!UnknownFunction []
[2017.11.19-00.16.53:883][  0]LogWindows: Error: [Callstack] 0x00000000E0B74D6E UE4Editor-CoreUObject.dll!UnknownFunction []
[2017.11.19-00.16.53:883][  0]LogWindows: Error: [Callstack] 0x00000000E0A78BA0 UE4Editor-CoreUObject.dll!UnknownFunction []
[2017.11.19-00.16.53:883][  0]LogWindows: Error: [Callstack] 0x00000000E0A774AF UE4Editor-CoreUObject.dll!UnknownFunction []
[2017.11.19-00.16.53:883][  0]LogWindows: Error: [Callstack] 0x00000000E0A78DE5 UE4Editor-CoreUObject.dll!UnknownFunction []
[2017.11.19-00.16.53:883][  0]LogWindows: Error: [Callstack] 0x00000000E0A774AF UE4Editor-CoreUObject.dll!UnknownFunction []
[2017.11.19-00.16.53:883][  0]LogWindows: Error: [Callstack] 0x00000000E0A772F2 UE4Editor-CoreUObject.dll!UnknownFunction []
[2017.11.19-00.16.53:883][  0]LogWindows: Error: [Callstack] 0x00000000E0A30C51 UE4Editor-CoreUObject.dll!UnknownFunction []
[2017.11.19-00.16.53:883][  0]LogWindows: Error: [Callstack] 0x00000000E0A768D3 UE4Editor-CoreUObject.dll!UnknownFunction []
[2017.11.19-00.16.53:883][  0]LogWindows: Error: [Callstack] 0x00000000E0A256AE UE4Editor-CoreUObject.dll!UnknownFunction []
[2017.11.19-00.16.53:883][  0]LogWindows: Error: [Callstack] 0x00000000E0A3EDD1 UE4Editor-CoreUObject.dll!UnknownFunction []
[2017.11.19-00.16.53:883][  0]LogWindows: Error: [Callstack] 0x00000000E0B74B0C UE4Editor-CoreUObject.dll!UnknownFunction []
[2017.11.19-00.16.53:883][  0]LogWindows: Error: [Callstack] 0x00000000E0A78BA0 UE4Editor-CoreUObject.dll!UnknownFunction []
[2017.11.19-00.16.53:884][  0]LogWindows: Error: [Callstack] 0x00000000E0A774AF UE4Editor-CoreUObject.dll!UnknownFunction []
[2017.11.19-00.16.53:884][  0]LogWindows: Error: [Callstack] 0x00000000E0A78DE5 UE4Editor-CoreUObject.dll!UnknownFunction []
[2017.11.19-00.16.53:884][  0]LogWindows: Error: [Callstack] 0x00000000E0A774AF UE4Editor-CoreUObject.dll!UnknownFunction []
[2017.11.19-00.16.53:884][  0]LogWindows: Error: [Callstack] 0x00000000E0A24375 UE4Editor-CoreUObject.dll!UnknownFunction []
[2017.11.19-00.16.53:884][  0]LogWindows: Error: [Callstack] 0x00000000E08F26AF UE4Editor-CoreUObject.dll!UnknownFunction []
[2017.11.19-00.16.53:884][  0]LogWindows: Error: [Callstack] 0x00000000E08B7863 UE4Editor-CoreUObject.dll!UnknownFunction []
[2017.11.19-00.16.53:884][  0]LogWindows: Error: [Callstack] 0x00000000E08B7859 UE4Editor-CoreUObject.dll!UnknownFunction []
[2017.11.19-00.16.53:884][  0]LogWindows: Error: [Callstack] 0x00000000E0A54A0A UE4Editor-CoreUObject.dll!UnknownFunction []
[2017.11.19-00.16.53:884][  0]LogWindows: Error: [Callstack] 0x00000000E0A2324E UE4Editor-CoreUObject.dll!UnknownFunction []
[2017.11.19-00.16.53:884][  0]LogWindows: Error: [Callstack] 0x00000000E0A490D1 UE4Editor-CoreUObject.dll!UnknownFunction []
[2017.11.19-00.16.53:884][  0]LogWindows: Error: [Callstack] 0x00000000E0A22201 UE4Editor-CoreUObject.dll!UnknownFunction []
[2017.11.19-00.16.53:884][  0]LogWindows: Error: [Callstack] 0x00000000E0A2361B UE4Editor-CoreUObject.dll!UnknownFunction []
[2017.11.19-00.16.53:884][  0]LogWindows: Error: [Callstack] 0x00000000E0A4A574 UE4Editor-CoreUObject.dll!UnknownFunction []
[2017.11.19-00.16.53:884][  0]LogWindows: Error: [Callstack] 0x00000000E0B74D6E UE4Editor-CoreUObject.dll!UnknownFunction []
[2017.11.19-00.16.53:884][  0]LogWindows: Error: [Callstack] 0x00000000E0A78BA0 UE4Editor-CoreUObject.dll!UnknownFunction []
[2017.11.19-00.16.53:884][  0]LogWindows: Error: [Callstack] 0x00000000E0A774AF UE4Editor-CoreUObject.dll!UnknownFunction []
[2017.11.19-00.16.53:884][  0]LogWindows: Error: [Callstack] 0x00000000E0A78DE5 UE4Editor-CoreUObject.dll!UnknownFunction []
[2017.11.19-00.16.53:884][  0]LogWindows: Error: [Callstack] 0x00000000E0A774AF UE4Editor-CoreUObject.dll!UnknownFunction []
[2017.11.19-00.16.53:884][  0]LogWindows: Error: [Callstack] 0x00000000E0A78DE5 UE4Editor-CoreUObject.dll!UnknownFunction []
[2017.11.19-00.16.53:884][  0]LogWindows: Error: [Callstack] 0x00000000E0A774AF UE4Editor-CoreUObject.dll!UnknownFunction []
[2017.11.19-00.16.53:884][  0]LogWindows: Error: [Callstack] 0x00000000E0A772F2 UE4Editor-CoreUObject.dll!UnknownFunction []
[2017.11.19-00.16.53:884][  0]LogWindows: Error: [Callstack] 0x00000000E0A30C51 UE4Editor-CoreUObject.dll!UnknownFunction []
[2017.11.19-00.16.53:884][  0]LogWindows: Error: [Callstack] 0x00000000E0A768D3 UE4Editor-CoreUObject.dll!UnknownFunction []
[2017.11.19-00.16.53:884][  0]LogWindows: Error: [Callstack] 0x00000000E0A256AE UE4Editor-CoreUObject.dll!UnknownFunction []
[2017.11.19-00.16.53:884][  0]LogWindows: Error: [Callstack] 0x00000000E0A3EDD1 UE4Editor-CoreUObject.dll!UnknownFunction []
[2017.11.19-00.16.53:884][  0]LogWindows: Error: [Callstack] 0x00000000E0B74B0C UE4Editor-CoreUObject.dll!UnknownFunction []
[2017.11.19-00.16.53:884][  0]LogWindows: Error: [Callstack] 0x00000000E0A78BA0 UE4Editor-CoreUObject.dll!UnknownFunction []
[2017.11.19-00.16.53:884][  0]LogWindows: Error: [Callstack] 0x00000000E0A774AF UE4Editor-CoreUObject.dll!UnknownFunction []
[2017.11.19-00.16.53:884][  0]LogWindows: Error: [Callstack] 0x00000000E0A78DE5 UE4Editor-CoreUObject.dll!UnknownFunction []
[2017.11.19-00.16.53:884][  0]LogWindows: Error: [Callstack] 0x00000000E0A774AF UE4Editor-CoreUObject.dll!UnknownFunction []
[2017.11.19-00.16.53:884][  0]LogWindows: Error: [Callstack] 0x00000000E0A772F2 UE4Editor-CoreUObject.dll!UnknownFunction []
[2017.11.19-00.16.53:884][  0]LogWindows: Error: [Callstack] 0x00000000E0A30C51 UE4Editor-CoreUObject.dll!UnknownFunction []
[2017.11.19-00.16.53:884][  0]LogWindows: Error: [Callstack] 0x00000000E0A768D3 UE4Editor-CoreUObject.dll!UnknownFunction []
[2017.11.19-00.16.53:884][  0]LogWindows: Error: [Callstack] 0x00000000E0A256AE UE4Editor-CoreUObject.dll!UnknownFunction []
[2017.11.19-00.16.53:884][  0]LogWindows: Error: [Callstack] 0x00000000E0A3EDD1 UE4Editor-CoreUObject.dll!UnknownFunction []
[2017.11.19-00.16.53:884][  0]LogWindows: Error: [Callstack] 0x00000000E0B74B0C UE4Editor-CoreUObject.dll!UnknownFunction []
[2017.11.19-00.16.53:885][  0]LogWindows: Error: [Callstack] 0x00000000E0A78BA0 UE4Editor-CoreUObject.dll!UnknownFunction []
[2017.11.19-00.16.53:885][  0]LogWindows: Error: [Callstack] 0x00000000E0A774AF UE4Editor-CoreUObject.dll!UnknownFunction []
[2017.11.19-00.16.53:885][  0]LogWindows: Error: [Callstack] 0x00000000E0A78DE5 UE4Editor-CoreUObject.dll!UnknownFunction []
[2017.11.19-00.16.53:885][  0]LogWindows: Error: [Callstack] 0x00000000E0A774AF UE4Editor-CoreUObject.dll!UnknownFunction []
[2017.11.19-00.16.53:885][  0]LogWindows: Error: [Callstack] 0x00000000E0A78DE5 UE4Editor-CoreUObject.dll!UnknownFunction []
[2017.11.19-00.16.53:885][  0]LogWindows: Error: [Callstack] 0x00000000E0A774AF UE4Editor-CoreUObject.dll!UnknownFunction []
[2017.11.19-00.16.53:885][  0]LogWindows: Error: [Callstack] 0x00000000E0A772F2 UE4Editor-CoreUObject.dll!UnknownFunction []
[2017.11.19-00.16.53:885][  0]LogWindows: Error: [Callstack] 0x00000000E0A30C51 UE4Editor-CoreUObject.dll!UnknownFunction []
[2017.11.19-00.16.53:885][  0]LogWindows: Error: [Callstack] 0x00000000E0A768D3 UE4Editor-CoreUObject.dll!UnknownFunction []
[2017.11.19-00.16.53:885][  0]LogWindows: Error: [Callstack] 0x00000000E0A256AE UE4Editor-CoreUObject.dll!UnknownFunction []
[2017.11.19-00.16.53:885][  0]LogWindows: Error: [Callstack] 0x00000000E0A3EDD1 UE4Editor-CoreUObject.dll!UnknownFunction []
[2017.11.19-00.16.53:885][  0]LogWindows: Error: [Callstack] 0x00000000E0B74B0C UE4Editor-CoreUObject.dll!UnknownFunction []
[2017.11.19-00.16.53:885][  0]LogWindows: Error: [Callstack] 0x00000000E0A78BA0 UE4Editor-CoreUObject.dll!UnknownFunction []
[2017.11.19-00.16.53:885][  0]LogWindows: Error: [Callstack] 0x00000000E0A774AF UE4Editor-CoreUObject.dll!UnknownFunction []
[2017.11.19-00.16.53:885][  0]LogWindows: Error: [Callstack] 0x00000000E0A78DE5 UE4Editor-CoreUObject.dll!UnknownFunction []
[2017.11.19-00.16.53:885][  0]LogWindows: Error: [Callstack] 0x00000000E0A774AF UE4Editor-CoreUObject.dll!UnknownFunction []
[2017.11.19-00.16.53:885][  0]LogWindows: Error: [Callstack] 0x00000000E0A24375 UE4Editor-CoreUObject.dll!UnknownFunction []
[2017.11.19-00.16.53:885][  0]LogWindows: Error: [Callstack] 0x00000000E08F4D45 UE4Editor-CoreUObject.dll!UnknownFunction []
[2017.11.19-00.16.53:885][  0]LogWindows: Error: [Callstack] 0x00000000E08F3938 UE4Editor-CoreUObject.dll!UnknownFunction []
[2017.11.19-00.16.53:885][  0]LogWindows: Error: [Callstack] 0x00000000E0A549FF UE4Editor-CoreUObject.dll!UnknownFunction []
[2017.11.19-00.16.53:885][  0]LogWindows: Error: [Callstack] 0x00000000E0A2324E UE4Editor-CoreUObject.dll!UnknownFunction []
[2017.11.19-00.16.53:885][  0]LogWindows: Error: [Callstack] 0x00000000E0A490D1 UE4Editor-CoreUObject.dll!UnknownFunction []
[2017.11.19-00.16.53:885][  0]LogWindows: Error: [Callstack] 0x00000000E0A22201 UE4Editor-CoreUObject.dll!UnknownFunction []
[2017.11.19-00.16.53:885][  0]LogWindows: Error: [Callstack] 0x00000000E0A2361B UE4Editor-CoreUObject.dll!UnknownFunction []
[2017.11.19-00.16.53:885][  0]LogWindows: Error: [Callstack] 0x00000000E0A4A574 UE4Editor-CoreUObject.dll!UnknownFunction []
[2017.11.19-00.16.53:885][  0]LogWindows: Error: [Callstack] 0x00000000E0B74D6E UE4Editor-CoreUObject.dll!UnknownFunction []
[2017.11.19-00.16.53:885][  0]LogWindows: Error: [Callstack] 0x00000000E0A78BA0 UE4Editor-CoreUObject.dll!UnknownFunction []
[2017.11.19-00.16.53:885][  0]LogWindows: Error: 
[2017.11.19-00.16.53:919][  0]LogExit: Executing StaticShutdownAfterError
[2017.11.19-00.16.53:922][  0]LogWindows: FPlatformMisc::RequestExit(1)
[2017.11.19-00.16.53:923][  0]Log file closed, 11/18/17 19:16:53
