Log file open, 11/14/17 21:38:38
LogWindows: Failed to load 'aqProf.dll' (GetLastError=126)
LogWindows: File 'aqProf.dll' does not exist
LogWindows: Failed to load 'VtuneApi.dll' (GetLastError=126)
LogWindows: File 'VtuneApi.dll' does not exist
LogWindows: Failed to load 'VtuneApi32e.dll' (GetLastError=126)
LogWindows: File 'VtuneApi32e.dll' does not exist
LogInit: Display: Running engine for game: Grid1
LogPlatformFile: Not using cached read wrapper
LogInit: Display: RandInit(-1624858634) SRandInit(-1624858634).
LogInit: Read version file with build ID '3709383'
LogInit: Overriding engine version to CL 3709383, compatible CL 3709383
LogInit: Registered custom module enumerator with build ID '3709383'
LogTaskGraph: Started task graph with 5 named threads and 8 total threads with 3 sets of task threads.
LogStats: Stats thread started at 0.467541
LogD3D11RHI: Aftermath initialized
LogModuleManager: Display: Found up-to-date module file ../../../Engine/Plugins/2D/Paper2D/Binaries/Win64/UE4Editor-Paper2D.dll (API version 3709383).
LogModuleManager: Display: Found up-to-date module file ../../../Engine/Plugins/2D/Paper2D/Binaries/Win64/UE4Editor-Paper2DEditor.dll (API version 3709383).
LogModuleManager: Display: Found up-to-date module file ../../../Engine/Plugins/2D/Paper2D/Binaries/Win64/UE4Editor-PaperSpriteSheetImporter.dll (API version 3709383).
LogModuleManager: Display: Found up-to-date module file ../../../Engine/Plugins/2D/Paper2D/Binaries/Win64/UE4Editor-PaperTiledImporter.dll (API version 3709383).
LogModuleManager: Display: Found up-to-date module file ../../../Engine/Plugins/2D/Paper2D/Binaries/Win64/UE4Editor-SmartSnapping.dll (API version 3709383).
LogModuleManager: Display: Found up-to-date module file ../../../Engine/Plugins/Blendables/LightPropagationVolume/Binaries/Win64/UE4Editor-LightPropagationVolumeRuntime.dll (API version 3709383).
LogModuleManager: Display: Found up-to-date module file ../../../Engine/Plugins/Blendables/LightPropagationVolume/Binaries/Win64/UE4Editor-LightPropagationVolumeEditor.dll (API version 3709383).
LogModuleManager: Display: Found up-to-date module file ../../../Engine/Plugins/Developer/GitSourceControl/Binaries/Win64/UE4Editor-GitSourceControl.dll (API version 3709383).
LogModuleManager: Display: Found up-to-date module file ../../../Engine/Plugins/Developer/PerforceSourceControl/Binaries/Win64/UE4Editor-PerforceSourceControl.dll (API version 3709383).
LogModuleManager: Display: Found up-to-date module file ../../../Engine/Plugins/Developer/SubversionSourceControl/Binaries/Win64/UE4Editor-SubversionSourceControl.dll (API version 3709383).
LogModuleManager: Display: Found up-to-date module file ../../../Engine/Plugins/Developer/UObjectPlugin/Binaries/Win64/UE4Editor-UObjectPlugin.dll (API version 3709383).
LogModuleManager: Display: Found up-to-date module file ../../../Engine/Plugins/Developer/VisualStudioCodeSourceCodeAccess/Binaries/Win64/UE4Editor-VisualStudioCodeSourceCodeAccess.dll (API version 3709383).
LogModuleManager: Display: Found up-to-date module file ../../../Engine/Plugins/Developer/VisualStudioSourceCodeAccess/Binaries/Win64/UE4Editor-VisualStudioSourceCodeAccess.dll (API version 3709383).
LogModuleManager: Display: Found up-to-date module file ../../../Engine/Plugins/Editor/AssetManagerEditor/Binaries/Win64/UE4Editor-AssetManagerEditor.dll (API version 3709383).
LogModuleManager: Display: Found up-to-date module file ../../../Engine/Plugins/Editor/AudioCapture/Binaries/Win64/UE4Editor-AudioCapture.dll (API version 3709383).
LogModuleManager: Display: Found up-to-date module file ../../../Engine/Plugins/Editor/FacialAnimation/Binaries/Win64/UE4Editor-FacialAnimation.dll (API version 3709383).
LogModuleManager: Display: Found up-to-date module file ../../../Engine/Plugins/Editor/FacialAnimation/Binaries/Win64/UE4Editor-FacialAnimationEditor.dll (API version 3709383).
LogModuleManager: Display: Found up-to-date module file ../../../Engine/Plugins/Editor/GameplayTagsEditor/Binaries/Win64/UE4Editor-GameplayTagsEditor.dll (API version 3709383).
LogModuleManager: Display: Found up-to-date module file ../../../Engine/Plugins/Editor/MobileLauncherProfileWizard/Binaries/Win64/UE4Editor-MobileLauncherProfileWizard.dll (API version 3709383).
LogModuleManager: Display: Found up-to-date module file ../../../Engine/Plugins/Editor/PluginBrowser/Binaries/Win64/UE4Editor-PluginBrowser.dll (API version 3709383).
LogModuleManager: Display: Found up-to-date module file ../../../Engine/Plugins/Editor/SpeedTreeImporter/Binaries/Win64/UE4Editor-SpeedTreeImporter.dll (API version 3709383).
LogModuleManager: Display: Found up-to-date module file ../../../Engine/Plugins/Experimental/AlembicImporter/Binaries/Win64/UE4Editor-AlembicImporter.dll (API version 3709383).
LogModuleManager: Display: Found up-to-date module file ../../../Engine/Plugins/Experimental/AlembicImporter/Binaries/Win64/UE4Editor-AlembicLibrary.dll (API version 3709383).
LogModuleManager: Display: Found up-to-date module file ../../../Engine/Plugins/Experimental/CharacterAI/Binaries/Win64/UE4Editor-CharacterAI.dll (API version 3709383).
LogModuleManager: Display: Found up-to-date module file ../../../Engine/Plugins/Experimental/HTML5Networking/Binaries/Win64/UE4Editor-HTML5Networking.dll (API version 3709383).
LogModuleManager: Display: Found up-to-date module file ../../../Engine/Plugins/Media/AndroidMedia/Binaries/Win64/UE4Editor-AndroidMediaEditor.dll (API version 3709383).
LogModuleManager: Display: Found up-to-date module file ../../../Engine/Plugins/Media/AndroidMedia/Binaries/Win64/UE4Editor-AndroidMediaFactory.dll (API version 3709383).
LogModuleManager: Display: Found up-to-date module file ../../../Engine/Plugins/Media/AvfMedia/Binaries/Win64/UE4Editor-AvfMediaEditor.dll (API version 3709383).
LogModuleManager: Display: Found up-to-date module file ../../../Engine/Plugins/Media/AvfMedia/Binaries/Win64/UE4Editor-AvfMediaFactory.dll (API version 3709383).
LogModuleManager: Display: Found up-to-date module file ../../../Engine/Plugins/Media/AvfMedia/Binaries/Win64/UE4Editor-AvfMediaFactory.dll (API version 3709383).
LogModuleManager: Display: Found up-to-date module file ../../../Engine/Plugins/Media/ImgMedia/Binaries/Win64/UE4Editor-ImgMedia.dll (API version 3709383).
LogModuleManager: Display: Found up-to-date module file ../../../Engine/Plugins/Media/ImgMedia/Binaries/Win64/UE4Editor-ImgMediaEditor.dll (API version 3709383).
LogModuleManager: Display: Found up-to-date module file ../../../Engine/Plugins/Media/ImgMedia/Binaries/Win64/UE4Editor-ImgMediaFactory.dll (API version 3709383).
LogModuleManager: Display: Found up-to-date module file ../../../Engine/Plugins/Media/ImgMedia/Binaries/Win64/UE4Editor-ImgMediaFactory.dll (API version 3709383).
LogModuleManager: Display: Found up-to-date module file ../../../Engine/Plugins/Media/ImgMedia/Binaries/Win64/UE4Editor-OpenExrWrapper.dll (API version 3709383).
LogModuleManager: Display: Found up-to-date module file ../../../Engine/Plugins/Media/MediaCompositing/Binaries/Win64/UE4Editor-MediaCompositing.dll (API version 3709383).
LogModuleManager: Display: Found up-to-date module file ../../../Engine/Plugins/Media/MediaCompositing/Binaries/Win64/UE4Editor-MediaCompositingEditor.dll (API version 3709383).
LogModuleManager: Display: Found up-to-date module file ../../../Engine/Plugins/Media/MediaPlayerEditor/Binaries/Win64/UE4Editor-MediaPlayerEditor.dll (API version 3709383).
LogModuleManager: Display: Found up-to-date module file ../../../Engine/Plugins/Media/WmfMedia/Binaries/Win64/UE4Editor-WmfMedia.dll (API version 3709383).
LogModuleManager: Display: Found up-to-date module file ../../../Engine/Plugins/Media/WmfMedia/Binaries/Win64/UE4Editor-WmfMediaEditor.dll (API version 3709383).
LogModuleManager: Display: Found up-to-date module file ../../../Engine/Plugins/Media/WmfMedia/Binaries/Win64/UE4Editor-WmfMediaFactory.dll (API version 3709383).
LogModuleManager: Display: Found up-to-date module file ../../../Engine/Plugins/Media/WmfMedia/Binaries/Win64/UE4Editor-WmfMediaFactory.dll (API version 3709383).
LogModuleManager: Display: Found up-to-date module file ../../../Engine/Plugins/Messaging/TcpMessaging/Binaries/Win64/UE4Editor-TcpMessaging.dll (API version 3709383).
LogModuleManager: Display: Found up-to-date module file ../../../Engine/Plugins/Messaging/UdpMessaging/Binaries/Win64/UE4Editor-UdpMessaging.dll (API version 3709383).
LogModuleManager: Display: Found up-to-date module file ../../../Engine/Plugins/MovieScene/ActorSequence/Binaries/Win64/UE4Editor-ActorSequence.dll (API version 3709383).
LogModuleManager: Display: Found up-to-date module file ../../../Engine/Plugins/MovieScene/LevelSequenceEditor/Binaries/Win64/UE4Editor-LevelSequenceEditor.dll (API version 3709383).
LogModuleManager: Display: Found up-to-date module file ../../../Engine/Plugins/MovieScene/MatineeToLevelSequence/Binaries/Win64/UE4Editor-MatineeToLevelSequence.dll (API version 3709383).
LogModuleManager: Display: Found up-to-date module file ../../../Engine/Plugins/Online/OnlineSubsystem/Binaries/Win64/UE4Editor-OnlineSubsystem.dll (API version 3709383).
LogModuleManager: Display: Found up-to-date module file ../../../Engine/Plugins/Runtime/AndroidPermission/Binaries/Win64/UE4Editor-AndroidPermission.dll (API version 3709383).
LogModuleManager: Display: Found up-to-date module file ../../../Engine/Plugins/Online/OnlineSubsystemNull/Binaries/Win64/UE4Editor-OnlineSubsystemNull.dll (API version 3709383).
LogModuleManager: Display: Found up-to-date module file ../../../Engine/Plugins/Online/OnlineSubsystemUtils/Binaries/Win64/UE4Editor-OnlineSubsystemUtils.dll (API version 3709383).
LogModuleManager: Display: Found up-to-date module file ../../../Engine/Plugins/Online/OnlineSubsystemUtils/Binaries/Win64/UE4Editor-OnlineBlueprintSupport.dll (API version 3709383).
LogModuleManager: Display: Found up-to-date module file ../../../Engine/Plugins/Runtime/AndroidDeviceProfileSelector/Binaries/Win64/UE4Editor-AndroidDeviceProfileSelector.dll (API version 3709383).
LogModuleManager: Display: Found up-to-date module file ../../../Engine/Plugins/Runtime/AppleARKit/Binaries/Win64/UE4Editor-AppleARKit.dll (API version 3709383).
LogModuleManager: Display: Found up-to-date module file ../../../Engine/Plugins/Runtime/ArchVisCharacter/Binaries/Win64/UE4Editor-ArchVisCharacter.dll (API version 3709383).
LogModuleManager: Display: Found up-to-date module file ../../../Engine/Plugins/Runtime/CableComponent/Binaries/Win64/UE4Editor-CableComponent.dll (API version 3709383).
LogModuleManager: Display: Found up-to-date module file ../../../Engine/Plugins/Runtime/CustomMeshComponent/Binaries/Win64/UE4Editor-CustomMeshComponent.dll (API version 3709383).
LogModuleManager: Display: Found up-to-date module file ../../../Engine/Plugins/Runtime/ExampleDeviceProfileSelector/Binaries/Win64/UE4Editor-ExampleDeviceProfileSelector.dll (API version 3709383).
LogModuleManager: Display: Found up-to-date module file ../../../Engine/Plugins/Runtime/ImmediatePhysics/Binaries/Win64/UE4Editor-ImmediatePhysics.dll (API version 3709383).
LogModuleManager: Display: Found up-to-date module file ../../../Engine/Plugins/Runtime/ImmediatePhysics/Binaries/Win64/UE4Editor-ImmediatePhysicsEditor.dll (API version 3709383).
LogModuleManager: Display: Found up-to-date module file ../../../Engine/Plugins/Runtime/LocationServicesBPLibrary/Binaries/Win64/UE4Editor-LocationServicesBPLibrary.dll (API version 3709383).
LogModuleManager: Display: Found up-to-date module file ../../../Engine/Plugins/Runtime/MobilePatchingUtils/Binaries/Win64/UE4Editor-MobilePatchingUtils.dll (API version 3709383).
LogModuleManager: Display: Found up-to-date module file ../../../Engine/Plugins/Runtime/Oculus/OculusVR/Binaries/Win64/UE4Editor-OculusHMD.dll (API version 3709383).
LogModuleManager: Display: Found up-to-date module file ../../../Engine/Plugins/Runtime/Oculus/OculusVR/Binaries/Win64/UE4Editor-OculusInput.dll (API version 3709383).
LogModuleManager: Display: Found up-to-date module file ../../../Engine/Plugins/Runtime/Oculus/OculusVR/Binaries/Win64/UE4Editor-OculusEditor.dll (API version 3709383).
LogModuleManager: Display: Found up-to-date module file ../../../Engine/Plugins/Runtime/PhysXVehicles/Binaries/Win64/UE4Editor-PhysXVehicles.dll (API version 3709383).
LogModuleManager: Display: Found up-to-date module file ../../../Engine/Plugins/Runtime/PhysXVehicles/Binaries/Win64/UE4Editor-PhysXVehiclesEditor.dll (API version 3709383).
LogModuleManager: Display: Found up-to-date module file ../../../Engine/Plugins/Runtime/ProceduralMeshComponent/Binaries/Win64/UE4Editor-ProceduralMeshComponent.dll (API version 3709383).
LogModuleManager: Display: Found up-to-date module file ../../../Engine/Plugins/Runtime/ProceduralMeshComponent/Binaries/Win64/UE4Editor-ProceduralMeshComponentEditor.dll (API version 3709383).
LogModuleManager: Display: Found up-to-date module file ../../../Engine/Plugins/Runtime/RuntimePhysXCooking/Binaries/Win64/UE4Editor-RuntimePhysXCooking.dll (API version 3709383).
LogModuleManager: Display: Found up-to-date module file ../../../Engine/Plugins/Runtime/Steam/SteamVR/Binaries/Win64/UE4Editor-SteamVR.dll (API version 3709383).
LogModuleManager: Display: Found up-to-date module file ../../../Engine/Plugins/Runtime/Steam/SteamVR/Binaries/Win64/UE4Editor-SteamVRController.dll (API version 3709383).
LogModuleManager: Display: Found up-to-date module file ../../../Engine/Plugins/Runtime/WindowsMoviePlayer/Binaries/Win64/UE4Editor-WindowsMoviePlayer.dll (API version 3709383).
LogPluginManager: Mounting plugin Paper2D
LogPluginManager: Mounting plugin LightPropagationVolume
LogPluginManager: Mounting plugin CodeLiteSourceCodeAccess
LogPluginManager: Mounting plugin GitSourceControl
LogPluginManager: Mounting plugin KDevelopSourceCodeAccess
LogPluginManager: Mounting plugin NullSourceCodeAccess
LogPluginManager: Mounting plugin PerforceSourceControl
LogPluginManager: Mounting plugin SubversionSourceControl
LogPluginManager: Mounting plugin UObjectPlugin
LogPluginManager: Mounting plugin VisualStudioCodeSourceCodeAccess
LogPluginManager: Mounting plugin VisualStudioSourceCodeAccess
LogPluginManager: Mounting plugin XCodeSourceCodeAccess
LogPluginManager: Mounting plugin AssetManagerEditor
LogPluginManager: Mounting plugin AudioCapture
LogPluginManager: Mounting plugin FacialAnimation
LogPluginManager: Mounting plugin GameplayTagsEditor
LogPluginManager: Mounting plugin MobileLauncherProfileWizard
LogPluginManager: Mounting plugin PluginBrowser
LogPluginManager: Mounting plugin SpeedTreeImporter
LogPluginManager: Mounting plugin AlembicImporter
LogPluginManager: Mounting plugin CharacterAI
LogPluginManager: Mounting plugin HTML5Networking
LogPluginManager: Mounting plugin AndroidMedia
LogPluginManager: Mounting plugin AvfMedia
LogPluginManager: Mounting plugin ImgMedia
LogPluginManager: Mounting plugin MediaCompositing
LogPluginManager: Mounting plugin MediaPlayerEditor
LogPluginManager: Mounting plugin WmfMedia
LogPluginManager: Mounting plugin TcpMessaging
LogPluginManager: Mounting plugin UdpMessaging
LogPluginManager: Mounting plugin ActorSequence
LogPluginManager: Mounting plugin LevelSequenceEditor
LogPluginManager: Mounting plugin MatineeToLevelSequence
LogPluginManager: Mounting plugin OnlineSubsystemGooglePlay
LogPluginManager: Mounting plugin OnlineSubsystemIOS
LogPluginManager: Mounting plugin OnlineSubsystem
LogPluginManager: Mounting plugin OnlineSubsystemNull
LogPluginManager: Mounting plugin OnlineSubsystemUtils
LogPluginManager: Mounting plugin AndroidDeviceProfileSelector
LogPluginManager: Mounting plugin AndroidMoviePlayer
LogPluginManager: Mounting plugin AndroidPermission
LogPluginManager: Mounting plugin AppleARKit
LogPluginManager: Mounting plugin AppleMoviePlayer
LogPluginManager: Mounting plugin ArchVisCharacter
LogPluginManager: Mounting plugin CableComponent
LogPluginManager: Mounting plugin CustomMeshComponent
LogPluginManager: Mounting plugin ExampleDeviceProfileSelector
LogPluginManager: Mounting plugin GoogleCloudMessaging
LogPluginManager: Mounting plugin ImmediatePhysics
LogPluginManager: Mounting plugin IOSDeviceProfileSelector
LogPluginManager: Mounting plugin LinuxDeviceProfileSelector
LogPluginManager: Mounting plugin LocationServicesBPLibrary
LogPluginManager: Mounting plugin MobilePatchingUtils
LogPluginManager: Mounting plugin OculusVR
LogPluginManager: Plugin shader directory ../../../Engine/Plugins/Runtime/Oculus/OculusVR/Shaders found
LogPluginManager: Mapping shader source directory ../../../Engine/Plugins/Runtime/Oculus/OculusVR/Shaders to virtual directory /Plugin/OculusVR
LogPluginManager: Mounting plugin PhysXVehicles
LogPluginManager: Mounting plugin ProceduralMeshComponent
LogPluginManager: Mounting plugin RuntimePhysXCooking
LogPluginManager: Mounting plugin SteamVR
LogPluginManager: Mounting plugin WindowsMoviePlayer
LogInit: Using libcurl 7.47.1
LogInit:  - built for x86_64-pc-win32
LogInit:  - supports SSL with OpenSSL/1.0.2g
LogInit:  - supports HTTP deflate (compression) using libz 1.2.8
LogInit:  - other features:
LogInit:      CURL_VERSION_SSL
LogInit:      CURL_VERSION_LIBZ
LogInit:      CURL_VERSION_IPV6
LogInit:      CURL_VERSION_ASYNCHDNS
LogInit:      CURL_VERSION_LARGEFILE
LogInit:      CURL_VERSION_IDN
LogInit:  CurlRequestOptions (configurable via config and command line):
LogInit:  - bVerifyPeer = false  - Libcurl will NOT verify peer certificate
LogInit:  - bUseHttpProxy = false  - Libcurl will NOT use HTTP proxy
LogInit:  - bDontReuseConnections = false  - Libcurl will reuse connections
LogInit:  - CertBundlePath = nullptr  - Libcurl will use whatever was configured at build time.
LogInit: Build: ++UE4+Release-4.18-CL-3709383
LogInit: Engine Version: 4.18.0-3709383+++UE4+Release-4.18
LogInit: Compatible Engine Version: 4.18.0-3709383+++UE4+Release-4.18
LogInit: Net CL: 3709383
LogDevObjectVersion: Number of dev versions registered: 16
LogDevObjectVersion:   Dev-Blueprints (B0D832E4-1F89-4F0D-ACCF-7EB736FD4AA2): 10
LogDevObjectVersion:   Dev-Build (E1C64328-A22C-4D53-A36C-8E866417BD8C): 0
LogDevObjectVersion:   Dev-Core (375EC13C-06E4-48FB-B500-84F0262A717E): 2
LogDevObjectVersion:   Dev-Editor (E4B068ED-F494-42E9-A231-DA0B2E46BB41): 20
LogDevObjectVersion:   Dev-Framework (CFFC743F-43B0-4480-9391-14DF171D2073): 30
LogDevObjectVersion:   Dev-Mobile (B02B49B5-BB20-44E9-A304-32B752E40360): 0
LogDevObjectVersion:   Dev-Networking (A4E4105C-59A1-49B5-A7C5-40C4547EDFEE): 0
LogDevObjectVersion:   Dev-Online (39C831C9-5AE6-47DC-9A44-9C173E1C8E7C): 0
LogDevObjectVersion:   Dev-Physics (78F01B33-EBEA-4F98-B9B4-84EACCB95AA2): 0
LogDevObjectVersion:   Dev-Platform (6631380F-2D4D-43E0-8009-CF276956A95A): 0
LogDevObjectVersion:   Dev-Rendering (12F88B9F-8875-4AFC-A67C-D90C383ABD29): 20
LogDevObjectVersion:   Dev-Sequencer (7B5AE74C-D270-4C10-A958-57980B212A5A): 4
LogDevObjectVersion:   Dev-VR (D7296918-1DD6-4BDD-9DE2-64A83CC13884): 0
LogDevObjectVersion:   Dev-LoadTimes (C2A15278-BFE7-4AFE-6C17-90FF531DF755): 1
LogDevObjectVersion:   Private-Geometry (6EACA3D4-40EC-4CC1-B786-8BED09428FC5): 1
LogDevObjectVersion:   Dev-AnimPhys (29E575DD-E0A3-4627-9D10-D276232CDCEA): 12
LogInit: Compiled (64-bit): Oct 20 2017 10:39:19
LogInit: Compiled with Visual C++: 19.00.24215.01
LogInit: Build Configuration: Development
LogInit: Branch Name: ++UE4+Release-4.18
LogInit: Command line:  
LogInit: Base directory: C:/Program Files/Epic Games/UE_4.18/Engine/Binaries/Win64/
LogInit: Installed Engine Build: 1
LogInit: Presizing for max 8388607 objects, including 0 objects not considered by GC, pre-allocating 0 bytes for permanent pool.
LogInit: Object subsystem initialized
[2017.11.15-02.38.41:347][  0]LogInit: Selected Device Profile: [Windows]
[2017.11.15-02.38.41:347][  0]LogInit: Applying CVar settings loaded from the selected device profile: [Windows]
[2017.11.15-02.38.41:398][  0]LogInit: Computer: AMASCARO2-PC
[2017.11.15-02.38.41:398][  0]LogInit: User: amascaro
[2017.11.15-02.38.41:398][  0]LogInit: CPU Page size=4096, Cores=2
[2017.11.15-02.38.41:398][  0]LogInit: High frequency timer resolution =2.597685 MHz
[2017.11.15-02.38.41:399][  0]LogMemory: Memory total: Physical=3.9GB (4GB approx)
[2017.11.15-02.38.41:400][  0]LogMemory: Platform Memory Stats for Windows
[2017.11.15-02.38.41:400][  0]LogMemory: Process Physical Memory: 271.39 MB used, 271.39 MB peak
[2017.11.15-02.38.41:400][  0]LogMemory: Process Virtual Memory: 268.00 MB used, 268.00 MB peak
[2017.11.15-02.38.41:400][  0]LogMemory: Physical Memory: 2984.24 MB used,  1045.38 MB free, 4029.62 MB total
[2017.11.15-02.38.41:400][  0]LogMemory: Virtual Memory: 612.07 MB used,  1045.38 MB free, 8388608.00 MB total
[2017.11.15-02.38.41:947][  0]LogInit: Using OS detected language (en-US).
[2017.11.15-02.38.41:947][  0]LogInit: Using OS detected locale (en-US).
[2017.11.15-02.38.41:960][  0]LogTextLocalizationManager: No specific localization for 'en-US' exists, so the 'en' localization will be used.
[2017.11.15-02.38.42:793][  0]LogWindows: Failed to load 'shcore.dll' (GetLastError=126)
[2017.11.15-02.38.42:793][  0]LogWindows: File 'shcore.dll' does not exist
[2017.11.15-02.38.42:793][  0]LogInit: Setting process to DPI aware
[2017.11.15-02.38.42:802][  0]LogWindows: Failed to load 'shcore.dll' (GetLastError=126)
[2017.11.15-02.38.42:802][  0]LogWindows: File 'shcore.dll' does not exist
[2017.11.15-02.38.42:802][  0]LogInit: Setting process to DPI aware
[2017.11.15-02.38.43:421][  0]LogD3D11RHI: D3D11 adapters:
[2017.11.15-02.38.43:520][  0]LogD3D11RHI:    0. 'NVIDIA GeForce GTX 660' (Feature Level 11_0)
[2017.11.15-02.38.43:520][  0]LogD3D11RHI:       1988/0/1758 MB DedicatedVideo/DedicatedSystem/SharedSystem, Outputs:1, VendorId:0x10de
[2017.11.15-02.38.43:520][  0]LogD3D11RHI: Chosen D3D11 Adapter: 0
[2017.11.15-02.38.43:532][  0]LogD3D11RHI: Creating new Direct3DDevice
[2017.11.15-02.38.43:532][  0]LogD3D11RHI:     GPU DeviceId: 0x11c0 (for the marketing name, search the web for "GPU Device Id")
[2017.11.15-02.38.43:532][  0]LogWindows: EnumDisplayDevices:
[2017.11.15-02.38.43:534][  0]LogWindows:    0. 'NVIDIA GeForce GTX 660' (P:1 D:1)
[2017.11.15-02.38.43:535][  0]LogWindows:    1. 'NVIDIA GeForce GTX 660' (P:0 D:0)
[2017.11.15-02.38.43:535][  0]LogWindows:    2. 'NVIDIA GeForce GTX 660' (P:0 D:0)
[2017.11.15-02.38.43:535][  0]LogWindows:    3. 'NVIDIA GeForce GTX 660' (P:0 D:0)
[2017.11.15-02.38.43:535][  0]LogWindows:    4. 'RDPDD Chained DD' (P:0 D:0)
[2017.11.15-02.38.43:535][  0]LogWindows:    5. 'RDP Encoder Mirror Driver' (P:0 D:0)
[2017.11.15-02.38.43:536][  0]LogWindows:    6. 'RDP Reflector Display Driver' (P:0 D:0)
[2017.11.15-02.38.43:536][  0]LogWindows: DebugString: GetVideoDriverDetailsInvalid PrimaryIsNotTheChoosenAdapter GetVideoDriverDetailsInvalid PrimaryIsNotTheChoosenAdapter GetVideoDriverDetailsInvalid PrimaryIsNotTheChoosenAdapter FoundDriverCount:4 
[2017.11.15-02.38.43:536][  0]LogD3D11RHI:     Adapter Name: NVIDIA GeForce GTX 660
[2017.11.15-02.38.43:536][  0]LogD3D11RHI:   Driver Version: 387.92 (internal:23.21.13.8792, unified:387.92)
[2017.11.15-02.38.43:536][  0]LogD3D11RHI:      Driver Date: 10-6-2017
[2017.11.15-02.38.43:536][  0]LogRHI: Texture pool is 1391 MB (70% of 1988 MB)
[2017.11.15-02.38.43:556][  0]LogD3D11RHI: Async texture creation enabled
[2017.11.15-02.38.43:575][  0]LogD3D11RHI: GPU Timing Frequency: 1000.000000 (Debug: 2 2)
[2017.11.15-02.38.43:586][  0]LogShaderCompilers: Guid format shader working directory is 37 characters bigger than the processId version (P:/ue/Grid1/Intermediate/Shaders/WorkingDirectory/25732/).
[2017.11.15-02.38.43:587][  0]LogShaderCompilers: Cleaned the shader compiler working directory 'C:/Users/amascaro/AppData/Local/Temp/UnrealShaderWorkingDir/EFE3E6CD456247E00A4EC3BF3A7BE53D/'.
[2017.11.15-02.38.43:587][  0]LogShaderCompilers: Display: Using Local Shader Compiler.
[2017.11.15-02.38.46:135][  0]LogTemp: Display: Loaded TP AllDesktopTargetPlatform
[2017.11.15-02.38.46:240][  0]LogTemp: Display: Loaded TP MacClientTargetPlatform
[2017.11.15-02.38.46:334][  0]LogTemp: Display: Loaded TP MacNoEditorTargetPlatform
[2017.11.15-02.38.46:430][  0]LogTemp: Display: Loaded TP MacServerTargetPlatform
[2017.11.15-02.38.46:527][  0]LogTemp: Display: Loaded TP MacTargetPlatform
[2017.11.15-02.38.46:621][  0]LogTemp: Display: Loaded TP WindowsClientTargetPlatform
[2017.11.15-02.38.46:719][  0]LogTemp: Display: Loaded TP WindowsNoEditorTargetPlatform
[2017.11.15-02.38.46:815][  0]LogTemp: Display: Loaded TP WindowsServerTargetPlatform
[2017.11.15-02.38.46:895][  0]LogTemp: Display: Loaded TP WindowsTargetPlatform
[2017.11.15-02.38.46:987][  0]LogTemp: Display: Loaded TP Android_ASTCTargetPlatform
[2017.11.15-02.38.47:079][  0]LogTemp: Display: Loaded TP Android_ATCTargetPlatform
[2017.11.15-02.38.47:171][  0]LogTemp: Display: Loaded TP Android_DXTTargetPlatform
[2017.11.15-02.38.47:266][  0]LogTemp: Display: Loaded TP Android_ETC1TargetPlatform
[2017.11.15-02.38.47:360][  0]LogTemp: Display: Loaded TP Android_ETC2TargetPlatform
[2017.11.15-02.38.47:552][  0]LogTemp: Display: Loaded TP Android_MultiTargetPlatform
[2017.11.15-02.38.47:552][  0]LogTemp: Display: Loaded TP Android_PVRTCTargetPlatform
[2017.11.15-02.38.47:667][  0]LogTemp: Display: Loaded TP AndroidTargetPlatform
[2017.11.15-02.38.47:750][  0]LogTemp: Display: Loaded TP HTML5TargetPlatform
[2017.11.15-02.38.47:914][  0]LogTemp: Display: Loaded TP IOSTargetPlatform
[2017.11.15-02.38.47:972][  0]LogTemp: Display: Loaded TP TVOSTargetPlatform
[2017.11.15-02.38.48:068][  0]LogTemp: Display: Loaded TP LinuxClientTargetPlatform
[2017.11.15-02.38.48:164][  0]LogTemp: Display: Loaded TP LinuxNoEditorTargetPlatform
[2017.11.15-02.38.48:257][  0]LogTemp: Display: Loaded TP LinuxServerTargetPlatform
[2017.11.15-02.38.48:358][  0]LogTemp: Display: Loaded TP LinuxTargetPlatform
[2017.11.15-02.38.48:358][  0]LogTargetPlatformManager: Display: Building Assets For Windows
[2017.11.15-02.38.49:321][  0]LogDerivedDataCache: Display: Max Cache Size: 512 MB
[2017.11.15-02.38.49:811][  0]LogDerivedDataCache: Loaded boot cache 0.49s 78MB C:/Users/amascaro/AppData/Local/UnrealEngine/4.18/DerivedDataCache/Boot.ddc.
[2017.11.15-02.38.49:812][  0]LogDerivedDataCache: Display: Loaded Boot cache: C:/Users/amascaro/AppData/Local/UnrealEngine/4.18/DerivedDataCache/Boot.ddc
[2017.11.15-02.38.49:812][  0]LogDerivedDataCache: FDerivedDataBackendGraph:  Pak pak cache file P:/ue/Grid1/DerivedDataCache/DDC.ddp not found, will not use a pak cache.
[2017.11.15-02.38.49:812][  0]LogDerivedDataCache: Unable to find inner node Pak for hierarchical cache Hierarchy.
[2017.11.15-02.38.49:812][  0]LogDerivedDataCache: FDerivedDataBackendGraph:  CompressedPak pak cache file P:/ue/Grid1/DerivedDataCache/Compressed.ddp not found, will not use a pak cache.
[2017.11.15-02.38.49:812][  0]LogDerivedDataCache: Unable to find inner node CompressedPak for hierarchical cache Hierarchy.
[2017.11.15-02.38.49:851][  0]LogDerivedDataCache: Display: Pak cache opened for reading ../../../Engine/DerivedDataCache/Compressed.ddp.
[2017.11.15-02.38.49:863][  0]LogDerivedDataCache: Using Local data cache path C:/Users/amascaro/AppData/Local/UnrealEngine/Common/DerivedDataCache: Writable
[2017.11.15-02.38.49:888][  0]LogMaterial: Verifying Global Shaders for PCD3D_SM5
[2017.11.15-02.38.49:889][  0]LogSlate: Using Freetype 2.6.0
[2017.11.15-02.38.49:892][  0]LogSlate: SlateFontCache - WITH_FREETYPE: 1, WITH_HARFBUZZ: 1
[2017.11.15-02.38.49:892][  0]LogSlate: SlateFontCache - WITH_FREETYPE: 1, WITH_HARFBUZZ: 1
[2017.11.15-02.38.50:835][  0]LogInit: Selected Device Profile: [Windows]
[2017.11.15-02.38.51:452][  0]LogSimplygon: Simplygon DLL not present - disabling.
[2017.11.15-02.38.51:529][  0]LogMeshReduction: Using SimplygonSwarm for distributed automatic mesh merging
[2017.11.15-02.38.51:529][  0]LogMeshReduction: Using QuadricMeshReduction for automatic static mesh reduction
[2017.11.15-02.38.51:529][  0]LogMeshReduction: No automatic skeletal mesh reduction module available
[2017.11.15-02.38.51:529][  0]LogMeshReduction: No automatic mesh merging module available
[2017.11.15-02.38.51:529][  0]LogMeshMerging: No automatic mesh merging module available
[2017.11.15-02.38.51:570][  0]LogNetVersion: Grid1 , NetCL: 3709383, EngineNetVer: 2, GameNetVer: 0 (Checksum: 1394303240)
[2017.11.15-02.38.51:852][  0]LogAssetRegistry: FAssetRegistry took 0.0294 seconds to start up
[2017.11.15-02.38.53:225][  0]LogPackageLocalizationCache: Processed 7 localized package path(s) for 2 prioritized culture(s) in 0.157059 seconds
[2017.11.15-02.38.53:236][  0]LogUObjectArray: 35900 objects as part of root set at end of initial load.
[2017.11.15-02.38.53:236][  0]LogUObjectAllocator: 7372016 out of 0 bytes used by permanent object pool.
[2017.11.15-02.38.53:236][  0]LogUObjectArray: CloseDisregardForGC: 0/0 objects in disregard for GC pool
[2017.11.15-02.38.53:336][  0]LogInit: WinSock: version 1.1 (2.2), MaxSocks=32767, MaxUdp=65467
[2017.11.15-02.39.00:804][  0]LogTcpMessaging: Initializing TcpMessaging bridge
[2017.11.15-02.39.00:872][  0]LogUdpMessaging: Initializing bridge on interface 0.0.0.0:0 to multicast group 230.0.0.1:6666.
[2017.11.15-02.39.02:135][  0]LogMaterial: Uniform references updated for custom material expression Custom.
[2017.11.15-02.39.03:015][  0]SourceControl: Source control is disabled
[2017.11.15-02.39.03:015][  0]SourceControl: Source control is disabled
[2017.11.15-02.39.03:133][  0]SourceControl: Source control is disabled
[2017.11.15-02.39.03:233][  0]SourceControl: Source control is disabled
[2017.11.15-02.39.04:672][  0]LogAndroidPermission: UAndroidPermissionCallbackProxy::GetInstance
[2017.11.15-02.39.05:134][  0]LogOcInput: OculusInput pre-init called
[2017.11.15-02.39.05:680][  0]LogEngine: Initializing Engine...
[2017.11.15-02.39.05:685][  0]LogHMD: Failed to initialize OpenVR with code 110
[2017.11.15-02.39.06:407][  0]LogStats: UGameplayTagsManager::ConstructGameplayTagTree: Construct from data asset -  0.000 s
[2017.11.15-02.39.06:408][  0]LogStats: UGameplayTagsManager::ConstructGameplayTagTree: GameplayTagTreeChangedEvent.Broadcast -  0.000 s
[2017.11.15-02.39.06:786][  0]LogAIModule: Creating AISystem for world Untitled
[2017.11.15-02.39.06:837][  0]LogInit: XAudio2 using 'Headphones (High Definition Audio Device)' : 2 channels at 44.1 kHz using 16 bits per sample (channel mask 0x3)
[2017.11.15-02.39.06:853][  0]LogInit: FAudioDevice initialized.
[2017.11.15-02.39.07:011][  0]LogDerivedDataCache: Saved boot cache 0.16s 78MB C:/Users/amascaro/AppData/Local/UnrealEngine/4.18/DerivedDataCache/Boot.ddc.
[2017.11.15-02.39.07:061][  0]LogInit: Texture streaming: Enabled
[2017.11.15-02.39.07:275][  0]LogEngineSessionManager: EngineSessionManager initialized
[2017.11.15-02.39.07:275][  0]LogEngineSessionManager: EngineSessionManager sent abnormal shutdown report. Type=AbnormalShutdown, SessionId={B3FECF69-4EAA-DCFF-74B3-6F92BE4EE04B}
[2017.11.15-02.39.07:783][  0]LogInit: Transaction tracking system initialized
[2017.11.15-02.39.08:662][  0]BlueprintLog: New page: Editor Load
[2017.11.15-02.39.11:063][  0]LocalizationService: Localization service is disabled
[2017.11.15-02.39.14:225][  0]LogConsoleResponse: Display: 
[2017.11.15-02.39.14:764][  0]LogCook: Display: Max memory allowance for cook 16384mb min free memory 0mb
[2017.11.15-02.39.14:765][  0]LogCook: Display: Mobile HDR setting 1
[2017.11.15-02.39.14:766][  0]LogGameplayTags: Display: UGameplayTagsManager::DoneAddingNativeTags. DelegateIsBound: 0
[2017.11.15-02.39.15:460][  0]LogFileCache: Scanning file cache for directory 'P:/ue/Grid1/Content/' took 0.02s
[2017.11.15-02.39.18:400][  0]SourceControl: Source control is disabled
[2017.11.15-02.39.18:403][  0]Cmd: MAP LOAD FILE="P:/ue/Grid1/Content/ThirdPersonBP/Maps/ThirdPersonExampleMap.umap" TEMPLATE=0 SHOWPROGRESS=1 FEATURELEVEL=3
[2017.11.15-02.39.18:460][  0]LightingResults: New page: Lighting Build
[2017.11.15-02.39.18:551][  0]MapCheck: New page: Map Check
[2017.11.15-02.39.18:551][  0]LightingResults: New page: Lighting Build
[2017.11.15-02.39.23:316][  0]LogAIModule: Creating AISystem for world ThirdPersonExampleMap
[2017.11.15-02.39.23:399][  0]LogEditorServer: Finished looking for orphan Actors (0.000 secs)
[2017.11.15-02.39.23:449][  0]Cmd: MAP CHECKDEP NOCLEARLOG
[2017.11.15-02.39.23:540][  0]MapCheck: Map check complete: 0 Error(s), 0 Warning(s), took 90.512ms to complete.
[2017.11.15-02.39.23:540][  0]LogFileHelpers: Loading map 'ThirdPersonExampleMap' took 5.148
[2017.11.15-02.39.23:835][  0]LogCollectionManager: Loaded 0 collections in 0.003900 seconds
[2017.11.15-02.39.23:989][  0]LogFileCache: Scanning file cache for directory 'P:/ue/Grid1/Saved/Collections/' took 0.01s
[2017.11.15-02.39.23:989][  0]LogFileCache: Scanning file cache for directory 'P:/ue/Grid1/Content/Developers/amascaro/Collections/' took 0.01s
[2017.11.15-02.39.23:989][  0]LogFileCache: Scanning file cache for directory 'P:/ue/Grid1/Content/Collections/' took 0.00s
[2017.11.15-02.39.23:989][  0]LogCollectionManager: Rebuilt the GUID cache for 0 collections in 0.000000 seconds
[2017.11.15-02.39.24:010][  0]LogContentBrowser: Native class hierarchy populated in 0.0171 seconds. Added 2363 classes and 519 folders.
[2017.11.15-02.39.24:149][  0]LogContentBrowser: Native class hierarchy updated for 'WidgetCarousel' in 0.0004 seconds. Added 0 classes and 0 folders.
[2017.11.15-02.39.24:346][  0]LogContentBrowser: Native class hierarchy updated for 'AddContentDialog' in 0.0003 seconds. Added 0 classes and 0 folders.
[2017.11.15-02.39.24:597][  0]LogContentBrowser: Native class hierarchy updated for 'SceneOutliner' in 0.0004 seconds. Added 1 classes and 2 folders.
[2017.11.15-02.39.24:964][  0]LogSlate: Took 0.002037 seconds to synchronously load lazily loaded font '../../../Engine/Content/Slate/Fonts/Roboto-Regular.ttf' (155K)
[2017.11.15-02.39.24:972][  0]LogSlate: Took 0.002546 seconds to synchronously load lazily loaded font '../../../Engine/Content/Editor/Slate/Fonts/FontAwesome.ttf' (139K)
[2017.11.15-02.39.24:977][  0]LogSlate: Took 0.004278 seconds to synchronously load lazily loaded font '../../../Engine/Content/Slate/Fonts/Roboto-Bold.ttf' (160K)
[2017.11.15-02.39.25:015][  0]LogSlate: Took 0.003107 seconds to synchronously load lazily loaded font '../../../Engine/Content/Slate/Fonts/Roboto-Light.ttf' (159K)
[2017.11.15-02.39.25:276][  0]LogRenderer: Reallocating scene render targets to support 848x912 Format 10 NumSamples 1 (Frame:1).
[2017.11.15-02.39.25:778][  0]LogContentBrowser: Native class hierarchy updated for 'HierarchicalLODOutliner' in 0.0004 seconds. Added 1 classes and 2 folders.
[2017.11.15-02.39.25:778][  0]LogLoad: (Engine Initialization) Total time: 50.04 seconds
[2017.11.15-02.39.25:778][  0]LogLoad: (Engine Initialization) Total Blueprint compile time: 0.00 seconds
[2017.11.15-02.39.25:778][  0]LogExternalProfiler: No external profilers were discovered.  External profiling features will not be available.
[2017.11.15-02.39.26:147][  0]LogContentStreaming: Texture pool size now 1000 MB
[2017.11.15-02.39.26:812][  2]LogAssetRegistry: Asset discovery search completed in 35.0037 seconds
[2017.11.15-02.39.26:820][  2]LogCollectionManager: Rebuilt the object cache for 0 collections in 0.000001 seconds (found 0 objects)
[2017.11.15-02.39.26:820][  2]LogCollectionManager: Fixed up redirectors for 0 collections in 0.000107 seconds (updated 0 objects)
[2017.11.15-02.39.35:795][516]LogSlate: Took 0.000329 seconds to synchronously load lazily loaded font '../../../Engine/Content/Slate/Fonts/Roboto-Light.ttf' (159K)
[2017.11.15-02.39.35:873][516]LogLinker: Warning: Can't find file '/Game/ThirdPersonBP/Maps/ScaleTest_BuiltData'
[2017.11.15-02.39.35:874][516]LogLinker: Warning: Can't find file for asset '/Game/ThirdPersonBP/Maps/ScaleTest_BuiltData' while loading P:/ue/Grid1/Content/ThirdPersonBP/Maps/ScaleTest.umap.
[2017.11.15-02.39.35:874][516]LoadErrors: Error: /Game/ThirdPersonBP/Maps/ScaleTest : Can't find file for asset. /Game/ThirdPersonBP/Maps/ScaleTest_BuiltData
[2017.11.15-02.39.35:930][516]LogLinker: Warning: Can't find file '/Game/ThirdPersonBP/Maps/ScaleTest_BuiltData'
[2017.11.15-02.39.35:930][516]LogLinker: Warning: Can't find file for asset '/Game/ThirdPersonBP/Maps/ScaleTest_BuiltData' while loading P:/ue/Grid1/Content/ThirdPersonBP/Maps/ScaleTest.umap.
[2017.11.15-02.39.35:937][516]LogLinker: Warning: Can't find file '/Game/ThirdPersonBP/Maps/ScaleTest_BuiltData'
[2017.11.15-02.39.35:937][516]LogLinker: Warning: Can't find file for asset '/Game/ThirdPersonBP/Maps/ScaleTest_BuiltData' while loading NULL.
[2017.11.15-02.39.35:938][516]LogLinker: Warning: Can't find file '/Game/ThirdPersonBP/Maps/ScaleTest_BuiltData'
[2017.11.15-02.39.35:938][516]LogLinker: Warning: Can't find file for asset '/Game/ThirdPersonBP/Maps/ScaleTest_BuiltData' while loading NULL.
[2017.11.15-02.39.35:955][516]LogLinker: Warning: Can't find file '/Game/ThirdPersonBP/Maps/ScaleTest_BuiltData'
[2017.11.15-02.39.35:955][516]LoadErrors: Failed to load /Game/ThirdPersonBP/Maps/ScaleTest_BuiltData.ScaleTest_BuiltData Referenced by PersistentLevel
[2017.11.15-02.39.35:955][516]LogLinker: Warning: Can't find file for asset '/Game/ThirdPersonBP/Maps/ScaleTest_BuiltData' while loading NULL.
[2017.11.15-02.39.35:962][516]LogMaterial: Uniform references updated for custom material expression Custom.
[2017.11.15-02.39.36:136][516]LogAIModule: Creating AISystem for world ScaleTest
[2017.11.15-02.39.36:187][516]Cmd: MAP LOAD FILE="P:/ue/Grid1/Content/ThirdPersonBP/Maps/ScaleTest.umap" TEMPLATE=0 SHOWPROGRESS=1 FEATURELEVEL=3
[2017.11.15-02.39.36:187][516]LightingResults: New page: Lighting Build
[2017.11.15-02.39.36:188][516]LoadErrors: New page: Loading map: ScaleTest.umap
[2017.11.15-02.39.36:190][516]MapCheck: New page: Map Check
[2017.11.15-02.39.36:190][516]LightingResults: New page: Lighting Build
[2017.11.15-02.39.36:348][516]LogEditorServer: Finished looking for orphan Actors (0.000 secs)
[2017.11.15-02.39.36:434][516]Cmd: MAP CHECKDEP NOCLEARLOG
[2017.11.15-02.39.36:527][516]MapCheck: Map check complete: 0 Error(s), 0 Warning(s), took 92.919ms to complete.
[2017.11.15-02.39.36:527][516]LogFileHelpers: Loading map 'ScaleTest' took 0.342
[2017.11.15-02.39.40:996][757]LogMaterial: Missing cached shader map for material Material_0, compiling. 
[2017.11.15-02.40.18:682][677]LogFactory: FactoryCreateFile: StaticMesh with FbxFactory (0 0 C:\Users\amascaro\Downloads\Gost House\3D models\Gost House (3).FBX)
[2017.11.15-02.40.18:723][677]LogFbx: ItemName: Model, ItemCount : 10
[2017.11.15-02.40.18:723][677]LogFbx: ItemName: Geometry, ItemCount : 2
[2017.11.15-02.40.18:723][677]LogFbx: ItemName: Material, ItemCount : 2
[2017.11.15-02.40.18:723][677]LogFbx: ItemName: Texture, ItemCount : 2
[2017.11.15-02.40.18:723][677]LogFbx: ItemName: Video, ItemCount : 2
[2017.11.15-02.40.18:723][677]LogFbx: ItemName: GlobalSettings, ItemCount : 1
[2017.11.15-02.40.18:737][677]LogFbx: Loading FBX Scene from C:\Users\amascaro\Downloads\Gost House\3D models\Gost House (3).FBX
[2017.11.15-02.40.18:922][677]LogFbx: FBX Scene Loaded Succesfully
[2017.11.15-02.40.21:022][677]LogFbx: Loading FBX Scene from C:\Users\amascaro\Downloads\Gost House\3D models\Gost House (3).FBX
[2017.11.15-02.40.21:082][677]LogFbx: FBX Scene Loaded Succesfully
[2017.11.15-02.40.21:128][677]LogStaticMesh: Building static mesh Gost_House__3__Gost_House__www_3dislands_blogspot_com_...
[2017.11.15-02.40.21:461][677]LogStaticMesh: Built static mesh [0.33s] /Game/RefScales/Gost_House__3__Gost_House__www_3dislands_blogspot_com_.Gost_House__3__Gost_House__www_3dislands_blogspot_com_
[2017.11.15-02.40.21:495][677]LogStaticMesh: Warning: Gost_House__3__Gost_House__www_3dislands_blogspot_com_ has degenerate tangent bases which will result in incorrect shading.  MikkTSpace relies on tangent bases and may result in mesh corruption, consider disabling this option.
[2017.11.15-02.40.21:495][677]LogStaticMesh: Warning: Gost_House__3__Gost_House__www_3dislands_blogspot_com_ has some nearly zero bi-normals which can create some issues. (Tolerance of 1E-4)
[2017.11.15-02.40.21:536][677]LogStaticMesh: Building static mesh Gost_House__3__plants...
[2017.11.15-02.40.21:562][677]LogStaticMesh: Built static mesh [0.03s] /Game/RefScales/Gost_House__3__plants.Gost_House__3__plants
[2017.11.15-02.40.21:580][677]FBXImport: Warning: Gost_House__3__Gost_House__www_3dislands_blogspot_com_ has degenerate tangent bases which will result in incorrect shading.  MikkTSpace relies on tangent bases and may result in mesh corruption, consider disabling this option. 
[2017.11.15-02.40.21:581][677]FBXImport: Warning: Gost_House__3__Gost_House__www_3dislands_blogspot_com_ has some nearly zero bi-normals which can create some issues. (Tolerance of 1E-4) 
[2017.11.15-02.40.35:270][101]LogAssetTools: Warning: Failed to import 'C:\Users\amascaro\Downloads\RoadV2\Road.3ds\roadV2.3ds'. Unknown extension '3ds'.
[2017.11.15-02.40.35:280][101]LogSlate: Took 0.000324 seconds to synchronously load lazily loaded font '../../../Engine/Content/Slate/Fonts/Roboto-Light.ttf' (159K)
[2017.11.15-02.40.40:924][118]LogFactory: FactoryCreateFile: StaticMesh with FbxFactory (0 0 C:\Users\amascaro\Downloads\RoadV2\Road.fbx\roadV2.fbx)
[2017.11.15-02.40.40:940][118]LogFbx: ItemName: GlobalSettings, ItemCount : 1
[2017.11.15-02.40.40:940][118]LogFbx: ItemName: Model, ItemCount : 2
[2017.11.15-02.40.40:940][118]LogFbx: ItemName: Geometry, ItemCount : 1
[2017.11.15-02.40.40:940][118]LogFbx: ItemName: Material, ItemCount : 1
[2017.11.15-02.40.40:950][118]LogFbx: Loading FBX Scene from C:\Users\amascaro\Downloads\RoadV2\Road.fbx\roadV2.fbx
[2017.11.15-02.40.40:967][118]LogFbx: FBX Scene Loaded Succesfully
[2017.11.15-02.40.42:567][118]LogFbx: Loading FBX Scene from C:\Users\amascaro\Downloads\RoadV2\Road.fbx\roadV2.fbx
[2017.11.15-02.40.42:583][118]LogFbx: FBX Scene Loaded Succesfully
[2017.11.15-02.40.42:583][118]LogFbx: Warning: Triangulating static mesh Mesh1
[2017.11.15-02.40.42:588][118]LogStaticMesh: Building static mesh roadV2...
[2017.11.15-02.40.42:598][118]LogStaticMesh: Built static mesh [0.01s] /Game/RefScales/roadV2.roadV2
[2017.11.15-02.40.42:613][118]FBXImport: Warning: No smoothing group information was found in this FBX scene.  Please make sure to enable the 'Export Smoothing Groups' option in the FBX Exporter plug-in before exporting the file.  Even for tools that don't support smoothing groups, the FBX Exporter will generate appropriate smoothing data at export-time so that correct vertex normals can be inferred while importing. 
[2017.11.15-02.40.42:613][118]FBXImport: Warning: Warning: The imported mesh is very small. This is most likely an issue with the units used when exporting to FBX. 
[2017.11.15-02.40.48:117][426]LogSavePackage: Save=21.03ms
[2017.11.15-02.40.48:117][426]LogSavePackage: Moving 'P:/ue/Grid1/Saved/Gost_House__3__Gost_House__www_3DC39448D41083F4EF30533A8270C2C03.tmp' to 'P:/ue/Grid1/Content/RefScales/Gost_House__3__Gost_House__www_3dislands_blogspot_com_.uasset'
[2017.11.15-02.40.48:118][426]LogSavePackage: Display: Finished SavePackage P:/ue/Grid1/Content/RefScales/Gost_House__3__Gost_House__www_3dislands_blogspot_com_.uasset
[2017.11.15-02.40.48:148][426]Cmd: OBJ SAVEPACKAGE PACKAGE="/Game/RefScales/roadV2" FILE="P:/ue/Grid1/Content/RefScales/roadV2.uasset" SILENT=true
[2017.11.15-02.40.48:177][426]LogSavePackage: Save=14.09ms
[2017.11.15-02.40.48:177][426]LogSavePackage: Moving 'P:/ue/Grid1/Saved/roadV292F715FD49CBC5D8F590DF835901E8EC.tmp' to 'P:/ue/Grid1/Content/RefScales/roadV2.uasset'
[2017.11.15-02.40.48:178][426]LogSavePackage: Display: Finished SavePackage P:/ue/Grid1/Content/RefScales/roadV2.uasset
[2017.11.15-02.40.49:425][538]Cmd: OBJ SAVEPACKAGE PACKAGE="/Game/ThirdPersonBP/Maps/ScaleTest" FILE="P:/ue/Grid1/Content/ThirdPersonBP/Maps/ScaleTest.umap" SILENT=true AUTOSAVING=false KEEPDIRTY=false
[2017.11.15-02.40.49:853][538]LogSavePackage: Save=280.96ms
[2017.11.15-02.40.49:853][538]LogSavePackage: Moving 'P:/ue/Grid1/Saved/ScaleTest7C52460646317A33031DB3AA01068F91.tmp' to 'P:/ue/Grid1/Content/ThirdPersonBP/Maps/ScaleTest.umap'
[2017.11.15-02.40.49:855][538]LogSavePackage: Display: Finished SavePackage P:/ue/Grid1/Content/ThirdPersonBP/Maps/ScaleTest.umap
[2017.11.15-02.41.16:488][736]LogFactory: FactoryCreateFile: StaticMesh with FbxFactory (0 0 C:\Users\amascaro\Downloads\Ozelot_OBJ\Ozelot_OBJ\Ozelot.obj)
[2017.11.15-02.41.16:519][736]LogFbx: Loading FBX Scene from C:\Users\amascaro\Downloads\Ozelot_OBJ\Ozelot_OBJ\Ozelot.obj
[2017.11.15-02.41.17:020][736]LogFbx: FBX Scene Loaded Succesfully
[2017.11.15-02.41.17:028][736]FBXImport: Warning: FBX Scene Loading: Found material name clash, name clash can be wrongly reassign at reimport , material 'DarkerBlack' was rename 'DarkerBlack_ncl1_1' 
[2017.11.15-02.41.17:028][736]FBXImport: Warning: FBX Scene Loading: Found material name clash, name clash can be wrongly reassign at reimport , material 'Material__2' was rename 'Material__2_ncl1_1' 
[2017.11.15-02.41.17:029][736]FBXImport: Warning: FBX Scene Loading: Found material name clash, name clash can be wrongly reassign at reimport , material 'DarkGreen' was rename 'DarkGreen_ncl1_1' 
[2017.11.15-02.41.20:450][736]LogFbx: Loading FBX Scene from C:\Users\amascaro\Downloads\Ozelot_OBJ\Ozelot_OBJ\Ozelot.obj
[2017.11.15-02.41.20:948][736]LogFbx: FBX Scene Loaded Succesfully
[2017.11.15-02.41.20:950][736]LogFbx: Warning: Triangulating static mesh Body
[2017.11.15-02.41.21:059][736]LogStaticMesh: Building static mesh Ozelot_Body...
[2017.11.15-02.41.21:223][736]LogStaticMesh: Built static mesh [0.16s] /Game/RefScales/Ozelot_Body.Ozelot_Body
[2017.11.15-02.41.21:253][736]LogStaticMesh: Warning: Ozelot_Body has degenerate tangent bases which will result in incorrect shading.  MikkTSpace relies on tangent bases and may result in mesh corruption, consider disabling this option.
[2017.11.15-02.41.21:253][736]LogStaticMesh: Warning: Ozelot_Body has some nearly zero bi-normals which can create some issues. (Tolerance of 1E-4)
[2017.11.15-02.41.21:289][736]LogFbx: Warning: Triangulating static mesh F1Tube
[2017.11.15-02.41.21:293][736]LogStaticMesh: Building static mesh Ozelot_F1Tube...
[2017.11.15-02.41.21:295][736]LogStaticMesh: Built static mesh [0.00s] /Game/RefScales/Ozelot_F1Tube.Ozelot_F1Tube
[2017.11.15-02.41.21:305][736]LogFbx: Warning: Triangulating static mesh F2Tube
[2017.11.15-02.41.21:307][736]LogStaticMesh: Building static mesh Ozelot_F2Tube...
[2017.11.15-02.41.21:309][736]LogStaticMesh: Built static mesh [0.00s] /Game/RefScales/Ozelot_F2Tube.Ozelot_F2Tube
[2017.11.15-02.41.21:318][736]LogFbx: Warning: Triangulating static mesh F3Tube
[2017.11.15-02.41.21:320][736]LogStaticMesh: Building static mesh Ozelot_F3Tube...
[2017.11.15-02.41.21:322][736]LogStaticMesh: Built static mesh [0.00s] /Game/RefScales/Ozelot_F3Tube.Ozelot_F3Tube
[2017.11.15-02.41.21:331][736]LogFbx: Warning: Triangulating static mesh F4Tube
[2017.11.15-02.41.21:334][736]LogStaticMesh: Building static mesh Ozelot_F4Tube...
[2017.11.15-02.41.21:335][736]LogStaticMesh: Built static mesh [0.00s] /Game/RefScales/Ozelot_F4Tube.Ozelot_F4Tube
[2017.11.15-02.41.21:343][736]LogFbx: Warning: Triangulating static mesh GunHoriz
[2017.11.15-02.41.21:347][736]LogStaticMesh: Building static mesh Ozelot_GunHoriz...
[2017.11.15-02.41.21:348][736]LogStaticMesh: Built static mesh [0.00s] /Game/RefScales/Ozelot_GunHoriz.Ozelot_GunHoriz
[2017.11.15-02.41.21:359][736]LogFbx: Warning: Triangulating static mesh GunVert
[2017.11.15-02.41.21:370][736]LogStaticMesh: Building static mesh Ozelot_GunVert...
[2017.11.15-02.41.21:378][736]LogStaticMesh: Built static mesh [0.01s] /Game/RefScales/Ozelot_GunVert.Ozelot_GunVert
[2017.11.15-02.41.21:381][736]LogStaticMesh: Warning: Ozelot_GunVert has degenerate tangent bases which will result in incorrect shading.  MikkTSpace relies on tangent bases and may result in mesh corruption, consider disabling this option.
[2017.11.15-02.41.21:381][736]LogStaticMesh: Warning: Ozelot_GunVert has some nearly zero bi-normals which can create some issues. (Tolerance of 1E-4)
[2017.11.15-02.41.21:391][736]LogFbx: Warning: Triangulating static mesh LauncherTop
[2017.11.15-02.41.21:399][736]LogStaticMesh: Building static mesh Ozelot_LauncherTop...
[2017.11.15-02.41.21:404][736]LogStaticMesh: Built static mesh [0.00s] /Game/RefScales/Ozelot_LauncherTop.Ozelot_LauncherTop
[2017.11.15-02.41.21:406][736]LogStaticMesh: Warning: Ozelot_LauncherTop has degenerate tangent bases which will result in incorrect shading.  MikkTSpace relies on tangent bases and may result in mesh corruption, consider disabling this option.
[2017.11.15-02.41.21:406][736]LogStaticMesh: Warning: Ozelot_LauncherTop has some nearly zero bi-normals which can create some issues. (Tolerance of 1E-4)
[2017.11.15-02.41.21:415][736]LogFbx: Warning: Triangulating static mesh LeftAnt
[2017.11.15-02.41.21:418][736]LogStaticMesh: Building static mesh Ozelot_LeftAnt...
[2017.11.15-02.41.21:420][736]LogStaticMesh: Built static mesh [0.00s] /Game/RefScales/Ozelot_LeftAnt.Ozelot_LeftAnt
[2017.11.15-02.41.21:430][736]LogFbx: Warning: Triangulating static mesh LeftHatch
[2017.11.15-02.41.21:433][736]LogStaticMesh: Building static mesh Ozelot_LeftHatch...
[2017.11.15-02.41.21:435][736]LogStaticMesh: Built static mesh [0.00s] /Game/RefScales/Ozelot_LeftHatch.Ozelot_LeftHatch
[2017.11.15-02.41.21:436][736]LogStaticMesh: Warning: Ozelot_LeftHatch has degenerate tangent bases which will result in incorrect shading.  MikkTSpace relies on tangent bases and may result in mesh corruption, consider disabling this option.
[2017.11.15-02.41.21:436][736]LogStaticMesh: Warning: Ozelot_LeftHatch has some nearly zero bi-normals which can create some issues. (Tolerance of 1E-4)
[2017.11.15-02.41.21:444][736]LogFbx: Warning: Triangulating static mesh LeftLight
[2017.11.15-02.41.21:451][736]LogStaticMesh: Building static mesh Ozelot_LeftLight...
[2017.11.15-02.41.21:455][736]LogStaticMesh: Built static mesh [0.00s] /Game/RefScales/Ozelot_LeftLight.Ozelot_LeftLight
[2017.11.15-02.41.21:469][736]LogFbx: Warning: Triangulating static mesh LeftTrack
[2017.11.15-02.41.21:516][736]LogStaticMesh: Building static mesh Ozelot_LeftTrack...
[2017.11.15-02.41.21:553][736]LogStaticMesh: Built static mesh [0.04s] /Game/RefScales/Ozelot_LeftTrack.Ozelot_LeftTrack
[2017.11.15-02.41.21:563][736]LogStaticMesh: Warning: Ozelot_LeftTrack has degenerate tangent bases which will result in incorrect shading.  MikkTSpace relies on tangent bases and may result in mesh corruption, consider disabling this option.
[2017.11.15-02.41.21:563][736]LogStaticMesh: Warning: Ozelot_LeftTrack has some nearly zero bi-normals which can create some issues. (Tolerance of 1E-4)
[2017.11.15-02.41.21:580][736]LogFbx: Warning: Triangulating static mesh LeftTrackLink
[2017.11.15-02.41.21:582][736]LogStaticMesh: Building static mesh Ozelot_LeftTrackLink...
[2017.11.15-02.41.21:585][736]LogStaticMesh: Built static mesh [0.00s] /Game/RefScales/Ozelot_LeftTrackLink.Ozelot_LeftTrackLink
[2017.11.15-02.41.21:586][736]LogStaticMesh: Warning: Ozelot_LeftTrackLink has degenerate tangent bases which will result in incorrect shading.  MikkTSpace relies on tangent bases and may result in mesh corruption, consider disabling this option.
[2017.11.15-02.41.21:586][736]LogStaticMesh: Warning: Ozelot_LeftTrackLink has some nearly zero bi-normals which can create some issues. (Tolerance of 1E-4)
[2017.11.15-02.41.21:594][736]LogFbx: Warning: Triangulating static mesh LeftWheel1
[2017.11.15-02.41.21:616][736]LogStaticMesh: Building static mesh Ozelot_LeftWheel1...
[2017.11.15-02.41.21:633][736]LogStaticMesh: Built static mesh [0.02s] /Game/RefScales/Ozelot_LeftWheel1.Ozelot_LeftWheel1
[2017.11.15-02.41.21:637][736]LogStaticMesh: Warning: Ozelot_LeftWheel1 has degenerate tangent bases which will result in incorrect shading.  MikkTSpace relies on tangent bases and may result in mesh corruption, consider disabling this option.
[2017.11.15-02.41.21:638][736]LogStaticMesh: Warning: Ozelot_LeftWheel1 has some nearly zero bi-normals which can create some issues. (Tolerance of 1E-4)
[2017.11.15-02.41.21:649][736]LogFbx: Warning: Triangulating static mesh LeftWheel2
[2017.11.15-02.41.21:656][736]LogStaticMesh: Building static mesh Ozelot_LeftWheel2...
[2017.11.15-02.41.21:659][736]LogStaticMesh: Built static mesh [0.00s] /Game/RefScales/Ozelot_LeftWheel2.Ozelot_LeftWheel2
[2017.11.15-02.41.21:661][736]LogStaticMesh: Warning: Ozelot_LeftWheel2 has degenerate tangent bases which will result in incorrect shading.  MikkTSpace relies on tangent bases and may result in mesh corruption, consider disabling this option.
[2017.11.15-02.41.21:661][736]LogStaticMesh: Warning: Ozelot_LeftWheel2 has some nearly zero bi-normals which can create some issues. (Tolerance of 1E-4)
[2017.11.15-02.41.21:671][736]LogFbx: Warning: Triangulating static mesh LeftWheel3
[2017.11.15-02.41.21:677][736]LogStaticMesh: Building static mesh Ozelot_LeftWheel3...
[2017.11.15-02.41.21:681][736]LogStaticMesh: Built static mesh [0.00s] /Game/RefScales/Ozelot_LeftWheel3.Ozelot_LeftWheel3
[2017.11.15-02.41.21:682][736]LogStaticMesh: Warning: Ozelot_LeftWheel3 has degenerate tangent bases which will result in incorrect shading.  MikkTSpace relies on tangent bases and may result in mesh corruption, consider disabling this option.
[2017.11.15-02.41.21:683][736]LogStaticMesh: Warning: Ozelot_LeftWheel3 has some nearly zero bi-normals which can create some issues. (Tolerance of 1E-4)
[2017.11.15-02.41.21:692][736]LogFbx: Warning: Triangulating static mesh LeftWheel4
[2017.11.15-02.41.21:716][736]LogStaticMesh: Building static mesh Ozelot_LeftWheel4...
[2017.11.15-02.41.21:733][736]LogStaticMesh: Built static mesh [0.02s] /Game/RefScales/Ozelot_LeftWheel4.Ozelot_LeftWheel4
[2017.11.15-02.41.21:739][736]LogStaticMesh: Warning: Ozelot_LeftWheel4 has degenerate tangent bases which will result in incorrect shading.  MikkTSpace relies on tangent bases and may result in mesh corruption, consider disabling this option.
[2017.11.15-02.41.21:739][736]LogStaticMesh: Warning: Ozelot_LeftWheel4 has some nearly zero bi-normals which can create some issues. (Tolerance of 1E-4)
[2017.11.15-02.41.21:751][736]LogFbx: Warning: Triangulating static mesh LeftWheel5
[2017.11.15-02.41.21:773][736]LogStaticMesh: Building static mesh Ozelot_LeftWheel5...
[2017.11.15-02.41.21:790][736]LogStaticMesh: Built static mesh [0.02s] /Game/RefScales/Ozelot_LeftWheel5.Ozelot_LeftWheel5
[2017.11.15-02.41.21:795][736]LogStaticMesh: Warning: Ozelot_LeftWheel5 has degenerate tangent bases which will result in incorrect shading.  MikkTSpace relies on tangent bases and may result in mesh corruption, consider disabling this option.
[2017.11.15-02.41.21:795][736]LogStaticMesh: Warning: Ozelot_LeftWheel5 has some nearly zero bi-normals which can create some issues. (Tolerance of 1E-4)
[2017.11.15-02.41.21:809][736]LogFbx: Warning: Triangulating static mesh LeftWheel6
[2017.11.15-02.41.21:831][736]LogStaticMesh: Building static mesh Ozelot_LeftWheel6...
[2017.11.15-02.41.21:848][736]LogStaticMesh: Built static mesh [0.02s] /Game/RefScales/Ozelot_LeftWheel6.Ozelot_LeftWheel6
[2017.11.15-02.41.21:853][736]LogStaticMesh: Warning: Ozelot_LeftWheel6 has degenerate tangent bases which will result in incorrect shading.  MikkTSpace relies on tangent bases and may result in mesh corruption, consider disabling this option.
[2017.11.15-02.41.21:853][736]LogStaticMesh: Warning: Ozelot_LeftWheel6 has some nearly zero bi-normals which can create some issues. (Tolerance of 1E-4)
[2017.11.15-02.41.21:865][736]LogFbx: Warning: Triangulating static mesh LeftWheel7
[2017.11.15-02.41.21:887][736]LogStaticMesh: Building static mesh Ozelot_LeftWheel7...
[2017.11.15-02.41.21:904][736]LogStaticMesh: Built static mesh [0.02s] /Game/RefScales/Ozelot_LeftWheel7.Ozelot_LeftWheel7
[2017.11.15-02.41.21:909][736]LogStaticMesh: Warning: Ozelot_LeftWheel7 has degenerate tangent bases which will result in incorrect shading.  MikkTSpace relies on tangent bases and may result in mesh corruption, consider disabling this option.
[2017.11.15-02.41.21:909][736]LogStaticMesh: Warning: Ozelot_LeftWheel7 has some nearly zero bi-normals which can create some issues. (Tolerance of 1E-4)
[2017.11.15-02.41.21:921][736]LogFbx: Warning: Triangulating static mesh LeftWheel8
[2017.11.15-02.41.21:946][736]LogSlate: Took 0.000258 seconds to synchronously load lazily loaded font '../../../Engine/Content/Slate/Fonts/Roboto-Regular.ttf' (155K)
[2017.11.15-02.41.21:971][736]LogStaticMesh: Building static mesh Ozelot_LeftWheel8...
[2017.11.15-02.41.21:991][736]LogStaticMesh: Built static mesh [0.02s] /Game/RefScales/Ozelot_LeftWheel8.Ozelot_LeftWheel8
[2017.11.15-02.41.21:998][736]LogStaticMesh: Warning: Ozelot_LeftWheel8 has degenerate tangent bases which will result in incorrect shading.  MikkTSpace relies on tangent bases and may result in mesh corruption, consider disabling this option.
[2017.11.15-02.41.21:998][736]LogStaticMesh: Warning: Ozelot_LeftWheel8 has some nearly zero bi-normals which can create some issues. (Tolerance of 1E-4)
[2017.11.15-02.41.22:010][736]LogFbx: Warning: Triangulating static mesh Missile1
[2017.11.15-02.41.22:016][736]LogStaticMesh: Building static mesh Ozelot_Missile1...
[2017.11.15-02.41.22:027][736]LogStaticMesh: Built static mesh [0.01s] /Game/RefScales/Ozelot_Missile1.Ozelot_Missile1
[2017.11.15-02.41.22:038][736]LogFbx: Warning: Triangulating static mesh Missile2
[2017.11.15-02.41.22:044][736]LogStaticMesh: Building static mesh Ozelot_Missile2...
[2017.11.15-02.41.22:055][736]LogStaticMesh: Built static mesh [0.01s] /Game/RefScales/Ozelot_Missile2.Ozelot_Missile2
[2017.11.15-02.41.22:066][736]LogFbx: Warning: Triangulating static mesh Missile3
[2017.11.15-02.41.22:072][736]LogStaticMesh: Building static mesh Ozelot_Missile3...
[2017.11.15-02.41.22:083][736]LogStaticMesh: Built static mesh [0.01s] /Game/RefScales/Ozelot_Missile3.Ozelot_Missile3
[2017.11.15-02.41.22:094][736]LogFbx: Warning: Triangulating static mesh Missile4
[2017.11.15-02.41.22:101][736]LogStaticMesh: Building static mesh Ozelot_Missile4...
[2017.11.15-02.41.22:111][736]LogStaticMesh: Built static mesh [0.01s] /Game/RefScales/Ozelot_Missile4.Ozelot_Missile4
[2017.11.15-02.41.22:121][736]LogFbx: Warning: Triangulating static mesh R1Tube
[2017.11.15-02.41.22:124][736]LogStaticMesh: Building static mesh Ozelot_R1Tube...
[2017.11.15-02.41.22:125][736]LogStaticMesh: Built static mesh [0.00s] /Game/RefScales/Ozelot_R1Tube.Ozelot_R1Tube
[2017.11.15-02.41.22:134][736]LogFbx: Warning: Triangulating static mesh R2Tube
[2017.11.15-02.41.22:137][736]LogStaticMesh: Building static mesh Ozelot_R2Tube...
[2017.11.15-02.41.22:138][736]LogStaticMesh: Built static mesh [0.00s] /Game/RefScales/Ozelot_R2Tube.Ozelot_R2Tube
[2017.11.15-02.41.22:147][736]LogFbx: Warning: Triangulating static mesh R3Tube
[2017.11.15-02.41.22:165][736]LogStaticMesh: Building static mesh Ozelot_R3Tube...
[2017.11.15-02.41.22:166][736]LogStaticMesh: Built static mesh [0.00s] /Game/RefScales/Ozelot_R3Tube.Ozelot_R3Tube
[2017.11.15-02.41.22:176][736]LogFbx: Warning: Triangulating static mesh R4Tube
[2017.11.15-02.41.22:179][736]LogStaticMesh: Building static mesh Ozelot_R4Tube...
[2017.11.15-02.41.22:180][736]LogStaticMesh: Built static mesh [0.00s] /Game/RefScales/Ozelot_R4Tube.Ozelot_R4Tube
[2017.11.15-02.41.22:190][736]LogFbx: Warning: Triangulating static mesh RightAnt
[2017.11.15-02.41.22:193][736]LogStaticMesh: Building static mesh Ozelot_RightAnt...
[2017.11.15-02.41.22:194][736]LogStaticMesh: Built static mesh [0.00s] /Game/RefScales/Ozelot_RightAnt.Ozelot_RightAnt
[2017.11.15-02.41.22:204][736]LogFbx: Warning: Triangulating static mesh RightHatch
[2017.11.15-02.41.22:207][736]LogStaticMesh: Building static mesh Ozelot_RightHatch...
[2017.11.15-02.41.22:209][736]LogStaticMesh: Built static mesh [0.00s] /Game/RefScales/Ozelot_RightHatch.Ozelot_RightHatch
[2017.11.15-02.41.22:210][736]LogStaticMesh: Warning: Ozelot_RightHatch has degenerate tangent bases which will result in incorrect shading.  MikkTSpace relies on tangent bases and may result in mesh corruption, consider disabling this option.
[2017.11.15-02.41.22:210][736]LogStaticMesh: Warning: Ozelot_RightHatch has some nearly zero bi-normals which can create some issues. (Tolerance of 1E-4)
[2017.11.15-02.41.22:218][736]LogFbx: Warning: Triangulating static mesh RightLight
[2017.11.15-02.41.22:224][736]LogStaticMesh: Building static mesh Ozelot_RightLight...
[2017.11.15-02.41.22:228][736]LogStaticMesh: Built static mesh [0.00s] /Game/RefScales/Ozelot_RightLight.Ozelot_RightLight
[2017.11.15-02.41.22:231][736]LogStaticMesh: Warning: Ozelot_RightLight has some nearly zero bi-normals which can create some issues. (Tolerance of 1E-4)
[2017.11.15-02.41.22:240][736]LogFbx: Warning: Triangulating static mesh RightTrack
[2017.11.15-02.41.22:286][736]LogStaticMesh: Building static mesh Ozelot_RightTrack...
[2017.11.15-02.41.22:324][736]LogStaticMesh: Built static mesh [0.04s] /Game/RefScales/Ozelot_RightTrack.Ozelot_RightTrack
[2017.11.15-02.41.22:335][736]LogStaticMesh: Warning: Ozelot_RightTrack has degenerate tangent bases which will result in incorrect shading.  MikkTSpace relies on tangent bases and may result in mesh corruption, consider disabling this option.
[2017.11.15-02.41.22:335][736]LogStaticMesh: Warning: Ozelot_RightTrack has some nearly zero bi-normals which can create some issues. (Tolerance of 1E-4)
[2017.11.15-02.41.22:352][736]LogFbx: Warning: Triangulating static mesh RightTrackLink
[2017.11.15-02.41.22:357][736]LogStaticMesh: Building static mesh Ozelot_RightTrackLink...
[2017.11.15-02.41.22:360][736]LogStaticMesh: Built static mesh [0.00s] /Game/RefScales/Ozelot_RightTrackLink.Ozelot_RightTrackLink
[2017.11.15-02.41.22:361][736]LogStaticMesh: Warning: Ozelot_RightTrackLink has degenerate tangent bases which will result in incorrect shading.  MikkTSpace relies on tangent bases and may result in mesh corruption, consider disabling this option.
[2017.11.15-02.41.22:361][736]LogStaticMesh: Warning: Ozelot_RightTrackLink has some nearly zero bi-normals which can create some issues. (Tolerance of 1E-4)
[2017.11.15-02.41.22:370][736]LogFbx: Warning: Triangulating static mesh RightWheel1
[2017.11.15-02.41.22:393][736]LogStaticMesh: Building static mesh Ozelot_RightWheel1...
[2017.11.15-02.41.22:410][736]LogStaticMesh: Built static mesh [0.02s] /Game/RefScales/Ozelot_RightWheel1.Ozelot_RightWheel1
[2017.11.15-02.41.22:415][736]LogStaticMesh: Warning: Ozelot_RightWheel1 has degenerate tangent bases which will result in incorrect shading.  MikkTSpace relies on tangent bases and may result in mesh corruption, consider disabling this option.
[2017.11.15-02.41.22:415][736]LogStaticMesh: Warning: Ozelot_RightWheel1 has some nearly zero bi-normals which can create some issues. (Tolerance of 1E-4)
[2017.11.15-02.41.22:428][736]LogFbx: Warning: Triangulating static mesh RightWheel2
[2017.11.15-02.41.22:434][736]LogStaticMesh: Building static mesh Ozelot_RightWheel2...
[2017.11.15-02.41.22:437][736]LogStaticMesh: Built static mesh [0.00s] /Game/RefScales/Ozelot_RightWheel2.Ozelot_RightWheel2
[2017.11.15-02.41.22:439][736]LogStaticMesh: Warning: Ozelot_RightWheel2 has degenerate tangent bases which will result in incorrect shading.  MikkTSpace relies on tangent bases and may result in mesh corruption, consider disabling this option.
[2017.11.15-02.41.22:439][736]LogStaticMesh: Warning: Ozelot_RightWheel2 has some nearly zero bi-normals which can create some issues. (Tolerance of 1E-4)
[2017.11.15-02.41.22:448][736]LogFbx: Warning: Triangulating static mesh RightWheel3
[2017.11.15-02.41.22:454][736]LogStaticMesh: Building static mesh Ozelot_RightWheel3...
[2017.11.15-02.41.22:458][736]LogStaticMesh: Built static mesh [0.00s] /Game/RefScales/Ozelot_RightWheel3.Ozelot_RightWheel3
[2017.11.15-02.41.22:460][736]LogStaticMesh: Warning: Ozelot_RightWheel3 has degenerate tangent bases which will result in incorrect shading.  MikkTSpace relies on tangent bases and may result in mesh corruption, consider disabling this option.
[2017.11.15-02.41.22:460][736]LogStaticMesh: Warning: Ozelot_RightWheel3 has some nearly zero bi-normals which can create some issues. (Tolerance of 1E-4)
[2017.11.15-02.41.22:469][736]LogFbx: Warning: Triangulating static mesh RightWheel4
[2017.11.15-02.41.22:492][736]LogStaticMesh: Building static mesh Ozelot_RightWheel4...
[2017.11.15-02.41.22:509][736]LogStaticMesh: Built static mesh [0.02s] /Game/RefScales/Ozelot_RightWheel4.Ozelot_RightWheel4
[2017.11.15-02.41.22:514][736]LogStaticMesh: Warning: Ozelot_RightWheel4 has degenerate tangent bases which will result in incorrect shading.  MikkTSpace relies on tangent bases and may result in mesh corruption, consider disabling this option.
[2017.11.15-02.41.22:514][736]LogStaticMesh: Warning: Ozelot_RightWheel4 has some nearly zero bi-normals which can create some issues. (Tolerance of 1E-4)
[2017.11.15-02.41.22:527][736]LogFbx: Warning: Triangulating static mesh RightWheel5
[2017.11.15-02.41.22:550][736]LogStaticMesh: Building static mesh Ozelot_RightWheel5...
[2017.11.15-02.41.22:567][736]LogStaticMesh: Built static mesh [0.02s] /Game/RefScales/Ozelot_RightWheel5.Ozelot_RightWheel5
[2017.11.15-02.41.22:577][736]LogStaticMesh: Warning: Ozelot_RightWheel5 has degenerate tangent bases which will result in incorrect shading.  MikkTSpace relies on tangent bases and may result in mesh corruption, consider disabling this option.
[2017.11.15-02.41.22:577][736]LogStaticMesh: Warning: Ozelot_RightWheel5 has some nearly zero bi-normals which can create some issues. (Tolerance of 1E-4)
[2017.11.15-02.41.22:596][736]LogFbx: Warning: Triangulating static mesh RightWheel6
[2017.11.15-02.41.22:619][736]LogStaticMesh: Building static mesh Ozelot_RightWheel6...
[2017.11.15-02.41.22:636][736]LogStaticMesh: Built static mesh [0.02s] /Game/RefScales/Ozelot_RightWheel6.Ozelot_RightWheel6
[2017.11.15-02.41.22:642][736]LogStaticMesh: Warning: Ozelot_RightWheel6 has degenerate tangent bases which will result in incorrect shading.  MikkTSpace relies on tangent bases and may result in mesh corruption, consider disabling this option.
[2017.11.15-02.41.22:642][736]LogStaticMesh: Warning: Ozelot_RightWheel6 has some nearly zero bi-normals which can create some issues. (Tolerance of 1E-4)
[2017.11.15-02.41.22:658][736]LogFbx: Warning: Triangulating static mesh RightWheel7
[2017.11.15-02.41.22:680][736]LogStaticMesh: Building static mesh Ozelot_RightWheel7...
[2017.11.15-02.41.22:697][736]LogStaticMesh: Built static mesh [0.02s] /Game/RefScales/Ozelot_RightWheel7.Ozelot_RightWheel7
[2017.11.15-02.41.22:703][736]LogStaticMesh: Warning: Ozelot_RightWheel7 has degenerate tangent bases which will result in incorrect shading.  MikkTSpace relies on tangent bases and may result in mesh corruption, consider disabling this option.
[2017.11.15-02.41.22:703][736]LogStaticMesh: Warning: Ozelot_RightWheel7 has some nearly zero bi-normals which can create some issues. (Tolerance of 1E-4)
[2017.11.15-02.41.22:715][736]LogFbx: Warning: Triangulating static mesh RightWheel8
[2017.11.15-02.41.22:741][736]LogStaticMesh: Building static mesh Ozelot_RightWheel8...
[2017.11.15-02.41.22:760][736]LogStaticMesh: Built static mesh [0.02s] /Game/RefScales/Ozelot_RightWheel8.Ozelot_RightWheel8
[2017.11.15-02.41.22:766][736]LogStaticMesh: Warning: Ozelot_RightWheel8 has degenerate tangent bases which will result in incorrect shading.  MikkTSpace relies on tangent bases and may result in mesh corruption, consider disabling this option.
[2017.11.15-02.41.22:766][736]LogStaticMesh: Warning: Ozelot_RightWheel8 has some nearly zero bi-normals which can create some issues. (Tolerance of 1E-4)
[2017.11.15-02.41.22:778][736]LogFbx: Warning: Triangulating static mesh Turret1
[2017.11.15-02.41.22:786][736]LogStaticMesh: Building static mesh Ozelot_Turret1...
[2017.11.15-02.41.22:789][736]LogStaticMesh: Built static mesh [0.00s] /Game/RefScales/Ozelot_Turret1.Ozelot_Turret1
[2017.11.15-02.41.22:791][736]LogStaticMesh: Warning: Ozelot_Turret1 has degenerate tangent bases which will result in incorrect shading.  MikkTSpace relies on tangent bases and may result in mesh corruption, consider disabling this option.
[2017.11.15-02.41.22:791][736]LogStaticMesh: Warning: Ozelot_Turret1 has some nearly zero bi-normals which can create some issues. (Tolerance of 1E-4)
[2017.11.15-02.41.22:810][736]FBXImport: Warning: FBX Scene Loading: Found material name clash, name clash can be wrongly reassign at reimport , material 'DarkerBlack' was rename 'DarkerBlack_ncl1_1' 
[2017.11.15-02.41.22:810][736]FBXImport: Warning: FBX Scene Loading: Found material name clash, name clash can be wrongly reassign at reimport , material 'Material__2' was rename 'Material__2_ncl1_1' 
[2017.11.15-02.41.22:810][736]FBXImport: Warning: FBX Scene Loading: Found material name clash, name clash can be wrongly reassign at reimport , material 'DarkGreen' was rename 'DarkGreen_ncl1_1' 
[2017.11.15-02.41.22:810][736]FBXImport: Warning: No smoothing group information was found in this FBX scene.  Please make sure to enable the 'Export Smoothing Groups' option in the FBX Exporter plug-in before exporting the file.  Even for tools that don't support smoothing groups, the FBX Exporter will generate appropriate smoothing data at export-time so that correct vertex normals can be inferred while importing. 
[2017.11.15-02.41.22:810][736]FBXImport: Warning: Ozelot_Body has degenerate tangent bases which will result in incorrect shading.  MikkTSpace relies on tangent bases and may result in mesh corruption, consider disabling this option. 
[2017.11.15-02.41.22:810][736]FBXImport: Warning: Ozelot_Body has some nearly zero bi-normals which can create some issues. (Tolerance of 1E-4) 
[2017.11.15-02.41.22:810][736]FBXImport: Warning: Ozelot_GunVert has degenerate tangent bases which will result in incorrect shading.  MikkTSpace relies on tangent bases and may result in mesh corruption, consider disabling this option. 
[2017.11.15-02.41.22:811][736]FBXImport: Warning: Ozelot_GunVert has some nearly zero bi-normals which can create some issues. (Tolerance of 1E-4) 
[2017.11.15-02.41.22:811][736]FBXImport: Warning: Ozelot_LauncherTop has degenerate tangent bases which will result in incorrect shading.  MikkTSpace relies on tangent bases and may result in mesh corruption, consider disabling this option. 
[2017.11.15-02.41.22:811][736]FBXImport: Warning: Ozelot_LauncherTop has some nearly zero bi-normals which can create some issues. (Tolerance of 1E-4) 
[2017.11.15-02.41.22:811][736]FBXImport: Warning: Ozelot_LeftHatch has degenerate tangent bases which will result in incorrect shading.  MikkTSpace relies on tangent bases and may result in mesh corruption, consider disabling this option. 
[2017.11.15-02.41.22:811][736]FBXImport: Warning: Ozelot_LeftHatch has some nearly zero bi-normals which can create some issues. (Tolerance of 1E-4) 
[2017.11.15-02.41.22:811][736]FBXImport: Warning: Ozelot_LeftTrack has degenerate tangent bases which will result in incorrect shading.  MikkTSpace relies on tangent bases and may result in mesh corruption, consider disabling this option. 
[2017.11.15-02.41.22:811][736]FBXImport: Warning: Ozelot_LeftTrack has some nearly zero bi-normals which can create some issues. (Tolerance of 1E-4) 
[2017.11.15-02.41.22:811][736]FBXImport: Warning: Ozelot_LeftTrackLink has degenerate tangent bases which will result in incorrect shading.  MikkTSpace relies on tangent bases and may result in mesh corruption, consider disabling this option. 
[2017.11.15-02.41.22:811][736]FBXImport: Warning: Ozelot_LeftTrackLink has some nearly zero bi-normals which can create some issues. (Tolerance of 1E-4) 
[2017.11.15-02.41.22:811][736]FBXImport: Warning: Ozelot_LeftWheel1 has degenerate tangent bases which will result in incorrect shading.  MikkTSpace relies on tangent bases and may result in mesh corruption, consider disabling this option. 
[2017.11.15-02.41.22:811][736]FBXImport: Warning: Ozelot_LeftWheel1 has some nearly zero bi-normals which can create some issues. (Tolerance of 1E-4) 
[2017.11.15-02.41.22:811][736]FBXImport: Warning: Ozelot_LeftWheel2 has degenerate tangent bases which will result in incorrect shading.  MikkTSpace relies on tangent bases and may result in mesh corruption, consider disabling this option. 
[2017.11.15-02.41.22:811][736]FBXImport: Warning: Ozelot_LeftWheel2 has some nearly zero bi-normals which can create some issues. (Tolerance of 1E-4) 
[2017.11.15-02.41.22:811][736]FBXImport: Warning: Ozelot_LeftWheel3 has degenerate tangent bases which will result in incorrect shading.  MikkTSpace relies on tangent bases and may result in mesh corruption, consider disabling this option. 
[2017.11.15-02.41.22:811][736]FBXImport: Warning: Ozelot_LeftWheel3 has some nearly zero bi-normals which can create some issues. (Tolerance of 1E-4) 
[2017.11.15-02.41.22:811][736]FBXImport: Warning: Ozelot_LeftWheel4 has degenerate tangent bases which will result in incorrect shading.  MikkTSpace relies on tangent bases and may result in mesh corruption, consider disabling this option. 
[2017.11.15-02.41.22:811][736]FBXImport: Warning: Ozelot_LeftWheel4 has some nearly zero bi-normals which can create some issues. (Tolerance of 1E-4) 
[2017.11.15-02.41.22:811][736]FBXImport: Warning: Ozelot_LeftWheel5 has degenerate tangent bases which will result in incorrect shading.  MikkTSpace relies on tangent bases and may result in mesh corruption, consider disabling this option. 
[2017.11.15-02.41.22:812][736]FBXImport: Warning: Ozelot_LeftWheel5 has some nearly zero bi-normals which can create some issues. (Tolerance of 1E-4) 
[2017.11.15-02.41.22:812][736]FBXImport: Warning: Ozelot_LeftWheel6 has degenerate tangent bases which will result in incorrect shading.  MikkTSpace relies on tangent bases and may result in mesh corruption, consider disabling this option. 
[2017.11.15-02.41.22:812][736]FBXImport: Warning: Ozelot_LeftWheel6 has some nearly zero bi-normals which can create some issues. (Tolerance of 1E-4) 
[2017.11.15-02.41.22:812][736]FBXImport: Warning: Ozelot_LeftWheel7 has degenerate tangent bases which will result in incorrect shading.  MikkTSpace relies on tangent bases and may result in mesh corruption, consider disabling this option. 
[2017.11.15-02.41.22:812][736]FBXImport: Warning: Ozelot_LeftWheel7 has some nearly zero bi-normals which can create some issues. (Tolerance of 1E-4) 
[2017.11.15-02.41.22:812][736]FBXImport: Warning: Ozelot_LeftWheel8 has degenerate tangent bases which will result in incorrect shading.  MikkTSpace relies on tangent bases and may result in mesh corruption, consider disabling this option. 
[2017.11.15-02.41.22:812][736]FBXImport: Warning: Ozelot_LeftWheel8 has some nearly zero bi-normals which can create some issues. (Tolerance of 1E-4) 
[2017.11.15-02.41.22:812][736]FBXImport: Warning: Ozelot_RightHatch has degenerate tangent bases which will result in incorrect shading.  MikkTSpace relies on tangent bases and may result in mesh corruption, consider disabling this option. 
[2017.11.15-02.41.22:812][736]FBXImport: Warning: Ozelot_RightHatch has some nearly zero bi-normals which can create some issues. (Tolerance of 1E-4) 
[2017.11.15-02.41.22:812][736]FBXImport: Warning: Ozelot_RightLight has some nearly zero bi-normals which can create some issues. (Tolerance of 1E-4) 
[2017.11.15-02.41.22:812][736]FBXImport: Warning: Ozelot_RightTrack has degenerate tangent bases which will result in incorrect shading.  MikkTSpace relies on tangent bases and may result in mesh corruption, consider disabling this option. 
[2017.11.15-02.41.22:812][736]FBXImport: Warning: Ozelot_RightTrack has some nearly zero bi-normals which can create some issues. (Tolerance of 1E-4) 
[2017.11.15-02.41.22:812][736]FBXImport: Warning: Ozelot_RightTrackLink has degenerate tangent bases which will result in incorrect shading.  MikkTSpace relies on tangent bases and may result in mesh corruption, consider disabling this option. 
[2017.11.15-02.41.22:812][736]FBXImport: Warning: Ozelot_RightTrackLink has some nearly zero bi-normals which can create some issues. (Tolerance of 1E-4) 
[2017.11.15-02.41.22:812][736]FBXImport: Warning: Ozelot_RightWheel1 has degenerate tangent bases which will result in incorrect shading.  MikkTSpace relies on tangent bases and may result in mesh corruption, consider disabling this option. 
[2017.11.15-02.41.22:812][736]FBXImport: Warning: Ozelot_RightWheel1 has some nearly zero bi-normals which can create some issues. (Tolerance of 1E-4) 
[2017.11.15-02.41.22:812][736]FBXImport: Warning: Ozelot_RightWheel2 has degenerate tangent bases which will result in incorrect shading.  MikkTSpace relies on tangent bases and may result in mesh corruption, consider disabling this option. 
[2017.11.15-02.41.22:812][736]FBXImport: Warning: Ozelot_RightWheel2 has some nearly zero bi-normals which can create some issues. (Tolerance of 1E-4) 
[2017.11.15-02.41.22:812][736]FBXImport: Warning: Ozelot_RightWheel3 has degenerate tangent bases which will result in incorrect shading.  MikkTSpace relies on tangent bases and may result in mesh corruption, consider disabling this option. 
[2017.11.15-02.41.22:812][736]FBXImport: Warning: Ozelot_RightWheel3 has some nearly zero bi-normals which can create some issues. (Tolerance of 1E-4) 
[2017.11.15-02.41.22:812][736]FBXImport: Warning: Ozelot_RightWheel4 has degenerate tangent bases which will result in incorrect shading.  MikkTSpace relies on tangent bases and may result in mesh corruption, consider disabling this option. 
[2017.11.15-02.41.22:812][736]FBXImport: Warning: Ozelot_RightWheel4 has some nearly zero bi-normals which can create some issues. (Tolerance of 1E-4) 
[2017.11.15-02.41.22:813][736]FBXImport: Warning: Ozelot_RightWheel5 has degenerate tangent bases which will result in incorrect shading.  MikkTSpace relies on tangent bases and may result in mesh corruption, consider disabling this option. 
[2017.11.15-02.41.22:813][736]FBXImport: Warning: Ozelot_RightWheel5 has some nearly zero bi-normals which can create some issues. (Tolerance of 1E-4) 
[2017.11.15-02.41.22:813][736]FBXImport: Warning: Ozelot_RightWheel6 has degenerate tangent bases which will result in incorrect shading.  MikkTSpace relies on tangent bases and may result in mesh corruption, consider disabling this option. 
[2017.11.15-02.41.22:813][736]FBXImport: Warning: Ozelot_RightWheel6 has some nearly zero bi-normals which can create some issues. (Tolerance of 1E-4) 
[2017.11.15-02.41.22:813][736]FBXImport: Warning: Ozelot_RightWheel7 has degenerate tangent bases which will result in incorrect shading.  MikkTSpace relies on tangent bases and may result in mesh corruption, consider disabling this option. 
[2017.11.15-02.41.22:813][736]FBXImport: Warning: Ozelot_RightWheel7 has some nearly zero bi-normals which can create some issues. (Tolerance of 1E-4) 
[2017.11.15-02.41.22:813][736]FBXImport: Warning: Ozelot_RightWheel8 has degenerate tangent bases which will result in incorrect shading.  MikkTSpace relies on tangent bases and may result in mesh corruption, consider disabling this option. 
[2017.11.15-02.41.22:813][736]FBXImport: Warning: Ozelot_RightWheel8 has some nearly zero bi-normals which can create some issues. (Tolerance of 1E-4) 
[2017.11.15-02.41.22:813][736]FBXImport: Warning: Ozelot_Turret1 has degenerate tangent bases which will result in incorrect shading.  MikkTSpace relies on tangent bases and may result in mesh corruption, consider disabling this option. 
[2017.11.15-02.41.22:813][736]FBXImport: Warning: Ozelot_Turret1 has some nearly zero bi-normals which can create some issues. (Tolerance of 1E-4) 
[2017.11.15-02.41.30:023][193]LogActorFactory: Actor Factory created Ozelot_Body
[2017.11.15-02.42.20:163][294]LogFactory: FactoryCreateFile: StaticMesh with FbxFactory (0 0 C:\Users\amascaro\Downloads\Ozelot_OBJ\Ozelot_OBJ\Ozelot.obj)
[2017.11.15-02.42.20:195][294]LogFbx: Loading FBX Scene from C:\Users\amascaro\Downloads\Ozelot_OBJ\Ozelot_OBJ\Ozelot.obj
[2017.11.15-02.42.20:701][294]LogFbx: FBX Scene Loaded Succesfully
[2017.11.15-02.42.20:710][294]FBXImport: Warning: FBX Scene Loading: Found material name clash, name clash can be wrongly reassign at reimport , material 'DarkerBlack' was rename 'DarkerBlack_ncl1_1' 
[2017.11.15-02.42.20:710][294]FBXImport: Warning: FBX Scene Loading: Found material name clash, name clash can be wrongly reassign at reimport , material 'Material__2' was rename 'Material__2_ncl1_1' 
[2017.11.15-02.42.20:710][294]FBXImport: Warning: FBX Scene Loading: Found material name clash, name clash can be wrongly reassign at reimport , material 'DarkGreen' was rename 'DarkGreen_ncl1_1' 
[2017.11.15-02.43.03:786][294]LogFbx: Loading FBX Scene from C:\Users\amascaro\Downloads\Ozelot_OBJ\Ozelot_OBJ\Ozelot.obj
[2017.11.15-02.43.04:283][294]LogFbx: FBX Scene Loaded Succesfully
[2017.11.15-02.43.04:286][294]LogFbx: Warning: Triangulating static mesh Body
[2017.11.15-02.43.04:376][294]LogFbx: Warning: Triangulating static mesh F1Tube
[2017.11.15-02.43.04:378][294]LogFbx: Warning: Triangulating static mesh F2Tube
[2017.11.15-02.43.04:379][294]LogFbx: Warning: Triangulating static mesh F3Tube
[2017.11.15-02.43.04:381][294]LogFbx: Warning: Triangulating static mesh F4Tube
[2017.11.15-02.43.04:382][294]LogFbx: Warning: Triangulating static mesh GunHoriz
[2017.11.15-02.43.04:384][294]LogFbx: Warning: Triangulating static mesh GunVert
[2017.11.15-02.43.04:393][294]LogFbx: Warning: Triangulating static mesh LauncherTop
[2017.11.15-02.43.04:399][294]LogFbx: Warning: Triangulating static mesh LeftAnt
[2017.11.15-02.43.04:401][294]LogFbx: Warning: Triangulating static mesh LeftHatch
[2017.11.15-02.43.04:403][294]LogFbx: Warning: Triangulating static mesh LeftLight
[2017.11.15-02.43.04:408][294]LogFbx: Warning: Triangulating static mesh LeftTrack
[2017.11.15-02.43.04:447][294]LogFbx: Warning: Triangulating static mesh LeftTrackLink
[2017.11.15-02.43.04:448][294]LogFbx: Warning: Triangulating static mesh LeftWheel1
[2017.11.15-02.43.04:466][294]LogFbx: Warning: Triangulating static mesh LeftWheel2
[2017.11.15-02.43.04:470][294]LogFbx: Warning: Triangulating static mesh LeftWheel3
[2017.11.15-02.43.04:475][294]LogFbx: Warning: Triangulating static mesh LeftWheel4
[2017.11.15-02.43.04:493][294]LogFbx: Warning: Triangulating static mesh LeftWheel5
[2017.11.15-02.43.04:512][294]LogFbx: Warning: Triangulating static mesh LeftWheel6
[2017.11.15-02.43.04:530][294]LogFbx: Warning: Triangulating static mesh LeftWheel7
[2017.11.15-02.43.04:548][294]LogFbx: Warning: Triangulating static mesh LeftWheel8
[2017.11.15-02.43.04:569][294]LogFbx: Warning: Triangulating static mesh Missile1
[2017.11.15-02.43.04:573][294]LogFbx: Warning: Triangulating static mesh Missile2
[2017.11.15-02.43.04:578][294]LogFbx: Warning: Triangulating static mesh Missile3
[2017.11.15-02.43.04:582][294]LogFbx: Warning: Triangulating static mesh Missile4
[2017.11.15-02.43.04:587][294]LogFbx: Warning: Triangulating static mesh R1Tube
[2017.11.15-02.43.04:588][294]LogFbx: Warning: Triangulating static mesh R2Tube
[2017.11.15-02.43.04:590][294]LogFbx: Warning: Triangulating static mesh R3Tube
[2017.11.15-02.43.04:591][294]LogFbx: Warning: Triangulating static mesh R4Tube
[2017.11.15-02.43.04:593][294]LogFbx: Warning: Triangulating static mesh RightAnt
[2017.11.15-02.43.04:595][294]LogFbx: Warning: Triangulating static mesh RightHatch
[2017.11.15-02.43.04:596][294]LogFbx: Warning: Triangulating static mesh RightLight
[2017.11.15-02.43.04:603][294]LogFbx: Warning: Triangulating static mesh RightTrack
[2017.11.15-02.43.04:640][294]LogFbx: Warning: Triangulating static mesh RightTrackLink
[2017.11.15-02.43.04:642][294]LogFbx: Warning: Triangulating static mesh RightWheel1
[2017.11.15-02.43.04:660][294]LogFbx: Warning: Triangulating static mesh RightWheel2
[2017.11.15-02.43.04:664][294]LogFbx: Warning: Triangulating static mesh RightWheel3
[2017.11.15-02.43.04:669][294]LogFbx: Warning: Triangulating static mesh RightWheel4
[2017.11.15-02.43.04:687][294]LogFbx: Warning: Triangulating static mesh RightWheel5
[2017.11.15-02.43.04:705][294]LogFbx: Warning: Triangulating static mesh RightWheel6
[2017.11.15-02.43.04:725][294]LogFbx: Warning: Triangulating static mesh RightWheel7
[2017.11.15-02.43.04:742][294]LogFbx: Warning: Triangulating static mesh RightWheel8
[2017.11.15-02.43.04:761][294]LogFbx: Warning: Triangulating static mesh Turret1
[2017.11.15-02.43.04:853][294]LogStaticMesh: Building static mesh Ozelot...
[2017.11.15-02.43.06:009][294]LogStaticMesh: Built static mesh [1.16s] /Game/RefScales/Ozelot.Ozelot
[2017.11.15-02.43.06:197][294]LogStaticMesh: Warning: Ozelot has degenerate tangent bases which will result in incorrect shading.  MikkTSpace relies on tangent bases and may result in mesh corruption, consider disabling this option.
[2017.11.15-02.43.06:197][294]LogStaticMesh: Warning: Ozelot has some nearly zero bi-normals which can create some issues. (Tolerance of 1E-4)
[2017.11.15-02.43.06:393][294]FBXImport: Warning: FBX Scene Loading: Found material name clash, name clash can be wrongly reassign at reimport , material 'DarkerBlack' was rename 'DarkerBlack_ncl1_1' 
[2017.11.15-02.43.06:393][294]FBXImport: Warning: FBX Scene Loading: Found material name clash, name clash can be wrongly reassign at reimport , material 'Material__2' was rename 'Material__2_ncl1_1' 
[2017.11.15-02.43.06:393][294]FBXImport: Warning: FBX Scene Loading: Found material name clash, name clash can be wrongly reassign at reimport , material 'DarkGreen' was rename 'DarkGreen_ncl1_1' 
[2017.11.15-02.43.06:393][294]FBXImport: Warning: No smoothing group information was found in this FBX scene.  Please make sure to enable the 'Export Smoothing Groups' option in the FBX Exporter plug-in before exporting the file.  Even for tools that don't support smoothing groups, the FBX Exporter will generate appropriate smoothing data at export-time so that correct vertex normals can be inferred while importing. 
[2017.11.15-02.43.06:393][294]FBXImport: Warning: Ozelot has degenerate tangent bases which will result in incorrect shading.  MikkTSpace relies on tangent bases and may result in mesh corruption, consider disabling this option. 
[2017.11.15-02.43.06:393][294]FBXImport: Warning: Ozelot has some nearly zero bi-normals which can create some issues. (Tolerance of 1E-4) 
[2017.11.15-02.43.11:147][653]LogActorFactory: Actor Factory created Ozelot
[2017.11.15-02.43.33:097][214]LogFactory: FactoryCreateFile: StaticMesh with FbxFactory (0 0 C:\Users\amascaro\Downloads\army helicopter_fbx\army helicopter_fbx.fbx)
[2017.11.15-02.43.33:132][214]LogFbx: ItemName: GlobalSettings, ItemCount : 1
[2017.11.15-02.43.33:132][214]LogFbx: ItemName: Geometry, ItemCount : 29
[2017.11.15-02.43.33:133][214]LogFbx: ItemName: Model, ItemCount : 29
[2017.11.15-02.43.33:133][214]LogFbx: ItemName: Material, ItemCount : 16
[2017.11.15-02.43.33:133][214]LogFbx: ItemName: Texture, ItemCount : 2
[2017.11.15-02.43.33:133][214]LogFbx: ItemName: Video, ItemCount : 2
[2017.11.15-02.43.33:143][214]LogFbx: Loading FBX Scene from C:\Users\amascaro\Downloads\army helicopter_fbx\army helicopter_fbx.fbx
[2017.11.15-02.43.33:428][214]LogFbx: FBX Scene Loaded Succesfully
[2017.11.15-02.43.43:142][214]LogFbx: Loading FBX Scene from C:\Users\amascaro\Downloads\army helicopter_fbx\army helicopter_fbx.fbx
[2017.11.15-02.43.43:301][214]LogFbx: FBX Scene Loaded Succesfully
[2017.11.15-02.43.43:305][214]LogFbx: Warning: Triangulating static mesh mainbody.002
[2017.11.15-02.43.43:870][214]LogFbx: Warning: Triangulating static mesh mainbody.001
[2017.11.15-02.43.44:427][214]LogFbx: Warning: Triangulating static mesh Circle.006
[2017.11.15-02.43.44:429][214]LogFbx: Warning: Triangulating static mesh rear rotor.001
[2017.11.15-02.43.44:433][214]LogFbx: Warning: Triangulating static mesh Cube.004
[2017.11.15-02.43.44:527][214]LogFbx: Warning: Triangulating static mesh rocket.007
[2017.11.15-02.43.44:539][214]LogFbx: Warning: Triangulating static mesh bomb carier.003
[2017.11.15-02.43.44:577][214]LogFbx: Warning: Triangulating static mesh rocket.006
[2017.11.15-02.43.44:589][214]LogFbx: Warning: Triangulating static mesh rocket.005
[2017.11.15-02.43.44:601][214]LogFbx: Warning: Triangulating static mesh bomb carier.002
[2017.11.15-02.43.44:640][214]LogFbx: Warning: Triangulating static mesh rocket.004
[2017.11.15-02.43.44:652][214]LogFbx: Warning: Triangulating static mesh rocket.003
[2017.11.15-02.43.44:664][214]LogFbx: Warning: Triangulating static mesh bomb carier.001
[2017.11.15-02.43.44:703][214]LogFbx: Warning: Triangulating static mesh rocket.002
[2017.11.15-02.43.44:715][214]LogFbx: Warning: Triangulating static mesh rocket.001
[2017.11.15-02.43.44:726][214]LogFbx: Warning: Triangulating static mesh Circle.011
[2017.11.15-02.43.44:728][214]LogFbx: Warning: Triangulating static mesh Circle.010
[2017.11.15-02.43.44:732][214]LogFbx: Warning: Triangulating static mesh Plane.001
[2017.11.15-02.43.44:796][214]LogFbx: Warning: Triangulating static mesh wheel
[2017.11.15-02.43.45:128][214]LogFbx: Warning: Triangulating static mesh Plane
[2017.11.15-02.43.45:129][214]LogFbx: Warning: Triangulating static mesh rear rotor
[2017.11.15-02.43.45:133][214]LogFbx: Warning: Triangulating static mesh rotor
[2017.11.15-02.43.45:219][214]LogFbx: Warning: Triangulating static mesh gunpart
[2017.11.15-02.43.45:343][214]LogFbx: Warning: Triangulating static mesh machinegun
[2017.11.15-02.43.45:345][214]LogFbx: Warning: Triangulating static mesh machinegun.001
[2017.11.15-02.43.45:350][214]LogFbx: Warning: Triangulating static mesh mainbody
[2017.11.15-02.43.46:144][214]LogFbx: Warning: Triangulating static mesh bomb carier
[2017.11.15-02.43.46:183][214]LogFbx: Warning: Triangulating static mesh rocket
[2017.11.15-02.43.46:620][214]LogStaticMesh: Building static mesh army_helicopter_fbx...
